v ATLAS
# This file was created by ATLAS version 5.22.1.R on Tue Dec 31 10:46:16 2019.
#SSF 2.0 generic
##############################################################################
#                    Copyright (c) 1984 - 2015                               #
#                    Silvaco Inc. All rights reserved                        #
#                                                                            #
# This file format and the following Key are copyright Silvaco Inc.          #
# You may not use, this format or key without reproducing this message in    #
# full and obtaining express written permission from Silvaco Inc.            #
#                                                                            #
# To obtain such permission please contact: Silvaco Inc.                     #
#                                           support@silvaco.com              #
#                                                                            #
# KEY=SVC86hn7562asdx                       PROD=345                         #
##############################################################################
y 3 700 711 15
z 1 0.00981003 300
f 4 "source" "drain" "gate" "substrate" 
p 28 61 2 601 20 3 602 21 4 603 22 5 604 23 82 811 911 812 912 821 921 822 922 66 67 68 203 2215 2216 
d 5.000000000e-010 0.000000000e+000 0.000000000e+000 -7.680990292e-005 5.000000000e+000 5.000000000e+000 3.572381280e-005 -9.500000000e+000 -9.500000000e+000 4.139415270e-005 0.000000000e+000 0.000000000e+000 -3.078412186e-007 3.001039456e+002 
d 1.500000000e-009 0.000000000e+000 0.000000000e+000 -1.220260203e-004 5.000000000e+000 5.000000000e+000 8.084829345e-005 -8.500000000e+000 -8.500000000e+000 4.147408999e-005 0.000000000e+000 0.000000000e+000 -2.959055909e-007 3.001042258e+002 
d 3.500000000e-009 0.000000000e+000 0.000000000e+000 -3.308649438e-004 5.000000000e+000 5.000000000e+000 2.886229457e-004 -6.500000000e+000 -6.500000000e+000 4.239989690e-005 0.000000000e+000 0.000000000e+000 -1.545970461e-007 3.001061543e+002 
d 7.500000000e-009 0.000000000e+000 0.000000000e+000 -4.399098365e-002 5.000000000e+000 5.000000000e+000 4.370804727e-002 -2.500000000e+000 -2.500000000e+000 2.827316286e-004 0.000000000e+000 0.000000000e+000 -5.605012742e-007 3.025806075e+002 
d 1.000000000e-008 0.000000000e+000 0.000000000e+000 -1.015905574e-001 5.000000000e+000 5.000000000e+000 1.013137718e-001 0.000000000e+000 0.000000000e+000 2.792666327e-004 0.000000000e+000 0.000000000e+000 -2.472183460e-007 3.047104679e+002 
d 1.100000000e-008 0.000000000e+000 0.000000000e+000 -1.009731273e-001 5.000000000e+000 5.000000000e+000 1.009814309e-001 0.000000000e+000 0.000000000e+000 -2.954305125e-006 0.000000000e+000 0.000000000e+000 -1.020362176e-008 3.050629463e+002 
d 1.300000000e-008 0.000000000e+000 0.000000000e+000 -1.002145359e-001 5.000000000e+000 5.000000000e+000 1.002184956e-001 0.000000000e+000 0.000000000e+000 6.027764812e-007 0.000000000e+000 0.000000000e+000 2.723323607e-009 3.060292836e+002 
d 1.700000000e-008 0.000000000e+000 0.000000000e+000 -9.911612151e-002 5.000000000e+000 5.000000000e+000 9.911977460e-002 0.000000000e+000 0.000000000e+000 3.962827516e-007 0.000000000e+000 0.000000000e+000 2.026768425e-009 3.075085238e+002 
d 2.500000000e-008 0.000000000e+000 0.000000000e+000 -9.762011244e-002 5.000000000e+000 5.000000000e+000 9.762370294e-002 0.000000000e+000 0.000000000e+000 2.214171782e-007 0.000000000e+000 0.000000000e+000 1.386517433e-009 3.095168402e+002 
d 4.100000000e-008 0.000000000e+000 0.000000000e+000 -9.568239124e-002 5.000000000e+000 5.000000000e+000 9.568626892e-002 0.000000000e+000 0.000000000e+000 9.911451833e-008 0.000000000e+000 0.000000000e+000 8.181942752e-010 3.120440302e+002 
d 7.300000000e-008 0.000000000e+000 0.000000000e+000 -9.328093038e-002 5.000000000e+000 5.000000000e+000 9.328427984e-002 0.000000000e+000 0.000000000e+000 3.021628496e-008 0.000000000e+000 0.000000000e+000 4.038841059e-010 3.150471114e+002 
d 1.000000000e-007 0.000000000e+000 0.000000000e+000 -9.193824570e-002 5.000000000e+000 5.000000000e+000 9.193989576e-002 0.000000000e+000 0.000000000e+000 1.040284732e-008 0.000000000e+000 0.000000000e+000 2.650296113e-010 3.166699850e+002 
d 1.100000000e-007 0.000000000e+000 0.000000000e+000 -9.152082948e-002 5.000000000e+000 5.000000000e+000 9.152333899e-002 0.000000000e+000 0.000000000e+000 4.891546471e-009 0.000000000e+000 0.000000000e+000 2.296515582e-010 3.171592520e+002 
d 1.257120464e-007 0.000000000e+000 0.000000000e+000 -9.093912564e-002 5.000000000e+000 5.000000000e+000 9.094112409e-002 0.000000000e+000 0.000000000e+000 3.264437978e-009 0.000000000e+000 0.000000000e+000 2.000987068e-010 3.178463684e+002 
d 1.531162328e-007 0.000000000e+000 0.000000000e+000 -9.006464538e-002 5.000000000e+000 5.000000000e+000 9.006565047e-002 0.000000000e+000 0.000000000e+000 -9.487699532e-010 0.000000000e+000 0.000000000e+000 1.593268398e-010 3.188713403e+002 
d 1.883171049e-007 0.000000000e+000 0.000000000e+000 -8.911621378e-002 5.000000000e+000 5.000000000e+000 8.911644028e-002 0.000000000e+000 0.000000000e+000 -3.328583249e-009 0.000000000e+000 0.000000000e+000 1.307305015e-010 3.199743183e+002 
d 2.260967290e-007 0.000000000e+000 0.000000000e+000 -8.823787916e-002 5.000000000e+000 5.000000000e+000 8.823769501e-002 0.000000000e+000 0.000000000e+000 -3.997579254e-009 0.000000000e+000 0.000000000e+000 1.152958306e-010 3.209941563e+002 
d 2.649948724e-007 0.000000000e+000 0.000000000e+000 -8.743210542e-002 5.000000000e+000 5.000000000e+000 8.743161421e-002 0.000000000e+000 0.000000000e+000 -3.838947514e-009 0.000000000e+000 0.000000000e+000 1.072871536e-010 3.219344018e+002 
d 3.052046198e-007 0.000000000e+000 0.000000000e+000 -8.667245995e-002 5.000000000e+000 5.000000000e+000 8.667161429e-002 0.000000000e+000 0.000000000e+000 -3.311782802e-009 0.000000000e+000 0.000000000e+000 1.031414450e-010 3.228290846e+002 
d 3.467106584e-007 0.000000000e+000 0.000000000e+000 -8.594909477e-002 5.000000000e+000 5.000000000e+000 8.594611161e-002 0.000000000e+000 0.000000000e+000 -2.233147189e-009 0.000000000e+000 0.000000000e+000 1.029793566e-010 3.236943694e+002 
d 3.873952119e-007 0.000000000e+000 0.000000000e+000 -8.528491541e-002 5.000000000e+000 5.000000000e+000 8.528118098e-002 0.000000000e+000 0.000000000e+000 -1.471957022e-009 0.000000000e+000 0.000000000e+000 1.023090863e-010 3.244992428e+002 
d 4.237511267e-007 0.000000000e+000 0.000000000e+000 -8.472048698e-002 5.000000000e+000 5.000000000e+000 8.471813430e-002 0.000000000e+000 0.000000000e+000 -1.085779148e-009 0.000000000e+000 0.000000000e+000 1.007907124e-010 3.251892460e+002 
d 4.575756093e-007 0.000000000e+000 0.000000000e+000 -8.422764897e-002 5.000000000e+000 5.000000000e+000 8.421970235e-002 0.000000000e+000 0.000000000e+000 -6.698345736e-010 0.000000000e+000 0.000000000e+000 9.905666500e-011 3.258101207e+002 
d 4.892375419e-007 0.000000000e+000 0.000000000e+000 -8.376859493e-002 5.000000000e+000 5.000000000e+000 8.376603815e-002 0.000000000e+000 0.000000000e+000 -2.056552643e-010 0.000000000e+000 0.000000000e+000 9.747757109e-011 3.263749493e+002 
d 5.167637331e-007 0.000000000e+000 0.000000000e+000 -8.338174728e-002 5.000000000e+000 5.000000000e+000 8.338289124e-002 0.000000000e+000 0.000000000e+000 -7.660208053e-010 0.000000000e+000 0.000000000e+000 9.436535752e-011 3.268543151e+002 
d 5.471894850e-007 0.000000000e+000 0.000000000e+000 -8.296844274e-002 5.000000000e+000 5.000000000e+000 8.297142014e-002 0.000000000e+000 0.000000000e+000 -1.001590604e-009 0.000000000e+000 0.000000000e+000 9.168847509e-011 3.273725395e+002 
d 5.805767812e-007 0.000000000e+000 0.000000000e+000 -8.252928821e-002 5.000000000e+000 5.000000000e+000 8.253286143e-002 0.000000000e+000 0.000000000e+000 -2.395180717e-011 0.000000000e+000 0.000000000e+000 9.278966499e-011 3.279282538e+002 
d 6.145622720e-007 0.000000000e+000 0.000000000e+000 -8.209625595e-002 5.000000000e+000 5.000000000e+000 8.209994590e-002 0.000000000e+000 0.000000000e+000 2.855895598e-010 0.000000000e+000 0.000000000e+000 9.225570101e-011 3.284812116e+002 
d 6.489884784e-007 0.000000000e+000 0.000000000e+000 -8.167110856e-002 5.000000000e+000 5.000000000e+000 8.167476449e-002 0.000000000e+000 0.000000000e+000 5.607681468e-010 0.000000000e+000 0.000000000e+000 9.176739641e-011 3.290293233e+002 
d 6.843665583e-007 0.000000000e+000 0.000000000e+000 -8.124747965e-002 5.000000000e+000 5.000000000e+000 8.125105717e-002 0.000000000e+000 0.000000000e+000 8.335969274e-010 0.000000000e+000 0.000000000e+000 9.136048111e-011 3.295809424e+002 
d 7.208829176e-007 0.000000000e+000 0.000000000e+000 -8.082342045e-002 5.000000000e+000 5.000000000e+000 8.082695312e-002 0.000000000e+000 0.000000000e+000 3.980938518e-010 0.000000000e+000 0.000000000e+000 8.908796275e-011 3.301388170e+002 
d 7.583968660e-007 0.000000000e+000 0.000000000e+000 -8.040081396e-002 5.000000000e+000 5.000000000e+000 8.040419840e-002 0.000000000e+000 0.000000000e+000 7.244351686e-010 0.000000000e+000 0.000000000e+000 8.896611013e-011 3.307005427e+002 
d 7.966800773e-007 0.000000000e+000 0.000000000e+000 -7.998231978e-002 5.000000000e+000 5.000000000e+000 7.998553209e-002 0.000000000e+000 0.000000000e+000 1.026898058e-009 0.000000000e+000 0.000000000e+000 8.881302665e-011 3.312626518e+002 
d 8.356458547e-007 0.000000000e+000 0.000000000e+000 -7.956881241e-002 5.000000000e+000 5.000000000e+000 7.957183190e-002 0.000000000e+000 0.000000000e+000 1.310462932e-009 0.000000000e+000 0.000000000e+000 8.863342901e-011 3.318239207e+002 
d 8.752524160e-007 0.000000000e+000 0.000000000e+000 -7.916060923e-002 5.000000000e+000 5.000000000e+000 7.916341153e-002 0.000000000e+000 0.000000000e+000 1.576965733e-009 0.000000000e+000 0.000000000e+000 8.842837262e-011 3.323838281e+002 
d 9.154603888e-007 0.000000000e+000 0.000000000e+000 -7.875796522e-002 5.000000000e+000 5.000000000e+000 7.876052171e-002 0.000000000e+000 0.000000000e+000 1.827544460e-009 0.000000000e+000 0.000000000e+000 8.819862974e-011 3.329419081e+002 
d 9.562334977e-007 0.000000000e+000 0.000000000e+000 -7.836079789e-002 5.000000000e+000 5.000000000e+000 7.836322293e-002 0.000000000e+000 0.000000000e+000 1.995859316e-009 0.000000000e+000 0.000000000e+000 8.761682389e-011 3.334977401e+002 
d 9.975726894e-007 0.000000000e+000 0.000000000e+000 -7.796889125e-002 5.000000000e+000 5.000000000e+000 7.797120246e-002 0.000000000e+000 0.000000000e+000 2.144228437e-009 0.000000000e+000 0.000000000e+000 8.698583661e-011 3.340513985e+002 
d 1.000000000e-006 0.000000000e+000 0.000000000e+000 -7.794472915e-002 5.000000000e+000 5.000000000e+000 7.794656219e-002 0.000000000e+000 0.000000000e+000 1.151219514e-008 0.000000000e+000 0.000000000e+000 1.066398682e-010 3.340835696e+002 
d 1.100000000e-006 0.000000000e+000 0.000000000e+000 -7.703941444e-002 5.000000000e+000 5.000000000e+000 7.704189516e-002 0.000000000e+000 0.000000000e+000 2.055780559e-009 0.000000000e+000 0.000000000e+000 8.443870948e-011 3.353830366e+002 
d 1.209066346e-006 0.000000000e+000 0.000000000e+000 -7.611152620e-002 5.000000000e+000 5.000000000e+000 7.611385953e-002 0.000000000e+000 0.000000000e+000 2.446129419e-009 0.000000000e+000 0.000000000e+000 8.286774374e-011 3.367435350e+002 
d 1.319677551e-006 0.000000000e+000 0.000000000e+000 -7.522617943e-002 5.000000000e+000 5.000000000e+000 7.522838500e-002 0.000000000e+000 0.000000000e+000 2.583261581e-009 0.000000000e+000 0.000000000e+000 8.074835418e-011 3.380687637e+002 
d 1.432008448e-006 0.000000000e+000 0.000000000e+000 -7.437783141e-002 5.000000000e+000 5.000000000e+000 7.437993378e-002 0.000000000e+000 0.000000000e+000 2.644939979e-009 0.000000000e+000 0.000000000e+000 7.851075841e-011 3.393636578e+002 
d 1.547828838e-006 0.000000000e+000 0.000000000e+000 -7.355082073e-002 5.000000000e+000 5.000000000e+000 7.355283498e-002 0.000000000e+000 0.000000000e+000 2.661717155e-009 0.000000000e+000 0.000000000e+000 7.620662174e-011 3.406497837e+002 
d 1.668080701e-006 0.000000000e+000 0.000000000e+000 -7.273801382e-002 5.000000000e+000 5.000000000e+000 7.273994866e-002 0.000000000e+000 0.000000000e+000 2.648813438e-009 0.000000000e+000 0.000000000e+000 7.386773971e-011 3.419369494e+002 
d 1.792872286e-006 0.000000000e+000 0.000000000e+000 -7.193888433e-002 5.000000000e+000 5.000000000e+000 7.194074546e-002 0.000000000e+000 0.000000000e+000 2.614019768e-009 0.000000000e+000 0.000000000e+000 7.152429771e-011 3.432250944e+002 
d 1.922005878e-006 0.000000000e+000 0.000000000e+000 -7.115482236e-002 5.000000000e+000 5.000000000e+000 7.115661331e-002 0.000000000e+000 0.000000000e+000 2.563107876e-009 0.000000000e+000 0.000000000e+000 6.920415061e-011 3.445111074e+002 
d 2.055276504e-006 0.000000000e+000 0.000000000e+000 -7.038697494e-002 5.000000000e+000 5.000000000e+000 7.038869691e-002 0.000000000e+000 0.000000000e+000 2.501164725e-009 0.000000000e+000 0.000000000e+000 6.692984113e-011 3.457921796e+002 
d 2.192510691e-006 0.000000000e+000 0.000000000e+000 -6.963606764e-002 5.000000000e+000 5.000000000e+000 6.963771940e-002 0.000000000e+000 0.000000000e+000 2.432519580e-009 0.000000000e+000 0.000000000e+000 6.471836105e-011 3.470661332e+002 
d 2.333508355e-006 0.000000000e+000 0.000000000e+000 -6.890277607e-002 5.000000000e+000 5.000000000e+000 6.890435385e-002 0.000000000e+000 0.000000000e+000 2.360641428e-009 0.000000000e+000 0.000000000e+000 6.258255500e-011 3.483308263e+002 
d 2.477986866e-006 0.000000000e+000 0.000000000e+000 -6.818798962e-002 5.000000000e+000 5.000000000e+000 6.818948684e-002 0.000000000e+000 0.000000000e+000 2.288245611e-009 0.000000000e+000 0.000000000e+000 6.053260352e-011 3.495836879e+002 
d 2.625544058e-006 0.000000000e+000 0.000000000e+000 -6.749291518e-002 5.000000000e+000 5.000000000e+000 6.749432182e-002 0.000000000e+000 0.000000000e+000 2.217503318e-009 0.000000000e+000 0.000000000e+000 5.857719843e-011 3.508214977e+002 
d 2.775624969e-006 0.000000000e+000 0.000000000e+000 -6.681913335e-002 5.000000000e+000 5.000000000e+000 6.682043465e-002 0.000000000e+000 0.000000000e+000 2.150271461e-009 0.000000000e+000 0.000000000e+000 5.672460270e-011 3.520402389e+002 
d 2.927476413e-006 0.000000000e+000 0.000000000e+000 -6.616890239e-002 5.000000000e+000 5.000000000e+000 6.616990745e-002 0.000000000e+000 0.000000000e+000 2.101452981e-009 0.000000000e+000 0.000000000e+000 5.504825028e-011 3.532348935e+002 
d 3.078624506e-006 0.000000000e+000 0.000000000e+000 -6.555167923e-002 5.000000000e+000 5.000000000e+000 6.555188837e-002 0.000000000e+000 0.000000000e+000 2.133750110e-009 0.000000000e+000 0.000000000e+000 5.387042261e-011 3.543883058e+002 
d 3.220500123e-006 0.000000000e+000 0.000000000e+000 -6.499621688e-002 5.000000000e+000 5.000000000e+000 6.499625888e-002 0.000000000e+000 0.000000000e+000 2.088270218e-009 0.000000000e+000 0.000000000e+000 5.245588004e-011 3.554406093e+002 
d 3.347108257e-006 0.000000000e+000 0.000000000e+000 -6.452387536e-002 5.000000000e+000 5.000000000e+000 6.452046735e-002 0.000000000e+000 0.000000000e+000 2.074647921e-009 0.000000000e+000 0.000000000e+000 5.103785883e-011 3.563562172e+002 
d 3.437241448e-006 0.000000000e+000 0.000000000e+000 -6.418995134e-002 5.000000000e+000 5.000000000e+000 6.418924218e-002 0.000000000e+000 0.000000000e+000 2.001255781e-009 0.000000000e+000 0.000000000e+000 4.988717827e-011 3.569950094e+002 
d 3.497873268e-006 0.000000000e+000 0.000000000e+000 -6.396962034e-002 5.000000000e+000 5.000000000e+000 6.397038384e-002 0.000000000e+000 0.000000000e+000 1.932444967e-009 0.000000000e+000 0.000000000e+000 4.909162242e-011 3.574188353e+002 
d 3.560712190e-006 0.000000000e+000 0.000000000e+000 -6.374609611e-002 5.000000000e+000 5.000000000e+000 6.374754844e-002 0.000000000e+000 0.000000000e+000 1.735764436e-009 0.000000000e+000 0.000000000e+000 4.803957258e-011 3.578532249e+002 
d 3.638396066e-006 0.000000000e+000 0.000000000e+000 -6.347440669e-002 5.000000000e+000 5.000000000e+000 6.347675253e-002 0.000000000e+000 0.000000000e+000 1.576417674e-009 0.000000000e+000 0.000000000e+000 4.680642730e-011 3.583834871e+002 
d 3.737369776e-006 0.000000000e+000 0.000000000e+000 -6.313517203e-002 5.000000000e+000 5.000000000e+000 6.313855181e-002 0.000000000e+000 0.000000000e+000 1.403589052e-009 0.000000000e+000 0.000000000e+000 4.530212141e-011 3.590485228e+002 
d 3.866242436e-006 0.000000000e+000 0.000000000e+000 -6.270529403e-002 5.000000000e+000 5.000000000e+000 6.270937599e-002 0.000000000e+000 0.000000000e+000 1.251525178e-009 0.000000000e+000 0.000000000e+000 4.372890745e-011 3.598973990e+002 
d 4.032848924e-006 0.000000000e+000 0.000000000e+000 -6.216857226e-002 5.000000000e+000 5.000000000e+000 6.217307989e-002 0.000000000e+000 0.000000000e+000 1.346279175e-009 0.000000000e+000 0.000000000e+000 4.267659876e-011 3.609676994e+002 
d 4.233486819e-006 0.000000000e+000 0.000000000e+000 -6.154923890e-002 5.000000000e+000 5.000000000e+000 6.155408982e-002 0.000000000e+000 0.000000000e+000 1.281219765e-009 0.000000000e+000 0.000000000e+000 4.120121474e-011 3.622186614e+002 
d 4.451566182e-006 0.000000000e+000 0.000000000e+000 -6.090758389e-002 5.000000000e+000 5.000000000e+000 6.091252557e-002 0.000000000e+000 0.000000000e+000 1.253628172e-009 0.000000000e+000 0.000000000e+000 3.987070525e-011 3.635344689e+002 
d 4.673546912e-006 0.000000000e+000 0.000000000e+000 -6.028583190e-002 5.000000000e+000 5.000000000e+000 6.029067670e-002 0.000000000e+000 0.000000000e+000 1.236684960e-009 0.000000000e+000 0.000000000e+000 3.867602607e-011 3.648301055e+002 
d 4.896635410e-006 0.000000000e+000 0.000000000e+000 -5.969054771e-002 5.000000000e+000 5.000000000e+000 5.969524759e-002 0.000000000e+000 0.000000000e+000 1.222786372e-009 0.000000000e+000 0.000000000e+000 3.759078628e-011 3.660907885e+002 
d 5.123368796e-006 0.000000000e+000 0.000000000e+000 -5.911361952e-002 5.000000000e+000 5.000000000e+000 5.911820497e-002 0.000000000e+000 0.000000000e+000 1.201743445e-009 0.000000000e+000 0.000000000e+000 3.652857593e-011 3.673322820e+002 
d 5.354971026e-006 0.000000000e+000 0.000000000e+000 -5.855095499e-002 5.000000000e+000 5.000000000e+000 5.855547072e-002 0.000000000e+000 0.000000000e+000 1.163537376e-009 0.000000000e+000 0.000000000e+000 3.541632147e-011 3.685615092e+002 
d 5.590706270e-006 0.000000000e+000 0.000000000e+000 -5.800379939e-002 5.000000000e+000 5.000000000e+000 5.800823685e-002 0.000000000e+000 0.000000000e+000 1.130016788e-009 0.000000000e+000 0.000000000e+000 3.436279555e-011 3.697746513e+002 
d 5.830608743e-006 0.000000000e+000 0.000000000e+000 -5.747148295e-002 5.000000000e+000 5.000000000e+000 5.747584074e-002 0.000000000e+000 0.000000000e+000 1.096748547e-009 0.000000000e+000 0.000000000e+000 3.334803104e-011 3.709721478e+002 
d 6.074970130e-006 0.000000000e+000 0.000000000e+000 -5.695285616e-002 5.000000000e+000 5.000000000e+000 5.695713469e-002 0.000000000e+000 0.000000000e+000 1.064281748e-009 0.000000000e+000 0.000000000e+000 3.236986225e-011 3.721556114e+002 
d 6.324036464e-006 0.000000000e+000 0.000000000e+000 -5.644700147e-002 5.000000000e+000 5.000000000e+000 5.645120081e-002 0.000000000e+000 0.000000000e+000 1.032803160e-009 0.000000000e+000 0.000000000e+000 3.142584605e-011 3.733262489e+002 
d 6.577966743e-006 0.000000000e+000 0.000000000e+000 -5.595327686e-002 5.000000000e+000 5.000000000e+000 5.595739656e-002 0.000000000e+000 0.000000000e+000 1.002302702e-009 0.000000000e+000 0.000000000e+000 3.051371635e-011 3.744847224e+002 
d 6.836882311e-006 0.000000000e+000 0.000000000e+000 -5.547117849e-002 5.000000000e+000 5.000000000e+000 5.547521799e-002 0.000000000e+000 0.000000000e+000 9.727151801e-010 0.000000000e+000 0.000000000e+000 2.963112864e-011 3.756314348e+002 
d 7.100906439e-006 0.000000000e+000 0.000000000e+000 -5.500024950e-002 5.000000000e+000 5.000000000e+000 5.500420838e-002 0.000000000e+000 0.000000000e+000 9.439861001e-010 0.000000000e+000 0.000000000e+000 2.877622205e-011 3.767667282e+002 
d 7.370173677e-006 0.000000000e+000 0.000000000e+000 -5.454005079e-002 5.000000000e+000 5.000000000e+000 5.454399782e-002 0.000000000e+000 0.000000000e+000 8.122392613e-010 0.000000000e+000 0.000000000e+000 2.768860905e-011 3.778909665e+002 
d 7.644558475e-006 0.000000000e+000 0.000000000e+000 -5.409062656e-002 5.000000000e+000 5.000000000e+000 5.409448801e-002 0.000000000e+000 0.000000000e+000 7.931581528e-010 0.000000000e+000 0.000000000e+000 2.690345194e-011 3.790032970e+002 
d 7.923663098e-006 0.000000000e+000 0.000000000e+000 -5.365238888e-002 5.000000000e+000 5.000000000e+000 5.365616337e-002 0.000000000e+000 0.000000000e+000 7.711312580e-010 0.000000000e+000 0.000000000e+000 2.613459372e-011 3.801019828e+002 
d 8.208054310e-006 0.000000000e+000 0.000000000e+000 -5.322424349e-002 5.000000000e+000 5.000000000e+000 5.322793378e-002 0.000000000e+000 0.000000000e+000 7.493533190e-010 0.000000000e+000 0.000000000e+000 2.538641430e-011 3.811890589e+002 
d 8.498247477e-006 0.000000000e+000 0.000000000e+000 -5.280531298e-002 5.000000000e+000 5.000000000e+000 5.280892091e-002 0.000000000e+000 0.000000000e+000 7.281211659e-010 0.000000000e+000 0.000000000e+000 2.465740188e-011 3.822661234e+002 
d 8.794492276e-006 0.000000000e+000 0.000000000e+000 -5.239520070e-002 5.000000000e+000 5.000000000e+000 5.239872644e-002 0.000000000e+000 0.000000000e+000 7.074643066e-010 0.000000000e+000 0.000000000e+000 2.394637094e-011 3.833336160e+002 
d 9.096906524e-006 0.000000000e+000 0.000000000e+000 -5.199373120e-002 5.000000000e+000 5.000000000e+000 5.199717419e-002 0.000000000e+000 0.000000000e+000 6.873107587e-010 0.000000000e+000 0.000000000e+000 2.325251626e-011 3.843914338e+002 
d 9.405604538e-006 0.000000000e+000 0.000000000e+000 -5.160074979e-002 5.000000000e+000 5.000000000e+000 5.160410946e-002 0.000000000e+000 0.000000000e+000 6.675987017e-010 0.000000000e+000 0.000000000e+000 2.257481001e-011 3.854394332e+002 
d 9.720731342e-006 0.000000000e+000 0.000000000e+000 -5.121607813e-002 5.000000000e+000 5.000000000e+000 5.121935412e-002 0.000000000e+000 0.000000000e+000 6.482935265e-010 0.000000000e+000 0.000000000e+000 2.191228809e-011 3.864775459e+002 
d 1.000000000e-005 0.000000000e+000 0.000000000e+000 -5.088820366e-002 5.000000000e+000 5.000000000e+000 5.089122498e-002 0.000000000e+000 0.000000000e+000 6.438128163e-010 0.000000000e+000 0.000000000e+000 2.137727088e-011 3.873718324e+002 
d 1.100000000e-005 0.000000000e+000 0.000000000e+000 -4.980582641e-002 5.000000000e+000 5.000000000e+000 4.980893683e-002 0.000000000e+000 0.000000000e+000 5.528266899e-010 0.000000000e+000 0.000000000e+000 1.942494331e-011 3.903892907e+002 
d 1.171124401e-005 0.000000000e+000 0.000000000e+000 -4.911426347e-002 5.000000000e+000 5.000000000e+000 4.911653239e-002 0.000000000e+000 0.000000000e+000 5.331405404e-010 0.000000000e+000 0.000000000e+000 1.826674947e-011 3.923736174e+002 
d 1.244195026e-005 0.000000000e+000 0.000000000e+000 -4.846233679e-002 5.000000000e+000 5.000000000e+000 4.846447670e-002 0.000000000e+000 0.000000000e+000 4.916063323e-010 0.000000000e+000 0.000000000e+000 1.711991527e-011 3.942852620e+002 
d 1.327558584e-005 0.000000000e+000 0.000000000e+000 -4.778286048e-002 5.000000000e+000 5.000000000e+000 4.778498413e-002 0.000000000e+000 0.000000000e+000 4.574376023e-010 0.000000000e+000 0.000000000e+000 1.594138869e-011 3.963219613e+002 
d 1.419542517e-005 0.000000000e+000 0.000000000e+000 -4.710326347e-002 5.000000000e+000 5.000000000e+000 4.710529887e-002 0.000000000e+000 0.000000000e+000 4.260094014e-010 0.000000000e+000 0.000000000e+000 1.476392480e-011 3.984061493e+002 
d 1.516876711e-005 0.000000000e+000 0.000000000e+000 -4.645512899e-002 5.000000000e+000 5.000000000e+000 4.645677913e-002 0.000000000e+000 0.000000000e+000 4.126490207e-010 0.000000000e+000 0.000000000e+000 1.371630195e-011 4.004421822e+002 
d 1.616035058e-005 0.000000000e+000 0.000000000e+000 -4.585990597e-002 5.000000000e+000 5.000000000e+000 4.586134349e-002 0.000000000e+000 0.000000000e+000 3.816979434e-010 0.000000000e+000 0.000000000e+000 1.265522132e-011 4.023537738e+002 
d 1.711610063e-005 0.000000000e+000 0.000000000e+000 -4.533985099e-002 5.000000000e+000 5.000000000e+000 4.534136045e-002 0.000000000e+000 0.000000000e+000 3.389079583e-010 0.000000000e+000 0.000000000e+000 1.164395344e-011 4.040546686e+002 
d 1.808541620e-005 0.000000000e+000 0.000000000e+000 -4.485950254e-002 5.000000000e+000 5.000000000e+000 4.486113335e-002 0.000000000e+000 0.000000000e+000 2.844144496e-010 0.000000000e+000 0.000000000e+000 1.063383158e-011 4.056497896e+002 
d 1.920513477e-005 0.000000000e+000 0.000000000e+000 -4.435641898e-002 5.000000000e+000 5.000000000e+000 4.435809628e-002 0.000000000e+000 0.000000000e+000 2.226520183e-010 0.000000000e+000 0.000000000e+000 9.548855839e-012 4.073436243e+002 
d 2.052566557e-005 0.000000000e+000 0.000000000e+000 -4.382629710e-002 5.000000000e+000 5.000000000e+000 4.382793362e-002 0.000000000e+000 0.000000000e+000 1.834701559e-010 0.000000000e+000 0.000000000e+000 8.526439807e-012 4.091560197e+002 
d 2.197576864e-005 0.000000000e+000 0.000000000e+000 -4.331350733e-002 5.000000000e+000 5.000000000e+000 4.331497847e-002 0.000000000e+000 0.000000000e+000 1.586039947e-010 0.000000000e+000 0.000000000e+000 7.595920289e-012 4.109404211e+002 
d 2.346020978e-005 0.000000000e+000 0.000000000e+000 -4.285341462e-002 5.000000000e+000 5.000000000e+000 4.285471941e-002 0.000000000e+000 0.000000000e+000 1.397247709e-010 0.000000000e+000 0.000000000e+000 6.773990239e-012 4.125697117e+002 
d 2.494271115e-005 0.000000000e+000 0.000000000e+000 -4.245017147e-002 5.000000000e+000 5.000000000e+000 4.245134793e-002 0.000000000e+000 0.000000000e+000 1.240394803e-010 0.000000000e+000 0.000000000e+000 6.055021490e-012 4.140210035e+002 
d 2.648433008e-005 0.000000000e+000 0.000000000e+000 -4.208209328e-002 5.000000000e+000 5.000000000e+000 4.208319449e-002 0.000000000e+000 0.000000000e+000 1.097376602e-010 0.000000000e+000 0.000000000e+000 5.396447523e-012 4.153657242e+002 
d 2.817344538e-005 0.000000000e+000 0.000000000e+000 -4.173021814e-002 5.000000000e+000 5.000000000e+000 4.173128117e-002 0.000000000e+000 0.000000000e+000 9.605416404e-011 0.000000000e+000 0.000000000e+000 4.763734437e-012 4.166698344e+002 
d 3.006387450e-005 0.000000000e+000 0.000000000e+000 -4.139061238e-002 5.000000000e+000 5.000000000e+000 4.139163540e-002 0.000000000e+000 0.000000000e+000 8.216307255e-011 0.000000000e+000 0.000000000e+000 4.146338384e-012 4.179463222e+002 
d 3.215928916e-005 0.000000000e+000 0.000000000e+000 -4.107026850e-002 5.000000000e+000 5.000000000e+000 4.107122743e-002 0.000000000e+000 0.000000000e+000 6.726154909e-011 0.000000000e+000 0.000000000e+000 3.552120698e-012 4.191664715e+002 
d 3.443046357e-005 0.000000000e+000 0.000000000e+000 -4.077833845e-002 5.000000000e+000 5.000000000e+000 4.077921158e-002 0.000000000e+000 0.000000000e+000 5.350192139e-011 0.000000000e+000 0.000000000e+000 3.007515310e-012 4.202921388e+002 
d 3.685564780e-005 0.000000000e+000 0.000000000e+000 -4.051883999e-002 5.000000000e+000 5.000000000e+000 4.051961746e-002 0.000000000e+000 0.000000000e+000 4.092360269e-011 0.000000000e+000 0.000000000e+000 2.520109257e-012 4.213039692e+002 
d 3.944853058e-005 0.000000000e+000 0.000000000e+000 -4.029005974e-002 5.000000000e+000 5.000000000e+000 4.029074781e-002 0.000000000e+000 0.000000000e+000 2.954671953e-011 0.000000000e+000 0.000000000e+000 2.087793830e-012 4.222049314e+002 
d 4.224081268e-005 0.000000000e+000 0.000000000e+000 -4.008915272e-002 5.000000000e+000 5.000000000e+000 4.008976151e-002 0.000000000e+000 0.000000000e+000 1.935003424e-011 0.000000000e+000 0.000000000e+000 1.706186067e-012 4.230031158e+002 
d 4.525771763e-005 0.000000000e+000 0.000000000e+000 -3.991448219e-002 5.000000000e+000 5.000000000e+000 3.991501778e-002 0.000000000e+000 0.000000000e+000 1.033491683e-011 0.000000000e+000 0.000000000e+000 1.372944099e-012 4.237024529e+002 
d 4.851366197e-005 0.000000000e+000 0.000000000e+000 -3.976502078e-002 5.000000000e+000 5.000000000e+000 3.976548715e-002 0.000000000e+000 0.000000000e+000 2.507113095e-012 0.000000000e+000 0.000000000e+000 1.086707952e-012 4.243048892e+002 
d 5.202453283e-005 0.000000000e+000 0.000000000e+000 -3.963973213e-002 5.000000000e+000 5.000000000e+000 3.963885905e-002 0.000000000e+000 0.000000000e+000 -3.099450939e-012 0.000000000e+000 0.000000000e+000 8.472741019e-013 4.248148525e+002 
d 5.449269666e-005 0.000000000e+000 0.000000000e+000 -3.956855037e-002 5.000000000e+000 5.000000000e+000 3.956848639e-002 0.000000000e+000 0.000000000e+000 -6.466709598e-012 0.000000000e+000 0.000000000e+000 7.111092559e-013 4.251033859e+002 
d 5.579801514e-005 0.000000000e+000 0.000000000e+000 -3.953578873e-002 5.000000000e+000 5.000000000e+000 3.953597063e-002 0.000000000e+000 0.000000000e+000 -7.746654482e-012 0.000000000e+000 0.000000000e+000 6.496466512e-013 4.252364760e+002 
d 5.713069876e-005 0.000000000e+000 0.000000000e+000 -3.950549925e-002 5.000000000e+000 5.000000000e+000 3.950566603e-002 0.000000000e+000 0.000000000e+000 -1.091230421e-011 0.000000000e+000 0.000000000e+000 5.883271499e-013 4.253601913e+002 
d 5.910783969e-005 0.000000000e+000 0.000000000e+000 -3.946562151e-002 5.000000000e+000 5.000000000e+000 3.946569888e-002 0.000000000e+000 0.000000000e+000 -1.349483239e-011 0.000000000e+000 0.000000000e+000 5.103195690e-013 4.255234777e+002 
d 6.153082960e-005 0.000000000e+000 0.000000000e+000 -3.942385990e-002 5.000000000e+000 5.000000000e+000 3.942383879e-002 0.000000000e+000 0.000000000e+000 -1.559706212e-011 0.000000000e+000 0.000000000e+000 4.298757798e-013 4.256947044e+002 
d 6.389555665e-005 0.000000000e+000 0.000000000e+000 -3.938950865e-002 5.000000000e+000 5.000000000e+000 3.938950257e-002 0.000000000e+000 0.000000000e+000 -1.730238011e-011 0.000000000e+000 0.000000000e+000 3.636874476e-013 4.258356066e+002 
d 6.613916566e-005 0.000000000e+000 0.000000000e+000 -3.936188218e-002 5.000000000e+000 5.000000000e+000 3.936189613e-002 0.000000000e+000 0.000000000e+000 -1.885385516e-011 0.000000000e+000 0.000000000e+000 3.101295147e-013 4.259490593e+002 
d 6.848442216e-005 0.000000000e+000 0.000000000e+000 -3.933738305e-002 5.000000000e+000 5.000000000e+000 3.933738243e-002 0.000000000e+000 0.000000000e+000 -2.031725315e-011 0.000000000e+000 0.000000000e+000 2.624364155e-013 4.260498342e+002 
d 7.108736512e-005 0.000000000e+000 0.000000000e+000 -3.931459040e-002 5.000000000e+000 5.000000000e+000 3.931455803e-002 0.000000000e+000 0.000000000e+000 -2.163612086e-011 0.000000000e+000 0.000000000e+000 2.181067936e-013 4.261437101e+002 
d 7.391864485e-005 0.000000000e+000 0.000000000e+000 -3.929415322e-002 5.000000000e+000 5.000000000e+000 3.929409870e-002 0.000000000e+000 0.000000000e+000 -2.277857939e-011 0.000000000e+000 0.000000000e+000 1.784142925e-013 4.262279479e+002 
d 7.689352763e-005 0.000000000e+000 0.000000000e+000 -3.927668191e-002 5.000000000e+000 5.000000000e+000 3.927662159e-002 0.000000000e+000 0.000000000e+000 -2.375518095e-011 0.000000000e+000 0.000000000e+000 1.444756040e-013 4.262999979e+002 
d 8.001326554e-005 0.000000000e+000 0.000000000e+000 -3.926192694e-002 5.000000000e+000 5.000000000e+000 3.926186427e-002 0.000000000e+000 0.000000000e+000 -2.459454219e-011 0.000000000e+000 0.000000000e+000 1.157852704e-013 4.263608831e+002 
d 8.335158567e-005 0.000000000e+000 0.000000000e+000 -3.924937234e-002 5.000000000e+000 5.000000000e+000 3.924930378e-002 0.000000000e+000 0.000000000e+000 -2.531482069e-011 0.000000000e+000 0.000000000e+000 9.135796540e-014 4.264127231e+002 
d 8.697375425e-005 0.000000000e+000 0.000000000e+000 -3.923872802e-002 5.000000000e+000 5.000000000e+000 3.923865288e-002 0.000000000e+000 0.000000000e+000 -2.592341036e-011 0.000000000e+000 0.000000000e+000 7.064594135e-014 4.264566978e+002 
d 9.090597513e-005 0.000000000e+000 0.000000000e+000 -3.922988413e-002 5.000000000e+000 5.000000000e+000 3.922980608e-002 0.000000000e+000 0.000000000e+000 -2.642702604e-011 0.000000000e+000 0.000000000e+000 5.343827414e-014 4.264932451e+002 
d 9.517015894e-005 0.000000000e+000 0.000000000e+000 -3.922270820e-002 5.000000000e+000 5.000000000e+000 3.922263114e-002 0.000000000e+000 0.000000000e+000 -2.683604154e-011 0.000000000e+000 0.000000000e+000 3.947528249e-014 4.265229046e+002 
d 9.982212528e-005 0.000000000e+000 0.000000000e+000 -3.921669780e-002 5.000000000e+000 5.000000000e+000 3.921798105e-002 0.000000000e+000 0.000000000e+000 -2.710316751e-011 0.000000000e+000 0.000000000e+000 2.882271754e-014 4.265464128e+002 
d 1.000000000e-004 0.000000000e+000 0.000000000e+000 -3.921680070e-002 5.000000000e+000 5.000000000e+000 3.921680611e-002 0.000000000e+000 0.000000000e+000 -2.376151931e-011 0.000000000e+000 0.000000000e+000 5.700351890e-014 4.265472082e+002 
