v ATLAS
# This file was created by ATLAS version 5.22.1.R on Tue Dec 31 09:04:02 2019.
#SSF 2.0 generic
##############################################################################
#                    Copyright (c) 1984 - 2015                               #
#                    Silvaco Inc. All rights reserved                        #
#                                                                            #
# This file format and the following Key are copyright Silvaco Inc.          #
# You may not use, this format or key without reproducing this message in    #
# full and obtaining express written permission from Silvaco Inc.            #
#                                                                            #
# To obtain such permission please contact: Silvaco Inc.                     #
#                                           support@silvaco.com              #
#                                                                            #
# KEY=SVC86hn7562asdx                       PROD=345                         #
##############################################################################
y 3 700 711 15
z 1 0.00981003 300
f 4 "source" "drain" "gate" "substrate" 
p 13 2 601 20 3 602 21 4 603 22 5 604 23 82 
d 0.000000000e+000 0.000000000e+000 2.673678066e-015 0.000000000e+000 0.000000000e+000 -5.681477724e-016 -3.000000000e+000 -3.000000000e+000 -1.836517686e-017 0.000000000e+000 0.000000000e+000 0.000000000e+000 3.000000000e+002 
d 0.000000000e+000 0.000000000e+000 -1.160685047e-002 5.000000000e-001 5.000000000e-001 1.160685462e-002 -3.000000000e+000 -3.000000000e+000 -2.159064796e-017 0.000000000e+000 0.000000000e+000 0.000000000e+000 3.010721223e+002 
d 0.000000000e+000 0.000000000e+000 -1.910878579e-002 1.000000000e+000 1.000000000e+000 1.910877001e-002 -3.000000000e+000 -3.000000000e+000 -3.152734329e-017 0.000000000e+000 0.000000000e+000 0.000000000e+000 3.035628885e+002 
d 0.000000000e+000 0.000000000e+000 -2.318152778e-002 1.500000000e+000 1.500000000e+000 2.318143145e-002 -3.000000000e+000 -3.000000000e+000 -4.932826365e-017 0.000000000e+000 0.000000000e+000 0.000000000e+000 3.065854242e+002 
d 0.000000000e+000 0.000000000e+000 -2.501852019e-002 2.000000000e+000 2.000000000e+000 2.501838492e-002 -3.000000000e+000 -3.000000000e+000 -7.614360612e-017 0.000000000e+000 0.000000000e+000 0.000000000e+000 3.096283389e+002 
d 0.000000000e+000 0.000000000e+000 -2.574851912e-002 2.500000000e+000 2.500000000e+000 2.574691752e-002 -3.000000000e+000 -3.000000000e+000 -1.139104518e-016 0.000000000e+000 0.000000000e+000 0.000000000e+000 3.125417471e+002 
d 0.000000000e+000 0.000000000e+000 -2.602260309e-002 3.000000000e+000 3.000000000e+000 2.602019421e-002 -3.000000000e+000 -3.000000000e+000 -1.664095048e-016 0.000000000e+000 0.000000000e+000 0.000000000e+000 3.153435963e+002 
d 0.000000000e+000 0.000000000e+000 -2.610128834e-002 3.500000000e+000 3.500000000e+000 2.610200631e-002 -3.000000000e+000 -3.000000000e+000 -2.389331661e-016 0.000000000e+000 0.000000000e+000 0.000000000e+000 3.180602027e+002 
d 0.000000000e+000 0.000000000e+000 -2.609001550e-002 4.000000000e+000 4.000000000e+000 2.609134897e-002 -3.000000000e+000 -3.000000000e+000 -3.384116323e-016 0.000000000e+000 0.000000000e+000 0.000000000e+000 3.207422858e+002 
d 0.000000000e+000 0.000000000e+000 -2.603105610e-002 4.500000000e+000 4.500000000e+000 2.603332329e-002 -3.000000000e+000 -3.000000000e+000 -4.736422803e-016 0.000000000e+000 0.000000000e+000 0.000000000e+000 3.234134129e+002 
d 0.000000000e+000 0.000000000e+000 -2.594635833e-002 5.000000000e+000 5.000000000e+000 2.594994477e-002 -3.000000000e+000 -3.000000000e+000 -6.560242020e-016 0.000000000e+000 0.000000000e+000 0.000000000e+000 3.260358041e+002 
d 0.000000000e+000 0.000000000e+000 -2.584864514e-002 5.500000000e+000 5.500000000e+000 2.584731870e-002 -3.000000000e+000 -3.000000000e+000 -8.998685436e-016 0.000000000e+000 0.000000000e+000 0.000000000e+000 3.286101103e+002 
d 0.000000000e+000 0.000000000e+000 -2.574270704e-002 6.000000000e+000 6.000000000e+000 2.574066107e-002 -3.000000000e+000 -3.000000000e+000 -1.223959502e-015 0.000000000e+000 0.000000000e+000 0.000000000e+000 3.311454285e+002 
d 0.000000000e+000 0.000000000e+000 -2.563497176e-002 6.500000000e+000 6.500000000e+000 2.563194958e-002 -3.000000000e+000 -3.000000000e+000 -1.652806091e-015 0.000000000e+000 0.000000000e+000 0.000000000e+000 3.336447900e+002 
d 0.000000000e+000 0.000000000e+000 -2.553001143e-002 7.000000000e+000 7.000000000e+000 2.552571309e-002 -3.000000000e+000 -3.000000000e+000 -2.219597557e-015 0.000000000e+000 0.000000000e+000 0.000000000e+000 3.361232068e+002 
d 0.000000000e+000 0.000000000e+000 -2.542388295e-002 7.500000000e+000 7.500000000e+000 2.542581961e-002 -3.000000000e+000 -3.000000000e+000 -2.963590354e-015 0.000000000e+000 0.000000000e+000 0.000000000e+000 3.385737183e+002 
d 0.000000000e+000 0.000000000e+000 -2.532194239e-002 8.000000000e+000 8.000000000e+000 2.532469438e-002 -3.000000000e+000 -3.000000000e+000 -3.936645975e-015 0.000000000e+000 0.000000000e+000 0.000000000e+000 3.410016544e+002 
d 0.000000000e+000 0.000000000e+000 -2.522194683e-002 8.500000000e+000 8.500000000e+000 2.522574238e-002 -3.000000000e+000 -3.000000000e+000 -5.202552239e-015 0.000000000e+000 0.000000000e+000 0.000000000e+000 3.434086969e+002 
d 0.000000000e+000 0.000000000e+000 -2.512330104e-002 9.000000000e+000 9.000000000e+000 2.512838299e-002 -3.000000000e+000 -3.000000000e+000 -6.841097347e-015 0.000000000e+000 0.000000000e+000 0.000000000e+000 3.458007805e+002 
d 0.000000000e+000 0.000000000e+000 -2.502971352e-002 9.500000000e+000 9.500000000e+000 2.502708497e-002 -3.000000000e+000 -3.000000000e+000 -8.953368852e-015 0.000000000e+000 0.000000000e+000 0.000000000e+000 3.481738730e+002 
d 0.000000000e+000 0.000000000e+000 -2.493460388e-002 1.000000000e+001 1.000000000e+001 2.493109258e-002 -3.000000000e+000 -3.000000000e+000 -1.165922949e-014 0.000000000e+000 0.000000000e+000 0.000000000e+000 3.505250778e+002 
d 0.000000000e+000 0.000000000e+000 -2.484078417e-002 1.050000000e+001 1.050000000e+001 2.483619056e-002 -3.000000000e+000 -3.000000000e+000 -1.511144274e-014 0.000000000e+000 0.000000000e+000 0.000000000e+000 3.528563317e+002 
d 0.000000000e+000 0.000000000e+000 -2.474827101e-002 1.100000000e+001 1.100000000e+001 2.474236945e-002 -3.000000000e+000 -3.000000000e+000 -1.949686685e-014 0.000000000e+000 0.000000000e+000 0.000000000e+000 3.551683641e+002 
d 0.000000000e+000 0.000000000e+000 -2.465715607e-002 1.150000000e+001 1.150000000e+001 2.464969530e-002 -3.000000000e+000 -3.000000000e+000 -2.504514888e-014 0.000000000e+000 0.000000000e+000 0.000000000e+000 3.574621160e+002 
d 0.000000000e+000 0.000000000e+000 -2.456065210e-002 1.200000000e+001 1.200000000e+001 2.456504044e-002 -3.000000000e+000 -3.000000000e+000 -3.202342391e-014 0.000000000e+000 0.000000000e+000 0.000000000e+000 3.597344734e+002 
d 0.000000000e+000 0.000000000e+000 -2.447060140e-002 1.250000000e+001 1.250000000e+001 2.447617150e-002 -3.000000000e+000 -3.000000000e+000 -4.079296215e-014 0.000000000e+000 0.000000000e+000 0.000000000e+000 3.619931563e+002 
d 0.000000000e+000 0.000000000e+000 -2.438174510e-002 1.300000000e+001 1.300000000e+001 2.438871592e-002 -3.000000000e+000 -3.000000000e+000 -5.176092204e-014 0.000000000e+000 0.000000000e+000 0.000000000e+000 3.642384438e+002 
d 0.000000000e+000 0.000000000e+000 -2.430118848e-002 1.350000000e+001 1.350000000e+001 2.429674973e-002 -3.000000000e+000 -3.000000000e+000 -6.545895222e-014 0.000000000e+000 0.000000000e+000 0.000000000e+000 3.664789090e+002 
d 0.000000000e+000 0.000000000e+000 -2.421626544e-002 1.400000000e+001 1.400000000e+001 2.421069279e-002 -3.000000000e+000 -3.000000000e+000 -8.244572526e-014 0.000000000e+000 0.000000000e+000 0.000000000e+000 3.687007948e+002 
d 0.000000000e+000 0.000000000e+000 -2.413248443e-002 1.450000000e+001 1.450000000e+001 2.412554864e-002 -3.000000000e+000 -3.000000000e+000 -1.034645852e-013 0.000000000e+000 0.000000000e+000 0.000000000e+000 3.709078481e+002 
d 0.000000000e+000 0.000000000e+000 -2.404170543e-002 1.500000000e+001 1.500000000e+001 2.404645465e-002 -3.000000000e+000 -3.000000000e+000 -1.293088031e-013 0.000000000e+000 0.000000000e+000 0.000000000e+000 3.730946769e+002 
