v ATLAS
# This file was created by ATLAS version 5.22.1.R on Tue Dec 31 09:04:40 2019.
#SSF 2.0 generic
##############################################################################
#                    Copyright (c) 1984 - 2015                               #
#                    Silvaco Inc. All rights reserved                        #
#                                                                            #
# This file format and the following Key are copyright Silvaco Inc.          #
# You may not use, this format or key without reproducing this message in    #
# full and obtaining express written permission from Silvaco Inc.            #
#                                                                            #
# To obtain such permission please contact: Silvaco Inc.                     #
#                                           support@silvaco.com              #
#                                                                            #
# KEY=SVC86hn7562asdx                       PROD=345                         #
##############################################################################
y 3 700 711 15
z 1 0.00981003 300
f 4 "source" "drain" "gate" "substrate" 
p 13 2 601 20 3 602 21 4 603 22 5 604 23 82 
d 0.000000000e+000 0.000000000e+000 1.399690939e-014 0.000000000e+000 0.000000000e+000 -2.736282187e-015 -2.000000000e+000 -2.000000000e+000 -1.924807394e-017 0.000000000e+000 0.000000000e+000 0.000000000e+000 3.000000000e+002 
d 0.000000000e+000 0.000000000e+000 -1.477180355e-002 5.000000000e-001 5.000000000e-001 1.477180523e-002 -2.000000000e+000 -2.000000000e+000 -2.321281457e-017 0.000000000e+000 0.000000000e+000 0.000000000e+000 3.013279910e+002 
d 0.000000000e+000 0.000000000e+000 -2.584873215e-002 1.000000000e+000 1.000000000e+000 2.584873215e-002 -2.000000000e+000 -2.000000000e+000 -1.380461739e-016 0.000000000e+000 0.000000000e+000 0.000000000e+000 3.046793580e+002 
d 0.000000000e+000 0.000000000e+000 -3.348738922e-002 1.500000000e+000 1.500000000e+000 3.348738922e-002 -2.000000000e+000 -2.000000000e+000 -7.453270549e-017 0.000000000e+000 0.000000000e+000 0.000000000e+000 3.091927637e+002 
d 0.000000000e+000 0.000000000e+000 -3.817796380e-002 2.000000000e+000 2.000000000e+000 3.817823627e-002 -2.000000000e+000 -2.000000000e+000 -1.518337659e-016 0.000000000e+000 0.000000000e+000 0.000000000e+000 3.141549282e+002 
d 0.000000000e+000 0.000000000e+000 -4.064090597e-002 2.500000000e+000 2.500000000e+000 4.064220088e-002 -2.000000000e+000 -2.000000000e+000 -3.004587528e-016 0.000000000e+000 0.000000000e+000 0.000000000e+000 3.191210220e+002 
d 0.000000000e+000 0.000000000e+000 -4.162689630e-002 3.000000000e+000 3.000000000e+000 4.163076222e-002 -2.000000000e+000 -2.000000000e+000 -5.598545195e-016 0.000000000e+000 0.000000000e+000 0.000000000e+000 3.238513044e+002 
d 0.000000000e+000 0.000000000e+000 -4.178602735e-002 3.500000000e+000 3.500000000e+000 4.178389116e-002 -2.000000000e+000 -2.000000000e+000 -9.829355004e-016 0.000000000e+000 0.000000000e+000 0.000000000e+000 3.282937269e+002 
d 0.000000000e+000 0.000000000e+000 -4.153745950e-002 4.000000000e+000 4.000000000e+000 4.153318375e-002 -2.000000000e+000 -2.000000000e+000 -1.645740804e-015 0.000000000e+000 0.000000000e+000 0.000000000e+000 3.324880444e+002 
d 0.000000000e+000 0.000000000e+000 -4.110545937e-002 4.500000000e+000 4.500000000e+000 4.109795231e-002 -2.000000000e+000 -2.000000000e+000 -2.656838380e-015 0.000000000e+000 0.000000000e+000 0.000000000e+000 3.364824869e+002 
d 0.000000000e+000 0.000000000e+000 -4.058944273e-002 5.000000000e+000 5.000000000e+000 4.059353842e-002 -2.000000000e+000 -2.000000000e+000 -4.164258228e-015 0.000000000e+000 0.000000000e+000 0.000000000e+000 3.403074466e+002 
d 0.000000000e+000 0.000000000e+000 -4.004904746e-002 5.500000000e+000 5.500000000e+000 4.005574606e-002 -2.000000000e+000 -2.000000000e+000 -6.370993856e-015 0.000000000e+000 0.000000000e+000 0.000000000e+000 3.439911538e+002 
d 0.000000000e+000 0.000000000e+000 -3.950901637e-002 6.000000000e+000 6.000000000e+000 3.950500142e-002 -2.000000000e+000 -2.000000000e+000 -9.543958418e-015 0.000000000e+000 0.000000000e+000 0.000000000e+000 3.475521438e+002 
d 0.000000000e+000 0.000000000e+000 -3.897414007e-002 6.500000000e+000 6.500000000e+000 3.896792605e-002 -2.000000000e+000 -2.000000000e+000 -1.403062929e-014 0.000000000e+000 0.000000000e+000 0.000000000e+000 3.511223266e+002 
d 0.000000000e+000 0.000000000e+000 -3.845351497e-002 7.000000000e+000 7.000000000e+000 3.844436934e-002 -2.000000000e+000 -2.000000000e+000 -2.028059506e-014 0.000000000e+000 0.000000000e+000 0.000000000e+000 3.545928323e+002 
d 0.000000000e+000 0.000000000e+000 -3.794231882e-002 7.500000000e+000 7.500000000e+000 3.794824851e-002 -2.000000000e+000 -2.000000000e+000 -2.885190904e-014 0.000000000e+000 0.000000000e+000 0.000000000e+000 3.579657730e+002 
d 0.000000000e+000 0.000000000e+000 -3.745399434e-002 8.000000000e+000 8.000000000e+000 3.746240756e-002 -2.000000000e+000 -2.000000000e+000 -4.047999879e-014 0.000000000e+000 0.000000000e+000 0.000000000e+000 3.612564445e+002 
d 0.000000000e+000 0.000000000e+000 -3.699091729e-002 8.500000000e+000 8.500000000e+000 3.698516579e-002 -2.000000000e+000 -2.000000000e+000 -5.608343104e-014 0.000000000e+000 0.000000000e+000 0.000000000e+000 3.644688674e+002 
d 0.000000000e+000 0.000000000e+000 -3.654174464e-002 9.000000000e+000 9.000000000e+000 3.653384353e-002 -2.000000000e+000 -2.000000000e+000 -7.678549326e-014 0.000000000e+000 0.000000000e+000 0.000000000e+000 3.676042024e+002 
d 0.000000000e+000 0.000000000e+000 -3.611125770e-002 9.500000000e+000 9.500000000e+000 3.610072757e-002 -2.000000000e+000 -2.000000000e+000 -1.040223951e-013 0.000000000e+000 0.000000000e+000 0.000000000e+000 3.706748496e+002 
d 0.000000000e+000 0.000000000e+000 -3.568908892e-002 1.000000000e+001 1.000000000e+001 3.569665776e-002 -2.000000000e+000 -2.000000000e+000 -1.394412522e-013 0.000000000e+000 0.000000000e+000 0.000000000e+000 3.736766501e+002 
d 0.000000000e+000 0.000000000e+000 -3.529220841e-002 1.050000000e+001 1.050000000e+001 3.530215529e-002 -2.000000000e+000 -2.000000000e+000 -1.854716994e-013 0.000000000e+000 0.000000000e+000 0.000000000e+000 3.766277179e+002 
d 0.000000000e+000 0.000000000e+000 -3.492293831e-002 1.100000000e+001 1.100000000e+001 3.491544810e-002 -2.000000000e+000 -2.000000000e+000 -2.451542131e-013 0.000000000e+000 0.000000000e+000 0.000000000e+000 3.795494385e+002 
d 0.000000000e+000 0.000000000e+000 -3.456339811e-002 1.150000000e+001 1.150000000e+001 3.455368234e-002 -2.000000000e+000 -2.000000000e+000 -3.217387122e-013 0.000000000e+000 0.000000000e+000 0.000000000e+000 3.824207355e+002 
d 0.000000000e+000 0.000000000e+000 -3.421979645e-002 1.200000000e+001 1.200000000e+001 3.420740607e-002 -2.000000000e+000 -2.000000000e+000 -4.196540474e-013 0.000000000e+000 0.000000000e+000 0.000000000e+000 3.852521009e+002 
d 0.000000000e+000 0.000000000e+000 -3.387814780e-002 1.250000000e+001 1.250000000e+001 3.388790554e-002 -2.000000000e+000 -2.000000000e+000 -5.437551396e-013 0.000000000e+000 0.000000000e+000 0.000000000e+000 3.880378729e+002 
d 0.000000000e+000 0.000000000e+000 -3.355988258e-002 1.300000000e+001 1.300000000e+001 3.357234291e-002 -2.000000000e+000 -2.000000000e+000 -7.013174887e-013 0.000000000e+000 0.000000000e+000 0.000000000e+000 3.907996350e+002 
d 0.000000000e+000 0.000000000e+000 -3.326798011e-002 1.350000000e+001 1.350000000e+001 3.325773642e-002 -2.000000000e+000 -2.000000000e+000 -9.008869863e-013 0.000000000e+000 0.000000000e+000 0.000000000e+000 3.935488127e+002 
d 0.000000000e+000 0.000000000e+000 -3.296598235e-002 1.400000000e+001 1.400000000e+001 3.297463501e-002 -2.000000000e+000 -2.000000000e+000 -1.149645712e-012 0.000000000e+000 0.000000000e+000 0.000000000e+000 3.962552020e+002 
d 0.000000000e+000 0.000000000e+000 -3.268331815e-002 1.450000000e+001 1.450000000e+001 3.269457750e-002 -2.000000000e+000 -2.000000000e+000 -1.460963183e-012 0.000000000e+000 0.000000000e+000 0.000000000e+000 3.989408341e+002 
d 0.000000000e+000 0.000000000e+000 -3.242287769e-002 1.500000000e+001 1.500000000e+001 3.241281772e-002 -2.000000000e+000 -2.000000000e+000 -1.849617576e-012 0.000000000e+000 0.000000000e+000 0.000000000e+000 4.016104162e+002 
