v ATLAS
# This file was created by ATLAS version 5.22.1.R on Tue Dec 31 09:06:49 2019.
#SSF 2.0 generic
##############################################################################
#                    Copyright (c) 1984 - 2015                               #
#                    Silvaco Inc. All rights reserved                        #
#                                                                            #
# This file format and the following Key are copyright Silvaco Inc.          #
# You may not use, this format or key without reproducing this message in    #
# full and obtaining express written permission from Silvaco Inc.            #
#                                                                            #
# To obtain such permission please contact: Silvaco Inc.                     #
#                                           support@silvaco.com              #
#                                                                            #
# KEY=SVC86hn7562asdx                       PROD=345                         #
##############################################################################
y 3 700 711 15
z 1 0.00981003 300
f 4 "source" "drain" "gate" "substrate" 
p 13 2 601 20 3 602 21 4 603 22 5 604 23 82 
d 0.000000000e+000 0.000000000e+000 8.579624578e-019 0.000000000e+000 0.000000000e+000 4.617973275e-018 0.000000000e+000 0.000000000e+000 1.991189950e-032 0.000000000e+000 0.000000000e+000 0.000000000e+000 3.000000000e+002 
d 0.000000000e+000 0.000000000e+000 -1.803824231e-002 5.000000000e-001 5.000000000e-001 1.803824248e-002 0.000000000e+000 0.000000000e+000 -4.612427442e-017 0.000000000e+000 0.000000000e+000 0.000000000e+000 3.015959423e+002 
d 0.000000000e+000 0.000000000e+000 -2.578448063e-002 7.500000000e-001 7.500000000e-001 2.578448043e-002 0.000000000e+000 0.000000000e+000 -5.722066855e-017 0.000000000e+000 0.000000000e+000 0.000000000e+000 3.034055674e+002 
d 0.000000000e+000 0.000000000e+000 -3.268190039e-002 1.000000000e+000 1.000000000e+000 3.268190039e-002 0.000000000e+000 0.000000000e+000 -7.594561584e-017 0.000000000e+000 0.000000000e+000 0.000000000e+000 3.057587414e+002 
d 0.000000000e+000 0.000000000e+000 -4.382109010e-002 1.500000000e+000 1.500000000e+000 4.381968285e-002 0.000000000e+000 0.000000000e+000 -1.563729918e-016 0.000000000e+000 0.000000000e+000 0.000000000e+000 3.116454430e+002 
d 0.000000000e+000 0.000000000e+000 -5.183390004e-002 2.000000000e+000 2.000000000e+000 5.182913078e-002 0.000000000e+000 0.000000000e+000 -3.696444182e-016 0.000000000e+000 0.000000000e+000 0.000000000e+000 3.185381574e+002 
d 0.000000000e+000 0.000000000e+000 -5.726214293e-002 2.500000000e+000 2.500000000e+000 5.725844741e-002 0.000000000e+000 0.000000000e+000 -9.232284819e-016 0.000000000e+000 0.000000000e+000 0.000000000e+000 3.258520877e+002 
d 0.000000000e+000 0.000000000e+000 -6.065778398e-002 3.000000000e+000 3.000000000e+000 6.066292862e-002 0.000000000e+000 0.000000000e+000 -2.286049643e-015 0.000000000e+000 0.000000000e+000 0.000000000e+000 3.332019430e+002 
d 0.000000000e+000 0.000000000e+000 -6.257445409e-002 3.500000000e+000 3.500000000e+000 6.256886557e-002 0.000000000e+000 0.000000000e+000 -5.430845126e-015 0.000000000e+000 0.000000000e+000 0.000000000e+000 3.403786995e+002 
d 0.000000000e+000 0.000000000e+000 -6.337365623e-002 4.000000000e+000 4.000000000e+000 6.337983722e-002 0.000000000e+000 0.000000000e+000 -1.211459504e-014 0.000000000e+000 0.000000000e+000 0.000000000e+000 3.472579516e+002 
d 0.000000000e+000 0.000000000e+000 -6.338152771e-002 4.500000000e+000 4.500000000e+000 6.337490320e-002 0.000000000e+000 0.000000000e+000 -2.519991317e-014 0.000000000e+000 0.000000000e+000 0.000000000e+000 3.538391040e+002 
d 0.000000000e+000 0.000000000e+000 -6.284637930e-002 5.000000000e+000 5.000000000e+000 6.283194842e-002 0.000000000e+000 0.000000000e+000 -4.892769708e-014 0.000000000e+000 0.000000000e+000 0.000000000e+000 3.600430782e+002 
d 0.000000000e+000 0.000000000e+000 -6.195866085e-002 5.500000000e+000 5.500000000e+000 6.197272426e-002 0.000000000e+000 0.000000000e+000 -8.915535712e-014 0.000000000e+000 0.000000000e+000 0.000000000e+000 3.658681519e+002 
d 0.000000000e+000 0.000000000e+000 -6.090584857e-002 6.000000000e+000 6.000000000e+000 6.089178317e-002 0.000000000e+000 0.000000000e+000 -1.543995960e-013 0.000000000e+000 0.000000000e+000 0.000000000e+000 3.713817766e+002 
d 0.000000000e+000 0.000000000e+000 -5.976607350e-002 6.500000000e+000 6.500000000e+000 5.978041131e-002 0.000000000e+000 0.000000000e+000 -2.560981831e-013 0.000000000e+000 0.000000000e+000 0.000000000e+000 3.766150517e+002 
d 0.000000000e+000 0.000000000e+000 -5.862739960e-002 7.000000000e+000 7.000000000e+000 5.861239690e-002 0.000000000e+000 0.000000000e+000 -4.108406934e-013 0.000000000e+000 0.000000000e+000 0.000000000e+000 3.816303031e+002 
d 0.000000000e+000 0.000000000e+000 -5.749833031e-002 7.500000000e+000 7.500000000e+000 5.748808436e-002 0.000000000e+000 0.000000000e+000 -6.397035730e-013 0.000000000e+000 0.000000000e+000 0.000000000e+000 3.864377585e+002 
d 0.000000000e+000 0.000000000e+000 -5.639974477e-002 8.000000000e+000 8.000000000e+000 5.641124149e-002 0.000000000e+000 0.000000000e+000 -9.710787830e-013 0.000000000e+000 0.000000000e+000 0.000000000e+000 3.910631656e+002 
d 0.000000000e+000 0.000000000e+000 -5.535749231e-002 8.500000000e+000 8.500000000e+000 5.534447154e-002 0.000000000e+000 0.000000000e+000 -1.444130968e-012 0.000000000e+000 0.000000000e+000 0.000000000e+000 3.955437562e+002 
d 0.000000000e+000 0.000000000e+000 -5.434669887e-002 9.000000000e+000 9.000000000e+000 5.436143773e-002 0.000000000e+000 0.000000000e+000 -2.104039175e-012 0.000000000e+000 0.000000000e+000 0.000000000e+000 3.998675786e+002 
d 0.000000000e+000 0.000000000e+000 -5.339112478e-002 9.500000000e+000 9.500000000e+000 5.340326158e-002 0.000000000e+000 0.000000000e+000 -3.015530757e-012 0.000000000e+000 0.000000000e+000 0.000000000e+000 4.040692179e+002 
d 0.000000000e+000 0.000000000e+000 -5.248872027e-002 1.000000000e+001 1.000000000e+001 5.247482190e-002 0.000000000e+000 0.000000000e+000 -4.259152812e-012 0.000000000e+000 0.000000000e+000 0.000000000e+000 4.082120166e+002 
d 0.000000000e+000 0.000000000e+000 -5.161355368e-002 1.050000000e+001 1.050000000e+001 5.162908561e-002 0.000000000e+000 0.000000000e+000 -5.923553218e-012 0.000000000e+000 0.000000000e+000 0.000000000e+000 4.123460201e+002 
d 0.000000000e+000 0.000000000e+000 -5.119621751e-002 1.075000000e+001 1.075000000e+001 5.121187084e-002 0.000000000e+000 0.000000000e+000 -6.954769914e-012 0.000000000e+000 0.000000000e+000 0.000000000e+000 4.143806857e+002 
d 0.000000000e+000 0.000000000e+000 -5.079851675e-002 1.100000000e+001 1.100000000e+001 5.078450860e-002 0.000000000e+000 0.000000000e+000 -8.147722940e-012 0.000000000e+000 0.000000000e+000 0.000000000e+000 4.164022403e+002 
d 0.000000000e+000 0.000000000e+000 -5.040204479e-002 1.125000000e+001 1.125000000e+001 5.038601197e-002 0.000000000e+000 0.000000000e+000 -9.510207118e-012 0.000000000e+000 0.000000000e+000 0.000000000e+000 4.183920516e+002 
d 0.000000000e+000 0.000000000e+000 -5.000462022e-002 1.150000000e+001 1.150000000e+001 5.001884796e-002 0.000000000e+000 0.000000000e+000 -1.105908959e-011 0.000000000e+000 0.000000000e+000 0.000000000e+000 4.203484928e+002 
d 0.000000000e+000 0.000000000e+000 -4.962549727e-002 1.175000000e+001 1.175000000e+001 4.964163892e-002 0.000000000e+000 0.000000000e+000 -1.283616861e-011 0.000000000e+000 0.000000000e+000 0.000000000e+000 4.222936870e+002 
d 0.000000000e+000 0.000000000e+000 -4.926602549e-002 1.200000000e+001 1.200000000e+001 4.925177336e-002 0.000000000e+000 0.000000000e+000 -1.487451292e-011 0.000000000e+000 0.000000000e+000 0.000000000e+000 4.242303569e+002 
d 0.000000000e+000 0.000000000e+000 -4.890566735e-002 1.225000000e+001 1.225000000e+001 4.889004855e-002 0.000000000e+000 0.000000000e+000 -1.717867910e-011 0.000000000e+000 0.000000000e+000 0.000000000e+000 4.261365680e+002 
d 0.000000000e+000 0.000000000e+000 -4.871743619e-002 1.237500000e+001 1.237500000e+001 4.873339852e-002 0.000000000e+000 0.000000000e+000 -1.842673846e-011 0.000000000e+000 0.000000000e+000 0.000000000e+000 4.270702621e+002 
d 0.000000000e+000 0.000000000e+000 -4.855244447e-002 1.250000000e+001 1.250000000e+001 4.853899165e-002 0.000000000e+000 0.000000000e+000 -1.979020788e-011 0.000000000e+000 0.000000000e+000 0.000000000e+000 4.280224929e+002 
d 0.000000000e+000 0.000000000e+000 -4.837933613e-002 1.262500000e+001 1.262500000e+001 4.836548926e-002 0.000000000e+000 0.000000000e+000 -2.122346749e-011 0.000000000e+000 0.000000000e+000 0.000000000e+000 4.289589760e+002 
d 0.000000000e+000 0.000000000e+000 -4.820821387e-002 1.275000000e+001 1.275000000e+001 4.819378478e-002 0.000000000e+000 0.000000000e+000 -2.274738763e-011 0.000000000e+000 0.000000000e+000 0.000000000e+000 4.298908479e+002 
d 0.000000000e+000 0.000000000e+000 -4.803895980e-002 1.287500000e+001 1.287500000e+001 4.802391931e-002 0.000000000e+000 0.000000000e+000 -2.436660482e-011 0.000000000e+000 0.000000000e+000 0.000000000e+000 4.308180312e+002 
d 0.000000000e+000 0.000000000e+000 -4.787151273e-002 1.300000000e+001 1.300000000e+001 4.785582482e-002 0.000000000e+000 0.000000000e+000 -2.608601982e-011 0.000000000e+000 0.000000000e+000 0.000000000e+000 4.317405041e+002 
d 0.000000000e+000 0.000000000e+000 -4.770580970e-002 1.312500000e+001 1.312500000e+001 4.768943077e-002 0.000000000e+000 0.000000000e+000 -2.791069949e-011 0.000000000e+000 0.000000000e+000 0.000000000e+000 4.326582389e+002 
d 0.000000000e+000 0.000000000e+000 -4.753079266e-002 1.325000000e+001 1.325000000e+001 4.754468164e-002 0.000000000e+000 0.000000000e+000 -2.981641753e-011 0.000000000e+000 0.000000000e+000 0.000000000e+000 4.335583875e+002 
d 0.000000000e+000 0.000000000e+000 -4.736792107e-002 1.337500000e+001 1.337500000e+001 4.738273358e-002 0.000000000e+000 0.000000000e+000 -3.186316901e-011 0.000000000e+000 0.000000000e+000 0.000000000e+000 4.344655534e+002 
d 0.000000000e+000 0.000000000e+000 -4.720671523e-002 1.350000000e+001 1.350000000e+001 4.722234313e-002 0.000000000e+000 0.000000000e+000 -3.403080726e-011 0.000000000e+000 0.000000000e+000 0.000000000e+000 4.353678121e+002 
d 0.000000000e+000 0.000000000e+000 -4.705703459e-002 1.362500000e+001 1.362500000e+001 4.704347576e-002 0.000000000e+000 0.000000000e+000 -3.636191018e-011 0.000000000e+000 0.000000000e+000 0.000000000e+000 4.362784524e+002 
d 0.000000000e+000 0.000000000e+000 -4.689900209e-002 1.375000000e+001 1.375000000e+001 4.688480677e-002 0.000000000e+000 0.000000000e+000 -3.879395208e-011 0.000000000e+000 0.000000000e+000 0.000000000e+000 4.371718334e+002 
d 0.000000000e+000 0.000000000e+000 -4.674246422e-002 1.387500000e+001 1.387500000e+001 4.672740623e-002 0.000000000e+000 0.000000000e+000 -4.136560597e-011 0.000000000e+000 0.000000000e+000 0.000000000e+000 4.380604165e+002 
d 0.000000000e+000 0.000000000e+000 -4.665626609e-002 1.393750000e+001 1.393750000e+001 4.666974282e-002 0.000000000e+000 0.000000000e+000 -4.266032638e-011 0.000000000e+000 0.000000000e+000 0.000000000e+000 4.384887805e+002 
d 0.000000000e+000 0.000000000e+000 -4.657877176e-002 1.400000000e+001 1.400000000e+001 4.659304206e-002 0.000000000e+000 0.000000000e+000 -4.403397435e-011 0.000000000e+000 0.000000000e+000 0.000000000e+000 4.389293771e+002 
d 0.000000000e+000 0.000000000e+000 -4.650176989e-002 1.406250000e+001 1.406250000e+001 4.651641750e-002 0.000000000e+000 0.000000000e+000 -4.544666347e-011 0.000000000e+000 0.000000000e+000 0.000000000e+000 4.393696183e+002 
d 0.000000000e+000 0.000000000e+000 -4.643268267e-002 1.412500000e+001 1.412500000e+001 4.642015223e-002 0.000000000e+000 0.000000000e+000 -4.694857110e-011 0.000000000e+000 0.000000000e+000 0.000000000e+000 4.398229176e+002 
d 0.000000000e+000 0.000000000e+000 -4.635637940e-002 1.418750000e+001 1.418750000e+001 4.634392251e-002 0.000000000e+000 0.000000000e+000 -4.844462391e-011 0.000000000e+000 0.000000000e+000 0.000000000e+000 4.402615303e+002 
d 0.000000000e+000 0.000000000e+000 -4.628059866e-002 1.425000000e+001 1.425000000e+001 4.626782530e-002 0.000000000e+000 0.000000000e+000 -4.998479163e-011 0.000000000e+000 0.000000000e+000 0.000000000e+000 4.406996529e+002 
d 0.000000000e+000 0.000000000e+000 -4.620522645e-002 1.431250000e+001 1.431250000e+001 4.619215321e-002 0.000000000e+000 0.000000000e+000 -5.156942672e-011 0.000000000e+000 0.000000000e+000 0.000000000e+000 4.411370743e+002 
d 0.000000000e+000 0.000000000e+000 -4.613022202e-002 1.437500000e+001 1.437500000e+001 4.611685983e-002 0.000000000e+000 0.000000000e+000 -5.319750413e-011 0.000000000e+000 0.000000000e+000 0.000000000e+000 4.415733982e+002 
d 0.000000000e+000 0.000000000e+000 -4.605557280e-002 1.443750000e+001 1.443750000e+001 4.604192394e-002 0.000000000e+000 0.000000000e+000 -5.486928018e-011 0.000000000e+000 0.000000000e+000 0.000000000e+000 4.420084994e+002 
d 0.000000000e+000 0.000000000e+000 -4.598129524e-002 1.450000000e+001 1.450000000e+001 4.596735602e-002 0.000000000e+000 0.000000000e+000 -5.658668265e-011 0.000000000e+000 0.000000000e+000 0.000000000e+000 4.424425551e+002 
d 0.000000000e+000 0.000000000e+000 -4.590082891e-002 1.456250000e+001 1.456250000e+001 4.591281922e-002 0.000000000e+000 0.000000000e+000 -5.828801207e-011 0.000000000e+000 0.000000000e+000 0.000000000e+000 4.428610441e+002 
d 0.000000000e+000 0.000000000e+000 -4.582707378e-002 1.462500000e+001 1.462500000e+001 4.583977673e-002 0.000000000e+000 0.000000000e+000 -6.009516392e-011 0.000000000e+000 0.000000000e+000 0.000000000e+000 4.432923742e+002 
d 0.000000000e+000 0.000000000e+000 -4.575377661e-002 1.468750000e+001 1.468750000e+001 4.576678606e-002 0.000000000e+000 0.000000000e+000 -6.195214994e-011 0.000000000e+000 0.000000000e+000 0.000000000e+000 4.437229297e+002 
d 0.000000000e+000 0.000000000e+000 -4.568083448e-002 1.475000000e+001 1.475000000e+001 4.569414898e-002 0.000000000e+000 0.000000000e+000 -6.385915848e-011 0.000000000e+000 0.000000000e+000 0.000000000e+000 4.441524974e+002 
d 0.000000000e+000 0.000000000e+000 -4.560824395e-002 1.481250000e+001 1.481250000e+001 4.562186864e-002 0.000000000e+000 0.000000000e+000 -6.581734998e-011 0.000000000e+000 0.000000000e+000 0.000000000e+000 4.445810840e+002 
d 0.000000000e+000 0.000000000e+000 -4.554239328e-002 1.487500000e+001 1.487500000e+001 4.553056615e-002 0.000000000e+000 0.000000000e+000 -6.790171417e-011 0.000000000e+000 0.000000000e+000 0.000000000e+000 4.450235056e+002 
d 0.000000000e+000 0.000000000e+000 -4.546423646e-002 1.493750000e+001 1.493750000e+001 4.547798877e-002 0.000000000e+000 0.000000000e+000 -6.989360552e-011 0.000000000e+000 0.000000000e+000 0.000000000e+000 4.454356462e+002 
d 0.000000000e+000 0.000000000e+000 -4.539930259e-002 1.500000000e+001 1.500000000e+001 4.538690365e-002 0.000000000e+000 0.000000000e+000 -7.209376427e-011 0.000000000e+000 0.000000000e+000 0.000000000e+000 4.458767253e+002 
