v ATLAS
# This file was created by ATLAS version 5.22.1.R on Tue Dec 31 09:05:31 2019.
#SSF 2.0 generic
##############################################################################
#                    Copyright (c) 1984 - 2015                               #
#                    Silvaco Inc. All rights reserved                        #
#                                                                            #
# This file format and the following Key are copyright Silvaco Inc.          #
# You may not use, this format or key without reproducing this message in    #
# full and obtaining express written permission from Silvaco Inc.            #
#                                                                            #
# To obtain such permission please contact: Silvaco Inc.                     #
#                                           support@silvaco.com              #
#                                                                            #
# KEY=SVC86hn7562asdx                       PROD=345                         #
##############################################################################
y 3 700 711 15
z 1 0.00981003 300
f 4 "source" "drain" "gate" "substrate" 
p 13 2 601 20 3 602 21 4 603 22 5 604 23 82 
d 0.000000000e+000 0.000000000e+000 3.806808394e-014 0.000000000e+000 0.000000000e+000 -8.317354878e-015 -1.000000000e+000 -1.000000000e+000 -2.431373825e-017 0.000000000e+000 0.000000000e+000 0.000000000e+000 3.000000000e+002 
d 0.000000000e+000 0.000000000e+000 -1.671663329e-002 5.000000000e-001 5.000000000e-001 1.671663383e-002 -1.000000000e+000 -1.000000000e+000 -2.777470532e-017 0.000000000e+000 0.000000000e+000 0.000000000e+000 3.014801254e+002 
d 0.000000000e+000 0.000000000e+000 -2.995825219e-002 1.000000000e+000 1.000000000e+000 2.995825219e-002 -1.000000000e+000 -1.000000000e+000 -4.680927785e-017 0.000000000e+000 0.000000000e+000 0.000000000e+000 3.053268652e+002 
d 0.000000000e+000 0.000000000e+000 -3.977136804e-002 1.500000000e+000 1.500000000e+000 3.977136804e-002 -1.000000000e+000 -1.000000000e+000 -9.977195310e-017 0.000000000e+000 0.000000000e+000 0.000000000e+000 3.107033915e+002 
d 0.000000000e+000 0.000000000e+000 -4.651588879e-002 2.000000000e+000 2.000000000e+000 4.651588872e-002 -1.000000000e+000 -1.000000000e+000 -2.358142364e-016 0.000000000e+000 0.000000000e+000 0.000000000e+000 3.168730560e+002 
d 0.000000000e+000 0.000000000e+000 -4.892418339e-002 2.250000000e+000 2.250000000e+000 4.892418339e-002 -1.000000000e+000 -1.000000000e+000 -3.647867581e-016 0.000000000e+000 0.000000000e+000 0.000000000e+000 3.200760063e+002 
d 0.000000000e+000 0.000000000e+000 -5.078685527e-002 2.500000000e+000 2.500000000e+000 5.078660513e-002 -1.000000000e+000 -1.000000000e+000 -5.617174469e-016 0.000000000e+000 0.000000000e+000 0.000000000e+000 3.232916620e+002 
d 0.000000000e+000 0.000000000e+000 -5.315368316e-002 3.000000000e+000 3.000000000e+000 5.315365386e-002 -1.000000000e+000 -1.000000000e+000 -1.282433522e-015 0.000000000e+000 0.000000000e+000 0.000000000e+000 3.296108949e+002 
d 0.000000000e+000 0.000000000e+000 -5.414097207e-002 3.500000000e+000 3.500000000e+000 5.414659092e-002 -1.000000000e+000 -1.000000000e+000 -2.727488614e-015 0.000000000e+000 0.000000000e+000 0.000000000e+000 3.356784344e+002 
d 0.000000000e+000 0.000000000e+000 -5.422562287e-002 4.000000000e+000 4.000000000e+000 5.422144033e-002 -1.000000000e+000 -1.000000000e+000 -5.380882067e-015 0.000000000e+000 0.000000000e+000 0.000000000e+000 3.413864006e+002 
d 0.000000000e+000 0.000000000e+000 -5.377204424e-002 4.500000000e+000 4.500000000e+000 5.376316787e-002 -1.000000000e+000 -1.000000000e+000 -9.928199073e-015 0.000000000e+000 0.000000000e+000 0.000000000e+000 3.467381419e+002 
d 0.000000000e+000 0.000000000e+000 -5.302572308e-002 5.000000000e+000 5.000000000e+000 5.303265898e-002 -1.000000000e+000 -1.000000000e+000 -1.732518189e-014 0.000000000e+000 0.000000000e+000 0.000000000e+000 3.517712220e+002 
d 0.000000000e+000 0.000000000e+000 -5.215963423e-002 5.500000000e+000 5.500000000e+000 5.215401182e-002 -1.000000000e+000 -1.000000000e+000 -2.895512002e-014 0.000000000e+000 0.000000000e+000 0.000000000e+000 3.565484749e+002 
d 0.000000000e+000 0.000000000e+000 -5.124975114e-002 6.000000000e+000 6.000000000e+000 5.123998811e-002 -1.000000000e+000 -1.000000000e+000 -4.672194619e-014 0.000000000e+000 0.000000000e+000 0.000000000e+000 3.611089725e+002 
d 0.000000000e+000 0.000000000e+000 -5.033420109e-002 6.500000000e+000 6.500000000e+000 5.034240937e-002 -1.000000000e+000 -1.000000000e+000 -7.319174556e-014 0.000000000e+000 0.000000000e+000 0.000000000e+000 3.654792462e+002 
d 0.000000000e+000 0.000000000e+000 -4.944935495e-002 7.000000000e+000 7.000000000e+000 4.944217511e-002 -1.000000000e+000 -1.000000000e+000 -1.119123272e-013 0.000000000e+000 0.000000000e+000 0.000000000e+000 3.696932131e+002 
d 0.000000000e+000 0.000000000e+000 -4.859187933e-002 7.500000000e+000 7.500000000e+000 4.858047916e-002 -1.000000000e+000 -1.000000000e+000 -1.673693222e-013 0.000000000e+000 0.000000000e+000 0.000000000e+000 3.737574550e+002 
d 0.000000000e+000 0.000000000e+000 -4.776155702e-002 8.000000000e+000 8.000000000e+000 4.777170696e-002 -1.000000000e+000 -1.000000000e+000 -2.453459816e-013 0.000000000e+000 0.000000000e+000 0.000000000e+000 3.776829408e+002 
d 0.000000000e+000 0.000000000e+000 -4.697998467e-002 8.500000000e+000 8.500000000e+000 4.697072471e-002 -1.000000000e+000 -1.000000000e+000 -3.538240492e-013 0.000000000e+000 0.000000000e+000 0.000000000e+000 3.816513820e+002 
d 0.000000000e+000 0.000000000e+000 -4.622246581e-002 9.000000000e+000 9.000000000e+000 4.623101890e-002 -1.000000000e+000 -1.000000000e+000 -5.017767414e-013 0.000000000e+000 0.000000000e+000 0.000000000e+000 3.855026226e+002 
d 0.000000000e+000 0.000000000e+000 -4.550370098e-002 9.500000000e+000 9.500000000e+000 4.551602508e-002 -1.000000000e+000 -1.000000000e+000 -7.016251944e-013 0.000000000e+000 0.000000000e+000 0.000000000e+000 3.892571667e+002 
d 0.000000000e+000 0.000000000e+000 -4.482677564e-002 1.000000000e+001 1.000000000e+001 4.481554754e-002 -1.000000000e+000 -1.000000000e+000 -9.688549363e-013 0.000000000e+000 0.000000000e+000 0.000000000e+000 3.929258214e+002 
d 0.000000000e+000 0.000000000e+000 -4.416620453e-002 1.050000000e+001 1.050000000e+001 4.417640945e-002 -1.000000000e+000 -1.000000000e+000 -1.320046776e-012 0.000000000e+000 0.000000000e+000 0.000000000e+000 3.964934990e+002 
d 0.000000000e+000 0.000000000e+000 -4.354116319e-002 1.100000000e+001 1.100000000e+001 4.355465717e-002 -1.000000000e+000 -1.000000000e+000 -1.779340008e-012 0.000000000e+000 0.000000000e+000 0.000000000e+000 3.999858613e+002 
d 0.000000000e+000 0.000000000e+000 -4.295431154e-002 1.150000000e+001 1.150000000e+001 4.294214819e-002 -1.000000000e+000 -1.000000000e+000 -2.375712370e-012 0.000000000e+000 0.000000000e+000 0.000000000e+000 4.034136901e+002 
d 0.000000000e+000 0.000000000e+000 -4.237716189e-002 1.200000000e+001 1.200000000e+001 4.238825522e-002 -1.000000000e+000 -1.000000000e+000 -3.139088884e-012 0.000000000e+000 0.000000000e+000 0.000000000e+000 4.067583355e+002 
d 0.000000000e+000 0.000000000e+000 -4.184126687e-002 1.250000000e+001 1.250000000e+001 4.183094421e-002 -1.000000000e+000 -1.000000000e+000 -4.117428455e-012 0.000000000e+000 0.000000000e+000 0.000000000e+000 4.100530891e+002 
d 0.000000000e+000 0.000000000e+000 -4.132247975e-002 1.300000000e+001 1.300000000e+001 4.130927049e-002 -1.000000000e+000 -1.000000000e+000 -5.354577222e-012 0.000000000e+000 0.000000000e+000 0.000000000e+000 4.132825303e+002 
d 0.000000000e+000 0.000000000e+000 -4.081423529e-002 1.350000000e+001 1.350000000e+001 4.082694605e-002 -1.000000000e+000 -1.000000000e+000 -6.905082595e-012 0.000000000e+000 0.000000000e+000 0.000000000e+000 4.164514549e+002 
d 0.000000000e+000 0.000000000e+000 -4.034673542e-002 1.400000000e+001 1.400000000e+001 4.033378091e-002 -1.000000000e+000 -1.000000000e+000 -8.859007899e-012 0.000000000e+000 0.000000000e+000 0.000000000e+000 4.195871770e+002 
d 0.000000000e+000 0.000000000e+000 -3.987742093e-002 1.450000000e+001 1.450000000e+001 3.989120469e-002 -1.000000000e+000 -1.000000000e+000 -1.127893673e-011 0.000000000e+000 0.000000000e+000 0.000000000e+000 4.226543063e+002 
d 0.000000000e+000 0.000000000e+000 -3.965504897e-002 1.475000000e+001 1.475000000e+001 3.966831233e-002 -1.000000000e+000 -1.000000000e+000 -1.270819790e-011 0.000000000e+000 0.000000000e+000 0.000000000e+000 4.241826255e+002 
d 0.000000000e+000 0.000000000e+000 -3.944533624e-002 1.500000000e+001 1.500000000e+001 3.943338828e-002 -1.000000000e+000 -1.000000000e+000 -1.431401404e-011 0.000000000e+000 0.000000000e+000 0.000000000e+000 4.257126260e+002 
