v ATLAS
# This file was created by ATLAS version 5.22.1.R on Thu Dec 26 05:58:37 2019.
#SSF 2.0 generic
##############################################################################
#                    Copyright (c) 1984 - 2015                               #
#                    Silvaco Inc. All rights reserved                        #
#                                                                            #
# This file format and the following Key are copyright Silvaco Inc.          #
# You may not use, this format or key without reproducing this message in    #
# full and obtaining express written permission from Silvaco Inc.            #
#                                                                            #
# To obtain such permission please contact: Silvaco Inc.                     #
#                                           support@silvaco.com              #
#                                                                            #
# KEY=SVC86hn7562asdx                       PROD=345                         #
##############################################################################
y 3 700 711 15
z 1 0.00981003 300
f 4 "source" "drain" "gate" "substrate" 
p 13 2 601 20 3 602 21 4 603 22 5 604 23 82 
d 0.000000000e+000 0.000000000e+000 -5.893491306e-006 1.000000000e-001 1.000000000e-001 5.893317806e-006 -5.210530000e+000 -5.210530000e+000 -1.810568782e-017 0.000000000e+000 0.000000000e+000 0.000000000e+000 3.000005882e+002 
d 0.000000000e+000 0.000000000e+000 -1.066236424e-005 2.000000000e-001 2.000000000e-001 1.066236424e-005 -5.210530000e+000 -5.210530000e+000 -1.811106739e-017 0.000000000e+000 0.000000000e+000 0.000000000e+000 3.000019927e+002 
d 0.000000000e+000 0.000000000e+000 -1.610168281e-005 3.000000000e-001 3.000000000e-001 1.610167948e-005 -5.210530000e+000 -5.210530000e+000 -1.821961576e-017 0.000000000e+000 0.000000000e+000 0.000000000e+000 3.000044150e+002 
d 0.000000000e+000 0.000000000e+000 -2.235910103e-005 4.000000000e-001 4.000000000e-001 2.235910103e-005 -5.210530000e+000 -5.210530000e+000 -1.831148409e-017 0.000000000e+000 0.000000000e+000 0.000000000e+000 3.000080810e+002 
d 0.000000000e+000 0.000000000e+000 -2.940433343e-005 5.000000000e-001 5.000000000e-001 2.940433343e-005 -5.210530000e+000 -5.210530000e+000 -1.814221941e-017 0.000000000e+000 0.000000000e+000 0.000000000e+000 3.000131892e+002 
d 0.000000000e+000 0.000000000e+000 -3.720253249e-005 6.000000000e-001 6.000000000e-001 3.720253249e-005 -5.210530000e+000 -5.210530000e+000 -1.816138598e-017 0.000000000e+000 0.000000000e+000 0.000000000e+000 3.000199252e+002 
d 0.000000000e+000 0.000000000e+000 -4.572049436e-005 7.000000000e-001 7.000000000e-001 4.571966925e-005 -5.210530000e+000 -5.210530000e+000 -1.818566181e-017 0.000000000e+000 0.000000000e+000 0.000000000e+000 3.000284632e+002 
d 0.000000000e+000 0.000000000e+000 -5.492835756e-005 8.000000000e-001 8.000000000e-001 5.492733552e-005 -5.210530000e+000 -5.210530000e+000 -1.822067472e-017 0.000000000e+000 0.000000000e+000 0.000000000e+000 3.000389693e+002 
d 0.000000000e+000 0.000000000e+000 -6.479665078e-005 9.000000000e-001 9.000000000e-001 6.479665078e-005 -5.210530000e+000 -5.210530000e+000 -2.141424279e-017 0.000000000e+000 0.000000000e+000 0.000000000e+000 3.000515996e+002 
d 0.000000000e+000 0.000000000e+000 -7.529829630e-005 1.000000000e+000 1.000000000e+000 7.529829630e-005 -5.210530000e+000 -5.210530000e+000 -1.834884295e-017 0.000000000e+000 0.000000000e+000 0.000000000e+000 3.000665019e+002 
d 0.000000000e+000 0.000000000e+000 -8.927795639e-005 1.125000000e+000 1.125000000e+000 8.927795639e-005 -5.210530000e+000 -5.210530000e+000 -1.869727507e-017 0.000000000e+000 0.000000000e+000 0.000000000e+000 3.000885384e+002 
d 0.000000000e+000 0.000000000e+000 -9.660988184e-005 1.187500000e+000 1.187500000e+000 9.660988184e-005 -5.210530000e+000 -5.210530000e+000 -1.964658291e-016 0.000000000e+000 0.000000000e+000 0.000000000e+000 3.001010520e+002 
d 0.000000000e+000 0.000000000e+000 -1.041637308e-004 1.250000000e+000 1.250000000e+000 1.041637308e-004 -5.210530000e+000 -5.210530000e+000 -2.155864678e-017 0.000000000e+000 0.000000000e+000 0.000000000e+000 3.001146053e+002 
d 0.000000000e+000 0.000000000e+000 -1.199206548e-004 1.375000000e+000 1.375000000e+000 1.199206548e-004 -5.210530000e+000 -5.210530000e+000 -1.851803837e-017 0.000000000e+000 0.000000000e+000 0.000000000e+000 3.001449564e+002 
d 0.000000000e+000 0.000000000e+000 -1.365207971e-004 1.500000000e+000 1.500000000e+000 1.365207971e-004 -5.210530000e+000 -5.210530000e+000 -1.861857602e-017 0.000000000e+000 0.000000000e+000 0.000000000e+000 3.001798397e+002 
d 0.000000000e+000 0.000000000e+000 -1.539396160e-004 1.625000000e+000 1.625000000e+000 1.539396160e-004 -5.210530000e+000 -5.210530000e+000 -1.873346168e-017 0.000000000e+000 0.000000000e+000 0.000000000e+000 3.002194960e+002 
d 0.000000000e+000 0.000000000e+000 -1.721596152e-004 1.750000000e+000 1.750000000e+000 1.721495477e-004 -5.210530000e+000 -5.210530000e+000 -1.886369984e-017 0.000000000e+000 0.000000000e+000 0.000000000e+000 3.002641650e+002 
d 0.000000000e+000 0.000000000e+000 -1.911556376e-004 1.875000000e+000 1.875000000e+000 1.911556484e-004 -5.210530000e+000 -5.210530000e+000 -6.128194890e-017 0.000000000e+000 0.000000000e+000 0.000000000e+000 3.003140841e+002 
d 0.000000000e+000 0.000000000e+000 -2.109153250e-004 2.000000000e+000 2.000000000e+000 2.109153250e-004 -5.210530000e+000 -5.210530000e+000 -2.980171537e-015 0.000000000e+000 0.000000000e+000 0.000000000e+000 3.003694758e+002 
d 0.000000000e+000 0.000000000e+000 -2.314169301e-004 2.125000000e+000 2.125000000e+000 2.314169301e-004 -5.210530000e+000 -5.210530000e+000 -1.935621395e-017 0.000000000e+000 0.000000000e+000 0.000000000e+000 3.004305586e+002 
d 0.000000000e+000 0.000000000e+000 -2.526362919e-004 2.250000000e+000 2.250000000e+000 2.526363252e-004 -5.210530000e+000 -5.210530000e+000 -1.955785981e-017 0.000000000e+000 0.000000000e+000 0.000000000e+000 3.004975255e+002 
d 0.000000000e+000 0.000000000e+000 -2.971426019e-004 2.500000000e+000 2.500000000e+000 2.971430257e-004 -5.210530000e+000 -5.210530000e+000 -2.002411517e-017 0.000000000e+000 0.000000000e+000 0.000000000e+000 3.006498665e+002 
d 0.000000000e+000 0.000000000e+000 -3.934474937e-004 3.000000000e+000 3.000000000e+000 3.934474938e-004 -5.210530000e+000 -5.210530000e+000 -1.345501385e-016 0.000000000e+000 0.000000000e+000 0.000000000e+000 3.010320251e+002 
d 0.000000000e+000 0.000000000e+000 -4.980329392e-004 3.500000000e+000 3.500000000e+000 4.980329392e-004 -5.210530000e+000 -5.210530000e+000 -2.564090193e-017 0.000000000e+000 0.000000000e+000 0.000000000e+000 3.015240052e+002 
d 0.000000000e+000 0.000000000e+000 -6.102298431e-004 4.000000000e+000 4.000000000e+000 6.102298431e-004 -5.210530000e+000 -5.210530000e+000 -2.516506462e-017 0.000000000e+000 0.000000000e+000 0.000000000e+000 3.021347807e+002 
d 0.000000000e+000 0.000000000e+000 -8.542501164e-004 5.000000000e+000 5.000000000e+000 8.542512036e-004 -5.210530000e+000 -5.210530000e+000 -3.215122408e-017 0.000000000e+000 0.000000000e+000 0.000000000e+000 3.037414860e+002 
d 0.000000000e+000 0.000000000e+000 -1.116904136e-003 6.000000000e+000 6.000000000e+000 1.116914837e-003 -5.210530000e+000 -5.210530000e+000 -4.442538685e-017 0.000000000e+000 0.000000000e+000 0.000000000e+000 3.058860187e+002 
d 0.000000000e+000 0.000000000e+000 -1.390626281e-003 7.000000000e+000 7.000000000e+000 1.390696090e-003 -5.210530000e+000 -5.210530000e+000 -6.631457835e-017 0.000000000e+000 0.000000000e+000 0.000000000e+000 3.085814587e+002 
d 0.000000000e+000 0.000000000e+000 -1.668893850e-003 8.000000000e+000 8.000000000e+000 1.668852145e-003 -5.210530000e+000 -5.210530000e+000 -1.064648564e-016 0.000000000e+000 0.000000000e+000 0.000000000e+000 3.118234944e+002 
d 0.000000000e+000 0.000000000e+000 -1.944477524e-003 9.000000000e+000 9.000000000e+000 1.944512491e-003 -5.210530000e+000 -5.210530000e+000 -1.822453828e-016 0.000000000e+000 0.000000000e+000 0.000000000e+000 3.155815749e+002 
d 0.000000000e+000 0.000000000e+000 -2.210523017e-003 1.000000000e+001 1.000000000e+001 2.210699654e-003 -5.210530000e+000 -5.210530000e+000 -3.286625331e-016 0.000000000e+000 0.000000000e+000 0.000000000e+000 3.198013754e+002 
d 0.000000000e+000 0.000000000e+000 -2.700368292e-003 1.200000000e+001 1.200000000e+001 2.700196741e-003 -5.210530000e+000 -5.210530000e+000 -1.197045409e-015 0.000000000e+000 0.000000000e+000 0.000000000e+000 3.294255830e+002 
d 0.000000000e+000 0.000000000e+000 -3.128821225e-003 1.400000000e+001 1.400000000e+001 3.128383945e-003 -5.210530000e+000 -5.210530000e+000 -4.806654107e-015 0.000000000e+000 0.000000000e+000 0.000000000e+000 3.403911694e+002 
d 0.000000000e+000 0.000000000e+000 -3.492510222e-003 1.600000000e+001 1.600000000e+001 3.493128239e-003 -5.210530000e+000 -5.210530000e+000 -2.007438982e-014 0.000000000e+000 0.000000000e+000 0.000000000e+000 3.523917908e+002 
d 0.000000000e+000 0.000000000e+000 -3.797546956e-003 1.800000000e+001 1.800000000e+001 3.798238355e-003 -5.210530000e+000 -5.210530000e+000 -8.385543617e-014 0.000000000e+000 0.000000000e+000 0.000000000e+000 3.651998945e+002 
d 0.000000000e+000 0.000000000e+000 -4.048024973e-003 2.000000000e+001 2.000000000e+001 4.049065530e-003 -5.210530000e+000 -5.210530000e+000 -3.397479153e-013 0.000000000e+000 0.000000000e+000 0.000000000e+000 3.785910863e+002 
d 0.000000000e+000 0.000000000e+000 -4.182488598e-003 2.125000000e+001 2.125000000e+001 4.181458810e-003 -5.210530000e+000 -5.210530000e+000 -7.971420546e-013 0.000000000e+000 0.000000000e+000 0.000000000e+000 3.872051553e+002 
d 0.000000000e+000 0.000000000e+000 -4.241718750e-003 2.187500000e+001 2.187500000e+001 4.242718118e-003 -5.210530000e+000 -5.210530000e+000 -1.212590926e-012 0.000000000e+000 0.000000000e+000 0.000000000e+000 3.915754876e+002 
d 0.000000000e+000 0.000000000e+000 -4.300073876e-003 2.250000000e+001 2.250000000e+001 4.299092964e-003 -5.210530000e+000 -5.210530000e+000 -1.836050405e-012 0.000000000e+000 0.000000000e+000 0.000000000e+000 3.959875557e+002 
d 0.000000000e+000 0.000000000e+000 -4.327326532e-003 2.281250000e+001 2.281250000e+001 4.326249582e-003 -5.210530000e+000 -5.210530000e+000 -2.255021579e-012 0.000000000e+000 0.000000000e+000 0.000000000e+000 3.982074721e+002 
d 0.000000000e+000 0.000000000e+000 -4.353766845e-003 2.312500000e+001 2.312500000e+001 4.352565885e-003 -5.210530000e+000 -5.210530000e+000 -2.766167094e-012 0.000000000e+000 0.000000000e+000 0.000000000e+000 4.004367224e+002 
d 0.000000000e+000 0.000000000e+000 -4.377769972e-003 2.343750000e+001 2.343750000e+001 4.378690947e-003 -5.210530000e+000 -5.210530000e+000 -3.388544051e-012 0.000000000e+000 0.000000000e+000 0.000000000e+000 4.026738273e+002 
d 0.000000000e+000 0.000000000e+000 -4.402474304e-003 2.375000000e+001 2.375000000e+001 4.403457395e-003 -5.210530000e+000 -5.210530000e+000 -4.146193487e-012 0.000000000e+000 0.000000000e+000 0.000000000e+000 4.049211015e+002 
d 0.000000000e+000 0.000000000e+000 -4.426437735e-003 2.406250000e+001 2.406250000e+001 4.427460065e-003 -5.210530000e+000 -5.210530000e+000 -5.066879436e-012 0.000000000e+000 0.000000000e+000 0.000000000e+000 4.071772559e+002 
d 0.000000000e+000 0.000000000e+000 -4.449686954e-003 2.437500000e+001 2.437500000e+001 4.450722759e-003 -5.210530000e+000 -5.210530000e+000 -6.184227128e-012 0.000000000e+000 0.000000000e+000 0.000000000e+000 4.094421714e+002 
d 0.000000000e+000 0.000000000e+000 -4.472247032e-003 2.468750000e+001 2.468750000e+001 4.473268961e-003 -5.210530000e+000 -5.210530000e+000 -7.538484435e-012 0.000000000e+000 0.000000000e+000 0.000000000e+000 4.117157406e+002 
d 0.000000000e+000 0.000000000e+000 -4.494140753e-003 2.500000000e+001 2.500000000e+001 4.495121992e-003 -5.210530000e+000 -5.210530000e+000 -9.177763152e-012 0.000000000e+000 0.000000000e+000 0.000000000e+000 4.139978670e+002 
d 0.000000000e+000 0.000000000e+000 -4.515388643e-003 2.531250000e+001 2.531250000e+001 4.516305113e-003 -5.210530000e+000 -5.210530000e+000 -1.115950117e-011 0.000000000e+000 0.000000000e+000 0.000000000e+000 4.162884642e+002 
d 0.000000000e+000 0.000000000e+000 -4.537552075e-003 2.562500000e+001 2.562500000e+001 4.536370234e-003 -5.210530000e+000 -5.210530000e+000 -1.355367690e-011 0.000000000e+000 0.000000000e+000 0.000000000e+000 4.185887708e+002 
d 0.000000000e+000 0.000000000e+000 -4.576651333e-003 2.625000000e+001 2.625000000e+001 4.575712074e-003 -5.210530000e+000 -5.210530000e+000 -1.991373651e-011 0.000000000e+000 0.000000000e+000 0.000000000e+000 4.232114081e+002 
d 0.000000000e+000 0.000000000e+000 -4.648268304e-003 2.750000000e+001 2.750000000e+001 4.647465064e-003 -5.210530000e+000 -5.210530000e+000 -4.235786078e-011 0.000000000e+000 0.000000000e+000 0.000000000e+000 4.325552172e+002 
d 0.000000000e+000 0.000000000e+000 -4.768295730e-003 3.000000000e+001 3.000000000e+001 4.767373555e-003 -5.210530000e+000 -5.210530000e+000 -1.809943281e-010 0.000000000e+000 0.000000000e+000 0.000000000e+000 4.516325289e+002 
d 0.000000000e+000 0.000000000e+000 -4.930462868e-003 3.500000000e+001 3.500000000e+001 4.930221924e-003 -5.210530000e+000 -5.210530000e+000 -2.620288142e-009 0.000000000e+000 0.000000000e+000 0.000000000e+000 4.910298207e+002 
d 0.000000000e+000 0.000000000e+000 -4.997865176e-003 4.000000000e+001 4.000000000e+001 4.998165892e-003 -5.210530000e+000 -5.210530000e+000 -2.652902350e-008 0.000000000e+000 0.000000000e+000 0.000000000e+000 5.305299286e+002 
d 0.000000000e+000 0.000000000e+000 -5.042416919e-003 4.500000000e+001 4.500000000e+001 5.040773260e-003 -5.210530000e+000 -5.210530000e+000 -2.252016566e-007 0.000000000e+000 0.000000000e+000 0.000000000e+000 5.724153141e+002 
d 0.000000000e+000 0.000000000e+000 -5.074712201e-003 5.000000000e+001 5.000000000e+001 5.072171378e-003 -5.210530000e+000 -5.210530000e+000 -1.665465049e-006 0.000000000e+000 0.000000000e+000 0.000000000e+000 6.172620048e+002 
d 0.000000000e+000 0.000000000e+000 -5.089632577e-003 5.250000000e+001 5.250000000e+001 5.087575543e-003 -5.210530000e+000 -5.210530000e+000 -4.347677024e-006 0.000000000e+000 0.000000000e+000 0.000000000e+000 6.410345856e+002 
d 0.000000000e+000 0.000000000e+000 -5.092842483e-003 5.375000000e+001 5.375000000e+001 5.094578299e-003 -5.210530000e+000 -5.210530000e+000 -6.989191650e-006 0.000000000e+000 0.000000000e+000 0.000000000e+000 6.533994593e+002 
d 0.000000000e+000 0.000000000e+000 -5.093495686e-003 5.437500000e+001 5.437500000e+001 5.097996553e-003 -5.210530000e+000 -5.210530000e+000 -8.855499703e-006 0.000000000e+000 0.000000000e+000 0.000000000e+000 6.597214026e+002 
d 0.000000000e+000 0.000000000e+000 -5.094407373e-003 5.500000000e+001 5.500000000e+001 5.101765688e-003 -5.210530000e+000 -5.210530000e+000 -1.120989963e-005 0.000000000e+000 0.000000000e+000 0.000000000e+000 6.661265561e+002 
d 0.000000000e+000 0.000000000e+000 -5.095149532e-003 5.562500000e+001 5.562500000e+001 5.105809171e-003 -5.210530000e+000 -5.210530000e+000 -1.418271191e-005 0.000000000e+000 0.000000000e+000 0.000000000e+000 6.726267568e+002 
d 0.000000000e+000 0.000000000e+000 -5.095016871e-003 5.593750000e+001 5.593750000e+001 5.107782060e-003 -5.210530000e+000 -5.210530000e+000 -1.595620220e-005 0.000000000e+000 0.000000000e+000 0.000000000e+000 6.759244549e+002 
d 0.000000000e+000 0.000000000e+000 -5.095007233e-003 5.625000000e+001 5.625000000e+001 5.109927093e-003 -5.210530000e+000 -5.210530000e+000 -1.794710864e-005 0.000000000e+000 0.000000000e+000 0.000000000e+000 6.792437581e+002 
d 0.000000000e+000 0.000000000e+000 -5.094871756e-003 5.656250000e+001 5.656250000e+001 5.112159471e-003 -5.210530000e+000 -5.210530000e+000 -2.018618747e-005 0.000000000e+000 0.000000000e+000 0.000000000e+000 6.825913408e+002 
d 0.000000000e+000 0.000000000e+000 -5.094575102e-003 5.687500000e+001 5.687500000e+001 5.114484151e-003 -5.210530000e+000 -5.210530000e+000 -2.270566949e-005 0.000000000e+000 0.000000000e+000 0.000000000e+000 6.859692099e+002 
d 0.000000000e+000 0.000000000e+000 -5.094534473e-003 5.703125000e+001 5.703125000e+001 5.115761626e-003 -5.210530000e+000 -5.210530000e+000 -2.407765920e-005 0.000000000e+000 0.000000000e+000 0.000000000e+000 6.876651750e+002 
d 0.000000000e+000 0.000000000e+000 -5.093911228e-003 5.718750000e+001 5.718750000e+001 5.116836876e-003 -5.210530000e+000 -5.210530000e+000 -2.554745161e-005 0.000000000e+000 0.000000000e+000 0.000000000e+000 6.893852447e+002 
d 0.000000000e+000 0.000000000e+000 -5.093786196e-003 5.734375000e+001 5.734375000e+001 5.118183044e-003 -5.210530000e+000 -5.210530000e+000 -2.709308954e-005 0.000000000e+000 0.000000000e+000 0.000000000e+000 6.910980903e+002 
d 0.000000000e+000 0.000000000e+000 -5.093646316e-003 5.750000000e+001 5.750000000e+001 5.119582398e-003 -5.210530000e+000 -5.210530000e+000 -2.873263917e-005 0.000000000e+000 0.000000000e+000 0.000000000e+000 6.928188028e+002 
d 0.000000000e+000 0.000000000e+000 -5.092873886e-003 5.765625000e+001 5.765625000e+001 5.120766930e-003 -5.210530000e+000 -5.210530000e+000 -3.049247578e-005 0.000000000e+000 0.000000000e+000 0.000000000e+000 6.945671476e+002 
d 0.000000000e+000 0.000000000e+000 -5.092549003e-003 5.781250000e+001 5.781250000e+001 5.122217005e-003 -5.210530000e+000 -5.210530000e+000 -3.234522642e-005 0.000000000e+000 0.000000000e+000 0.000000000e+000 6.963097966e+002 
d 0.000000000e+000 0.000000000e+000 -5.091661818e-003 5.796875000e+001 5.796875000e+001 5.123491287e-003 -5.210530000e+000 -5.210530000e+000 -3.433307430e-005 0.000000000e+000 0.000000000e+000 0.000000000e+000 6.980793914e+002 
d 0.000000000e+000 0.000000000e+000 -5.091180728e-003 5.812500000e+001 5.812500000e+001 5.125025214e-003 -5.210530000e+000 -5.210530000e+000 -3.642807483e-005 0.000000000e+000 0.000000000e+000 0.000000000e+000 6.998447282e+002 
d 0.000000000e+000 0.000000000e+000 -5.090158819e-003 5.828125000e+001 5.828125000e+001 5.126403223e-003 -5.210530000e+000 -5.210530000e+000 -3.867694862e-005 0.000000000e+000 0.000000000e+000 0.000000000e+000 7.016378627e+002 
d 0.000000000e+000 0.000000000e+000 -5.089501836e-003 5.843750000e+001 5.843750000e+001 5.128036286e-003 -5.210530000e+000 -5.210530000e+000 -4.104985531e-005 0.000000000e+000 0.000000000e+000 0.000000000e+000 7.034283405e+002 
d 0.000000000e+000 0.000000000e+000 -5.088318152e-003 5.859375000e+001 5.859375000e+001 5.129532519e-003 -5.210530000e+000 -5.210530000e+000 -4.359886747e-005 0.000000000e+000 0.000000000e+000 0.000000000e+000 7.052477949e+002 
d 0.000000000e+000 0.000000000e+000 -5.087461171e-003 5.875000000e+001 5.875000000e+001 5.131282174e-003 -5.210530000e+000 -5.210530000e+000 -4.629192126e-005 0.000000000e+000 0.000000000e+000 0.000000000e+000 7.070662857e+002 
d 0.000000000e+000 0.000000000e+000 -5.086807236e-003 5.882812500e+001 5.882812500e+001 5.132098505e-003 -5.210530000e+000 -5.210530000e+000 -4.771508773e-005 0.000000000e+000 0.000000000e+000 0.000000000e+000 7.079880186e+002 
d 0.000000000e+000 0.000000000e+000 -5.086270114e-003 5.890625000e+001 5.890625000e+001 5.132997227e-003 -5.210530000e+000 -5.210530000e+000 -4.917618264e-005 0.000000000e+000 0.000000000e+000 0.000000000e+000 7.089082893e+002 
d 0.000000000e+000 0.000000000e+000 -5.085728740e-003 5.898437500e+001 5.898437500e+001 5.133925147e-003 -5.210530000e+000 -5.210530000e+000 -5.068361820e-005 0.000000000e+000 0.000000000e+000 0.000000000e+000 7.098316187e+002 
d 0.000000000e+000 0.000000000e+000 -5.084725053e-003 5.906250000e+001 5.906250000e+001 5.134677953e-003 -5.210530000e+000 -5.210530000e+000 -5.226949440e-005 0.000000000e+000 0.000000000e+000 0.000000000e+000 7.107757704e+002 
d 0.000000000e+000 0.000000000e+000 -5.084048818e-003 5.914062500e+001 5.914062500e+001 5.135611391e-003 -5.210530000e+000 -5.210530000e+000 -5.388438496e-005 0.000000000e+000 0.000000000e+000 0.000000000e+000 7.117105090e+002 
d 0.000000000e+000 0.000000000e+000 -5.083400067e-003 5.921875000e+001 5.921875000e+001 5.136592117e-003 -5.210530000e+000 -5.210530000e+000 -5.554899042e-005 0.000000000e+000 0.000000000e+000 0.000000000e+000 7.126473132e+002 
d 0.000000000e+000 0.000000000e+000 -5.082728254e-003 5.929687500e+001 5.929687500e+001 5.137598842e-003 -5.210530000e+000 -5.210530000e+000 -5.726863536e-005 0.000000000e+000 0.000000000e+000 0.000000000e+000 7.135882165e+002 
d 0.000000000e+000 0.000000000e+000 -5.081615830e-003 5.937500000e+001 5.937500000e+001 5.138446425e-003 -5.210530000e+000 -5.210530000e+000 -5.907798982e-005 0.000000000e+000 0.000000000e+000 0.000000000e+000 7.145502145e+002 
d 0.000000000e+000 0.000000000e+000 -5.080799988e-003 5.945312500e+001 5.945312500e+001 5.139466177e-003 -5.210530000e+000 -5.210530000e+000 -6.092320267e-005 0.000000000e+000 0.000000000e+000 0.000000000e+000 7.155037664e+002 
d 0.000000000e+000 0.000000000e+000 -5.080002571e-003 5.953125000e+001 5.953125000e+001 5.140535161e-003 -5.210530000e+000 -5.210530000e+000 -6.282702204e-005 0.000000000e+000 0.000000000e+000 0.000000000e+000 7.164600369e+002 
d 0.000000000e+000 0.000000000e+000 -5.079175814e-003 5.960937500e+001 5.960937500e+001 5.141633729e-003 -5.210530000e+000 -5.210530000e+000 -6.479558214e-005 0.000000000e+000 0.000000000e+000 0.000000000e+000 7.174210568e+002 
d 0.000000000e+000 0.000000000e+000 -5.078309997e-003 5.968750000e+001 5.968750000e+001 5.142759344e-003 -5.210530000e+000 -5.210530000e+000 -6.683228150e-005 0.000000000e+000 0.000000000e+000 0.000000000e+000 7.183873360e+002 
d 0.000000000e+000 0.000000000e+000 -5.077013797e-003 5.976562500e+001 5.976562500e+001 5.143740895e-003 -5.210530000e+000 -5.210530000e+000 -6.897727407e-005 0.000000000e+000 0.000000000e+000 0.000000000e+000 7.193758054e+002 
d 0.000000000e+000 0.000000000e+000 -5.075985989e-003 5.984375000e+001 5.984375000e+001 5.144889946e-003 -5.210530000e+000 -5.210530000e+000 -7.116847607e-005 0.000000000e+000 0.000000000e+000 0.000000000e+000 7.203567971e+002 
d 0.000000000e+000 0.000000000e+000 -5.074967035e-003 5.992187500e+001 5.992187500e+001 5.146093379e-003 -5.210530000e+000 -5.210530000e+000 -7.343219007e-005 0.000000000e+000 0.000000000e+000 0.000000000e+000 7.213413807e+002 
d 0.000000000e+000 0.000000000e+000 -5.073909838e-003 6.000000000e+001 6.000000000e+001 5.147332591e-003 -5.210530000e+000 -5.210530000e+000 -7.577607296e-005 0.000000000e+000 0.000000000e+000 0.000000000e+000 7.223317031e+002 
d 0.000000000e+000 0.000000000e+000 -5.072434222e-003 6.007812500e+001 6.007812500e+001 5.148444248e-003 -5.210530000e+000 -5.210530000e+000 -7.824629122e-005 0.000000000e+000 0.000000000e+000 0.000000000e+000 7.233450374e+002 
d 0.000000000e+000 0.000000000e+000 -5.071201270e-003 6.015625000e+001 6.015625000e+001 5.149719832e-003 -5.210530000e+000 -5.210530000e+000 -8.077405588e-005 0.000000000e+000 0.000000000e+000 0.000000000e+000 7.243519598e+002 
d 0.000000000e+000 0.000000000e+000 -5.069966663e-003 6.023437500e+001 6.023437500e+001 5.151054851e-003 -5.210530000e+000 -5.210530000e+000 -8.338897420e-005 0.000000000e+000 0.000000000e+000 0.000000000e+000 7.253634309e+002 
d 0.000000000e+000 0.000000000e+000 -5.068332866e-003 6.031250000e+001 6.031250000e+001 5.152281199e-003 -5.210530000e+000 -5.210530000e+000 -8.614518619e-005 0.000000000e+000 0.000000000e+000 0.000000000e+000 7.263981363e+002 
d 0.000000000e+000 0.000000000e+000 -5.066919306e-003 6.039062500e+001 6.039062500e+001 5.153668814e-003 -5.210530000e+000 -5.210530000e+000 -8.897008372e-005 0.000000000e+000 0.000000000e+000 0.000000000e+000 7.274274901e+002 
d 0.000000000e+000 0.000000000e+000 -5.065493522e-003 6.046875000e+001 6.046875000e+001 5.155120288e-003 -5.210530000e+000 -5.210530000e+000 -9.189607797e-005 0.000000000e+000 0.000000000e+000 0.000000000e+000 7.284623430e+002 
d 0.000000000e+000 0.000000000e+000 -5.064010486e-003 6.054687500e+001 6.054687500e+001 5.156619722e-003 -5.210530000e+000 -5.210530000e+000 -9.493379724e-005 0.000000000e+000 0.000000000e+000 0.000000000e+000 7.295049883e+002 
d 0.000000000e+000 0.000000000e+000 -5.062117489e-003 6.062500000e+001 6.062500000e+001 5.158023486e-003 -5.210530000e+000 -5.210530000e+000 -9.814187824e-005 0.000000000e+000 0.000000000e+000 0.000000000e+000 7.305729880e+002 
d 0.000000000e+000 0.000000000e+000 -5.060417814e-003 6.070312500e+001 6.070312500e+001 5.159588872e-003 -5.210530000e+000 -5.210530000e+000 -1.014372688e-004 0.000000000e+000 0.000000000e+000 0.000000000e+000 7.316371154e+002 
d 0.000000000e+000 0.000000000e+000 -5.058691441e-003 6.078125000e+001 6.078125000e+001 5.161227126e-003 -5.210530000e+000 -5.210530000e+000 -1.048571481e-004 0.000000000e+000 0.000000000e+000 0.000000000e+000 7.327082163e+002 
d 0.000000000e+000 0.000000000e+000 -5.057447808e-003 6.082031250e+001 6.082031250e+001 5.161923665e-003 -5.210530000e+000 -5.210530000e+000 -1.066781723e-004 0.000000000e+000 0.000000000e+000 0.000000000e+000 7.332652820e+002 
d 0.000000000e+000 0.000000000e+000 -5.056726686e-003 6.085937500e+001 6.085937500e+001 5.162856315e-003 -5.210530000e+000 -5.210530000e+000 -1.084436055e-004 0.000000000e+000 0.000000000e+000 0.000000000e+000 7.337972846e+002 
d 0.000000000e+000 0.000000000e+000 -5.055523421e-003 6.089843750e+001 6.089843750e+001 5.163616586e-003 -5.210530000e+000 -5.210530000e+000 -1.103258980e-004 0.000000000e+000 0.000000000e+000 0.000000000e+000 7.343555232e+002 
d 0.000000000e+000 0.000000000e+000 -5.054462340e-003 6.093750000e+001 6.093750000e+001 5.164458889e-003 -5.210530000e+000 -5.210530000e+000 -1.122184690e-004 0.000000000e+000 0.000000000e+000 0.000000000e+000 7.349080915e+002 
d 0.000000000e+000 0.000000000e+000 -5.053432535e-003 6.097656250e+001 6.097656250e+001 5.165338539e-003 -5.210530000e+000 -5.210530000e+000 -1.141408709e-004 0.000000000e+000 0.000000000e+000 0.000000000e+000 7.354606533e+002 
d 0.000000000e+000 0.000000000e+000 -5.052396920e-003 6.101562500e+001 6.101562500e+001 5.166241165e-003 -5.210530000e+000 -5.210530000e+000 -1.161004844e-004 0.000000000e+000 0.000000000e+000 0.000000000e+000 7.360151426e+002 
d 0.000000000e+000 0.000000000e+000 -5.051342521e-003 6.105468750e+001 6.105468750e+001 5.167162270e-003 -5.210530000e+000 -5.210530000e+000 -1.181006592e-004 0.000000000e+000 0.000000000e+000 0.000000000e+000 7.365722677e+002 
d 0.000000000e+000 0.000000000e+000 -5.050264422e-003 6.109375000e+001 6.109375000e+001 5.168100663e-003 -5.210530000e+000 -5.210530000e+000 -1.201434002e-004 0.000000000e+000 0.000000000e+000 0.000000000e+000 7.371323263e+002 
d 0.000000000e+000 0.000000000e+000 -5.048850250e-003 6.113281250e+001 6.113281250e+001 5.168935674e-003 -5.210530000e+000 -5.210530000e+000 -1.222931440e-004 0.000000000e+000 0.000000000e+000 0.000000000e+000 7.377121452e+002 
d 0.000000000e+000 0.000000000e+000 -5.047916063e-003 6.117187500e+001 6.117187500e+001 5.169985785e-003 -5.210530000e+000 -5.210530000e+000 -1.243862311e-004 0.000000000e+000 0.000000000e+000 0.000000000e+000 7.382679591e+002 
d 0.000000000e+000 0.000000000e+000 -5.046516317e-003 6.121093750e+001 6.121093750e+001 5.170885291e-003 -5.210530000e+000 -5.210530000e+000 -1.266173424e-004 0.000000000e+000 0.000000000e+000 0.000000000e+000 7.388507660e+002 
d 0.000000000e+000 0.000000000e+000 -5.045240508e-003 6.125000000e+001 6.125000000e+001 5.171863081e-003 -5.210530000e+000 -5.210530000e+000 -1.288662089e-004 0.000000000e+000 0.000000000e+000 0.000000000e+000 7.394287676e+002 
d 0.000000000e+000 0.000000000e+000 -5.043987095e-003 6.128906250e+001 6.128906250e+001 5.172880480e-003 -5.210530000e+000 -5.210530000e+000 -1.311545212e-004 0.000000000e+000 0.000000000e+000 0.000000000e+000 7.400074501e+002 
d 0.000000000e+000 0.000000000e+000 -5.042720831e-003 6.132812500e+001 6.132812500e+001 5.173924846e-003 -5.210530000e+000 -5.210530000e+000 -1.334909475e-004 0.000000000e+000 0.000000000e+000 0.000000000e+000 7.405887679e+002 
d 0.000000000e+000 0.000000000e+000 -5.041428781e-003 6.136718750e+001 6.136718750e+001 5.174992276e-003 -5.210530000e+000 -5.210530000e+000 -1.358797236e-004 0.000000000e+000 0.000000000e+000 0.000000000e+000 7.411734796e+002 
d 0.000000000e+000 0.000000000e+000 -5.039807529e-003 6.140625000e+001 6.140625000e+001 5.175972537e-003 -5.210530000e+000 -5.210530000e+000 -1.383947464e-004 0.000000000e+000 0.000000000e+000 0.000000000e+000 7.417787728e+002 
d 0.000000000e+000 0.000000000e+000 -5.038342434e-003 6.144531250e+001 6.144531250e+001 5.177046266e-003 -5.210530000e+000 -5.210530000e+000 -1.409241386e-004 0.000000000e+000 0.000000000e+000 0.000000000e+000 7.423774603e+002 
d 0.000000000e+000 0.000000000e+000 -5.036907577e-003 6.148437500e+001 6.148437500e+001 5.178167393e-003 -5.210530000e+000 -5.210530000e+000 -1.434979120e-004 0.000000000e+000 0.000000000e+000 0.000000000e+000 7.429765862e+002 
d 0.000000000e+000 0.000000000e+000 -5.035458868e-003 6.152343750e+001 6.152343750e+001 5.179320806e-003 -5.210530000e+000 -5.210530000e+000 -1.461280506e-004 0.000000000e+000 0.000000000e+000 0.000000000e+000 7.435786802e+002 
d 0.000000000e+000 0.000000000e+000 -5.033979997e-003 6.156250000e+001 6.156250000e+001 5.180501864e-003 -5.210530000e+000 -5.210530000e+000 -1.488203442e-004 0.000000000e+000 0.000000000e+000 0.000000000e+000 7.441847308e+002 
d 0.000000000e+000 0.000000000e+000 -5.032178043e-003 6.160156250e+001 6.160156250e+001 5.181610240e-003 -5.210530000e+000 -5.210530000e+000 -1.516556103e-004 0.000000000e+000 0.000000000e+000 0.000000000e+000 7.448119745e+002 
d 0.000000000e+000 0.000000000e+000 -5.030799499e-003 6.164062500e+001 6.164062500e+001 5.182906942e-003 -5.210530000e+000 -5.210530000e+000 -1.544354522e-004 0.000000000e+000 0.000000000e+000 0.000000000e+000 7.454167627e+002 
d 0.000000000e+000 0.000000000e+000 -5.028978718e-003 6.167968750e+001 6.167968750e+001 5.184094681e-003 -5.210530000e+000 -5.210530000e+000 -1.573977927e-004 0.000000000e+000 0.000000000e+000 0.000000000e+000 7.460500855e+002 
d 0.000000000e+000 0.000000000e+000 -5.027250031e-003 6.171875000e+001 6.171875000e+001 5.185358831e-003 -5.210530000e+000 -5.210530000e+000 -1.603983013e-004 0.000000000e+000 0.000000000e+000 0.000000000e+000 7.466808520e+002 
d 0.000000000e+000 0.000000000e+000 -5.025524151e-003 6.175781250e+001 6.175781250e+001 5.186669934e-003 -5.210530000e+000 -5.210530000e+000 -1.634631741e-004 0.000000000e+000 0.000000000e+000 0.000000000e+000 7.473141343e+002 
d 0.000000000e+000 0.000000000e+000 -5.023489822e-003 6.179687500e+001 6.179687500e+001 5.187928537e-003 -5.210530000e+000 -5.210530000e+000 -1.666891364e-004 0.000000000e+000 0.000000000e+000 0.000000000e+000 7.479688566e+002 
d 0.000000000e+000 0.000000000e+000 -5.021584022e-003 6.183593750e+001 6.183593750e+001 5.189279720e-003 -5.210530000e+000 -5.210530000e+000 -1.699481578e-004 0.000000000e+000 0.000000000e+000 0.000000000e+000 7.486186104e+002 
d 0.000000000e+000 0.000000000e+000 -5.019689826e-003 6.187500000e+001 6.187500000e+001 5.190686267e-003 -5.210530000e+000 -5.210530000e+000 -1.732766571e-004 0.000000000e+000 0.000000000e+000 0.000000000e+000 7.492704906e+002 
d 0.000000000e+000 0.000000000e+000 -5.017763915e-003 6.191406250e+001 6.191406250e+001 5.192135994e-003 -5.210530000e+000 -5.210530000e+000 -1.766904694e-004 0.000000000e+000 0.000000000e+000 0.000000000e+000 7.499272020e+002 
d 0.000000000e+000 0.000000000e+000 -5.015518721e-003 6.195312500e+001 6.195312500e+001 5.193544365e-003 -5.210530000e+000 -5.210530000e+000 -1.802899196e-004 0.000000000e+000 0.000000000e+000 0.000000000e+000 7.506069484e+002 
d 0.000000000e+000 0.000000000e+000 -5.013381450e-003 6.199218750e+001 6.199218750e+001 5.195044546e-003 -5.210530000e+000 -5.210530000e+000 -1.839368424e-004 0.000000000e+000 0.000000000e+000 0.000000000e+000 7.512830921e+002 
d 0.000000000e+000 0.000000000e+000 -5.011242388e-003 6.203125000e+001 6.203125000e+001 5.196604595e-003 -5.210530000e+000 -5.210530000e+000 -1.876698220e-004 0.000000000e+000 0.000000000e+000 0.000000000e+000 7.519625353e+002 
d 0.000000000e+000 0.000000000e+000 -5.009059912e-003 6.207031250e+001 6.207031250e+001 5.198214553e-003 -5.210530000e+000 -5.210530000e+000 -1.915065676e-004 0.000000000e+000 0.000000000e+000 0.000000000e+000 7.526480108e+002 
d 0.000000000e+000 0.000000000e+000 -5.006550922e-003 6.210937500e+001 6.210937500e+001 5.199799529e-003 -5.210530000e+000 -5.210530000e+000 -1.955579678e-004 0.000000000e+000 0.000000000e+000 0.000000000e+000 7.533581076e+002 
d 0.000000000e+000 0.000000000e+000 -5.004131002e-003 6.214843750e+001 6.214843750e+001 5.201479317e-003 -5.210530000e+000 -5.210530000e+000 -1.996752186e-004 0.000000000e+000 0.000000000e+000 0.000000000e+000 7.540660580e+002 
d 0.000000000e+000 0.000000000e+000 -5.001437417e-003 6.218750000e+001 6.218750000e+001 5.203160176e-003 -5.210530000e+000 -5.210530000e+000 -2.040036112e-004 0.000000000e+000 0.000000000e+000 0.000000000e+000 7.547958592e+002 
d 0.000000000e+000 0.000000000e+000 -4.998839634e-003 6.222656250e+001 6.222656250e+001 5.204943406e-003 -5.210530000e+000 -5.210530000e+000 -2.084032579e-004 0.000000000e+000 0.000000000e+000 0.000000000e+000 7.555232695e+002 
d 0.000000000e+000 0.000000000e+000 -4.996221704e-003 6.226562500e+001 6.226562500e+001 5.206800959e-003 -5.210530000e+000 -5.210530000e+000 -2.129232616e-004 0.000000000e+000 0.000000000e+000 0.000000000e+000 7.562560128e+002 
d 0.000000000e+000 0.000000000e+000 -4.994706438e-003 6.228515625e+001 6.228515625e+001 5.207711305e-003 -5.210530000e+000 -5.210530000e+000 -2.153153154e-004 0.000000000e+000 0.000000000e+000 0.000000000e+000 7.566379314e+002 
d 0.000000000e+000 0.000000000e+000 -4.993244237e-003 6.230468750e+001 6.230468750e+001 5.208656663e-003 -5.210530000e+000 -5.210530000e+000 -2.177161467e-004 0.000000000e+000 0.000000000e+000 0.000000000e+000 7.570173731e+002 
d 0.000000000e+000 0.000000000e+000 -4.991799684e-003 6.232421875e+001 6.232421875e+001 5.209628579e-003 -5.210530000e+000 -5.210530000e+000 -2.201409368e-004 0.000000000e+000 0.000000000e+000 0.000000000e+000 7.573967255e+002 
d 0.000000000e+000 0.000000000e+000 -4.990353061e-003 6.234375000e+001 6.234375000e+001 5.210622755e-003 -5.210530000e+000 -5.210530000e+000 -2.225987187e-004 0.000000000e+000 0.000000000e+000 0.000000000e+000 7.577773395e+002 
d 0.000000000e+000 0.000000000e+000 -4.988893157e-003 6.236328125e+001 6.236328125e+001 5.211637127e-003 -5.210530000e+000 -5.210530000e+000 -2.250951663e-004 0.000000000e+000 0.000000000e+000 0.000000000e+000 7.581600021e+002 
d 0.000000000e+000 0.000000000e+000 -4.987413385e-003 6.238281250e+001 6.238281250e+001 5.212670847e-003 -5.210530000e+000 -5.210530000e+000 -2.276341274e-004 0.000000000e+000 0.000000000e+000 0.000000000e+000 7.585451930e+002 
d 0.000000000e+000 0.000000000e+000 -4.985662438e-003 6.240234375e+001 6.240234375e+001 5.213672111e-003 -5.210530000e+000 -5.210530000e+000 -2.303351688e-004 0.000000000e+000 0.000000000e+000 0.000000000e+000 7.589505437e+002 
d 0.000000000e+000 0.000000000e+000 -4.984234808e-003 6.242187500e+001 6.242187500e+001 5.214766568e-003 -5.210530000e+000 -5.210530000e+000 -2.329198114e-004 0.000000000e+000 0.000000000e+000 0.000000000e+000 7.593344940e+002 
d 0.000000000e+000 0.000000000e+000 -4.982487353e-003 6.244140625e+001 6.244140625e+001 5.215822029e-003 -5.210530000e+000 -5.210530000e+000 -2.356946210e-004 0.000000000e+000 0.000000000e+000 0.000000000e+000 7.597422178e+002 
d 0.000000000e+000 0.000000000e+000 -4.980787667e-003 6.246093750e+001 6.246093750e+001 5.216914981e-003 -5.210530000e+000 -5.210530000e+000 -2.384856770e-004 0.000000000e+000 0.000000000e+000 0.000000000e+000 7.601479245e+002 
d 0.000000000e+000 0.000000000e+000 -4.979099837e-003 6.248046875e+001 6.248046875e+001 5.218038389e-003 -5.210530000e+000 -5.210530000e+000 -2.413105804e-004 0.000000000e+000 0.000000000e+000 0.000000000e+000 7.605541391e+002 
d 0.000000000e+000 0.000000000e+000 -4.977403406e-003 6.250000000e+001 6.250000000e+001 5.219188824e-003 -5.210530000e+000 -5.210530000e+000 -2.441801730e-004 0.000000000e+000 0.000000000e+000 0.000000000e+000 7.609623284e+002 
d 0.000000000e+000 0.000000000e+000 -4.975445375e-003 6.251953125e+001 6.251953125e+001 5.220322590e-003 -5.210530000e+000 -5.210530000e+000 -2.472268001e-004 0.000000000e+000 0.000000000e+000 0.000000000e+000 7.613907940e+002 
d 0.000000000e+000 0.000000000e+000 -4.973799190e-003 6.253906250e+001 6.253906250e+001 5.221541937e-003 -5.210530000e+000 -5.210530000e+000 -2.501550007e-004 0.000000000e+000 0.000000000e+000 0.000000000e+000 7.617981866e+002 
d 0.000000000e+000 0.000000000e+000 -4.971836967e-003 6.255859375e+001 6.255859375e+001 5.222739394e-003 -5.210530000e+000 -5.210530000e+000 -2.532946020e-004 0.000000000e+000 0.000000000e+000 0.000000000e+000 7.622300173e+002 
d 0.000000000e+000 0.000000000e+000 -4.969913120e-003 6.257812500e+001 6.257812500e+001 5.223976968e-003 -5.210530000e+000 -5.210530000e+000 -2.564613144e-004 0.000000000e+000 0.000000000e+000 0.000000000e+000 7.626606422e+002 
d 0.000000000e+000 0.000000000e+000 -4.967992401e-003 6.259765625e+001 6.259765625e+001 5.225249249e-003 -5.210530000e+000 -5.210530000e+000 -2.596745316e-004 0.000000000e+000 0.000000000e+000 0.000000000e+000 7.630926308e+002 
d 0.000000000e+000 0.000000000e+000 -4.965818114e-003 6.261718750e+001 6.261718750e+001 5.226520184e-003 -5.210530000e+000 -5.210530000e+000 -2.630801896e-004 0.000000000e+000 0.000000000e+000 0.000000000e+000 7.635450613e+002 
d 0.000000000e+000 0.000000000e+000 -4.963711463e-003 6.263671875e+001 6.263671875e+001 5.227839321e-003 -5.210530000e+000 -5.210530000e+000 -2.665019101e-004 0.000000000e+000 0.000000000e+000 0.000000000e+000 7.639942699e+002 
d 0.000000000e+000 0.000000000e+000 -4.961621334e-003 6.265625000e+001 6.265625000e+001 5.229199388e-003 -5.210530000e+000 -5.210530000e+000 -2.699686263e-004 0.000000000e+000 0.000000000e+000 0.000000000e+000 7.644440252e+002 
d 0.000000000e+000 0.000000000e+000 -4.959518352e-003 6.267578125e+001 6.267578125e+001 5.230597220e-003 -5.210530000e+000 -5.210530000e+000 -2.734983905e-004 0.000000000e+000 0.000000000e+000 0.000000000e+000 7.648965410e+002 
d 0.000000000e+000 0.000000000e+000 -4.957154071e-003 6.269531250e+001 6.269531250e+001 5.232005874e-003 -5.210530000e+000 -5.210530000e+000 -2.772436035e-004 0.000000000e+000 0.000000000e+000 0.000000000e+000 7.653707480e+002 
d 0.000000000e+000 0.000000000e+000 -4.954841891e-003 6.271484375e+001 6.271484375e+001 5.233465177e-003 -5.210530000e+000 -5.210530000e+000 -2.810202250e-004 0.000000000e+000 0.000000000e+000 0.000000000e+000 7.658430364e+002 
d 0.000000000e+000 0.000000000e+000 -4.952533230e-003 6.273437500e+001 6.273437500e+001 5.234970087e-003 -5.210530000e+000 -5.210530000e+000 -2.848583850e-004 0.000000000e+000 0.000000000e+000 0.000000000e+000 7.663170920e+002 
d 0.000000000e+000 0.000000000e+000 -4.950199635e-003 6.275390625e+001 6.275390625e+001 5.236518937e-003 -5.210530000e+000 -5.210530000e+000 -2.887775410e-004 0.000000000e+000 0.000000000e+000 0.000000000e+000 7.667951325e+002 
d 0.000000000e+000 0.000000000e+000 -4.947594841e-003 6.277343750e+001 6.277343750e+001 5.238093962e-003 -5.210530000e+000 -5.210530000e+000 -2.929412652e-004 0.000000000e+000 0.000000000e+000 0.000000000e+000 7.672964208e+002 
d 0.000000000e+000 0.000000000e+000 -4.945026090e-003 6.279296875e+001 6.279296875e+001 5.239724886e-003 -5.210530000e+000 -5.210530000e+000 -2.971561013e-004 0.000000000e+000 0.000000000e+000 0.000000000e+000 7.677972633e+002 
d 0.000000000e+000 0.000000000e+000 -4.942221714e-003 6.281250000e+001 6.281250000e+001 5.241395708e-003 -5.210530000e+000 -5.210530000e+000 -3.016075174e-004 0.000000000e+000 0.000000000e+000 0.000000000e+000 7.683191033e+002 
d 0.000000000e+000 0.000000000e+000 -4.939466090e-003 6.283203125e+001 6.283203125e+001 5.243128646e-003 -5.210530000e+000 -5.210530000e+000 -3.061090750e-004 0.000000000e+000 0.000000000e+000 0.000000000e+000 7.688397049e+002 
d 0.000000000e+000 0.000000000e+000 -4.936701738e-003 6.285156250e+001 6.285156250e+001 5.244921316e-003 -5.210530000e+000 -5.210530000e+000 -3.107014476e-004 0.000000000e+000 0.000000000e+000 0.000000000e+000 7.693636212e+002 
d 0.000000000e+000 0.000000000e+000 -4.933671574e-003 6.287109375e+001 6.287109375e+001 5.246768183e-003 -5.210530000e+000 -5.210530000e+000 -3.155735624e-004 0.000000000e+000 0.000000000e+000 0.000000000e+000 7.699116477e+002 
d 0.000000000e+000 0.000000000e+000 -4.930442675e-003 6.289062500e+001 6.289062500e+001 5.248680755e-003 -5.210530000e+000 -5.210530000e+000 -3.206902252e-004 0.000000000e+000 0.000000000e+000 0.000000000e+000 7.704788228e+002 
d 0.000000000e+000 0.000000000e+000 -4.927265981e-003 6.291015625e+001 6.291015625e+001 5.250668774e-003 -5.210530000e+000 -5.210530000e+000 -3.258731986e-004 0.000000000e+000 0.000000000e+000 0.000000000e+000 7.710449715e+002 
d 0.000000000e+000 0.000000000e+000 -4.924070283e-003 6.292968750e+001 6.292968750e+001 5.252732774e-003 -5.210530000e+000 -5.210530000e+000 -3.311777602e-004 0.000000000e+000 0.000000000e+000 0.000000000e+000 7.716159127e+002 
d 0.000000000e+000 0.000000000e+000 -4.922337715e-003 6.293945313e+001 6.293945313e+001 5.253795974e-003 -5.210530000e+000 -5.210530000e+000 -3.339769703e-004 0.000000000e+000 0.000000000e+000 0.000000000e+000 7.719137809e+002 
d 0.000000000e+000 0.000000000e+000 -4.920394165e-003 6.294921875e+001 6.294921875e+001 5.254885294e-003 -5.210530000e+000 -5.210530000e+000 -3.369742688e-004 0.000000000e+000 0.000000000e+000 0.000000000e+000 7.722301318e+002 
d 0.000000000e+000 0.000000000e+000 -4.918710480e-003 6.295898438e+001 6.295898438e+001 5.255991842e-003 -5.210530000e+000 -5.210530000e+000 -3.397971974e-004 0.000000000e+000 0.000000000e+000 0.000000000e+000 7.725258122e+002 
d 0.000000000e+000 0.000000000e+000 -4.916785696e-003 6.296875000e+001 6.296875000e+001 5.257128426e-003 -5.210530000e+000 -5.210530000e+000 -3.428467073e-004 0.000000000e+000 0.000000000e+000 0.000000000e+000 7.728426251e+002 
d 0.000000000e+000 0.000000000e+000 -4.914882002e-003 6.297851563e+001 6.297851563e+001 5.258289234e-003 -5.210530000e+000 -5.210530000e+000 -3.459142108e-004 0.000000000e+000 0.000000000e+000 0.000000000e+000 7.731587201e+002 
d 0.000000000e+000 0.000000000e+000 -4.912983014e-003 6.298828125e+001 6.298828125e+001 5.259474970e-003 -5.210530000e+000 -5.210530000e+000 -3.490132457e-004 0.000000000e+000 0.000000000e+000 0.000000000e+000 7.734754690e+002 
d 0.000000000e+000 0.000000000e+000 -4.910865874e-003 6.299804688e+001 6.299804688e+001 5.260698876e-003 -5.210530000e+000 -5.210530000e+000 -3.523326809e-004 0.000000000e+000 0.000000000e+000 0.000000000e+000 7.738118298e+002 
d 0.000000000e+000 0.000000000e+000 -4.908991424e-003 6.300781250e+001 6.300781250e+001 5.261935882e-003 -5.210530000e+000 -5.210530000e+000 -3.554852387e-004 0.000000000e+000 0.000000000e+000 0.000000000e+000 7.741286778e+002 
d 0.000000000e+000 0.000000000e+000 -4.906868541e-003 6.301757813e+001 6.301757813e+001 5.263217089e-003 -5.210530000e+000 -5.210530000e+000 -3.588898024e-004 0.000000000e+000 0.000000000e+000 0.000000000e+000 7.744678960e+002 
d 0.000000000e+000 0.000000000e+000 -4.904753821e-003 6.302734375e+001 6.302734375e+001 5.264527778e-003 -5.210530000e+000 -5.210530000e+000 -3.623296810e-004 0.000000000e+000 0.000000000e+000 0.000000000e+000 7.748076555e+002 
d 0.000000000e+000 0.000000000e+000 -4.902422419e-003 6.303710938e+001 6.303710938e+001 5.265888758e-003 -5.210530000e+000 -5.210530000e+000 -3.660058114e-004 0.000000000e+000 0.000000000e+000 0.000000000e+000 7.751674345e+002 
d 0.000000000e+000 0.000000000e+000 -4.900120040e-003 6.304687500e+001 6.304687500e+001 5.267281575e-003 -5.210530000e+000 -5.210530000e+000 -3.697046519e-004 0.000000000e+000 0.000000000e+000 0.000000000e+000 7.755261204e+002 
d 0.000000000e+000 0.000000000e+000 -4.897822644e-003 6.305664063e+001 6.305664063e+001 5.268708618e-003 -5.210530000e+000 -5.210530000e+000 -3.734479534e-004 0.000000000e+000 0.000000000e+000 0.000000000e+000 7.758857899e+002 
d 0.000000000e+000 0.000000000e+000 -4.895305876e-003 6.306640625e+001 6.306640625e+001 5.270197150e-003 -5.210530000e+000 -5.210530000e+000 -3.774452628e-004 0.000000000e+000 0.000000000e+000 0.000000000e+000 7.762661758e+002 
d 0.000000000e+000 0.000000000e+000 -4.892809051e-003 6.307617188e+001 6.307617188e+001 5.271723171e-003 -5.210530000e+000 -5.210530000e+000 -3.814802230e-004 0.000000000e+000 0.000000000e+000 0.000000000e+000 7.766464287e+002 
d 0.000000000e+000 0.000000000e+000 -4.890103428e-003 6.308593750e+001 6.308593750e+001 5.273318879e-003 -5.210530000e+000 -5.210530000e+000 -3.857726203e-004 0.000000000e+000 0.000000000e+000 0.000000000e+000 7.770468645e+002 
d 0.000000000e+000 0.000000000e+000 -4.887419822e-003 6.309570313e+001 6.309570313e+001 5.274956722e-003 -5.210530000e+000 -5.210530000e+000 -3.901076621e-004 0.000000000e+000 0.000000000e+000 0.000000000e+000 7.774471673e+002 
d 0.000000000e+000 0.000000000e+000 -4.884527387e-003 6.310546875e+001 6.310546875e+001 5.276674409e-003 -5.210530000e+000 -5.210530000e+000 -3.947144417e-004 0.000000000e+000 0.000000000e+000 0.000000000e+000 7.778680702e+002 
d 0.000000000e+000 0.000000000e+000 -4.881650116e-003 6.311523438e+001 6.311523438e+001 5.278440877e-003 -5.210530000e+000 -5.210530000e+000 -3.993785029e-004 0.000000000e+000 0.000000000e+000 0.000000000e+000 7.782896565e+002 
d 0.000000000e+000 0.000000000e+000 -4.878555516e-003 6.312500000e+001 6.312500000e+001 5.280300141e-003 -5.210530000e+000 -5.210530000e+000 -4.043390112e-004 0.000000000e+000 0.000000000e+000 0.000000000e+000 7.787330690e+002 
d 0.000000000e+000 0.000000000e+000 -4.875263717e-003 6.313476563e+001 6.313476563e+001 5.282257548e-003 -5.210530000e+000 -5.210530000e+000 -4.095881347e-004 0.000000000e+000 0.000000000e+000 0.000000000e+000 7.791968460e+002 
d 0.000000000e+000 0.000000000e+000 -4.871983033e-003 6.314453125e+001 6.314453125e+001 5.284277518e-003 -5.210530000e+000 -5.210530000e+000 -4.149171453e-004 0.000000000e+000 0.000000000e+000 0.000000000e+000 7.796621563e+002 
d 0.000000000e+000 0.000000000e+000 -4.868275906e-003 6.315429688e+001 6.315429688e+001 5.286461497e-003 -5.210530000e+000 -5.210530000e+000 -4.208021171e-004 0.000000000e+000 0.000000000e+000 0.000000000e+000 7.801696026e+002 
d 0.000000000e+000 0.000000000e+000 -4.864394025e-003 6.316406250e+001 6.316406250e+001 5.288768705e-003 -5.210530000e+000 -5.210530000e+000 -4.269939795e-004 0.000000000e+000 0.000000000e+000 0.000000000e+000 7.806965157e+002 
d 0.000000000e+000 0.000000000e+000 -4.862521670e-003 6.316894531e+001 6.316894531e+001 5.289937586e-003 -5.210530000e+000 -5.210530000e+000 -4.300593526e-004 0.000000000e+000 0.000000000e+000 0.000000000e+000 7.809548061e+002 
d 0.000000000e+000 0.000000000e+000 -4.860438866e-003 6.317382813e+001 6.317382813e+001 5.291182911e-003 -5.210530000e+000 -5.210530000e+000 -4.333927085e-004 0.000000000e+000 0.000000000e+000 0.000000000e+000 7.812337284e+002 
d 0.000000000e+000 0.000000000e+000 -4.858164622e-003 6.317871094e+001 6.317871094e+001 5.292505370e-003 -5.210530000e+000 -5.210530000e+000 -4.369804807e-004 0.000000000e+000 0.000000000e+000 0.000000000e+000 7.815317183e+002 
d 0.000000000e+000 0.000000000e+000 -4.855907460e-003 6.318359375e+001 6.318359375e+001 5.293851785e-003 -5.210530000e+000 -5.210530000e+000 -4.405891218e-004 0.000000000e+000 0.000000000e+000 0.000000000e+000 7.818291976e+002 
d 0.000000000e+000 0.000000000e+000 -4.853653227e-003 6.318847656e+001 6.318847656e+001 5.295226179e-003 -5.210530000e+000 -5.210530000e+000 -4.442351059e-004 0.000000000e+000 0.000000000e+000 0.000000000e+000 7.821275030e+002 
d 0.000000000e+000 0.000000000e+000 -4.851197013e-003 6.319335938e+001 6.319335938e+001 5.296690875e-003 -5.210530000e+000 -5.210530000e+000 -4.481621075e-004 0.000000000e+000 0.000000000e+000 0.000000000e+000 7.824462699e+002 
d 0.000000000e+000 0.000000000e+000 -4.848551720e-003 6.319824219e+001 6.319824219e+001 5.298248682e-003 -5.210530000e+000 -5.210530000e+000 -4.523642658e-004 0.000000000e+000 0.000000000e+000 0.000000000e+000 7.827845243e+002 
d 0.000000000e+000 0.000000000e+000 -4.845916737e-003 6.320312500e+001 6.320312500e+001 5.299841563e-003 -5.210530000e+000 -5.210530000e+000 -4.566082183e-004 0.000000000e+000 0.000000000e+000 0.000000000e+000 7.831232434e+002 
d 0.000000000e+000 0.000000000e+000 -4.842893107e-003 6.320800781e+001 6.320800781e+001 5.301604668e-003 -5.210530000e+000 -5.210530000e+000 -4.613877521e-004 0.000000000e+000 0.000000000e+000 0.000000000e+000 7.835012165e+002 
d 0.000000000e+000 0.000000000e+000 -4.839888548e-003 6.321289063e+001 6.321289063e+001 5.303410165e-003 -5.210530000e+000 -5.210530000e+000 -4.662128137e-004 0.000000000e+000 0.000000000e+000 0.000000000e+000 7.838791826e+002 
d 0.000000000e+000 0.000000000e+000 -4.836499448e-003 6.321777344e+001 6.321777344e+001 5.305405907e-003 -5.210530000e+000 -5.210530000e+000 -4.715986072e-004 0.000000000e+000 0.000000000e+000 0.000000000e+000 7.842968177e+002 
d 0.000000000e+000 0.000000000e+000 -4.832932993e-003 6.322265625e+001 6.322265625e+001 5.307530765e-003 -5.210530000e+000 -5.210530000e+000 -4.773015800e-004 0.000000000e+000 0.000000000e+000 0.000000000e+000 7.847343024e+002 
d 0.000000000e+000 0.000000000e+000 -4.828988344e-003 6.322753906e+001 6.322753906e+001 5.309874726e-003 -5.210530000e+000 -5.210530000e+000 -4.836012885e-004 0.000000000e+000 0.000000000e+000 0.000000000e+000 7.852119996e+002 
d 0.000000000e+000 0.000000000e+000 -4.826906162e-003 6.322998047e+001 6.322998047e+001 5.311122435e-003 -5.210530000e+000 -5.210530000e+000 -4.869415891e-004 0.000000000e+000 0.000000000e+000 0.000000000e+000 7.854629760e+002 
d 0.000000000e+000 0.000000000e+000 -4.824636610e-003 6.323242188e+001 6.323242188e+001 5.312471523e-003 -5.210530000e+000 -5.210530000e+000 -4.905673785e-004 0.000000000e+000 0.000000000e+000 0.000000000e+000 7.857336083e+002 
d 0.000000000e+000 0.000000000e+000 -4.822183326e-003 6.323486328e+001 6.323486328e+001 5.313926460e-003 -5.210530000e+000 -5.210530000e+000 -4.944822017e-004 0.000000000e+000 0.000000000e+000 0.000000000e+000 7.860237521e+002 
d 0.000000000e+000 0.000000000e+000 -4.819364492e-003 6.323730469e+001 6.323730469e+001 5.315574235e-003 -5.210530000e+000 -5.210530000e+000 -4.989468799e-004 0.000000000e+000 0.000000000e+000 0.000000000e+000 7.863520627e+002 
d 0.000000000e+000 0.000000000e+000 -4.816556810e-003 6.323974609e+001 6.323974609e+001 5.317257218e-003 -5.210530000e+000 -5.210530000e+000 -5.034530623e-004 0.000000000e+000 0.000000000e+000 0.000000000e+000 7.866807193e+002 
d 0.000000000e+000 0.000000000e+000 -4.813193594e-003 6.324218750e+001 6.324218750e+001 5.319241953e-003 -5.210530000e+000 -5.210530000e+000 -5.088071700e-004 0.000000000e+000 0.000000000e+000 0.000000000e+000 7.870676970e+002 
d 0.000000000e+000 0.000000000e+000 -4.808927858e-003 6.324462891e+001 6.324462891e+001 5.321724823e-003 -5.210530000e+000 -5.210530000e+000 -5.155499415e-004 0.000000000e+000 0.000000000e+000 0.000000000e+000 7.875497216e+002 
d 0.000000000e+000 0.000000000e+000 -4.806218089e-003 6.324584961e+001 6.324584961e+001 5.323289338e-003 -5.210530000e+000 -5.210530000e+000 -5.198155523e-004 0.000000000e+000 0.000000000e+000 0.000000000e+000 7.878516627e+002 
d 0.000000000e+000 0.000000000e+000 -4.802818564e-003 6.324707031e+001 6.324707031e+001 5.325246041e-003 -5.210530000e+000 -5.210530000e+000 -5.251586700e-004 0.000000000e+000 0.000000000e+000 0.000000000e+000 7.882266683e+002 
d 0.000000000e+000 0.000000000e+000 -4.802545408e-003 6.324768066e+001 6.324768066e+001 5.325540950e-003 -5.210530000e+000 -5.210530000e+000 -5.257020235e-004 0.000000000e+000 0.000000000e+000 0.000000000e+000 7.882646754e+002 
d 0.000000000e+000 0.000000000e+000 -4.798232878e-003 6.324829102e+001 6.324829102e+001 5.327895119e-003 -5.210530000e+000 -5.210530000e+000 -5.323801869e-004 0.000000000e+000 0.000000000e+000 0.000000000e+000 7.887279698e+002 
d 0.000000000e+000 0.000000000e+000 -4.797883160e-003 6.324951172e+001 6.324951172e+001 5.328331141e-003 -5.210530000e+000 -5.210530000e+000 -5.332235311e-004 0.000000000e+000 0.000000000e+000 0.000000000e+000 7.887862568e+002 
