v ATLAS
# This file was created by ATLAS version 5.22.1.R on Tue Dec 31 09:22:18 2019.
#SSF 2.0 generic
##############################################################################
#                    Copyright (c) 1984 - 2015                               #
#                    Silvaco Inc. All rights reserved                        #
#                                                                            #
# This file format and the following Key are copyright Silvaco Inc.          #
# You may not use, this format or key without reproducing this message in    #
# full and obtaining express written permission from Silvaco Inc.            #
#                                                                            #
# To obtain such permission please contact: Silvaco Inc.                     #
#                                           support@silvaco.com              #
#                                                                            #
# KEY=SVC86hn7562asdx                       PROD=345                         #
##############################################################################
y 3 700 711 15
z 1 0.00981003 300
f 4 "source" "drain" "gate" "substrate" 
p 13 2 601 20 3 602 21 4 603 22 5 604 23 82 
d 0.000000000e+000 0.000000000e+000 -4.805678616e-005 5.000000000e+000 5.000000000e+000 4.805596234e-005 -9.750000000e+000 -9.750000000e+000 -1.841000003e-017 0.000000000e+000 0.000000000e+000 0.000000000e+000 3.001246556e+002 
d 0.000000000e+000 0.000000000e+000 -5.683631011e-005 5.000000000e+000 5.000000000e+000 5.683630325e-005 -9.500000000e+000 -9.500000000e+000 -1.847772728e-017 0.000000000e+000 0.000000000e+000 0.000000000e+000 3.001473883e+002 
d 0.000000000e+000 0.000000000e+000 -6.647607745e-005 5.000000000e+000 5.000000000e+000 6.647606551e-005 -9.250000000e+000 -9.250000000e+000 -1.855199702e-017 0.000000000e+000 0.000000000e+000 0.000000000e+000 3.001723420e+002 
d 0.000000000e+000 0.000000000e+000 -7.710114359e-005 5.000000000e+000 5.000000000e+000 7.709762716e-005 -9.000000000e+000 -9.000000000e+000 -1.863379895e-017 0.000000000e+000 0.000000000e+000 0.000000000e+000 3.001998454e+002 
d 0.000000000e+000 0.000000000e+000 -8.887132283e-005 5.000000000e+000 5.000000000e+000 8.886681589e-005 -8.750000000e+000 -8.750000000e+000 -1.872443107e-017 0.000000000e+000 0.000000000e+000 0.000000000e+000 3.002303122e+002 
d 0.000000000e+000 0.000000000e+000 -1.019775409e-004 5.000000000e+000 5.000000000e+000 1.019716587e-004 -8.500000000e+000 -8.500000000e+000 -1.882544540e-017 0.000000000e+000 0.000000000e+000 0.000000000e+000 3.002642361e+002 
d 0.000000000e+000 0.000000000e+000 -1.166586909e-004 5.000000000e+000 5.000000000e+000 1.166510366e-004 -8.250000000e+000 -8.250000000e+000 -1.893880393e-017 0.000000000e+000 0.000000000e+000 0.000000000e+000 3.003022381e+002 
d 0.000000000e+000 0.000000000e+000 -1.332518363e-004 5.000000000e+000 5.000000000e+000 1.332422740e-004 -8.000000000e+000 -8.000000000e+000 -1.906729762e-017 0.000000000e+000 0.000000000e+000 0.000000000e+000 3.003452014e+002 
d 0.000000000e+000 0.000000000e+000 -1.522150532e-004 5.000000000e+000 5.000000000e+000 1.522021414e-004 -7.750000000e+000 -7.750000000e+000 -1.921474290e-017 0.000000000e+000 0.000000000e+000 0.000000000e+000 3.003943303e+002 
d 0.000000000e+000 0.000000000e+000 -1.741293037e-004 5.000000000e+000 5.000000000e+000 1.741106140e-004 -7.500000000e+000 -7.500000000e+000 -1.938730718e-017 0.000000000e+000 0.000000000e+000 0.000000000e+000 3.004511308e+002 
d 0.000000000e+000 0.000000000e+000 -1.997045362e-004 5.000000000e+000 5.000000000e+000 1.996792722e-004 -7.250000000e+000 -7.250000000e+000 -1.958770194e-017 0.000000000e+000 0.000000000e+000 0.000000000e+000 3.005175085e+002 
d 0.000000000e+000 0.000000000e+000 -2.297277715e-004 5.000000000e+000 5.000000000e+000 2.296947170e-004 -7.000000000e+000 -7.000000000e+000 -1.982658723e-017 0.000000000e+000 0.000000000e+000 0.000000000e+000 3.005955475e+002 
d 0.000000000e+000 0.000000000e+000 -2.654735968e-004 5.000000000e+000 5.000000000e+000 2.654744014e-004 -6.750000000e+000 -6.750000000e+000 -2.011425300e-017 0.000000000e+000 0.000000000e+000 0.000000000e+000 3.006885991e+002 
d 0.000000000e+000 0.000000000e+000 -3.092821984e-004 5.000000000e+000 5.000000000e+000 3.091997458e-004 -6.500000000e+000 -6.500000000e+000 -2.047734332e-017 0.000000000e+000 0.000000000e+000 0.000000000e+000 3.008027726e+002 
d 0.000000000e+000 0.000000000e+000 -3.648171904e-004 5.000000000e+000 5.000000000e+000 3.648169238e-004 -6.250000000e+000 -6.250000000e+000 -2.093582754e-017 0.000000000e+000 0.000000000e+000 0.000000000e+000 3.009479430e+002 
d 0.000000000e+000 0.000000000e+000 -4.364989575e-004 5.000000000e+000 5.000000000e+000 4.364989916e-004 -6.000000000e+000 -6.000000000e+000 -2.154996474e-017 0.000000000e+000 0.000000000e+000 0.000000000e+000 3.011357467e+002 
d 0.000000000e+000 0.000000000e+000 -5.290846762e-004 5.000000000e+000 5.000000000e+000 5.290843382e-004 -5.750000000e+000 -5.750000000e+000 -2.237148443e-017 0.000000000e+000 0.000000000e+000 0.000000000e+000 3.013790691e+002 
d 0.000000000e+000 0.000000000e+000 -6.525027157e-004 5.000000000e+000 5.000000000e+000 6.525043659e-004 -5.500000000e+000 -5.500000000e+000 -2.351855764e-017 0.000000000e+000 0.000000000e+000 0.000000000e+000 3.017050241e+002 
d 0.000000000e+000 0.000000000e+000 -8.294038312e-004 5.000000000e+000 5.000000000e+000 8.294078843e-004 -5.250000000e+000 -5.250000000e+000 -2.527165567e-017 0.000000000e+000 0.000000000e+000 0.000000000e+000 3.021755967e+002 
d 0.000000000e+000 0.000000000e+000 -1.155221224e-003 5.000000000e+000 5.000000000e+000 1.155205848e-003 -5.000000000e+000 -5.000000000e+000 -2.886111673e-017 0.000000000e+000 0.000000000e+000 0.000000000e+000 3.030488963e+002 
d 0.000000000e+000 0.000000000e+000 -2.184482704e-003 5.000000000e+000 5.000000000e+000 2.184471835e-003 -4.750000000e+000 -4.750000000e+000 -4.392098992e-017 0.000000000e+000 0.000000000e+000 0.000000000e+000 3.058563717e+002 
d 0.000000000e+000 0.000000000e+000 -4.082669588e-003 5.000000000e+000 5.000000000e+000 4.082840103e-003 -4.500000000e+000 -4.500000000e+000 -9.505329224e-017 0.000000000e+000 0.000000000e+000 0.000000000e+000 3.111753386e+002 
d 0.000000000e+000 0.000000000e+000 -6.555915357e-003 5.000000000e+000 5.000000000e+000 6.555669846e-003 -4.250000000e+000 -4.250000000e+000 -2.572789026e-016 0.000000000e+000 0.000000000e+000 0.000000000e+000 3.183086678e+002 
d 0.000000000e+000 0.000000000e+000 -9.269550017e-003 5.000000000e+000 5.000000000e+000 9.268499493e-003 -4.000000000e+000 -4.000000000e+000 -7.548111642e-016 0.000000000e+000 0.000000000e+000 0.000000000e+000 3.263567804e+002 
d 0.000000000e+000 0.000000000e+000 -1.201667398e-002 5.000000000e+000 5.000000000e+000 1.201861630e-002 -3.750000000e+000 -3.750000000e+000 -2.201273675e-015 0.000000000e+000 0.000000000e+000 0.000000000e+000 3.347102689e+002 
d 0.000000000e+000 0.000000000e+000 -1.472062562e-002 5.000000000e+000 5.000000000e+000 1.472222750e-002 -3.500000000e+000 -3.500000000e+000 -6.189138306e-015 0.000000000e+000 0.000000000e+000 0.000000000e+000 3.431205267e+002 
d 0.000000000e+000 0.000000000e+000 -1.731662819e-002 5.000000000e+000 5.000000000e+000 1.731303901e-002 -3.250000000e+000 -3.250000000e+000 -1.639898222e-014 0.000000000e+000 0.000000000e+000 0.000000000e+000 3.513600855e+002 
d 0.000000000e+000 0.000000000e+000 -1.976376447e-002 5.000000000e+000 5.000000000e+000 1.975975255e-002 -3.000000000e+000 -3.000000000e+000 -4.042142729e-014 0.000000000e+000 0.000000000e+000 0.000000000e+000 3.592682123e+002 
d 0.000000000e+000 0.000000000e+000 -2.206855278e-002 5.000000000e+000 5.000000000e+000 2.206367328e-002 -2.750000000e+000 -2.750000000e+000 -9.301680530e-014 0.000000000e+000 0.000000000e+000 0.000000000e+000 3.668266789e+002 
d 0.000000000e+000 0.000000000e+000 -2.423056082e-002 5.000000000e+000 5.000000000e+000 2.422466070e-002 -2.500000000e+000 -2.500000000e+000 -2.003828667e-013 0.000000000e+000 0.000000000e+000 0.000000000e+000 3.740124860e+002 
d 0.000000000e+000 0.000000000e+000 -2.625150112e-002 5.000000000e+000 5.000000000e+000 2.625598763e-002 -2.250000000e+000 -2.250000000e+000 -4.056845288e-013 0.000000000e+000 0.000000000e+000 0.000000000e+000 3.808148593e+002 
d 0.000000000e+000 0.000000000e+000 -2.814355126e-002 5.000000000e+000 5.000000000e+000 2.814893592e-002 -2.000000000e+000 -2.000000000e+000 -7.762011129e-013 0.000000000e+000 0.000000000e+000 0.000000000e+000 3.873225178e+002 
d 0.000000000e+000 0.000000000e+000 -2.904502515e-002 5.000000000e+000 5.000000000e+000 2.903938610e-002 -1.875000000e+000 -1.875000000e+000 -1.052835724e-012 0.000000000e+000 0.000000000e+000 0.000000000e+000 3.904456650e+002 
d 0.000000000e+000 0.000000000e+000 -2.991143593e-002 5.000000000e+000 5.000000000e+000 2.991789115e-002 -1.750000000e+000 -1.750000000e+000 -1.409496206e-012 0.000000000e+000 0.000000000e+000 0.000000000e+000 3.934719888e+002 
d 0.000000000e+000 0.000000000e+000 -3.075303680e-002 5.000000000e+000 5.000000000e+000 3.074631659e-002 -1.625000000e+000 -1.625000000e+000 -1.865048681e-012 0.000000000e+000 0.000000000e+000 0.000000000e+000 3.964117692e+002 
d 0.000000000e+000 0.000000000e+000 -3.116172074e-002 5.000000000e+000 5.000000000e+000 3.115492139e-002 -1.562500000e+000 -1.562500000e+000 -2.135687093e-012 0.000000000e+000 0.000000000e+000 0.000000000e+000 3.978464155e+002 
d 0.000000000e+000 0.000000000e+000 -3.156343193e-002 5.000000000e+000 5.000000000e+000 3.155580518e-002 -1.500000000e+000 -1.500000000e+000 -2.438696064e-012 0.000000000e+000 0.000000000e+000 0.000000000e+000 3.992589849e+002 
d 0.000000000e+000 0.000000000e+000 -3.195536755e-002 5.000000000e+000 5.000000000e+000 3.196165838e-002 -1.437500000e+000 -1.437500000e+000 -2.776197886e-012 0.000000000e+000 0.000000000e+000 0.000000000e+000 4.006464804e+002 
d 0.000000000e+000 0.000000000e+000 -3.234282805e-002 5.000000000e+000 5.000000000e+000 3.234978615e-002 -1.375000000e+000 -1.375000000e+000 -3.152609790e-012 0.000000000e+000 0.000000000e+000 0.000000000e+000 4.020148688e+002 
d 0.000000000e+000 0.000000000e+000 -3.272338224e-002 5.000000000e+000 5.000000000e+000 3.273104291e-002 -1.312500000e+000 -1.312500000e+000 -3.570442311e-012 0.000000000e+000 0.000000000e+000 0.000000000e+000 4.033612876e+002 
d 0.000000000e+000 0.000000000e+000 -3.309708910e-002 5.000000000e+000 5.000000000e+000 3.310544795e-002 -1.250000000e+000 -1.250000000e+000 -4.032959180e-012 0.000000000e+000 0.000000000e+000 0.000000000e+000 4.046857491e+002 
d 0.000000000e+000 0.000000000e+000 -3.346691352e-002 5.000000000e+000 5.000000000e+000 3.346003365e-002 -1.187500000e+000 -1.187500000e+000 -4.544924408e-012 0.000000000e+000 0.000000000e+000 0.000000000e+000 4.059917358e+002 
d 0.000000000e+000 0.000000000e+000 -3.382728613e-002 5.000000000e+000 5.000000000e+000 3.381990104e-002 -1.125000000e+000 -1.125000000e+000 -5.107314069e-012 0.000000000e+000 0.000000000e+000 0.000000000e+000 4.072726663e+002 
d 0.000000000e+000 0.000000000e+000 -3.418095821e-002 5.000000000e+000 5.000000000e+000 3.417307786e-002 -1.062500000e+000 -1.062500000e+000 -5.724808213e-012 0.000000000e+000 0.000000000e+000 0.000000000e+000 4.085317278e+002 
d 0.000000000e+000 0.000000000e+000 -3.452796823e-002 5.000000000e+000 5.000000000e+000 3.451962960e-002 -1.000000000e+000 -1.000000000e+000 -6.400999312e-012 0.000000000e+000 0.000000000e+000 0.000000000e+000 4.097689331e+002 
d 0.000000000e+000 0.000000000e+000 -3.486835528e-002 5.000000000e+000 5.000000000e+000 3.485960207e-002 -9.375000000e-001 -9.375000000e-001 -7.139514242e-012 0.000000000e+000 0.000000000e+000 0.000000000e+000 4.109842934e+002 
d 0.000000000e+000 0.000000000e+000 -3.520215563e-002 5.000000000e+000 5.000000000e+000 3.519303785e-002 -8.750000000e-001 -8.750000000e-001 -7.943989895e-012 0.000000000e+000 0.000000000e+000 0.000000000e+000 4.121778161e+002 
d 0.000000000e+000 0.000000000e+000 -3.536629609e-002 5.000000000e+000 5.000000000e+000 3.535871099e-002 -8.437500000e-001 -8.437500000e-001 -8.371824594e-012 0.000000000e+000 0.000000000e+000 0.000000000e+000 4.127660126e+002 
d 0.000000000e+000 0.000000000e+000 -3.552909842e-002 5.000000000e+000 5.000000000e+000 3.552139750e-002 -8.125000000e-001 -8.125000000e-001 -8.817758693e-012 0.000000000e+000 0.000000000e+000 0.000000000e+000 4.133491218e+002 
d 0.000000000e+000 0.000000000e+000 -3.569026975e-002 5.000000000e+000 5.000000000e+000 3.568247572e-002 -7.812500000e-001 -7.812500000e-001 -9.281984577e-012 0.000000000e+000 0.000000000e+000 0.000000000e+000 4.139267733e+002 
d 0.000000000e+000 0.000000000e+000 -3.584981626e-002 5.000000000e+000 5.000000000e+000 3.584194058e-002 -7.500000000e-001 -7.500000000e-001 -9.764947633e-012 0.000000000e+000 0.000000000e+000 0.000000000e+000 4.144989710e+002 
d 0.000000000e+000 0.000000000e+000 -3.600774210e-002 5.000000000e+000 5.000000000e+000 3.599979647e-002 -7.187500000e-001 -7.187500000e-001 -1.026708692e-011 0.000000000e+000 0.000000000e+000 0.000000000e+000 4.150657163e+002 
d 0.000000000e+000 0.000000000e+000 -3.616405145e-002 5.000000000e+000 5.000000000e+000 3.615604761e-002 -6.875000000e-001 -6.875000000e-001 -1.078883629e-011 0.000000000e+000 0.000000000e+000 0.000000000e+000 4.156270112e+002 
d 0.000000000e+000 0.000000000e+000 -3.631874846e-002 5.000000000e+000 5.000000000e+000 3.631069819e-002 -6.562500000e-001 -6.562500000e-001 -1.133062364e-011 0.000000000e+000 0.000000000e+000 0.000000000e+000 4.161828577e+002 
d 0.000000000e+000 0.000000000e+000 -3.647183738e-002 5.000000000e+000 5.000000000e+000 3.646375239e-002 -6.250000000e-001 -6.250000000e-001 -1.189287020e-011 0.000000000e+000 0.000000000e+000 0.000000000e+000 4.167332587e+002 
d 0.000000000e+000 0.000000000e+000 -3.662332246e-002 5.000000000e+000 5.000000000e+000 3.661521437e-002 -5.937500000e-001 -5.937500000e-001 -1.247598989e-011 0.000000000e+000 0.000000000e+000 0.000000000e+000 4.172782173e+002 
d 0.000000000e+000 0.000000000e+000 -3.677320806e-002 5.000000000e+000 5.000000000e+000 3.676508832e-002 -5.625000000e-001 -5.625000000e-001 -1.308038866e-011 0.000000000e+000 0.000000000e+000 0.000000000e+000 4.178177371e+002 
d 0.000000000e+000 0.000000000e+000 -3.692149863e-002 5.000000000e+000 5.000000000e+000 3.691337850e-002 -5.312500000e-001 -5.312500000e-001 -1.370646391e-011 0.000000000e+000 0.000000000e+000 0.000000000e+000 4.183518226e+002 
d 0.000000000e+000 0.000000000e+000 -3.706819873e-002 5.000000000e+000 5.000000000e+000 3.706008921e-002 -5.000000000e-001 -5.000000000e-001 -1.435460389e-011 0.000000000e+000 0.000000000e+000 0.000000000e+000 4.188804788e+002 
d 0.000000000e+000 0.000000000e+000 -3.721331307e-002 5.000000000e+000 5.000000000e+000 3.720522485e-002 -4.687500000e-001 -4.687500000e-001 -1.502518723e-011 0.000000000e+000 0.000000000e+000 0.000000000e+000 4.194037115e+002 
d 0.000000000e+000 0.000000000e+000 -3.735684650e-002 5.000000000e+000 5.000000000e+000 3.734878993e-002 -4.375000000e-001 -4.375000000e-001 -1.571858244e-011 0.000000000e+000 0.000000000e+000 0.000000000e+000 4.199215274e+002 
d 0.000000000e+000 0.000000000e+000 -3.763952578e-002 5.000000000e+000 5.000000000e+000 3.762960570e-002 -3.750000000e-001 -3.750000000e-001 -1.717586946e-011 0.000000000e+000 0.000000000e+000 0.000000000e+000 4.209413881e+002 
d 0.000000000e+000 0.000000000e+000 -3.791560157e-002 5.000000000e+000 5.000000000e+000 3.790584891e-002 -3.125000000e-001 -3.125000000e-001 -1.872796141e-011 0.000000000e+000 0.000000000e+000 0.000000000e+000 4.219392285e+002 
d 0.000000000e+000 0.000000000e+000 -3.818546276e-002 5.000000000e+000 5.000000000e+000 3.817591055e-002 -2.500000000e-001 -2.500000000e-001 -2.037800788e-011 0.000000000e+000 0.000000000e+000 0.000000000e+000 4.229155930e+002 
d 0.000000000e+000 0.000000000e+000 -3.844915769e-002 5.000000000e+000 5.000000000e+000 3.843984547e-002 -1.875000000e-001 -1.875000000e-001 -2.212837335e-011 0.000000000e+000 0.000000000e+000 0.000000000e+000 4.238705864e+002 
d 0.000000000e+000 0.000000000e+000 -3.870674106e-002 5.000000000e+000 5.000000000e+000 3.869770274e-002 -1.250000000e-001 -1.250000000e-001 -2.398124513e-011 0.000000000e+000 0.000000000e+000 0.000000000e+000 4.248043359e+002 
d 0.000000000e+000 0.000000000e+000 -3.895827224e-002 5.000000000e+000 5.000000000e+000 3.894953612e-002 -6.250000000e-002 -6.250000000e-002 -2.593863663e-011 0.000000000e+000 0.000000000e+000 0.000000000e+000 4.257169892e+002 
d 0.000000000e+000 0.000000000e+000 -3.920381558e-002 5.000000000e+000 5.000000000e+000 3.919540446e-002 5.786230234e-015 5.786230234e-015 -2.800240046e-011 0.000000000e+000 0.000000000e+000 0.000000000e+000 4.266087158e+002 
d 0.000000000e+000 0.000000000e+000 -3.944037604e-002 5.000000000e+000 5.000000000e+000 3.945071479e-002 6.250000000e-002 6.250000000e-002 -3.016380182e-011 0.000000000e+000 0.000000000e+000 0.000000000e+000 4.274754154e+002 
d 0.000000000e+000 0.000000000e+000 -3.967429309e-002 5.000000000e+000 5.000000000e+000 3.968423542e-002 1.250000000e-001 1.250000000e-001 -3.244501004e-011 0.000000000e+000 0.000000000e+000 0.000000000e+000 4.283260544e+002 
d 0.000000000e+000 0.000000000e+000 -3.990245759e-002 5.000000000e+000 5.000000000e+000 3.991193874e-002 1.875000000e-001 1.875000000e-001 -3.483745888e-011 0.000000000e+000 0.000000000e+000 0.000000000e+000 4.291564270e+002 
d 0.000000000e+000 0.000000000e+000 -4.012494357e-002 5.000000000e+000 5.000000000e+000 4.013395987e-002 2.500000000e-001 2.500000000e-001 -3.734253441e-011 0.000000000e+000 0.000000000e+000 0.000000000e+000 4.299667748e+002 
d 0.000000000e+000 0.000000000e+000 -4.034183948e-002 5.000000000e+000 5.000000000e+000 4.035039094e-002 3.125000000e-001 3.125000000e-001 -3.996160567e-011 0.000000000e+000 0.000000000e+000 0.000000000e+000 4.307573730e+002 
d 0.000000000e+000 0.000000000e+000 -4.055627078e-002 5.000000000e+000 5.000000000e+000 4.054584845e-002 3.750000000e-001 3.750000000e-001 -4.271072156e-011 0.000000000e+000 0.000000000e+000 0.000000000e+000 4.315328652e+002 
d 0.000000000e+000 0.000000000e+000 -4.076208409e-002 5.000000000e+000 5.000000000e+000 4.075228985e-002 4.375000000e-001 4.375000000e-001 -4.556182474e-011 0.000000000e+000 0.000000000e+000 0.000000000e+000 4.322846149e+002 
d 0.000000000e+000 0.000000000e+000 -4.096261407e-002 5.000000000e+000 5.000000000e+000 4.095337147e-002 5.000000000e-001 5.000000000e-001 -4.853090995e-011 0.000000000e+000 0.000000000e+000 0.000000000e+000 4.330175689e+002 
d 0.000000000e+000 0.000000000e+000 -4.134852352e-002 5.000000000e+000 5.000000000e+000 4.133844112e-002 6.250000000e-001 6.250000000e-001 -5.482994273e-011 0.000000000e+000 0.000000000e+000 0.000000000e+000 4.344288803e+002 
d 0.000000000e+000 0.000000000e+000 -4.171419825e-002 5.000000000e+000 5.000000000e+000 4.170539189e-002 7.500000000e-001 7.500000000e-001 -6.161325206e-011 0.000000000e+000 0.000000000e+000 0.000000000e+000 4.357687137e+002 
d 0.000000000e+000 0.000000000e+000 -4.205807424e-002 5.000000000e+000 5.000000000e+000 4.206806341e-002 8.750000000e-001 8.750000000e-001 -6.886668244e-011 0.000000000e+000 0.000000000e+000 0.000000000e+000 4.370364572e+002 
d 0.000000000e+000 0.000000000e+000 -4.238711039e-002 5.000000000e+000 5.000000000e+000 4.239582838e-002 1.000000000e+000 1.000000000e+000 -7.663331007e-011 0.000000000e+000 0.000000000e+000 0.000000000e+000 4.382441252e+002 
