v ATLAS
# This file was created by ATLAS version 5.22.1.R on Fri Dec 20 10:37:52 2019.
#SSF 2.0 generic
##############################################################################
#                    Copyright (c) 1984 - 2015                               #
#                    Silvaco Inc. All rights reserved                        #
#                                                                            #
# This file format and the following Key are copyright Silvaco Inc.          #
# You may not use, this format or key without reproducing this message in    #
# full and obtaining express written permission from Silvaco Inc.            #
#                                                                            #
# To obtain such permission please contact: Silvaco Inc.                     #
#                                           support@silvaco.com              #
#                                                                            #
# KEY=SVC86hn7562asdx                       PROD=345                         #
##############################################################################
y 3 700 711 15
z 1 0.00981003 300
f 4 "source" "drain" "gate" "substrate" 
p 12 2 601 20 3 602 21 4 603 22 5 604 23 
d 0.000000000e+000 0.000000000e+000 -2.394841148e-005 4.000000000e+000 4.000000000e+000 2.394841147e-005 -9.500000000e+000 -9.500000000e+000 -7.233476020e-016 0.000000000e+000 0.000000000e+000 0.000000000e+000 
d 0.000000000e+000 0.000000000e+000 -3.831656150e-005 4.000000000e+000 4.000000000e+000 3.831656150e-005 -9.000000000e+000 -9.000000000e+000 -7.203353978e-016 0.000000000e+000 0.000000000e+000 0.000000000e+000 
d 0.000000000e+000 0.000000000e+000 -5.726255538e-005 4.000000000e+000 4.000000000e+000 5.726255538e-005 -8.500000000e+000 -8.500000000e+000 -7.173098996e-016 0.000000000e+000 0.000000000e+000 0.000000000e+000 
d 0.000000000e+000 0.000000000e+000 -8.274864278e-005 4.000000000e+000 4.000000000e+000 8.274864277e-005 -8.000000000e+000 -8.000000000e+000 -7.142653089e-016 0.000000000e+000 0.000000000e+000 0.000000000e+000 
d 0.000000000e+000 0.000000000e+000 -1.185406691e-004 4.000000000e+000 4.000000000e+000 1.185406691e-004 -7.500000000e+000 -7.500000000e+000 -7.111920630e-016 0.000000000e+000 0.000000000e+000 0.000000000e+000 
d 0.000000000e+000 0.000000000e+000 -1.717454486e-004 4.000000000e+000 4.000000000e+000 1.717454486e-004 -7.000000000e+000 -7.000000000e+000 -7.080766259e-016 0.000000000e+000 0.000000000e+000 0.000000000e+000 
d 0.000000000e+000 0.000000000e+000 -2.601983012e-004 4.000000000e+000 4.000000000e+000 2.601982999e-004 -6.500000000e+000 -6.500000000e+000 -7.048829312e-016 0.000000000e+000 0.000000000e+000 0.000000000e+000 
d 0.000000000e+000 0.000000000e+000 -4.248229816e-004 4.000000000e+000 4.000000000e+000 4.248229816e-004 -6.000000000e+000 -6.000000000e+000 -7.015557429e-016 0.000000000e+000 0.000000000e+000 0.000000000e+000 
d 0.000000000e+000 0.000000000e+000 -8.020385139e-004 4.000000000e+000 4.000000000e+000 8.020385139e-004 -5.500000000e+000 -5.500000000e+000 -6.979534572e-016 0.000000000e+000 0.000000000e+000 0.000000000e+000 
d 0.000000000e+000 0.000000000e+000 -3.287457602e-003 4.000000000e+000 4.000000000e+000 3.287457602e-003 -5.000000000e+000 -5.000000000e+000 -6.874411358e-016 0.000000000e+000 0.000000000e+000 0.000000000e+000 
d 0.000000000e+000 0.000000000e+000 -1.085201596e-002 4.000000000e+000 4.000000000e+000 1.085201596e-002 -4.500000000e+000 -4.500000000e+000 -6.613901033e-016 0.000000000e+000 0.000000000e+000 0.000000000e+000 
d 0.000000000e+000 0.000000000e+000 -2.257287059e-002 4.000000000e+000 4.000000000e+000 2.257287059e-002 -4.000000000e+000 -4.000000000e+000 -6.327050781e-016 0.000000000e+000 0.000000000e+000 0.000000000e+000 
d 0.000000000e+000 0.000000000e+000 -3.751812747e-002 4.000000000e+000 4.000000000e+000 3.751812747e-002 -3.500000000e+000 -3.500000000e+000 -6.048649408e-016 0.000000000e+000 0.000000000e+000 0.000000000e+000 
d 0.000000000e+000 0.000000000e+000 -5.462663543e-002 4.000000000e+000 4.000000000e+000 5.462663543e-002 -3.000000000e+000 -3.000000000e+000 -5.765584574e-016 0.000000000e+000 0.000000000e+000 0.000000000e+000 
d 0.000000000e+000 0.000000000e+000 -7.254309065e-002 4.000000000e+000 4.000000000e+000 7.254309065e-002 -2.500000000e+000 -2.500000000e+000 -5.454923738e-016 0.000000000e+000 0.000000000e+000 0.000000000e+000 
d 0.000000000e+000 0.000000000e+000 -8.966252863e-002 4.000000000e+000 4.000000000e+000 8.966252863e-002 -2.000000000e+000 -2.000000000e+000 -5.092422372e-016 0.000000000e+000 0.000000000e+000 0.000000000e+000 
d 0.000000000e+000 0.000000000e+000 -1.046945599e-001 4.000000000e+000 4.000000000e+000 1.046945599e-001 -1.500000000e+000 -1.500000000e+000 -4.669084179e-016 0.000000000e+000 0.000000000e+000 0.000000000e+000 
d 0.000000000e+000 0.000000000e+000 -1.172833545e-001 4.000000000e+000 4.000000000e+000 1.172833545e-001 -1.000000000e+000 -1.000000000e+000 -4.196550819e-016 0.000000000e+000 0.000000000e+000 0.000000000e+000 
d 0.000000000e+000 0.000000000e+000 -1.277102495e-001 4.000000000e+000 4.000000000e+000 1.277102495e-001 -5.000000000e-001 -5.000000000e-001 -3.691441524e-016 0.000000000e+000 0.000000000e+000 0.000000000e+000 
d 0.000000000e+000 0.000000000e+000 -1.363989196e-001 4.000000000e+000 4.000000000e+000 1.363989181e-001 1.285828941e-015 1.285828941e-015 -3.165828172e-016 0.000000000e+000 0.000000000e+000 0.000000000e+000 
d 0.000000000e+000 0.000000000e+000 -1.437214033e-001 4.000000000e+000 4.000000000e+000 1.437214029e-001 5.000000000e-001 5.000000000e-001 -2.627076495e-016 0.000000000e+000 0.000000000e+000 0.000000000e+000 
d 0.000000000e+000 0.000000000e+000 -1.499676618e-001 4.000000000e+000 4.000000000e+000 1.499676616e-001 1.000000000e+000 1.000000000e+000 -2.079579531e-016 0.000000000e+000 0.000000000e+000 0.000000000e+000 
