v ATLAS
# This file was created by ATLAS version 5.22.1.R on Tue Dec 31 09:26:35 2019.
#SSF 2.0 generic
##############################################################################
#                    Copyright (c) 1984 - 2015                               #
#                    Silvaco Inc. All rights reserved                        #
#                                                                            #
# This file format and the following Key are copyright Silvaco Inc.          #
# You may not use, this format or key without reproducing this message in    #
# full and obtaining express written permission from Silvaco Inc.            #
#                                                                            #
# To obtain such permission please contact: Silvaco Inc.                     #
#                                           support@silvaco.com              #
#                                                                            #
# KEY=SVC86hn7562asdx                       PROD=345                         #
##############################################################################
y 3 700 711 15
z 1 0.00981003 300
f 4 "source" "drain" "gate" "substrate" 
p 13 2 601 20 3 602 21 4 603 22 5 604 23 82 
d 0.000000000e+000 0.000000000e+000 -1.244957848e-012 0.000000000e+000 0.000000000e+000 -4.163138380e-012 -3.000000000e+000 -3.000000000e+000 -1.836237406e-017 0.000000000e+000 0.000000000e+000 0.000000000e+000 3.000000000e+002 
d 0.000000000e+000 0.000000000e+000 -6.294187083e-003 2.500000000e-001 2.500000000e-001 6.294182360e-003 -3.000000000e+000 -3.000000000e+000 -2.088569418e-017 0.000000000e+000 0.000000000e+000 0.000000000e+000 3.008570823e+002 
d 0.000000000e+000 0.000000000e+000 -1.139426678e-002 5.000000000e-001 5.000000000e-001 1.139424984e-002 -3.000000000e+000 -3.000000000e+000 -2.934196507e-017 0.000000000e+000 0.000000000e+000 0.000000000e+000 3.030562577e+002 
d 0.000000000e+000 0.000000000e+000 -1.803606637e-002 1.000000000e+000 1.000000000e+000 1.803648215e-002 -3.000000000e+000 -3.000000000e+000 -8.067097027e-017 0.000000000e+000 0.000000000e+000 0.000000000e+000 3.098128385e+002 
d 0.000000000e+000 0.000000000e+000 -2.100028621e-002 1.500000000e+000 1.500000000e+000 2.099928392e-002 -3.000000000e+000 -3.000000000e+000 -2.396235338e-016 0.000000000e+000 0.000000000e+000 0.000000000e+000 3.174385297e+002 
d 0.000000000e+000 0.000000000e+000 -2.187852141e-002 2.000000000e+000 2.000000000e+000 2.187963810e-002 -3.000000000e+000 -3.000000000e+000 -6.352621059e-016 0.000000000e+000 0.000000000e+000 0.000000000e+000 3.246180553e+002 
d 0.000000000e+000 0.000000000e+000 -2.185819146e-002 2.500000000e+000 2.500000000e+000 2.185686453e-002 -3.000000000e+000 -3.000000000e+000 -1.488268734e-015 0.000000000e+000 0.000000000e+000 0.000000000e+000 3.311697788e+002 
d 0.000000000e+000 0.000000000e+000 -2.152357897e-002 3.000000000e+000 3.000000000e+000 2.152525011e-002 -3.000000000e+000 -3.000000000e+000 -3.193389185e-015 0.000000000e+000 0.000000000e+000 0.000000000e+000 3.372657497e+002 
d 0.000000000e+000 0.000000000e+000 -2.109292697e-002 3.500000000e+000 3.500000000e+000 2.109085895e-002 -3.000000000e+000 -3.000000000e+000 -6.433008029e-015 0.000000000e+000 0.000000000e+000 0.000000000e+000 3.430473049e+002 
d 0.000000000e+000 0.000000000e+000 -2.063964761e-002 4.000000000e+000 4.000000000e+000 2.064221768e-002 -3.000000000e+000 -3.000000000e+000 -1.234074738e-014 0.000000000e+000 0.000000000e+000 0.000000000e+000 3.486457257e+002 
d 0.000000000e+000 0.000000000e+000 -2.019477262e-002 4.500000000e+000 4.500000000e+000 2.019140387e-002 -3.000000000e+000 -3.000000000e+000 -2.273131848e-014 0.000000000e+000 0.000000000e+000 0.000000000e+000 3.540446736e+002 
d 0.000000000e+000 0.000000000e+000 -1.976339027e-002 5.000000000e+000 5.000000000e+000 1.976091787e-002 -3.000000000e+000 -3.000000000e+000 -4.042034514e-014 0.000000000e+000 0.000000000e+000 0.000000000e+000 3.592679696e+002 
d 0.000000000e+000 0.000000000e+000 -1.935113516e-002 5.500000000e+000 5.500000000e+000 1.935463745e-002 -3.000000000e+000 -3.000000000e+000 -6.971373558e-014 0.000000000e+000 0.000000000e+000 0.000000000e+000 3.643375691e+002 
d 0.000000000e+000 0.000000000e+000 -1.896364073e-002 6.000000000e+000 6.000000000e+000 1.896648905e-002 -3.000000000e+000 -3.000000000e+000 -1.171661474e-013 0.000000000e+000 0.000000000e+000 0.000000000e+000 3.692816801e+002 
d 0.000000000e+000 0.000000000e+000 -1.860208824e-002 6.500000000e+000 6.500000000e+000 1.859803574e-002 -3.000000000e+000 -3.000000000e+000 -1.926810632e-013 0.000000000e+000 0.000000000e+000 0.000000000e+000 3.741264222e+002 
d 0.000000000e+000 0.000000000e+000 -1.826261656e-002 7.000000000e+000 7.000000000e+000 1.825881563e-002 -3.000000000e+000 -3.000000000e+000 -3.109952372e-013 0.000000000e+000 0.000000000e+000 0.000000000e+000 3.788886986e+002 
d 0.000000000e+000 0.000000000e+000 -1.794423863e-002 7.500000000e+000 7.500000000e+000 1.794043863e-002 -3.000000000e+000 -3.000000000e+000 -4.934164474e-013 0.000000000e+000 0.000000000e+000 0.000000000e+000 3.835795758e+002 
d 0.000000000e+000 0.000000000e+000 -1.764503958e-002 8.000000000e+000 8.000000000e+000 1.764109213e-002 -3.000000000e+000 -3.000000000e+000 -7.707485044e-013 0.000000000e+000 0.000000000e+000 0.000000000e+000 3.882052011e+002 
d 0.000000000e+000 0.000000000e+000 -1.749988921e-002 8.250000000e+000 8.250000000e+000 1.750357460e-002 -3.000000000e+000 -3.000000000e+000 -9.579123603e-013 0.000000000e+000 0.000000000e+000 0.000000000e+000 3.904940937e+002 
d 0.000000000e+000 0.000000000e+000 -1.736056309e-002 8.500000000e+000 8.500000000e+000 1.736563358e-002 -3.000000000e+000 -3.000000000e+000 -1.186610548e-012 0.000000000e+000 0.000000000e+000 0.000000000e+000 3.927708456e+002 
d 0.000000000e+000 0.000000000e+000 -1.722841511e-002 8.750000000e+000 8.750000000e+000 1.722337584e-002 -3.000000000e+000 -3.000000000e+000 -1.465454593e-012 0.000000000e+000 0.000000000e+000 0.000000000e+000 3.950376449e+002 
d 0.000000000e+000 0.000000000e+000 -1.716233737e-002 8.875000000e+000 8.875000000e+000 1.715725210e-002 -3.000000000e+000 -3.000000000e+000 -1.626409337e-012 0.000000000e+000 0.000000000e+000 0.000000000e+000 3.961651341e+002 
d 0.000000000e+000 0.000000000e+000 -1.709444235e-002 9.000000000e+000 9.000000000e+000 1.709877399e-002 -3.000000000e+000 -3.000000000e+000 -1.803210506e-012 0.000000000e+000 0.000000000e+000 0.000000000e+000 3.972871054e+002 
d 0.000000000e+000 0.000000000e+000 -1.702995956e-002 9.125000000e+000 9.125000000e+000 1.703489441e-002 -3.000000000e+000 -3.000000000e+000 -1.998116670e-012 0.000000000e+000 0.000000000e+000 0.000000000e+000 3.984084650e+002 
d 0.000000000e+000 0.000000000e+000 -1.696918600e-002 9.250000000e+000 9.250000000e+000 1.696495507e-002 -3.000000000e+000 -3.000000000e+000 -2.212945879e-012 0.000000000e+000 0.000000000e+000 0.000000000e+000 3.995296199e+002 
d 0.000000000e+000 0.000000000e+000 -1.690675597e-002 9.375000000e+000 9.375000000e+000 1.690199052e-002 -3.000000000e+000 -3.000000000e+000 -2.448523481e-012 0.000000000e+000 0.000000000e+000 0.000000000e+000 4.006456316e+002 
d 0.000000000e+000 0.000000000e+000 -1.687562178e-002 9.437500000e+000 9.437500000e+000 1.687136913e-002 -3.000000000e+000 -3.000000000e+000 -2.574794356e-012 0.000000000e+000 0.000000000e+000 0.000000000e+000 4.012023830e+002 
d 0.000000000e+000 0.000000000e+000 -1.684490721e-002 9.500000000e+000 9.500000000e+000 1.684042823e-002 -3.000000000e+000 -3.000000000e+000 -2.707133661e-012 0.000000000e+000 0.000000000e+000 0.000000000e+000 4.017586565e+002 
d 0.000000000e+000 0.000000000e+000 -1.681439397e-002 9.562500000e+000 9.562500000e+000 1.680968575e-002 -3.000000000e+000 -3.000000000e+000 -2.845760691e-012 0.000000000e+000 0.000000000e+000 0.000000000e+000 4.023143034e+002 
d 0.000000000e+000 0.000000000e+000 -1.678407980e-002 9.625000000e+000 9.625000000e+000 1.677913816e-002 -3.000000000e+000 -3.000000000e+000 -2.990950483e-012 0.000000000e+000 0.000000000e+000 0.000000000e+000 4.028696266e+002 
d 0.000000000e+000 0.000000000e+000 -1.675396171e-002 9.687500000e+000 9.687500000e+000 1.674878324e-002 -3.000000000e+000 -3.000000000e+000 -3.142988991e-012 0.000000000e+000 0.000000000e+000 0.000000000e+000 4.034242827e+002 
d 0.000000000e+000 0.000000000e+000 -1.672117318e-002 9.750000000e+000 9.750000000e+000 1.672536797e-002 -3.000000000e+000 -3.000000000e+000 -3.301364338e-012 0.000000000e+000 0.000000000e+000 0.000000000e+000 4.039755190e+002 
d 0.000000000e+000 0.000000000e+000 -1.669129094e-002 9.812500000e+000 9.812500000e+000 1.669570770e-002 -3.000000000e+000 -3.000000000e+000 -3.467919390e-012 0.000000000e+000 0.000000000e+000 0.000000000e+000 4.045287100e+002 
d 0.000000000e+000 0.000000000e+000 -1.666159848e-002 9.875000000e+000 9.875000000e+000 1.666622276e-002 -3.000000000e+000 -3.000000000e+000 -3.642246065e-012 0.000000000e+000 0.000000000e+000 0.000000000e+000 4.050812567e+002 
d 0.000000000e+000 0.000000000e+000 -1.663208789e-002 9.937500000e+000 9.937500000e+000 1.663692579e-002 -3.000000000e+000 -3.000000000e+000 -3.824676632e-012 0.000000000e+000 0.000000000e+000 0.000000000e+000 4.056331612e+002 
d 0.000000000e+000 0.000000000e+000 -1.660275810e-002 1.000000000e+001 1.000000000e+001 1.660781486e-002 -3.000000000e+000 -3.000000000e+000 -4.015558342e-012 0.000000000e+000 0.000000000e+000 0.000000000e+000 4.061844321e+002 
d 0.000000000e+000 0.000000000e+000 -1.657645126e-002 1.006250000e+001 1.006250000e+001 1.657231853e-002 -3.000000000e+000 -3.000000000e+000 -4.216281123e-012 0.000000000e+000 0.000000000e+000 0.000000000e+000 4.067378597e+002 
d 0.000000000e+000 0.000000000e+000 -1.654760695e-002 1.012500000e+001 1.012500000e+001 1.654330963e-002 -3.000000000e+000 -3.000000000e+000 -4.425261274e-012 0.000000000e+000 0.000000000e+000 0.000000000e+000 4.072880196e+002 
d 0.000000000e+000 0.000000000e+000 -1.651894940e-002 1.018750000e+001 1.018750000e+001 1.651446585e-002 -3.000000000e+000 -3.000000000e+000 -4.643828109e-012 0.000000000e+000 0.000000000e+000 0.000000000e+000 4.078375775e+002 
d 0.000000000e+000 0.000000000e+000 -1.649047077e-002 1.025000000e+001 1.025000000e+001 1.648580235e-002 -3.000000000e+000 -3.000000000e+000 -4.872384185e-012 0.000000000e+000 0.000000000e+000 0.000000000e+000 4.083865335e+002 
d 0.000000000e+000 0.000000000e+000 -1.646216994e-002 1.031250000e+001 1.031250000e+001 1.645731427e-002 -3.000000000e+000 -3.000000000e+000 -5.111349939e-012 0.000000000e+000 0.000000000e+000 0.000000000e+000 4.089348934e+002 
d 0.000000000e+000 0.000000000e+000 -1.643404335e-002 1.037500000e+001 1.037500000e+001 1.642900103e-002 -3.000000000e+000 -3.000000000e+000 -5.361161678e-012 0.000000000e+000 0.000000000e+000 0.000000000e+000 4.094826616e+002 
d 0.000000000e+000 0.000000000e+000 -1.640608885e-002 1.043750000e+001 1.043750000e+001 1.640085887e-002 -3.000000000e+000 -3.000000000e+000 -5.622273285e-012 0.000000000e+000 0.000000000e+000 0.000000000e+000 4.100298445e+002 
d 0.000000000e+000 0.000000000e+000 -1.639182862e-002 1.046875000e+001 1.046875000e+001 1.638762726e-002 -3.000000000e+000 -3.000000000e+000 -5.757041015e-012 0.000000000e+000 0.000000000e+000 0.000000000e+000 4.103028721e+002 
d 0.000000000e+000 0.000000000e+000 -1.637795015e-002 1.050000000e+001 1.050000000e+001 1.637367639e-002 -3.000000000e+000 -3.000000000e+000 -5.894975725e-012 0.000000000e+000 0.000000000e+000 0.000000000e+000 4.105760936e+002 
d 0.000000000e+000 0.000000000e+000 -1.636411197e-002 1.053125000e+001 1.053125000e+001 1.635977121e-002 -3.000000000e+000 -3.000000000e+000 -6.035973846e-012 0.000000000e+000 0.000000000e+000 0.000000000e+000 4.108491697e+002 
d 0.000000000e+000 0.000000000e+000 -1.635031552e-002 1.056250000e+001 1.056250000e+001 1.634590778e-002 -3.000000000e+000 -3.000000000e+000 -6.180099020e-012 0.000000000e+000 0.000000000e+000 0.000000000e+000 4.111221027e+002 
d 0.000000000e+000 0.000000000e+000 -1.633656052e-002 1.059375000e+001 1.059375000e+001 1.633208595e-002 -3.000000000e+000 -3.000000000e+000 -6.327415231e-012 0.000000000e+000 0.000000000e+000 0.000000000e+000 4.113948933e+002 
d 0.000000000e+000 0.000000000e+000 -1.632284673e-002 1.062500000e+001 1.062500000e+001 1.631830550e-002 -3.000000000e+000 -3.000000000e+000 -6.477987674e-012 0.000000000e+000 0.000000000e+000 0.000000000e+000 4.116675421e+002 
d 0.000000000e+000 0.000000000e+000 -1.630917392e-002 1.065625000e+001 1.065625000e+001 1.630456622e-002 -3.000000000e+000 -3.000000000e+000 -6.631882764e-012 0.000000000e+000 0.000000000e+000 0.000000000e+000 4.119400499e+002 
d 0.000000000e+000 0.000000000e+000 -1.629554185e-002 1.068750000e+001 1.068750000e+001 1.629086792e-002 -3.000000000e+000 -3.000000000e+000 -6.789168158e-012 0.000000000e+000 0.000000000e+000 0.000000000e+000 4.122124171e+002 
d 0.000000000e+000 0.000000000e+000 -1.628195029e-002 1.071875000e+001 1.071875000e+001 1.627721039e-002 -3.000000000e+000 -3.000000000e+000 -6.949912781e-012 0.000000000e+000 0.000000000e+000 0.000000000e+000 4.124846445e+002 
d 0.000000000e+000 0.000000000e+000 -1.626839900e-002 1.075000000e+001 1.075000000e+001 1.626359340e-002 -3.000000000e+000 -3.000000000e+000 -7.114186846e-012 0.000000000e+000 0.000000000e+000 0.000000000e+000 4.127567327e+002 
d 0.000000000e+000 0.000000000e+000 -1.625488775e-002 1.078125000e+001 1.078125000e+001 1.625001681e-002 -3.000000000e+000 -3.000000000e+000 -7.282061855e-012 0.000000000e+000 0.000000000e+000 0.000000000e+000 4.130286823e+002 
d 0.000000000e+000 0.000000000e+000 -1.624141630e-002 1.081250000e+001 1.081250000e+001 1.623648039e-002 -3.000000000e+000 -3.000000000e+000 -7.453610658e-012 0.000000000e+000 0.000000000e+000 0.000000000e+000 4.133004939e+002 
d 0.000000000e+000 0.000000000e+000 -1.622798444e-002 1.084375000e+001 1.084375000e+001 1.622298394e-002 -3.000000000e+000 -3.000000000e+000 -7.628907446e-012 0.000000000e+000 0.000000000e+000 0.000000000e+000 4.135721682e+002 
d 0.000000000e+000 0.000000000e+000 -1.621459193e-002 1.087500000e+001 1.087500000e+001 1.620952728e-002 -3.000000000e+000 -3.000000000e+000 -7.808027788e-012 0.000000000e+000 0.000000000e+000 0.000000000e+000 4.138437057e+002 
d 0.000000000e+000 0.000000000e+000 -1.620123852e-002 1.090625000e+001 1.090625000e+001 1.619611025e-002 -3.000000000e+000 -3.000000000e+000 -7.991048591e-012 0.000000000e+000 0.000000000e+000 0.000000000e+000 4.141151070e+002 
d 0.000000000e+000 0.000000000e+000 -1.618792398e-002 1.093750000e+001 1.093750000e+001 1.618273262e-002 -3.000000000e+000 -3.000000000e+000 -8.178048135e-012 0.000000000e+000 0.000000000e+000 0.000000000e+000 4.143863725e+002 
d 0.000000000e+000 0.000000000e+000 -1.617464810e-002 1.096875000e+001 1.096875000e+001 1.616939418e-002 -3.000000000e+000 -3.000000000e+000 -8.369106239e-012 0.000000000e+000 0.000000000e+000 0.000000000e+000 4.146575028e+002 
d 0.000000000e+000 0.000000000e+000 -1.615836150e-002 1.100000000e+001 1.100000000e+001 1.616262697e-002 -3.000000000e+000 -3.000000000e+000 -8.562050840e-012 0.000000000e+000 0.000000000e+000 0.000000000e+000 4.149253877e+002 
d 0.000000000e+000 0.000000000e+000 -1.614510501e-002 1.103125000e+001 1.103125000e+001 1.614947293e-002 -3.000000000e+000 -3.000000000e+000 -8.761375491e-012 0.000000000e+000 0.000000000e+000 0.000000000e+000 4.151961870e+002 
d 0.000000000e+000 0.000000000e+000 -1.613190241e-002 1.106250000e+001 1.106250000e+001 1.613632321e-002 -3.000000000e+000 -3.000000000e+000 -8.965016208e-012 0.000000000e+000 0.000000000e+000 0.000000000e+000 4.154668689e+002 
d 0.000000000e+000 0.000000000e+000 -1.611873785e-002 1.109375000e+001 1.109375000e+001 1.612321109e-002 -3.000000000e+000 -3.000000000e+000 -9.173047224e-012 0.000000000e+000 0.000000000e+000 0.000000000e+000 4.157374181e+002 
d 0.000000000e+000 0.000000000e+000 -1.610561116e-002 1.112500000e+001 1.112500000e+001 1.611013631e-002 -3.000000000e+000 -3.000000000e+000 -9.385555926e-012 0.000000000e+000 0.000000000e+000 0.000000000e+000 4.160078351e+002 
d 0.000000000e+000 0.000000000e+000 -1.609252215e-002 1.115625000e+001 1.115625000e+001 1.609709866e-002 -3.000000000e+000 -3.000000000e+000 -9.602631276e-012 0.000000000e+000 0.000000000e+000 0.000000000e+000 4.162781207e+002 
d 0.000000000e+000 0.000000000e+000 -1.607947064e-002 1.118750000e+001 1.118750000e+001 1.608409791e-002 -3.000000000e+000 -3.000000000e+000 -9.824363858e-012 0.000000000e+000 0.000000000e+000 0.000000000e+000 4.165482753e+002 
d 0.000000000e+000 0.000000000e+000 -1.606645644e-002 1.121875000e+001 1.121875000e+001 1.607113385e-002 -3.000000000e+000 -3.000000000e+000 -1.005084591e-011 0.000000000e+000 0.000000000e+000 0.000000000e+000 4.168182995e+002 
d 0.000000000e+000 0.000000000e+000 -1.605347935e-002 1.125000000e+001 1.125000000e+001 1.605820626e-002 -3.000000000e+000 -3.000000000e+000 -1.028217133e-011 0.000000000e+000 0.000000000e+000 0.000000000e+000 4.170881940e+002 
d 0.000000000e+000 0.000000000e+000 -1.604053921e-002 1.128125000e+001 1.128125000e+001 1.604531494e-002 -3.000000000e+000 -3.000000000e+000 -1.051843573e-011 0.000000000e+000 0.000000000e+000 0.000000000e+000 4.173579591e+002 
d 0.000000000e+000 0.000000000e+000 -1.602763582e-002 1.131250000e+001 1.131250000e+001 1.603245967e-002 -3.000000000e+000 -3.000000000e+000 -1.075973646e-011 0.000000000e+000 0.000000000e+000 0.000000000e+000 4.176275956e+002 
d 0.000000000e+000 0.000000000e+000 -1.601476901e-002 1.134375000e+001 1.134375000e+001 1.601964024e-002 -3.000000000e+000 -3.000000000e+000 -1.100617262e-011 0.000000000e+000 0.000000000e+000 0.000000000e+000 4.178971040e+002 
d 0.000000000e+000 0.000000000e+000 -1.600193859e-002 1.137500000e+001 1.137500000e+001 1.600685646e-002 -3.000000000e+000 -3.000000000e+000 -1.125784510e-011 0.000000000e+000 0.000000000e+000 0.000000000e+000 4.181664847e+002 
d 0.000000000e+000 0.000000000e+000 -1.598914438e-002 1.140625000e+001 1.140625000e+001 1.599410810e-002 -3.000000000e+000 -3.000000000e+000 -1.151485661e-011 0.000000000e+000 0.000000000e+000 0.000000000e+000 4.184357384e+002 
d 0.000000000e+000 0.000000000e+000 -1.597638621e-002 1.143750000e+001 1.143750000e+001 1.598139498e-002 -3.000000000e+000 -3.000000000e+000 -1.177731169e-011 0.000000000e+000 0.000000000e+000 0.000000000e+000 4.187048656e+002 
d 0.000000000e+000 0.000000000e+000 -1.596366390e-002 1.146875000e+001 1.146875000e+001 1.596871688e-002 -3.000000000e+000 -3.000000000e+000 -1.204531679e-011 0.000000000e+000 0.000000000e+000 0.000000000e+000 4.189738668e+002 
d 0.000000000e+000 0.000000000e+000 -1.595097727e-002 1.150000000e+001 1.150000000e+001 1.595607361e-002 -3.000000000e+000 -3.000000000e+000 -1.231898024e-011 0.000000000e+000 0.000000000e+000 0.000000000e+000 4.192427426e+002 
d 0.000000000e+000 0.000000000e+000 -1.593832616e-002 1.153125000e+001 1.153125000e+001 1.594346497e-002 -3.000000000e+000 -3.000000000e+000 -1.259841232e-011 0.000000000e+000 0.000000000e+000 0.000000000e+000 4.195114934e+002 
d 0.000000000e+000 0.000000000e+000 -1.592571038e-002 1.156250000e+001 1.156250000e+001 1.593089075e-002 -3.000000000e+000 -3.000000000e+000 -1.288372528e-011 0.000000000e+000 0.000000000e+000 0.000000000e+000 4.197801198e+002 
d 0.000000000e+000 0.000000000e+000 -1.591312977e-002 1.159375000e+001 1.159375000e+001 1.591835078e-002 -3.000000000e+000 -3.000000000e+000 -1.317503338e-011 0.000000000e+000 0.000000000e+000 0.000000000e+000 4.200486223e+002 
d 0.000000000e+000 0.000000000e+000 -1.590058416e-002 1.162500000e+001 1.162500000e+001 1.590584485e-002 -3.000000000e+000 -3.000000000e+000 -1.347245289e-011 0.000000000e+000 0.000000000e+000 0.000000000e+000 4.203170014e+002 
d 0.000000000e+000 0.000000000e+000 -1.588807337e-002 1.165625000e+001 1.165625000e+001 1.589337276e-002 -3.000000000e+000 -3.000000000e+000 -1.377610219e-011 0.000000000e+000 0.000000000e+000 0.000000000e+000 4.205852576e+002 
d 0.000000000e+000 0.000000000e+000 -1.587877766e-002 1.168750000e+001 1.168750000e+001 1.587444456e-002 -3.000000000e+000 -3.000000000e+000 -1.408996888e-011 0.000000000e+000 0.000000000e+000 0.000000000e+000 4.208567218e+002 
d 0.000000000e+000 0.000000000e+000 -1.586634479e-002 1.171875000e+001 1.171875000e+001 1.586203435e-002 -3.000000000e+000 -3.000000000e+000 -1.440653877e-011 0.000000000e+000 0.000000000e+000 0.000000000e+000 4.211247465e+002 
d 0.000000000e+000 0.000000000e+000 -1.585396334e-002 1.175000000e+001 1.175000000e+001 1.584962254e-002 -3.000000000e+000 -3.000000000e+000 -1.472973024e-011 0.000000000e+000 0.000000000e+000 0.000000000e+000 4.213926678e+002 
d 0.000000000e+000 0.000000000e+000 -1.584161521e-002 1.178125000e+001 1.178125000e+001 1.583724552e-002 -3.000000000e+000 -3.000000000e+000 -1.505964845e-011 0.000000000e+000 0.000000000e+000 0.000000000e+000 4.216604674e+002 
d 0.000000000e+000 0.000000000e+000 -1.582930042e-002 1.181250000e+001 1.181250000e+001 1.582490273e-002 -3.000000000e+000 -3.000000000e+000 -1.539642284e-011 0.000000000e+000 0.000000000e+000 0.000000000e+000 4.219281458e+002 
d 0.000000000e+000 0.000000000e+000 -1.581701878e-002 1.184375000e+001 1.184375000e+001 1.581259399e-002 -3.000000000e+000 -3.000000000e+000 -1.574018491e-011 0.000000000e+000 0.000000000e+000 0.000000000e+000 4.221957035e+002 
d 0.000000000e+000 0.000000000e+000 -1.580477012e-002 1.187500000e+001 1.187500000e+001 1.580031914e-002 -3.000000000e+000 -3.000000000e+000 -1.609106841e-011 0.000000000e+000 0.000000000e+000 0.000000000e+000 4.224631410e+002 
d 0.000000000e+000 0.000000000e+000 -1.579255425e-002 1.190625000e+001 1.190625000e+001 1.578807802e-002 -3.000000000e+000 -3.000000000e+000 -1.644920950e-011 0.000000000e+000 0.000000000e+000 0.000000000e+000 4.227304588e+002 
d 0.000000000e+000 0.000000000e+000 -1.578037101e-002 1.193750000e+001 1.193750000e+001 1.577587047e-002 -3.000000000e+000 -3.000000000e+000 -1.681474667e-011 0.000000000e+000 0.000000000e+000 0.000000000e+000 4.229976572e+002 
d 0.000000000e+000 0.000000000e+000 -1.576822021e-002 1.196875000e+001 1.196875000e+001 1.576369632e-002 -3.000000000e+000 -3.000000000e+000 -1.718782086e-011 0.000000000e+000 0.000000000e+000 0.000000000e+000 4.232647367e+002 
d 0.000000000e+000 0.000000000e+000 -1.575610169e-002 1.200000000e+001 1.200000000e+001 1.575155542e-002 -3.000000000e+000 -3.000000000e+000 -1.756857545e-011 0.000000000e+000 0.000000000e+000 0.000000000e+000 4.235316977e+002 
d 0.000000000e+000 0.000000000e+000 -1.574401526e-002 1.203125000e+001 1.203125000e+001 1.573944760e-002 -3.000000000e+000 -3.000000000e+000 -1.795715632e-011 0.000000000e+000 0.000000000e+000 0.000000000e+000 4.237985407e+002 
d 0.000000000e+000 0.000000000e+000 -1.573196076e-002 1.206250000e+001 1.206250000e+001 1.572737269e-002 -3.000000000e+000 -3.000000000e+000 -1.835371190e-011 0.000000000e+000 0.000000000e+000 0.000000000e+000 4.240652660e+002 
d 0.000000000e+000 0.000000000e+000 -1.571993802e-002 1.209375000e+001 1.209375000e+001 1.571533055e-002 -3.000000000e+000 -3.000000000e+000 -1.875839317e-011 0.000000000e+000 0.000000000e+000 0.000000000e+000 4.243318741e+002 
d 0.000000000e+000 0.000000000e+000 -1.570794686e-002 1.212500000e+001 1.212500000e+001 1.570332100e-002 -3.000000000e+000 -3.000000000e+000 -1.917135374e-011 0.000000000e+000 0.000000000e+000 0.000000000e+000 4.245983653e+002 
d 0.000000000e+000 0.000000000e+000 -1.569598713e-002 1.215625000e+001 1.215625000e+001 1.569134389e-002 -3.000000000e+000 -3.000000000e+000 -1.959274988e-011 0.000000000e+000 0.000000000e+000 0.000000000e+000 4.248647401e+002 
d 0.000000000e+000 0.000000000e+000 -1.568405865e-002 1.218750000e+001 1.218750000e+001 1.567939906e-002 -3.000000000e+000 -3.000000000e+000 -2.002274053e-011 0.000000000e+000 0.000000000e+000 0.000000000e+000 4.251309989e+002 
d 0.000000000e+000 0.000000000e+000 -1.567216125e-002 1.221875000e+001 1.221875000e+001 1.566748635e-002 -3.000000000e+000 -3.000000000e+000 -2.046148741e-011 0.000000000e+000 0.000000000e+000 0.000000000e+000 4.253971420e+002 
d 0.000000000e+000 0.000000000e+000 -1.566029477e-002 1.225000000e+001 1.225000000e+001 1.565560559e-002 -3.000000000e+000 -3.000000000e+000 -2.090915498e-011 0.000000000e+000 0.000000000e+000 0.000000000e+000 4.256631698e+002 
d 0.000000000e+000 0.000000000e+000 -1.564845906e-002 1.228125000e+001 1.228125000e+001 1.564375664e-002 -3.000000000e+000 -3.000000000e+000 -2.136591055e-011 0.000000000e+000 0.000000000e+000 0.000000000e+000 4.259290827e+002 
d 0.000000000e+000 0.000000000e+000 -1.563665394e-002 1.231250000e+001 1.231250000e+001 1.563193932e-002 -3.000000000e+000 -3.000000000e+000 -2.183192429e-011 0.000000000e+000 0.000000000e+000 0.000000000e+000 4.261948811e+002 
d 0.000000000e+000 0.000000000e+000 -1.562487925e-002 1.234375000e+001 1.234375000e+001 1.562015349e-002 -3.000000000e+000 -3.000000000e+000 -2.230736927e-011 0.000000000e+000 0.000000000e+000 0.000000000e+000 4.264605653e+002 
d 0.000000000e+000 0.000000000e+000 -1.561313484e-002 1.237500000e+001 1.237500000e+001 1.560839898e-002 -3.000000000e+000 -3.000000000e+000 -2.279242153e-011 0.000000000e+000 0.000000000e+000 0.000000000e+000 4.267261357e+002 
d 0.000000000e+000 0.000000000e+000 -1.560142054e-002 1.240625000e+001 1.240625000e+001 1.559667563e-002 -3.000000000e+000 -3.000000000e+000 -2.328726010e-011 0.000000000e+000 0.000000000e+000 0.000000000e+000 4.269915926e+002 
d 0.000000000e+000 0.000000000e+000 -1.558973620e-002 1.243750000e+001 1.243750000e+001 1.558498329e-002 -3.000000000e+000 -3.000000000e+000 -2.379206708e-011 0.000000000e+000 0.000000000e+000 0.000000000e+000 4.272569364e+002 
d 0.000000000e+000 0.000000000e+000 -1.557808167e-002 1.246875000e+001 1.246875000e+001 1.557332179e-002 -3.000000000e+000 -3.000000000e+000 -2.430702763e-011 0.000000000e+000 0.000000000e+000 0.000000000e+000 4.275221674e+002 
d 0.000000000e+000 0.000000000e+000 -1.556645678e-002 1.250000000e+001 1.250000000e+001 1.556169098e-002 -3.000000000e+000 -3.000000000e+000 -2.483233009e-011 0.000000000e+000 0.000000000e+000 0.000000000e+000 4.277872860e+002 
d 0.000000000e+000 0.000000000e+000 -1.555486138e-002 1.253125000e+001 1.253125000e+001 1.555009070e-002 -3.000000000e+000 -3.000000000e+000 -2.536816596e-011 0.000000000e+000 0.000000000e+000 0.000000000e+000 4.280522925e+002 
d 0.000000000e+000 0.000000000e+000 -1.554329533e-002 1.256250000e+001 1.256250000e+001 1.553852079e-002 -3.000000000e+000 -3.000000000e+000 -2.591473001e-011 0.000000000e+000 0.000000000e+000 0.000000000e+000 4.283171872e+002 
d 0.000000000e+000 0.000000000e+000 -1.553175847e-002 1.259375000e+001 1.259375000e+001 1.552698109e-002 -3.000000000e+000 -3.000000000e+000 -2.647222033e-011 0.000000000e+000 0.000000000e+000 0.000000000e+000 4.285819705e+002 
d 0.000000000e+000 0.000000000e+000 -1.552025067e-002 1.262500000e+001 1.262500000e+001 1.551547144e-002 -3.000000000e+000 -3.000000000e+000 -2.704083842e-011 0.000000000e+000 0.000000000e+000 0.000000000e+000 4.288466427e+002 
d 0.000000000e+000 0.000000000e+000 -1.550877178e-002 1.265625000e+001 1.265625000e+001 1.550399168e-002 -3.000000000e+000 -3.000000000e+000 -2.762078922e-011 0.000000000e+000 0.000000000e+000 0.000000000e+000 4.291112042e+002 
d 0.000000000e+000 0.000000000e+000 -1.549732166e-002 1.268750000e+001 1.268750000e+001 1.549254167e-002 -3.000000000e+000 -3.000000000e+000 -2.821228111e-011 0.000000000e+000 0.000000000e+000 0.000000000e+000 4.293756555e+002 
d 0.000000000e+000 0.000000000e+000 -1.548590018e-002 1.271875000e+001 1.271875000e+001 1.548112127e-002 -3.000000000e+000 -3.000000000e+000 -2.881552602e-011 0.000000000e+000 0.000000000e+000 0.000000000e+000 4.296399968e+002 
d 0.000000000e+000 0.000000000e+000 -1.547450719e-002 1.275000000e+001 1.275000000e+001 1.546973031e-002 -3.000000000e+000 -3.000000000e+000 -2.943073943e-011 0.000000000e+000 0.000000000e+000 0.000000000e+000 4.299042287e+002 
d 0.000000000e+000 0.000000000e+000 -1.546314257e-002 1.278125000e+001 1.278125000e+001 1.545836867e-002 -3.000000000e+000 -3.000000000e+000 -3.005814048e-011 0.000000000e+000 0.000000000e+000 0.000000000e+000 4.301683514e+002 
d 0.000000000e+000 0.000000000e+000 -1.545180618e-002 1.281250000e+001 1.281250000e+001 1.544703620e-002 -3.000000000e+000 -3.000000000e+000 -3.069795197e-011 0.000000000e+000 0.000000000e+000 0.000000000e+000 4.304323653e+002 
d 0.000000000e+000 0.000000000e+000 -1.544049789e-002 1.284375000e+001 1.284375000e+001 1.543573275e-002 -3.000000000e+000 -3.000000000e+000 -3.135040048e-011 0.000000000e+000 0.000000000e+000 0.000000000e+000 4.306962710e+002 
d 0.000000000e+000 0.000000000e+000 -1.542921757e-002 1.287500000e+001 1.287500000e+001 1.542445817e-002 -3.000000000e+000 -3.000000000e+000 -3.201571636e-011 0.000000000e+000 0.000000000e+000 0.000000000e+000 4.309600686e+002 
d 0.000000000e+000 0.000000000e+000 -1.541796508e-002 1.290625000e+001 1.290625000e+001 1.541321234e-002 -3.000000000e+000 -3.000000000e+000 -3.269413383e-011 0.000000000e+000 0.000000000e+000 0.000000000e+000 4.312237588e+002 
d 0.000000000e+000 0.000000000e+000 -1.540674031e-002 1.293750000e+001 1.293750000e+001 1.540199512e-002 -3.000000000e+000 -3.000000000e+000 -3.338589102e-011 0.000000000e+000 0.000000000e+000 0.000000000e+000 4.314873418e+002 
d 0.000000000e+000 0.000000000e+000 -1.539554312e-002 1.296875000e+001 1.296875000e+001 1.539080636e-002 -3.000000000e+000 -3.000000000e+000 -3.409123004e-011 0.000000000e+000 0.000000000e+000 0.000000000e+000 4.317508181e+002 
d 0.000000000e+000 0.000000000e+000 -1.538437340e-002 1.300000000e+001 1.300000000e+001 1.537964592e-002 -3.000000000e+000 -3.000000000e+000 -3.481039703e-011 0.000000000e+000 0.000000000e+000 0.000000000e+000 4.320141879e+002 
d 0.000000000e+000 0.000000000e+000 -1.537323101e-002 1.303125000e+001 1.303125000e+001 1.536851368e-002 -3.000000000e+000 -3.000000000e+000 -3.554364222e-011 0.000000000e+000 0.000000000e+000 0.000000000e+000 4.322774519e+002 
d 0.000000000e+000 0.000000000e+000 -1.536211584e-002 1.306250000e+001 1.306250000e+001 1.535740950e-002 -3.000000000e+000 -3.000000000e+000 -3.629122001e-011 0.000000000e+000 0.000000000e+000 0.000000000e+000 4.325406102e+002 
d 0.000000000e+000 0.000000000e+000 -1.535102776e-002 1.309375000e+001 1.309375000e+001 1.534633324e-002 -3.000000000e+000 -3.000000000e+000 -3.705338899e-011 0.000000000e+000 0.000000000e+000 0.000000000e+000 4.328036634e+002 
d 0.000000000e+000 0.000000000e+000 -1.533996664e-002 1.312500000e+001 1.312500000e+001 1.533528479e-002 -3.000000000e+000 -3.000000000e+000 -3.783041203e-011 0.000000000e+000 0.000000000e+000 0.000000000e+000 4.330666118e+002 
d 0.000000000e+000 0.000000000e+000 -1.532893239e-002 1.315625000e+001 1.315625000e+001 1.532426400e-002 -3.000000000e+000 -3.000000000e+000 -3.862255637e-011 0.000000000e+000 0.000000000e+000 0.000000000e+000 4.333294558e+002 
d 0.000000000e+000 0.000000000e+000 -1.531792486e-002 1.318750000e+001 1.318750000e+001 1.531327076e-002 -3.000000000e+000 -3.000000000e+000 -3.943009362e-011 0.000000000e+000 0.000000000e+000 0.000000000e+000 4.335921957e+002 
d 0.000000000e+000 0.000000000e+000 -1.530694395e-002 1.321875000e+001 1.321875000e+001 1.530230494e-002 -3.000000000e+000 -3.000000000e+000 -4.025329991e-011 0.000000000e+000 0.000000000e+000 0.000000000e+000 4.338548320e+002 
d 0.000000000e+000 0.000000000e+000 -1.529598953e-002 1.325000000e+001 1.325000000e+001 1.529136642e-002 -3.000000000e+000 -3.000000000e+000 -4.109245585e-011 0.000000000e+000 0.000000000e+000 0.000000000e+000 4.341173649e+002 
d 0.000000000e+000 0.000000000e+000 -1.528506149e-002 1.328125000e+001 1.328125000e+001 1.528045508e-002 -3.000000000e+000 -3.000000000e+000 -4.194784670e-011 0.000000000e+000 0.000000000e+000 0.000000000e+000 4.343797950e+002 
d 0.000000000e+000 0.000000000e+000 -1.527415972e-002 1.331250000e+001 1.331250000e+001 1.526957081e-002 -3.000000000e+000 -3.000000000e+000 -4.281976237e-011 0.000000000e+000 0.000000000e+000 0.000000000e+000 4.346421225e+002 
d 0.000000000e+000 0.000000000e+000 -1.526328409e-002 1.334375000e+001 1.334375000e+001 1.525871350e-002 -3.000000000e+000 -3.000000000e+000 -4.370849752e-011 0.000000000e+000 0.000000000e+000 0.000000000e+000 4.349043478e+002 
d 0.000000000e+000 0.000000000e+000 -1.525243450e-002 1.337500000e+001 1.337500000e+001 1.524788303e-002 -3.000000000e+000 -3.000000000e+000 -4.461435163e-011 0.000000000e+000 0.000000000e+000 0.000000000e+000 4.351664713e+002 
d 0.000000000e+000 0.000000000e+000 -1.524161083e-002 1.340625000e+001 1.340625000e+001 1.523707932e-002 -3.000000000e+000 -3.000000000e+000 -4.553762906e-011 0.000000000e+000 0.000000000e+000 0.000000000e+000 4.354284933e+002 
d 0.000000000e+000 0.000000000e+000 -1.523081296e-002 1.343750000e+001 1.343750000e+001 1.522630224e-002 -3.000000000e+000 -3.000000000e+000 -4.647863913e-011 0.000000000e+000 0.000000000e+000 0.000000000e+000 4.356904142e+002 
d 0.000000000e+000 0.000000000e+000 -1.522004078e-002 1.346875000e+001 1.346875000e+001 1.521555172e-002 -3.000000000e+000 -3.000000000e+000 -4.743769620e-011 0.000000000e+000 0.000000000e+000 0.000000000e+000 4.359522343e+002 
d 0.000000000e+000 0.000000000e+000 -1.520929418e-002 1.350000000e+001 1.350000000e+001 1.520482766e-002 -3.000000000e+000 -3.000000000e+000 -4.841511972e-011 0.000000000e+000 0.000000000e+000 0.000000000e+000 4.362139540e+002 
d 0.000000000e+000 0.000000000e+000 -1.519857305e-002 1.353125000e+001 1.353125000e+001 1.519412996e-002 -3.000000000e+000 -3.000000000e+000 -4.941123435e-011 0.000000000e+000 0.000000000e+000 0.000000000e+000 4.364755737e+002 
d 0.000000000e+000 0.000000000e+000 -1.518787728e-002 1.356250000e+001 1.356250000e+001 1.518345854e-002 -3.000000000e+000 -3.000000000e+000 -5.042636998e-011 0.000000000e+000 0.000000000e+000 0.000000000e+000 4.367370935e+002 
d 0.000000000e+000 0.000000000e+000 -1.517720672e-002 1.359375000e+001 1.359375000e+001 1.517281356e-002 -3.000000000e+000 -3.000000000e+000 -5.146086180e-011 0.000000000e+000 0.000000000e+000 0.000000000e+000 4.369985140e+002 
d 0.000000000e+000 0.000000000e+000 -1.516656127e-002 1.362500000e+001 1.362500000e+001 1.516219505e-002 -3.000000000e+000 -3.000000000e+000 -5.251505056e-011 0.000000000e+000 0.000000000e+000 0.000000000e+000 4.372598355e+002 
d 0.000000000e+000 0.000000000e+000 -1.515594081e-002 1.365625000e+001 1.365625000e+001 1.515160291e-002 -3.000000000e+000 -3.000000000e+000 -5.358928263e-011 0.000000000e+000 0.000000000e+000 0.000000000e+000 4.375210583e+002 
d 0.000000000e+000 0.000000000e+000 -1.514534524e-002 1.368750000e+001 1.368750000e+001 1.514103704e-002 -3.000000000e+000 -3.000000000e+000 -5.468391000e-011 0.000000000e+000 0.000000000e+000 0.000000000e+000 4.377821828e+002 
d 0.000000000e+000 0.000000000e+000 -1.513477447e-002 1.371875000e+001 1.371875000e+001 1.513049731e-002 -3.000000000e+000 -3.000000000e+000 -5.579929034e-011 0.000000000e+000 0.000000000e+000 0.000000000e+000 4.380432095e+002 
d 0.000000000e+000 0.000000000e+000 -1.512422839e-002 1.375000000e+001 1.375000000e+001 1.511998363e-002 -3.000000000e+000 -3.000000000e+000 -5.693578712e-011 0.000000000e+000 0.000000000e+000 0.000000000e+000 4.383041387e+002 
d 0.000000000e+000 0.000000000e+000 -1.511370691e-002 1.378125000e+001 1.378125000e+001 1.510949586e-002 -3.000000000e+000 -3.000000000e+000 -5.809376966e-011 0.000000000e+000 0.000000000e+000 0.000000000e+000 4.385649709e+002 
d 0.000000000e+000 0.000000000e+000 -1.510320993e-002 1.381250000e+001 1.381250000e+001 1.509903388e-002 -3.000000000e+000 -3.000000000e+000 -5.927361327e-011 0.000000000e+000 0.000000000e+000 0.000000000e+000 4.388257064e+002 
d 0.000000000e+000 0.000000000e+000 -1.509273736e-002 1.384375000e+001 1.384375000e+001 1.508859757e-002 -3.000000000e+000 -3.000000000e+000 -6.047569927e-011 0.000000000e+000 0.000000000e+000 0.000000000e+000 4.390863457e+002 
d 0.000000000e+000 0.000000000e+000 -1.507924755e-002 1.387500000e+001 1.387500000e+001 1.508428968e-002 -3.000000000e+000 -3.000000000e+000 -6.168451632e-011 0.000000000e+000 0.000000000e+000 0.000000000e+000 4.393435058e+002 
d 0.000000000e+000 0.000000000e+000 -1.506883099e-002 1.390625000e+001 1.390625000e+001 1.507389259e-002 -3.000000000e+000 -3.000000000e+000 -6.293198166e-011 0.000000000e+000 0.000000000e+000 0.000000000e+000 4.396039600e+002 
d 0.000000000e+000 0.000000000e+000 -1.505846117e-002 1.393750000e+001 1.393750000e+001 1.506347470e-002 -3.000000000e+000 -3.000000000e+000 -6.420298939e-011 0.000000000e+000 0.000000000e+000 0.000000000e+000 4.398643444e+002 
d 0.000000000e+000 0.000000000e+000 -1.504811605e-002 1.396875000e+001 1.396875000e+001 1.505307997e-002 -3.000000000e+000 -3.000000000e+000 -6.549783143e-011 0.000000000e+000 0.000000000e+000 0.000000000e+000 4.401246350e+002 
d 0.000000000e+000 0.000000000e+000 -1.503779544e-002 1.400000000e+001 1.400000000e+001 1.504270849e-002 -3.000000000e+000 -3.000000000e+000 -6.681692044e-011 0.000000000e+000 0.000000000e+000 0.000000000e+000 4.403848322e+002 
d 0.000000000e+000 0.000000000e+000 -1.502749924e-002 1.403125000e+001 1.403125000e+001 1.503236019e-002 -3.000000000e+000 -3.000000000e+000 -6.816067602e-011 0.000000000e+000 0.000000000e+000 0.000000000e+000 4.406449362e+002 
d 0.000000000e+000 0.000000000e+000 -1.501722732e-002 1.406250000e+001 1.406250000e+001 1.502203504e-002 -3.000000000e+000 -3.000000000e+000 -6.952952445e-011 0.000000000e+000 0.000000000e+000 0.000000000e+000 4.409049474e+002 
d 0.000000000e+000 0.000000000e+000 -1.500697958e-002 1.409375000e+001 1.409375000e+001 1.501173299e-002 -3.000000000e+000 -3.000000000e+000 -7.092389882e-011 0.000000000e+000 0.000000000e+000 0.000000000e+000 4.411648664e+002 
d 0.000000000e+000 0.000000000e+000 -1.499675590e-002 1.412500000e+001 1.412500000e+001 1.500145398e-002 -3.000000000e+000 -3.000000000e+000 -7.234423911e-011 0.000000000e+000 0.000000000e+000 0.000000000e+000 4.414246933e+002 
d 0.000000000e+000 0.000000000e+000 -1.498655616e-002 1.415625000e+001 1.415625000e+001 1.499119799e-002 -3.000000000e+000 -3.000000000e+000 -7.379099242e-011 0.000000000e+000 0.000000000e+000 0.000000000e+000 4.416844287e+002 
d 0.000000000e+000 0.000000000e+000 -1.497638027e-002 1.418750000e+001 1.418750000e+001 1.498096497e-002 -3.000000000e+000 -3.000000000e+000 -7.526461301e-011 0.000000000e+000 0.000000000e+000 0.000000000e+000 4.419440730e+002 
d 0.000000000e+000 0.000000000e+000 -1.496622810e-002 1.421875000e+001 1.421875000e+001 1.497075488e-002 -3.000000000e+000 -3.000000000e+000 -7.676556233e-011 0.000000000e+000 0.000000000e+000 0.000000000e+000 4.422036266e+002 
d 0.000000000e+000 0.000000000e+000 -1.495609957e-002 1.425000000e+001 1.425000000e+001 1.496056767e-002 -3.000000000e+000 -3.000000000e+000 -7.829430918e-011 0.000000000e+000 0.000000000e+000 0.000000000e+000 4.424630899e+002 
d 0.000000000e+000 0.000000000e+000 -1.494599456e-002 1.428125000e+001 1.428125000e+001 1.495040330e-002 -3.000000000e+000 -3.000000000e+000 -7.985132978e-011 0.000000000e+000 0.000000000e+000 0.000000000e+000 4.427224633e+002 
d 0.000000000e+000 0.000000000e+000 -1.493591296e-002 1.431250000e+001 1.431250000e+001 1.494026172e-002 -3.000000000e+000 -3.000000000e+000 -8.143710789e-011 0.000000000e+000 0.000000000e+000 0.000000000e+000 4.429817473e+002 
d 0.000000000e+000 0.000000000e+000 -1.492585469e-002 1.434375000e+001 1.434375000e+001 1.493014290e-002 -3.000000000e+000 -3.000000000e+000 -8.305213494e-011 0.000000000e+000 0.000000000e+000 0.000000000e+000 4.432409424e+002 
d 0.000000000e+000 0.000000000e+000 -1.491581963e-002 1.437500000e+001 1.437500000e+001 1.492004679e-002 -3.000000000e+000 -3.000000000e+000 -8.469691010e-011 0.000000000e+000 0.000000000e+000 0.000000000e+000 4.435000489e+002 
d 0.000000000e+000 0.000000000e+000 -1.490580768e-002 1.440625000e+001 1.440625000e+001 1.490997334e-002 -3.000000000e+000 -3.000000000e+000 -8.637194042e-011 0.000000000e+000 0.000000000e+000 0.000000000e+000 4.437590673e+002 
d 0.000000000e+000 0.000000000e+000 -1.489581875e-002 1.443750000e+001 1.443750000e+001 1.489992252e-002 -3.000000000e+000 -3.000000000e+000 -8.807774096e-011 0.000000000e+000 0.000000000e+000 0.000000000e+000 4.440179980e+002 
d 0.000000000e+000 0.000000000e+000 -1.488585274e-002 1.446875000e+001 1.446875000e+001 1.488989427e-002 -3.000000000e+000 -3.000000000e+000 -8.981483486e-011 0.000000000e+000 0.000000000e+000 0.000000000e+000 4.442768414e+002 
d 0.000000000e+000 0.000000000e+000 -1.487888676e-002 1.450000000e+001 1.450000000e+001 1.487394902e-002 -3.000000000e+000 -3.000000000e+000 -9.160661203e-011 0.000000000e+000 0.000000000e+000 0.000000000e+000 4.445389463e+002 
d 0.000000000e+000 0.000000000e+000 -1.486890139e-002 1.453125000e+001 1.453125000e+001 1.486410105e-002 -3.000000000e+000 -3.000000000e+000 -9.340782286e-011 0.000000000e+000 0.000000000e+000 0.000000000e+000 4.447975452e+002 
d 0.000000000e+000 0.000000000e+000 -1.485896020e-002 1.456250000e+001 1.456250000e+001 1.485423263e-002 -3.000000000e+000 -3.000000000e+000 -9.524210645e-011 0.000000000e+000 0.000000000e+000 0.000000000e+000 4.450560823e+002 
d 0.000000000e+000 0.000000000e+000 -1.484904122e-002 1.459375000e+001 1.459375000e+001 1.484438735e-002 -3.000000000e+000 -3.000000000e+000 -9.710985118e-011 0.000000000e+000 0.000000000e+000 0.000000000e+000 4.453145336e+002 
d 0.000000000e+000 0.000000000e+000 -1.483914460e-002 1.462500000e+001 1.462500000e+001 1.483456461e-002 -3.000000000e+000 -3.000000000e+000 -9.901162434e-011 0.000000000e+000 0.000000000e+000 0.000000000e+000 4.455728998e+002 
d 0.000000000e+000 0.000000000e+000 -1.482927027e-002 1.465625000e+001 1.465625000e+001 1.482476429e-002 -3.000000000e+000 -3.000000000e+000 -1.009480002e-010 0.000000000e+000 0.000000000e+000 0.000000000e+000 4.458311812e+002 
d 0.000000000e+000 0.000000000e+000 -1.481941818e-002 1.468750000e+001 1.468750000e+001 1.481498629e-002 -3.000000000e+000 -3.000000000e+000 -1.029195620e-010 0.000000000e+000 0.000000000e+000 0.000000000e+000 4.460893785e+002 
d 0.000000000e+000 0.000000000e+000 -1.480958826e-002 1.471875000e+001 1.471875000e+001 1.480523046e-002 -3.000000000e+000 -3.000000000e+000 -1.049269023e-010 0.000000000e+000 0.000000000e+000 0.000000000e+000 4.463474921e+002 
d 0.000000000e+000 0.000000000e+000 -1.479978042e-002 1.475000000e+001 1.475000000e+001 1.479549674e-002 -3.000000000e+000 -3.000000000e+000 -1.069706224e-010 0.000000000e+000 0.000000000e+000 0.000000000e+000 4.466055224e+002 
d 0.000000000e+000 0.000000000e+000 -1.478999462e-002 1.478125000e+001 1.478125000e+001 1.478578499e-002 -3.000000000e+000 -3.000000000e+000 -1.090513335e-010 0.000000000e+000 0.000000000e+000 0.000000000e+000 4.468634700e+002 
d 0.000000000e+000 0.000000000e+000 -1.478023076e-002 1.481250000e+001 1.481250000e+001 1.477609512e-002 -3.000000000e+000 -3.000000000e+000 -1.111696557e-010 0.000000000e+000 0.000000000e+000 0.000000000e+000 4.471213352e+002 
d 0.000000000e+000 0.000000000e+000 -1.477048870e-002 1.484375000e+001 1.484375000e+001 1.476642704e-002 -3.000000000e+000 -3.000000000e+000 -1.133262139e-010 0.000000000e+000 0.000000000e+000 0.000000000e+000 4.473791180e+002 
d 0.000000000e+000 0.000000000e+000 -1.476076838e-002 1.487500000e+001 1.487500000e+001 1.475678052e-002 -3.000000000e+000 -3.000000000e+000 -1.155216451e-010 0.000000000e+000 0.000000000e+000 0.000000000e+000 4.476368185e+002 
d 0.000000000e+000 0.000000000e+000 -1.474176282e-002 1.493750000e+001 1.493750000e+001 1.473682664e-002 -3.000000000e+000 -3.000000000e+000 -1.200354228e-010 0.000000000e+000 0.000000000e+000 0.000000000e+000 4.481523931e+002 
d 0.000000000e+000 0.000000000e+000 -1.472245355e-002 1.500000000e+001 1.500000000e+001 1.471772373e-002 -3.000000000e+000 -3.000000000e+000 -1.247088557e-010 0.000000000e+000 0.000000000e+000 0.000000000e+000 4.486672030e+002 
