v ATLAS
# This file was created by ATLAS version 5.22.1.R on Tue Dec 31 10:33:24 2019.
#SSF 2.0 generic
##############################################################################
#                    Copyright (c) 1984 - 2015                               #
#                    Silvaco Inc. All rights reserved                        #
#                                                                            #
# This file format and the following Key are copyright Silvaco Inc.          #
# You may not use, this format or key without reproducing this message in    #
# full and obtaining express written permission from Silvaco Inc.            #
#                                                                            #
# To obtain such permission please contact: Silvaco Inc.                     #
#                                           support@silvaco.com              #
#                                                                            #
# KEY=SVC86hn7562asdx                       PROD=345                         #
##############################################################################
y 3 700 711 15
z 1 0.00981003 300
f 4 "source" "drain" "gate" "substrate" 
p 13 2 601 20 3 602 21 4 603 22 5 604 23 82 
d 0.000000000e+000 0.000000000e+000 2.492820055e-018 0.000000000e+000 0.000000000e+000 -1.046368136e-017 0.000000000e+000 0.000000000e+000 -1.576434341e-032 0.000000000e+000 0.000000000e+000 0.000000000e+000 3.000000000e+002 
d 0.000000000e+000 0.000000000e+000 -9.421461172e-003 2.500000000e-001 2.500000000e-001 9.421444150e-003 0.000000000e+000 0.000000000e+000 -4.505140040e-017 0.000000000e+000 0.000000000e+000 0.000000000e+000 3.012981904e+002 
d 0.000000000e+000 0.000000000e+000 -1.754455540e-002 5.000000000e-001 5.000000000e-001 1.754456192e-002 0.000000000e+000 0.000000000e+000 -7.292928739e-017 0.000000000e+000 0.000000000e+000 0.000000000e+000 3.047267587e+002 
d 0.000000000e+000 0.000000000e+000 -2.433335552e-002 7.500000000e-001 7.500000000e-001 2.433332868e-002 0.000000000e+000 0.000000000e+000 -1.454593151e-016 0.000000000e+000 0.000000000e+000 0.000000000e+000 3.098202414e+002 
d 0.000000000e+000 0.000000000e+000 -2.974529145e-002 1.000000000e+000 1.000000000e+000 2.974476002e-002 0.000000000e+000 0.000000000e+000 -3.335224993e-016 0.000000000e+000 0.000000000e+000 0.000000000e+000 3.160908072e+002 
d 0.000000000e+000 0.000000000e+000 -3.698002449e-002 1.500000000e+000 1.500000000e+000 3.698191577e-002 0.000000000e+000 0.000000000e+000 -2.089547155e-015 0.000000000e+000 0.000000000e+000 0.000000000e+000 3.307524810e+002 
d 0.000000000e+000 0.000000000e+000 -4.075496671e-002 2.000000000e+000 2.000000000e+000 4.076246425e-002 0.000000000e+000 0.000000000e+000 -1.305737613e-014 0.000000000e+000 0.000000000e+000 0.000000000e+000 3.464074138e+002 
d 0.000000000e+000 0.000000000e+000 -4.238489109e-002 2.500000000e+000 2.500000000e+000 4.237833166e-002 0.000000000e+000 0.000000000e+000 -7.120870960e-014 0.000000000e+000 0.000000000e+000 0.000000000e+000 3.618850976e+002 
d 0.000000000e+000 0.000000000e+000 -4.273723231e-002 3.000000000e+000 3.000000000e+000 4.272796820e-002 0.000000000e+000 0.000000000e+000 -3.254137117e-013 0.000000000e+000 0.000000000e+000 0.000000000e+000 3.766660336e+002 
d 0.000000000e+000 0.000000000e+000 -4.261417998e-002 3.250000000e+000 3.250000000e+000 4.260499985e-002 0.000000000e+000 0.000000000e+000 -6.511592372e-013 0.000000000e+000 0.000000000e+000 0.000000000e+000 3.837469549e+002 
d 0.000000000e+000 0.000000000e+000 -4.235076108e-002 3.500000000e+000 3.500000000e+000 4.234078185e-002 0.000000000e+000 0.000000000e+000 -1.248357495e-012 0.000000000e+000 0.000000000e+000 0.000000000e+000 3.905930129e+002 
d 0.000000000e+000 0.000000000e+000 -4.197889801e-002 3.750000000e+000 3.750000000e+000 4.196780608e-002 0.000000000e+000 0.000000000e+000 -2.296842433e-012 0.000000000e+000 0.000000000e+000 0.000000000e+000 3.971957603e+002 
d 0.000000000e+000 0.000000000e+000 -4.175419024e-002 3.875000000e+000 3.875000000e+000 4.176461982e-002 0.000000000e+000 0.000000000e+000 -3.066874025e-012 0.000000000e+000 0.000000000e+000 0.000000000e+000 4.004054654e+002 
d 0.000000000e+000 0.000000000e+000 -4.163953982e-002 3.937500000e+000 3.937500000e+000 4.163141097e-002 0.000000000e+000 0.000000000e+000 -3.532353547e-012 0.000000000e+000 0.000000000e+000 0.000000000e+000 4.019910020e+002 
d 0.000000000e+000 0.000000000e+000 -4.151739004e-002 4.000000000e+000 4.000000000e+000 4.150793393e-002 0.000000000e+000 0.000000000e+000 -4.057427226e-012 0.000000000e+000 0.000000000e+000 0.000000000e+000 4.035570587e+002 
d 0.000000000e+000 0.000000000e+000 -4.138861961e-002 4.062500000e+000 4.062500000e+000 4.139671658e-002 0.000000000e+000 0.000000000e+000 -4.647984590e-012 0.000000000e+000 0.000000000e+000 0.000000000e+000 4.051033842e+002 
d 0.000000000e+000 0.000000000e+000 -4.125866326e-002 4.125000000e+000 4.125000000e+000 4.126776361e-002 0.000000000e+000 0.000000000e+000 -5.314011035e-012 0.000000000e+000 0.000000000e+000 0.000000000e+000 4.066377374e+002 
d 0.000000000e+000 0.000000000e+000 -4.112538630e-002 4.187500000e+000 4.187500000e+000 4.113540303e-002 0.000000000e+000 0.000000000e+000 -6.061956801e-012 0.000000000e+000 0.000000000e+000 0.000000000e+000 4.081568923e+002 
d 0.000000000e+000 0.000000000e+000 -4.099171625e-002 4.250000000e+000 4.250000000e+000 4.098341990e-002 0.000000000e+000 0.000000000e+000 -6.902670167e-012 0.000000000e+000 0.000000000e+000 0.000000000e+000 4.096652589e+002 
d 0.000000000e+000 0.000000000e+000 -4.085289870e-002 4.312500000e+000 4.312500000e+000 4.084403275e-002 0.000000000e+000 0.000000000e+000 -7.840562522e-012 0.000000000e+000 0.000000000e+000 0.000000000e+000 4.111549029e+002 
d 0.000000000e+000 0.000000000e+000 -4.071159446e-002 4.375000000e+000 4.375000000e+000 4.070221543e-002 0.000000000e+000 0.000000000e+000 -8.887332444e-012 0.000000000e+000 0.000000000e+000 0.000000000e+000 4.126298873e+002 
d 0.000000000e+000 0.000000000e+000 -4.056803781e-002 4.437500000e+000 4.437500000e+000 4.055823279e-002 0.000000000e+000 0.000000000e+000 -1.005333607e-011 0.000000000e+000 0.000000000e+000 0.000000000e+000 4.140904114e+002 
d 0.000000000e+000 0.000000000e+000 -4.042242221e-002 4.500000000e+000 4.500000000e+000 4.041217607e-002 0.000000000e+000 0.000000000e+000 -1.134968558e-011 0.000000000e+000 0.000000000e+000 0.000000000e+000 4.155366811e+002 
d 0.000000000e+000 0.000000000e+000 -4.034858551e-002 4.531250000e+000 4.531250000e+000 4.034002478e-002 0.000000000e+000 0.000000000e+000 -1.204992085e-011 0.000000000e+000 0.000000000e+000 0.000000000e+000 4.162540395e+002 
d 0.000000000e+000 0.000000000e+000 -4.027459131e-002 4.562500000e+000 4.562500000e+000 4.026586716e-002 0.000000000e+000 0.000000000e+000 -1.278758908e-011 0.000000000e+000 0.000000000e+000 0.000000000e+000 4.169682623e+002 
d 0.000000000e+000 0.000000000e+000 -4.020017078e-002 4.593750000e+000 4.593750000e+000 4.019130092e-002 0.000000000e+000 0.000000000e+000 -1.356389082e-011 0.000000000e+000 0.000000000e+000 0.000000000e+000 4.176789574e+002 
d 0.000000000e+000 0.000000000e+000 -4.012534829e-002 4.625000000e+000 4.625000000e+000 4.011634519e-002 0.000000000e+000 0.000000000e+000 -1.438048175e-011 0.000000000e+000 0.000000000e+000 0.000000000e+000 4.183861498e+002 
d 0.000000000e+000 0.000000000e+000 -4.005014676e-002 4.656250000e+000 4.656250000e+000 4.004102347e-002 0.000000000e+000 0.000000000e+000 -1.523907073e-011 0.000000000e+000 0.000000000e+000 0.000000000e+000 4.190898640e+002 
d 0.000000000e+000 0.000000000e+000 -3.997458868e-002 4.687500000e+000 4.687500000e+000 3.996535861e-002 0.000000000e+000 0.000000000e+000 -1.614142249e-011 0.000000000e+000 0.000000000e+000 0.000000000e+000 4.197901256e+002 
d 0.000000000e+000 0.000000000e+000 -3.989869602e-002 4.718750000e+000 4.718750000e+000 3.988937289e-002 0.000000000e+000 0.000000000e+000 -1.708935904e-011 0.000000000e+000 0.000000000e+000 0.000000000e+000 4.204869608e+002 
d 0.000000000e+000 0.000000000e+000 -3.982249030e-002 4.750000000e+000 4.750000000e+000 3.981308806e-002 0.000000000e+000 0.000000000e+000 -1.808476107e-011 0.000000000e+000 0.000000000e+000 0.000000000e+000 4.211803966e+002 
d 0.000000000e+000 0.000000000e+000 -3.974599255e-002 4.781250000e+000 4.781250000e+000 3.973652532e-002 0.000000000e+000 0.000000000e+000 -1.912956942e-011 0.000000000e+000 0.000000000e+000 0.000000000e+000 4.218704608e+002 
d 0.000000000e+000 0.000000000e+000 -3.966922335e-002 4.812500000e+000 4.812500000e+000 3.965970533e-002 0.000000000e+000 0.000000000e+000 -2.022578663e-011 0.000000000e+000 0.000000000e+000 0.000000000e+000 4.225571819e+002 
d 0.000000000e+000 0.000000000e+000 -3.959220281e-002 4.843750000e+000 4.843750000e+000 3.958264826e-002 0.000000000e+000 0.000000000e+000 -2.137547841e-011 0.000000000e+000 0.000000000e+000 0.000000000e+000 4.232405890e+002 
d 0.000000000e+000 0.000000000e+000 -3.951495058e-002 4.875000000e+000 4.875000000e+000 3.950537370e-002 0.000000000e+000 0.000000000e+000 -2.258077537e-011 0.000000000e+000 0.000000000e+000 0.000000000e+000 4.239207118e+002 
d 0.000000000e+000 0.000000000e+000 -3.943748586e-002 4.906250000e+000 4.906250000e+000 3.942790076e-002 0.000000000e+000 0.000000000e+000 -2.384387457e-011 0.000000000e+000 0.000000000e+000 0.000000000e+000 4.245975807e+002 
d 0.000000000e+000 0.000000000e+000 -3.935982740e-002 4.937500000e+000 4.937500000e+000 3.935024804e-002 0.000000000e+000 0.000000000e+000 -2.516704125e-011 0.000000000e+000 0.000000000e+000 0.000000000e+000 4.252712266e+002 
d 0.000000000e+000 0.000000000e+000 -3.928199351e-002 4.968750000e+000 4.968750000e+000 3.927243361e-002 0.000000000e+000 0.000000000e+000 -2.655261053e-011 0.000000000e+000 0.000000000e+000 0.000000000e+000 4.259416809e+002 
d 0.000000000e+000 0.000000000e+000 -3.920400204e-002 5.000000000e+000 5.000000000e+000 3.919447508e-002 0.000000000e+000 0.000000000e+000 -2.800298925e-011 0.000000000e+000 0.000000000e+000 0.000000000e+000 4.266089754e+002 
d 0.000000000e+000 0.000000000e+000 -3.912587042e-002 5.031250000e+000 5.031250000e+000 3.911638955e-002 0.000000000e+000 0.000000000e+000 -2.952065776e-011 0.000000000e+000 0.000000000e+000 0.000000000e+000 4.272731425e+002 
d 0.000000000e+000 0.000000000e+000 -3.904761563e-002 5.062500000e+000 5.062500000e+000 3.903819364e-002 0.000000000e+000 0.000000000e+000 -3.110817182e-011 0.000000000e+000 0.000000000e+000 0.000000000e+000 4.279342149e+002 
d 0.000000000e+000 0.000000000e+000 -3.896925423e-002 5.093750000e+000 5.093750000e+000 3.895990349e-002 0.000000000e+000 0.000000000e+000 -3.276816452e-011 0.000000000e+000 0.000000000e+000 0.000000000e+000 4.285922257e+002 
d 0.000000000e+000 0.000000000e+000 -3.889080234e-002 5.125000000e+000 5.125000000e+000 3.888153477e-002 0.000000000e+000 0.000000000e+000 -3.450334830e-011 0.000000000e+000 0.000000000e+000 0.000000000e+000 4.292472081e+002 
d 0.000000000e+000 0.000000000e+000 -3.881227566e-002 5.156250000e+000 5.156250000e+000 3.880310271e-002 0.000000000e+000 0.000000000e+000 -3.631651694e-011 0.000000000e+000 0.000000000e+000 0.000000000e+000 4.298991959e+002 
d 0.000000000e+000 0.000000000e+000 -3.873368946e-002 5.187500000e+000 5.187500000e+000 3.872462204e-002 0.000000000e+000 0.000000000e+000 -3.821054766e-011 0.000000000e+000 0.000000000e+000 0.000000000e+000 4.305482230e+002 
d 0.000000000e+000 0.000000000e+000 -3.865505860e-002 5.218750000e+000 5.218750000e+000 3.864610708e-002 0.000000000e+000 0.000000000e+000 -4.018840321e-011 0.000000000e+000 0.000000000e+000 0.000000000e+000 4.311943235e+002 
d 0.000000000e+000 0.000000000e+000 -3.857639750e-002 5.250000000e+000 5.250000000e+000 3.856757170e-002 0.000000000e+000 0.000000000e+000 -4.225313414e-011 0.000000000e+000 0.000000000e+000 0.000000000e+000 4.318375316e+002 
d 0.000000000e+000 0.000000000e+000 -3.849772019e-002 5.281250000e+000 5.281250000e+000 3.848902933e-002 0.000000000e+000 0.000000000e+000 -4.440788096e-011 0.000000000e+000 0.000000000e+000 0.000000000e+000 4.324778816e+002 
d 0.000000000e+000 0.000000000e+000 -3.841904028e-002 5.312500000e+000 5.312500000e+000 3.841049298e-002 0.000000000e+000 0.000000000e+000 -4.665587650e-011 0.000000000e+000 0.000000000e+000 0.000000000e+000 4.331154080e+002 
d 0.000000000e+000 0.000000000e+000 -3.834037097e-002 5.343750000e+000 5.343750000e+000 3.833197524e-002 0.000000000e+000 0.000000000e+000 -4.900044821e-011 0.000000000e+000 0.000000000e+000 0.000000000e+000 4.337501454e+002 
d 0.000000000e+000 0.000000000e+000 -3.826172507e-002 5.375000000e+000 5.375000000e+000 3.825348827e-002 0.000000000e+000 0.000000000e+000 -5.144502057e-011 0.000000000e+000 0.000000000e+000 0.000000000e+000 4.343821283e+002 
d 0.000000000e+000 0.000000000e+000 -3.810487299e-002 5.437500000e+000 5.437500000e+000 3.809513693e-002 0.000000000e+000 0.000000000e+000 -5.665031262e-011 0.000000000e+000 0.000000000e+000 0.000000000e+000 4.356384098e+002 
d 0.000000000e+000 0.000000000e+000 -3.794791866e-002 5.500000000e+000 5.500000000e+000 3.793866235e-002 0.000000000e+000 0.000000000e+000 -6.229733913e-011 0.000000000e+000 0.000000000e+000 0.000000000e+000 4.368836178e+002 
d 0.000000000e+000 0.000000000e+000 -3.779129019e-002 5.562500000e+000 5.562500000e+000 3.778252814e-002 0.000000000e+000 0.000000000e+000 -6.841913342e-011 0.000000000e+000 0.000000000e+000 0.000000000e+000 4.381184946e+002 
d 0.000000000e+000 0.000000000e+000 -3.763506905e-002 5.625000000e+000 5.625000000e+000 3.762681594e-002 0.000000000e+000 0.000000000e+000 -7.504863342e-011 0.000000000e+000 0.000000000e+000 0.000000000e+000 4.393433098e+002 
d 0.000000000e+000 0.000000000e+000 -3.747933208e-002 5.687500000e+000 5.687500000e+000 3.747159626e-002 0.000000000e+000 0.000000000e+000 -8.222067568e-011 0.000000000e+000 0.000000000e+000 0.000000000e+000 4.405583310e+002 
d 0.000000000e+000 0.000000000e+000 -3.732117874e-002 5.750000000e+000 5.750000000e+000 3.733054468e-002 0.000000000e+000 0.000000000e+000 -8.994435178e-011 0.000000000e+000 0.000000000e+000 0.000000000e+000 4.417597608e+002 
d 0.000000000e+000 0.000000000e+000 -3.716680650e-002 5.812500000e+000 5.812500000e+000 3.717555678e-002 0.000000000e+000 0.000000000e+000 -9.831356131e-011 0.000000000e+000 0.000000000e+000 0.000000000e+000 4.429562444e+002 
d 0.000000000e+000 0.000000000e+000 -3.701312182e-002 5.875000000e+000 5.875000000e+000 3.702122797e-002 0.000000000e+000 0.000000000e+000 -1.073423452e-010 0.000000000e+000 0.000000000e+000 0.000000000e+000 4.441437167e+002 
d 0.000000000e+000 0.000000000e+000 -3.686017151e-002 5.937500000e+000 5.937500000e+000 3.686764857e-002 0.000000000e+000 0.000000000e+000 -1.170740145e-010 0.000000000e+000 0.000000000e+000 0.000000000e+000 4.453224133e+002 
d 0.000000000e+000 0.000000000e+000 -3.671091092e-002 6.000000000e+000 6.000000000e+000 3.670189599e-002 0.000000000e+000 0.000000000e+000 -1.275917393e-010 0.000000000e+000 0.000000000e+000 0.000000000e+000 4.464965128e+002 
d 0.000000000e+000 0.000000000e+000 -3.640889630e-002 6.125000000e+000 6.125000000e+000 3.640000897e-002 0.000000000e+000 0.000000000e+000 -1.509972262e-010 0.000000000e+000 0.000000000e+000 0.000000000e+000 4.488118520e+002 
d 0.000000000e+000 0.000000000e+000 -3.611022800e-002 6.250000000e+000 6.250000000e+000 3.610301351e-002 0.000000000e+000 0.000000000e+000 -1.780065789e-010 0.000000000e+000 0.000000000e+000 0.000000000e+000 4.510953915e+002 
d 0.000000000e+000 0.000000000e+000 -3.581293984e-002 6.375000000e+000 6.375000000e+000 3.582067680e-002 0.000000000e+000 0.000000000e+000 -2.090370459e-010 0.000000000e+000 0.000000000e+000 0.000000000e+000 4.533458548e+002 
d 0.000000000e+000 0.000000000e+000 -3.552559038e-002 6.500000000e+000 6.500000000e+000 3.551726845e-002 0.000000000e+000 0.000000000e+000 -2.447745915e-010 0.000000000e+000 0.000000000e+000 0.000000000e+000 4.555759836e+002 
d 0.000000000e+000 0.000000000e+000 -3.440718998e-002 7.000000000e+000 7.000000000e+000 3.440046117e-002 0.000000000e+000 0.000000000e+000 -4.456715855e-010 0.000000000e+000 0.000000000e+000 0.000000000e+000 4.642263402e+002 
d 0.000000000e+000 0.000000000e+000 -3.336118598e-002 7.500000000e+000 7.500000000e+000 3.335300049e-002 0.000000000e+000 0.000000000e+000 -7.776863766e-010 0.000000000e+000 0.000000000e+000 0.000000000e+000 4.725280686e+002 
d 0.000000000e+000 0.000000000e+000 -3.238504425e-002 8.000000000e+000 8.000000000e+000 3.237989110e-002 0.000000000e+000 0.000000000e+000 -1.309732963e-009 0.000000000e+000 0.000000000e+000 0.000000000e+000 4.805389693e+002 
d 0.000000000e+000 0.000000000e+000 -3.147423058e-002 8.500000000e+000 8.500000000e+000 3.148030931e-002 0.000000000e+000 0.000000000e+000 -2.140322569e-009 0.000000000e+000 0.000000000e+000 0.000000000e+000 4.883039397e+002 
d 0.000000000e+000 0.000000000e+000 -3.062887447e-002 9.000000000e+000 9.000000000e+000 3.063414742e-002 0.000000000e+000 0.000000000e+000 -3.410252173e-009 0.000000000e+000 0.000000000e+000 0.000000000e+000 4.958826774e+002 
d 0.000000000e+000 0.000000000e+000 -2.984129557e-002 9.500000000e+000 9.500000000e+000 2.984697075e-002 0.000000000e+000 0.000000000e+000 -5.315035654e-009 0.000000000e+000 0.000000000e+000 0.000000000e+000 5.033762827e+002 
d 0.000000000e+000 0.000000000e+000 -2.910938684e-002 1.000000000e+001 1.000000000e+001 2.910590388e-002 0.000000000e+000 0.000000000e+000 -8.127399839e-009 0.000000000e+000 0.000000000e+000 0.000000000e+000 5.107282372e+002 
d 0.000000000e+000 0.000000000e+000 -2.842277626e-002 1.050000000e+001 1.050000000e+001 2.842515315e-002 0.000000000e+000 0.000000000e+000 -1.221833260e-008 0.000000000e+000 0.000000000e+000 0.000000000e+000 5.179556471e+002 
d 0.000000000e+000 0.000000000e+000 -2.778304229e-002 1.100000000e+001 1.100000000e+001 2.778123408e-002 0.000000000e+000 0.000000000e+000 -1.809630965e-008 0.000000000e+000 0.000000000e+000 0.000000000e+000 5.250801607e+002 
d 0.000000000e+000 0.000000000e+000 -2.718203491e-002 1.150000000e+001 1.150000000e+001 2.718372045e-002 0.000000000e+000 0.000000000e+000 -2.644537965e-008 0.000000000e+000 0.000000000e+000 0.000000000e+000 5.321172032e+002 
d 0.000000000e+000 0.000000000e+000 -2.661732710e-002 1.200000000e+001 1.200000000e+001 2.661534853e-002 0.000000000e+000 0.000000000e+000 -3.812270161e-008 0.000000000e+000 0.000000000e+000 0.000000000e+000 5.390521725e+002 
d 0.000000000e+000 0.000000000e+000 -2.607993838e-002 1.250000000e+001 1.250000000e+001 2.607942570e-002 0.000000000e+000 0.000000000e+000 -5.416843054e-008 0.000000000e+000 0.000000000e+000 0.000000000e+000 5.458593703e+002 
d 0.000000000e+000 0.000000000e+000 -2.557127365e-002 1.300000000e+001 1.300000000e+001 2.557185827e-002 0.000000000e+000 0.000000000e+000 -7.599516731e-008 0.000000000e+000 0.000000000e+000 0.000000000e+000 5.525611012e+002 
d 0.000000000e+000 0.000000000e+000 -2.508842497e-002 1.350000000e+001 1.350000000e+001 2.508161692e-002 0.000000000e+000 0.000000000e+000 -1.053785991e-007 0.000000000e+000 0.000000000e+000 0.000000000e+000 5.591684554e+002 
d 0.000000000e+000 0.000000000e+000 -2.462758073e-002 1.400000000e+001 1.400000000e+001 2.462546818e-002 0.000000000e+000 0.000000000e+000 -1.445068531e-007 0.000000000e+000 0.000000000e+000 0.000000000e+000 5.656846763e+002 
d 0.000000000e+000 0.000000000e+000 -2.418984668e-002 1.450000000e+001 1.450000000e+001 2.418514814e-002 0.000000000e+000 0.000000000e+000 -1.961728998e-007 0.000000000e+000 0.000000000e+000 0.000000000e+000 5.721178365e+002 
d 0.000000000e+000 0.000000000e+000 -2.377183649e-002 1.500000000e+001 1.500000000e+001 2.376913814e-002 0.000000000e+000 0.000000000e+000 -2.640111415e-007 0.000000000e+000 0.000000000e+000 0.000000000e+000 5.784870389e+002 
