v ATLAS
# This file was created by ATLAS version 5.22.1.R on Tue Dec 31 10:24:55 2019.
#SSF 2.0 generic
##############################################################################
#                    Copyright (c) 1984 - 2015                               #
#                    Silvaco Inc. All rights reserved                        #
#                                                                            #
# This file format and the following Key are copyright Silvaco Inc.          #
# You may not use, this format or key without reproducing this message in    #
# full and obtaining express written permission from Silvaco Inc.            #
#                                                                            #
# To obtain such permission please contact: Silvaco Inc.                     #
#                                           support@silvaco.com              #
#                                                                            #
# KEY=SVC86hn7562asdx                       PROD=345                         #
##############################################################################
y 3 700 711 15
z 1 0.00981003 300
f 4 "source" "drain" "gate" "substrate" 
p 13 2 601 20 3 602 21 4 603 22 5 604 23 82 
d 0.000000000e+000 0.000000000e+000 -1.742497130e-011 0.000000000e+000 0.000000000e+000 -5.808666192e-011 -1.000000000e+000 -1.000000000e+000 -2.431373748e-017 0.000000000e+000 0.000000000e+000 0.000000000e+000 3.000000000e+002 
d 0.000000000e+000 0.000000000e+000 -8.766062551e-003 2.500000000e-001 2.500000000e-001 8.766049158e-003 -1.000000000e+000 -1.000000000e+000 -2.763110321e-017 0.000000000e+000 0.000000000e+000 0.000000000e+000 3.012048362e+002 
d 0.000000000e+000 0.000000000e+000 -1.076941127e-002 3.125000000e-001 3.125000000e-001 1.076944254e-002 -1.000000000e+000 -1.000000000e+000 -3.002763955e-017 0.000000000e+000 0.000000000e+000 0.000000000e+000 3.018318536e+002 
d 0.000000000e+000 0.000000000e+000 -1.269049284e-002 3.750000000e-001 3.750000000e-001 1.269056603e-002 -1.000000000e+000 -1.000000000e+000 -3.327026264e-017 0.000000000e+000 0.000000000e+000 0.000000000e+000 3.025743019e+002 
d 0.000000000e+000 0.000000000e+000 -1.628899820e-002 5.000000000e-001 5.000000000e-001 1.628902626e-002 -1.000000000e+000 -1.000000000e+000 -4.343034668e-017 0.000000000e+000 0.000000000e+000 0.000000000e+000 3.043773326e+002 
d 0.000000000e+000 0.000000000e+000 -2.251496358e-002 7.500000000e-001 7.500000000e-001 2.251500806e-002 -1.000000000e+000 -1.000000000e+000 -8.366685267e-017 0.000000000e+000 0.000000000e+000 0.000000000e+000 3.090579074e+002 
d 0.000000000e+000 0.000000000e+000 -2.745552854e-002 1.000000000e+000 1.000000000e+000 2.745763908e-002 -1.000000000e+000 -1.000000000e+000 -1.888744850e-016 0.000000000e+000 0.000000000e+000 0.000000000e+000 3.148501694e+002 
d 0.000000000e+000 0.000000000e+000 -3.398474158e-002 1.500000000e+000 1.500000000e+000 3.398196979e-002 -1.000000000e+000 -1.000000000e+000 -1.140005840e-015 0.000000000e+000 0.000000000e+000 0.000000000e+000 3.282493400e+002 
d 0.000000000e+000 0.000000000e+000 -3.726286047e-002 2.000000000e+000 2.000000000e+000 3.725640016e-002 -1.000000000e+000 -1.000000000e+000 -6.649169424e-015 0.000000000e+000 0.000000000e+000 0.000000000e+000 3.423319864e+002 
d 0.000000000e+000 0.000000000e+000 -3.851858002e-002 2.500000000e+000 2.500000000e+000 3.852571084e-002 -1.000000000e+000 -1.000000000e+000 -3.270834013e-014 0.000000000e+000 0.000000000e+000 0.000000000e+000 3.560073592e+002 
d 0.000000000e+000 0.000000000e+000 -3.856616576e-002 3.000000000e+000 3.000000000e+000 3.857378752e-002 -1.000000000e+000 -1.000000000e+000 -1.309972881e-013 0.000000000e+000 0.000000000e+000 0.000000000e+000 3.687626888e+002 
d 0.000000000e+000 0.000000000e+000 -3.791535719e-002 3.500000000e+000 3.500000000e+000 3.792233393e-002 -1.000000000e+000 -1.000000000e+000 -4.308978761e-013 0.000000000e+000 0.000000000e+000 0.000000000e+000 3.804439025e+002 
d 0.000000000e+000 0.000000000e+000 -3.744343847e-002 3.750000000e+000 3.750000000e+000 3.743457622e-002 -1.000000000e+000 -1.000000000e+000 -7.329865652e-013 0.000000000e+000 0.000000000e+000 0.000000000e+000 3.858906229e+002 
d 0.000000000e+000 0.000000000e+000 -3.690615704e-002 4.000000000e+000 4.000000000e+000 3.689731641e-002 -1.000000000e+000 -1.000000000e+000 -1.200081820e-012 0.000000000e+000 0.000000000e+000 0.000000000e+000 3.910833793e+002 
d 0.000000000e+000 0.000000000e+000 -3.661748816e-002 4.125000000e+000 4.125000000e+000 3.662585555e-002 -1.000000000e+000 -1.000000000e+000 -1.514903242e-012 0.000000000e+000 0.000000000e+000 0.000000000e+000 3.935848730e+002 
d 0.000000000e+000 0.000000000e+000 -3.632755131e-002 4.250000000e+000 4.250000000e+000 3.631930576e-002 -1.000000000e+000 -1.000000000e+000 -1.898284359e-012 0.000000000e+000 0.000000000e+000 0.000000000e+000 3.960370182e+002 
d 0.000000000e+000 0.000000000e+000 -3.602735402e-002 4.375000000e+000 4.375000000e+000 3.603519776e-002 -1.000000000e+000 -1.000000000e+000 -2.359889673e-012 0.000000000e+000 0.000000000e+000 0.000000000e+000 3.984311885e+002 
d 0.000000000e+000 0.000000000e+000 -3.572935803e-002 4.500000000e+000 4.500000000e+000 3.572203784e-002 -1.000000000e+000 -1.000000000e+000 -2.915688111e-012 0.000000000e+000 0.000000000e+000 0.000000000e+000 4.007841450e+002 
d 0.000000000e+000 0.000000000e+000 -3.542804224e-002 4.625000000e+000 4.625000000e+000 3.541916159e-002 -1.000000000e+000 -1.000000000e+000 -3.578937385e-012 0.000000000e+000 0.000000000e+000 0.000000000e+000 4.030899456e+002 
d 0.000000000e+000 0.000000000e+000 -3.527713336e-002 4.687500000e+000 4.687500000e+000 3.526893302e-002 -1.000000000e+000 -1.000000000e+000 -3.956300869e-012 0.000000000e+000 0.000000000e+000 0.000000000e+000 4.042268863e+002 
d 0.000000000e+000 0.000000000e+000 -3.512663370e-002 4.750000000e+000 4.750000000e+000 3.511781873e-002 -1.000000000e+000 -1.000000000e+000 -4.367440750e-012 0.000000000e+000 0.000000000e+000 0.000000000e+000 4.053541692e+002 
d 0.000000000e+000 0.000000000e+000 -3.497349419e-002 4.812500000e+000 4.812500000e+000 3.498070421e-002 -1.000000000e+000 -1.000000000e+000 -4.813261184e-012 0.000000000e+000 0.000000000e+000 0.000000000e+000 4.064682574e+002 
d 0.000000000e+000 0.000000000e+000 -3.482343184e-002 4.875000000e+000 4.875000000e+000 3.483124356e-002 -1.000000000e+000 -1.000000000e+000 -5.299170068e-012 0.000000000e+000 0.000000000e+000 0.000000000e+000 4.075762405e+002 
d 0.000000000e+000 0.000000000e+000 -3.467385612e-002 4.937500000e+000 4.937500000e+000 3.468225476e-002 -1.000000000e+000 -1.000000000e+000 -5.826706410e-012 0.000000000e+000 0.000000000e+000 0.000000000e+000 4.086750999e+002 
d 0.000000000e+000 0.000000000e+000 -3.452485423e-002 5.000000000e+000 5.000000000e+000 3.453384578e-002 -1.000000000e+000 -1.000000000e+000 -6.398869990e-012 0.000000000e+000 0.000000000e+000 0.000000000e+000 4.097651186e+002 
d 0.000000000e+000 0.000000000e+000 -3.437957711e-002 5.062500000e+000 5.062500000e+000 3.437218142e-002 -1.000000000e+000 -1.000000000e+000 -7.021138483e-012 0.000000000e+000 0.000000000e+000 0.000000000e+000 4.108503353e+002 
d 0.000000000e+000 0.000000000e+000 -3.423216737e-002 5.125000000e+000 5.125000000e+000 3.422432170e-002 -1.000000000e+000 -1.000000000e+000 -7.692682719e-012 0.000000000e+000 0.000000000e+000 0.000000000e+000 4.119237480e+002 
d 0.000000000e+000 0.000000000e+000 -3.408555779e-002 5.187500000e+000 5.187500000e+000 3.407723973e-002 -1.000000000e+000 -1.000000000e+000 -8.419048466e-012 0.000000000e+000 0.000000000e+000 0.000000000e+000 4.129891224e+002 
d 0.000000000e+000 0.000000000e+000 -3.393980049e-002 5.250000000e+000 5.250000000e+000 3.393101903e-002 -1.000000000e+000 -1.000000000e+000 -9.204027947e-012 0.000000000e+000 0.000000000e+000 0.000000000e+000 4.140466942e+002 
d 0.000000000e+000 0.000000000e+000 -3.386694323e-002 5.281250000e+000 5.281250000e+000 3.385964232e-002 -1.000000000e+000 -1.000000000e+000 -9.619427335e-012 0.000000000e+000 0.000000000e+000 0.000000000e+000 4.145722401e+002 
d 0.000000000e+000 0.000000000e+000 -3.379462149e-002 5.312500000e+000 5.312500000e+000 3.378714812e-002 -1.000000000e+000 -1.000000000e+000 -1.005129839e-011 0.000000000e+000 0.000000000e+000 0.000000000e+000 4.150962952e+002 
d 0.000000000e+000 0.000000000e+000 -3.372253502e-002 5.343750000e+000 5.343750000e+000 3.371490163e-002 -1.000000000e+000 -1.000000000e+000 -1.049988394e-011 0.000000000e+000 0.000000000e+000 0.000000000e+000 4.156185110e+002 
d 0.000000000e+000 0.000000000e+000 -3.365069052e-002 5.375000000e+000 5.375000000e+000 3.364290067e-002 -1.000000000e+000 -1.000000000e+000 -1.096574004e-011 0.000000000e+000 0.000000000e+000 0.000000000e+000 4.161389163e+002 
d 0.000000000e+000 0.000000000e+000 -3.357909267e-002 5.406250000e+000 5.406250000e+000 3.357115033e-002 -1.000000000e+000 -1.000000000e+000 -1.144943675e-011 0.000000000e+000 0.000000000e+000 0.000000000e+000 4.166575375e+002 
d 0.000000000e+000 0.000000000e+000 -3.350774584e-002 5.437500000e+000 5.437500000e+000 3.349965536e-002 -1.000000000e+000 -1.000000000e+000 -1.195156018e-011 0.000000000e+000 0.000000000e+000 0.000000000e+000 4.171744000e+002 
d 0.000000000e+000 0.000000000e+000 -3.343665413e-002 5.468750000e+000 5.468750000e+000 3.342841996e-002 -1.000000000e+000 -1.000000000e+000 -1.247271300e-011 0.000000000e+000 0.000000000e+000 0.000000000e+000 4.176895290e+002 
d 0.000000000e+000 0.000000000e+000 -3.336582130e-002 5.500000000e+000 5.500000000e+000 3.335744824e-002 -1.000000000e+000 -1.000000000e+000 -1.301351464e-011 0.000000000e+000 0.000000000e+000 0.000000000e+000 4.182029490e+002 
d 0.000000000e+000 0.000000000e+000 -3.329525084e-002 5.531250000e+000 5.531250000e+000 3.328674398e-002 -1.000000000e+000 -1.000000000e+000 -1.357460184e-011 0.000000000e+000 0.000000000e+000 0.000000000e+000 4.187146841e+002 
d 0.000000000e+000 0.000000000e+000 -3.322494600e-002 5.562500000e+000 5.562500000e+000 3.321631067e-002 -1.000000000e+000 -1.000000000e+000 -1.415662897e-011 0.000000000e+000 0.000000000e+000 0.000000000e+000 4.192247576e+002 
d 0.000000000e+000 0.000000000e+000 -3.315490974e-002 5.593750000e+000 5.593750000e+000 3.314615151e-002 -1.000000000e+000 -1.000000000e+000 -1.476026849e-011 0.000000000e+000 0.000000000e+000 0.000000000e+000 4.197331925e+002 
d 0.000000000e+000 0.000000000e+000 -3.308514477e-002 5.625000000e+000 5.625000000e+000 3.307626946e-002 -1.000000000e+000 -1.000000000e+000 -1.538621126e-011 0.000000000e+000 0.000000000e+000 0.000000000e+000 4.202400113e+002 
d 0.000000000e+000 0.000000000e+000 -3.301261392e-002 5.656250000e+000 5.656250000e+000 3.301970133e-002 -1.000000000e+000 -1.000000000e+000 -1.603015000e-011 0.000000000e+000 0.000000000e+000 0.000000000e+000 4.207414667e+002 
d 0.000000000e+000 0.000000000e+000 -3.294334483e-002 5.687500000e+000 5.687500000e+000 3.295057761e-002 -1.000000000e+000 -1.000000000e+000 -1.670255344e-011 0.000000000e+000 0.000000000e+000 0.000000000e+000 4.212450495e+002 
d 0.000000000e+000 0.000000000e+000 -3.287436658e-002 5.718750000e+000 5.718750000e+000 3.288168333e-002 -1.000000000e+000 -1.000000000e+000 -1.739945642e-011 0.000000000e+000 0.000000000e+000 0.000000000e+000 4.217470965e+002 
d 0.000000000e+000 0.000000000e+000 -3.280567037e-002 5.750000000e+000 5.750000000e+000 3.281306620e-002 -1.000000000e+000 -1.000000000e+000 -1.812161046e-011 0.000000000e+000 0.000000000e+000 0.000000000e+000 4.222476151e+002 
d 0.000000000e+000 0.000000000e+000 -3.273725806e-002 5.781250000e+000 5.781250000e+000 3.274472738e-002 -1.000000000e+000 -1.000000000e+000 -1.886980566e-011 0.000000000e+000 0.000000000e+000 0.000000000e+000 4.227466256e+002 
d 0.000000000e+000 0.000000000e+000 -3.266913121e-002 5.812500000e+000 5.812500000e+000 3.267666829e-002 -1.000000000e+000 -1.000000000e+000 -1.964485301e-011 0.000000000e+000 0.000000000e+000 0.000000000e+000 4.232441476e+002 
d 0.000000000e+000 0.000000000e+000 -3.260129125e-002 5.843750000e+000 5.843750000e+000 3.260889022e-002 -1.000000000e+000 -1.000000000e+000 -2.044758514e-011 0.000000000e+000 0.000000000e+000 0.000000000e+000 4.237402001e+002 
d 0.000000000e+000 0.000000000e+000 -3.253373942e-002 5.875000000e+000 5.875000000e+000 3.254139429e-002 -1.000000000e+000 -1.000000000e+000 -2.127885679e-011 0.000000000e+000 0.000000000e+000 0.000000000e+000 4.242348017e+002 
d 0.000000000e+000 0.000000000e+000 -3.246647680e-002 5.906250000e+000 5.906250000e+000 3.247418151e-002 -1.000000000e+000 -1.000000000e+000 -2.213954527e-011 0.000000000e+000 0.000000000e+000 0.000000000e+000 4.247279706e+002 
d 0.000000000e+000 0.000000000e+000 -3.239950433e-002 5.937500000e+000 5.937500000e+000 3.240725271e-002 -1.000000000e+000 -1.000000000e+000 -2.303055103e-011 0.000000000e+000 0.000000000e+000 0.000000000e+000 4.252197245e+002 
d 0.000000000e+000 0.000000000e+000 -3.233282278e-002 5.968750000e+000 5.968750000e+000 3.234060860e-002 -1.000000000e+000 -1.000000000e+000 -2.395279801e-011 0.000000000e+000 0.000000000e+000 0.000000000e+000 4.257100809e+002 
d 0.000000000e+000 0.000000000e+000 -3.226643282e-002 6.000000000e+000 6.000000000e+000 3.227424979e-002 -1.000000000e+000 -1.000000000e+000 -2.490723444e-011 0.000000000e+000 0.000000000e+000 0.000000000e+000 4.261990566e+002 
d 0.000000000e+000 0.000000000e+000 -3.220033498e-002 6.031250000e+000 6.031250000e+000 3.220817677e-002 -1.000000000e+000 -1.000000000e+000 -2.589483321e-011 0.000000000e+000 0.000000000e+000 0.000000000e+000 4.266866683e+002 
d 0.000000000e+000 0.000000000e+000 -3.213452967e-002 6.062500000e+000 6.062500000e+000 3.214238994e-002 -1.000000000e+000 -1.000000000e+000 -2.691659251e-011 0.000000000e+000 0.000000000e+000 0.000000000e+000 4.271729324e+002 
d 0.000000000e+000 0.000000000e+000 -3.206901722e-002 6.093750000e+000 6.093750000e+000 3.207688960e-002 -1.000000000e+000 -1.000000000e+000 -2.797353639e-011 0.000000000e+000 0.000000000e+000 0.000000000e+000 4.276578648e+002 
d 0.000000000e+000 0.000000000e+000 -3.200379782e-002 6.125000000e+000 6.125000000e+000 3.201167597e-002 -1.000000000e+000 -1.000000000e+000 -2.906671529e-011 0.000000000e+000 0.000000000e+000 0.000000000e+000 4.281414811e+002 
d 0.000000000e+000 0.000000000e+000 -3.193887155e-002 6.156250000e+000 6.156250000e+000 3.194674914e-002 -1.000000000e+000 -1.000000000e+000 -3.019720646e-011 0.000000000e+000 0.000000000e+000 0.000000000e+000 4.286237968e+002 
d 0.000000000e+000 0.000000000e+000 -3.187423842e-002 6.187500000e+000 6.187500000e+000 3.188210914e-002 -1.000000000e+000 -1.000000000e+000 -3.136611481e-011 0.000000000e+000 0.000000000e+000 0.000000000e+000 4.291048266e+002 
d 0.000000000e+000 0.000000000e+000 -3.180989834e-002 6.218750000e+000 6.218750000e+000 3.181775595e-002 -1.000000000e+000 -1.000000000e+000 -3.257457348e-011 0.000000000e+000 0.000000000e+000 0.000000000e+000 4.295845856e+002 
d 0.000000000e+000 0.000000000e+000 -3.174585115e-002 6.250000000e+000 6.250000000e+000 3.175368945e-002 -1.000000000e+000 -1.000000000e+000 -3.382374436e-011 0.000000000e+000 0.000000000e+000 0.000000000e+000 4.300630880e+002 
d 0.000000000e+000 0.000000000e+000 -3.168209659e-002 6.281250000e+000 6.281250000e+000 3.168990947e-002 -1.000000000e+000 -1.000000000e+000 -3.511481886e-011 0.000000000e+000 0.000000000e+000 0.000000000e+000 4.305403482e+002 
d 0.000000000e+000 0.000000000e+000 -3.161863434e-002 6.312500000e+000 6.312500000e+000 3.162641578e-002 -1.000000000e+000 -1.000000000e+000 -3.644901858e-011 0.000000000e+000 0.000000000e+000 0.000000000e+000 4.310163803e+002 
d 0.000000000e+000 0.000000000e+000 -3.155546396e-002 6.343750000e+000 6.343750000e+000 3.156320802e-002 -1.000000000e+000 -1.000000000e+000 -3.782759525e-011 0.000000000e+000 0.000000000e+000 0.000000000e+000 4.314911977e+002 
d 0.000000000e+000 0.000000000e+000 -3.149258489e-002 6.375000000e+000 6.375000000e+000 3.150028574e-002 -1.000000000e+000 -1.000000000e+000 -3.925183151e-011 0.000000000e+000 0.000000000e+000 0.000000000e+000 4.319648140e+002 
d 0.000000000e+000 0.000000000e+000 -3.142999654e-002 6.406250000e+000 6.406250000e+000 3.143764849e-002 -1.000000000e+000 -1.000000000e+000 -4.072304209e-011 0.000000000e+000 0.000000000e+000 0.000000000e+000 4.324372420e+002 
d 0.000000000e+000 0.000000000e+000 -3.136769825e-002 6.437500000e+000 6.437500000e+000 3.137529571e-002 -1.000000000e+000 -1.000000000e+000 -4.224257355e-011 0.000000000e+000 0.000000000e+000 0.000000000e+000 4.329084944e+002 
d 0.000000000e+000 0.000000000e+000 -3.130568912e-002 6.468750000e+000 6.468750000e+000 3.131322656e-002 -1.000000000e+000 -1.000000000e+000 -4.381180172e-011 0.000000000e+000 0.000000000e+000 0.000000000e+000 4.333785818e+002 
d 0.000000000e+000 0.000000000e+000 -3.124396812e-002 6.500000000e+000 6.500000000e+000 3.125144019e-002 -1.000000000e+000 -1.000000000e+000 -4.543213358e-011 0.000000000e+000 0.000000000e+000 0.000000000e+000 4.338475142e+002 
d 0.000000000e+000 0.000000000e+000 -3.118253445e-002 6.531250000e+000 6.531250000e+000 3.118993610e-002 -1.000000000e+000 -1.000000000e+000 -4.710501754e-011 0.000000000e+000 0.000000000e+000 0.000000000e+000 4.343153036e+002 
d 0.000000000e+000 0.000000000e+000 -3.112138739e-002 6.562500000e+000 6.562500000e+000 3.112871373e-002 -1.000000000e+000 -1.000000000e+000 -4.883193981e-011 0.000000000e+000 0.000000000e+000 0.000000000e+000 4.347819630e+002 
d 0.000000000e+000 0.000000000e+000 -3.106052616e-002 6.593750000e+000 6.593750000e+000 3.106777253e-002 -1.000000000e+000 -1.000000000e+000 -5.061442364e-011 0.000000000e+000 0.000000000e+000 0.000000000e+000 4.352475050e+002 
d 0.000000000e+000 0.000000000e+000 -3.099994997e-002 6.625000000e+000 6.625000000e+000 3.100711192e-002 -1.000000000e+000 -1.000000000e+000 -5.245403031e-011 0.000000000e+000 0.000000000e+000 0.000000000e+000 4.357119424e+002 
d 0.000000000e+000 0.000000000e+000 -3.093965803e-002 6.656250000e+000 6.656250000e+000 3.094673129e-002 -1.000000000e+000 -1.000000000e+000 -5.435236019e-011 0.000000000e+000 0.000000000e+000 0.000000000e+000 4.361752880e+002 
d 0.000000000e+000 0.000000000e+000 -3.087964953e-002 6.687500000e+000 6.687500000e+000 3.088663007e-002 -1.000000000e+000 -1.000000000e+000 -5.631105417e-011 0.000000000e+000 0.000000000e+000 0.000000000e+000 4.366375548e+002 
d 0.000000000e+000 0.000000000e+000 -3.081992368e-002 6.718750000e+000 6.718750000e+000 3.082680771e-002 -1.000000000e+000 -1.000000000e+000 -5.833179525e-011 0.000000000e+000 0.000000000e+000 0.000000000e+000 4.370987561e+002 
d 0.000000000e+000 0.000000000e+000 -3.076047975e-002 6.750000000e+000 6.750000000e+000 3.076726372e-002 -1.000000000e+000 -1.000000000e+000 -6.041631073e-011 0.000000000e+000 0.000000000e+000 0.000000000e+000 4.375589058e+002 
d 0.000000000e+000 0.000000000e+000 -3.070438228e-002 6.781250000e+000 6.781250000e+000 3.069594991e-002 -1.000000000e+000 -1.000000000e+000 -6.258497323e-011 0.000000000e+000 0.000000000e+000 0.000000000e+000 4.380218777e+002 
d 0.000000000e+000 0.000000000e+000 -3.064544305e-002 6.812500000e+000 6.812500000e+000 3.063721385e-002 -1.000000000e+000 -1.000000000e+000 -6.480267741e-011 0.000000000e+000 0.000000000e+000 0.000000000e+000 4.384798989e+002 
d 0.000000000e+000 0.000000000e+000 -3.058679838e-002 6.843750000e+000 6.843750000e+000 3.057869955e-002 -1.000000000e+000 -1.000000000e+000 -6.708972386e-011 0.000000000e+000 0.000000000e+000 0.000000000e+000 4.389369364e+002 
d 0.000000000e+000 0.000000000e+000 -3.052843267e-002 6.875000000e+000 6.875000000e+000 3.052046860e-002 -1.000000000e+000 -1.000000000e+000 -6.944796066e-011 0.000000000e+000 0.000000000e+000 0.000000000e+000 4.393929922e+002 
d 0.000000000e+000 0.000000000e+000 -3.047034601e-002 6.906250000e+000 6.906250000e+000 3.046251985e-002 -1.000000000e+000 -1.000000000e+000 -7.187937760e-011 0.000000000e+000 0.000000000e+000 0.000000000e+000 4.398480868e+002 
d 0.000000000e+000 0.000000000e+000 -3.041253731e-002 6.937500000e+000 6.937500000e+000 3.040485221e-002 -1.000000000e+000 -1.000000000e+000 -7.438597827e-011 0.000000000e+000 0.000000000e+000 0.000000000e+000 4.403022322e+002 
d 0.000000000e+000 0.000000000e+000 -3.035500497e-002 6.968750000e+000 6.968750000e+000 3.034746386e-002 -1.000000000e+000 -1.000000000e+000 -7.696979065e-011 0.000000000e+000 0.000000000e+000 0.000000000e+000 4.407554349e+002 
d 0.000000000e+000 0.000000000e+000 -3.029774717e-002 7.000000000e+000 7.000000000e+000 3.029035272e-002 -1.000000000e+000 -1.000000000e+000 -7.963287920e-011 0.000000000e+000 0.000000000e+000 0.000000000e+000 4.412076992e+002 
d 0.000000000e+000 0.000000000e+000 -3.024076202e-002 7.031250000e+000 7.031250000e+000 3.023351662e-002 -1.000000000e+000 -1.000000000e+000 -8.237735133e-011 0.000000000e+000 0.000000000e+000 0.000000000e+000 4.416590286e+002 
d 0.000000000e+000 0.000000000e+000 -3.018404760e-002 7.062500000e+000 7.062500000e+000 3.017695336e-002 -1.000000000e+000 -1.000000000e+000 -8.520535966e-011 0.000000000e+000 0.000000000e+000 0.000000000e+000 4.421094262e+002 
d 0.000000000e+000 0.000000000e+000 -3.012760197e-002 7.093750000e+000 7.093750000e+000 3.012066073e-002 -1.000000000e+000 -1.000000000e+000 -8.811910244e-011 0.000000000e+000 0.000000000e+000 0.000000000e+000 4.425588947e+002 
d 0.000000000e+000 0.000000000e+000 -3.007142319e-002 7.125000000e+000 7.125000000e+000 3.006463652e-002 -1.000000000e+000 -1.000000000e+000 -9.112082673e-011 0.000000000e+000 0.000000000e+000 0.000000000e+000 4.430074370e+002 
d 0.000000000e+000 0.000000000e+000 -2.996019301e-002 7.187500000e+000 7.187500000e+000 2.995210827e-002 -1.000000000e+000 -1.000000000e+000 -9.740053939e-011 0.000000000e+000 0.000000000e+000 0.000000000e+000 4.439021753e+002 
d 0.000000000e+000 0.000000000e+000 -2.984965216e-002 7.250000000e+000 7.250000000e+000 2.984199707e-002 -1.000000000e+000 -1.000000000e+000 -1.040573719e-010 0.000000000e+000 0.000000000e+000 0.000000000e+000 4.447934842e+002 
d 0.000000000e+000 0.000000000e+000 -2.974015199e-002 7.312500000e+000 7.312500000e+000 2.973291934e-002 -1.000000000e+000 -1.000000000e+000 -1.111147719e-010 0.000000000e+000 0.000000000e+000 0.000000000e+000 4.456928978e+002 
d 0.000000000e+000 0.000000000e+000 -2.963168274e-002 7.375000000e+000 7.375000000e+000 2.962486957e-002 -1.000000000e+000 -1.000000000e+000 -1.185939547e-010 0.000000000e+000 0.000000000e+000 0.000000000e+000 4.465888832e+002 
d 0.000000000e+000 0.000000000e+000 -2.952423400e-002 7.437500000e+000 7.437500000e+000 2.951783518e-002 -1.000000000e+000 -1.000000000e+000 -1.265170199e-010 0.000000000e+000 0.000000000e+000 0.000000000e+000 4.474815036e+002 
d 0.000000000e+000 0.000000000e+000 -2.941490148e-002 7.500000000e+000 7.500000000e+000 2.942261242e-002 -1.000000000e+000 -1.000000000e+000 -1.348708101e-010 0.000000000e+000 0.000000000e+000 0.000000000e+000 4.483671713e+002 
d 0.000000000e+000 0.000000000e+000 -2.930963399e-002 7.562500000e+000 7.562500000e+000 2.931688237e-002 -1.000000000e+000 -1.000000000e+000 -1.437520341e-010 0.000000000e+000 0.000000000e+000 0.000000000e+000 4.492534573e+002 
d 0.000000000e+000 0.000000000e+000 -2.920535921e-002 7.625000000e+000 7.625000000e+000 2.921212102e-002 -1.000000000e+000 -1.000000000e+000 -1.531498754e-010 0.000000000e+000 0.000000000e+000 0.000000000e+000 4.501365624e+002 
d 0.000000000e+000 0.000000000e+000 -2.910205817e-002 7.687500000e+000 7.687500000e+000 2.910834823e-002 -1.000000000e+000 -1.000000000e+000 -1.630906505e-010 0.000000000e+000 0.000000000e+000 0.000000000e+000 4.510165353e+002 
d 0.000000000e+000 0.000000000e+000 -2.900259347e-002 7.750000000e+000 7.750000000e+000 2.899500290e-002 -1.000000000e+000 -1.000000000e+000 -1.736475468e-010 0.000000000e+000 0.000000000e+000 0.000000000e+000 4.518970494e+002 
d 0.000000000e+000 0.000000000e+000 -2.880062689e-002 7.875000000e+000 7.875000000e+000 2.879289436e-002 -1.000000000e+000 -1.000000000e+000 -1.965017127e-010 0.000000000e+000 0.000000000e+000 0.000000000e+000 4.536416803e+002 
d 0.000000000e+000 0.000000000e+000 -2.860209623e-002 8.000000000e+000 8.000000000e+000 2.859562237e-002 -1.000000000e+000 -1.000000000e+000 -2.219961422e-010 0.000000000e+000 0.000000000e+000 0.000000000e+000 4.553743637e+002 
d 0.000000000e+000 0.000000000e+000 -2.840452890e-002 8.125000000e+000 8.125000000e+000 2.841163734e-002 -1.000000000e+000 -1.000000000e+000 -2.503450620e-010 0.000000000e+000 0.000000000e+000 0.000000000e+000 4.570925653e+002 
d 0.000000000e+000 0.000000000e+000 -2.821374977e-002 8.250000000e+000 8.250000000e+000 2.821961533e-002 -1.000000000e+000 -1.000000000e+000 -2.819670362e-010 0.000000000e+000 0.000000000e+000 0.000000000e+000 4.588040598e+002 
d 0.000000000e+000 0.000000000e+000 -2.784460098e-002 8.500000000e+000 8.500000000e+000 2.783875477e-002 -1.000000000e+000 -1.000000000e+000 -3.561992844e-010 0.000000000e+000 0.000000000e+000 0.000000000e+000 4.621985957e+002 
d 0.000000000e+000 0.000000000e+000 -2.713771911e-002 9.000000000e+000 9.000000000e+000 2.714400256e-002 -1.000000000e+000 -1.000000000e+000 -5.589729771e-010 0.000000000e+000 0.000000000e+000 0.000000000e+000 4.688654697e+002 
d 0.000000000e+000 0.000000000e+000 -2.648491743e-002 9.500000000e+000 9.500000000e+000 2.647872084e-002 -1.000000000e+000 -1.000000000e+000 -8.607949216e-010 0.000000000e+000 0.000000000e+000 0.000000000e+000 4.754068216e+002 
d 0.000000000e+000 0.000000000e+000 -2.587244373e-002 1.000000000e+001 1.000000000e+001 2.586799792e-002 -1.000000000e+000 -1.000000000e+000 -1.302336555e-009 0.000000000e+000 0.000000000e+000 0.000000000e+000 4.818256181e+002 
d 0.000000000e+000 0.000000000e+000 -2.529697683e-002 1.050000000e+001 1.050000000e+001 2.530282775e-002 -1.000000000e+000 -1.000000000e+000 -1.939001574e-009 0.000000000e+000 0.000000000e+000 0.000000000e+000 4.881342731e+002 
d 0.000000000e+000 0.000000000e+000 -2.475896791e-002 1.100000000e+001 1.100000000e+001 2.476463858e-002 -1.000000000e+000 -1.000000000e+000 -2.845064569e-009 0.000000000e+000 0.000000000e+000 0.000000000e+000 4.943456164e+002 
d 0.000000000e+000 0.000000000e+000 -2.425444041e-002 1.150000000e+001 1.150000000e+001 2.425104561e-002 -1.000000000e+000 -1.000000000e+000 -4.117360183e-009 0.000000000e+000 0.000000000e+000 0.000000000e+000 5.004631333e+002 
d 0.000000000e+000 0.000000000e+000 -2.377598595e-002 1.200000000e+001 1.200000000e+001 2.377111599e-002 -1.000000000e+000 -1.000000000e+000 -5.879934610e-009 0.000000000e+000 0.000000000e+000 0.000000000e+000 5.064840015e+002 
d 0.000000000e+000 0.000000000e+000 -2.332123049e-002 1.250000000e+001 1.250000000e+001 2.332513905e-002 -1.000000000e+000 -1.000000000e+000 -8.302230114e-009 0.000000000e+000 0.000000000e+000 0.000000000e+000 5.124292292e+002 
d 0.000000000e+000 0.000000000e+000 -2.289433639e-002 1.300000000e+001 1.300000000e+001 2.289084730e-002 -1.000000000e+000 -1.000000000e+000 -1.159426712e-008 0.000000000e+000 0.000000000e+000 0.000000000e+000 5.183031733e+002 
d 0.000000000e+000 0.000000000e+000 -2.248647002e-002 1.350000000e+001 1.350000000e+001 2.249044744e-002 -1.000000000e+000 -1.000000000e+000 -1.604806196e-008 0.000000000e+000 0.000000000e+000 0.000000000e+000 5.241281860e+002 
d 0.000000000e+000 0.000000000e+000 -2.210223916e-002 1.400000000e+001 1.400000000e+001 2.210387041e-002 -1.000000000e+000 -1.000000000e+000 -2.203014066e-008 0.000000000e+000 0.000000000e+000 0.000000000e+000 5.299062625e+002 
d 0.000000000e+000 0.000000000e+000 -2.173525946e-002 1.450000000e+001 1.450000000e+001 2.173288971e-002 -1.000000000e+000 -1.000000000e+000 -2.995669110e-008 0.000000000e+000 0.000000000e+000 0.000000000e+000 5.356142475e+002 
d 0.000000000e+000 0.000000000e+000 -2.138413004e-002 1.500000000e+001 1.500000000e+001 2.138317918e-002 -1.000000000e+000 -1.000000000e+000 -4.039899916e-008 0.000000000e+000 0.000000000e+000 0.000000000e+000 5.412685762e+002 
