v ATLAS
# This file was created by ATLAS version 5.22.1.R on Tue Dec 31 10:12:34 2019.
#SSF 2.0 generic
##############################################################################
#                    Copyright (c) 1984 - 2015                               #
#                    Silvaco Inc. All rights reserved                        #
#                                                                            #
# This file format and the following Key are copyright Silvaco Inc.          #
# You may not use, this format or key without reproducing this message in    #
# full and obtaining express written permission from Silvaco Inc.            #
#                                                                            #
# To obtain such permission please contact: Silvaco Inc.                     #
#                                           support@silvaco.com              #
#                                                                            #
# KEY=SVC86hn7562asdx                       PROD=345                         #
##############################################################################
y 3 700 711 15
z 1 0.00981003 300
f 4 "source" "drain" "gate" "substrate" 
p 13 2 601 20 3 602 21 4 603 22 5 604 23 82 
d 0.000000000e+000 0.000000000e+000 4.374075848e-014 0.000000000e+000 0.000000000e+000 -1.106231020e-014 -2.000000000e+000 -2.000000000e+000 -1.924807298e-017 0.000000000e+000 0.000000000e+000 0.000000000e+000 3.000000000e+002 
d 0.000000000e+000 0.000000000e+000 -7.809124852e-003 2.500000000e-001 2.500000000e-001 7.809115534e-003 -2.000000000e+000 -2.000000000e+000 -2.238466337e-017 0.000000000e+000 0.000000000e+000 0.000000000e+000 3.010694615e+002 
d 0.000000000e+000 0.000000000e+000 -1.443373900e-002 5.000000000e-001 5.000000000e-001 1.443368238e-002 -2.000000000e+000 -2.000000000e+000 -3.430387882e-017 0.000000000e+000 0.000000000e+000 0.000000000e+000 3.038643517e+002 
d 0.000000000e+000 0.000000000e+000 -1.726582522e-002 6.250000000e-001 6.250000000e-001 1.726582522e-002 -2.000000000e+000 -2.000000000e+000 -4.562055497e-017 0.000000000e+000 0.000000000e+000 0.000000000e+000 3.057688780e+002 
d 0.000000000e+000 0.000000000e+000 -1.979002464e-002 7.500000000e-001 7.500000000e-001 1.979005430e-002 -2.000000000e+000 -2.000000000e+000 -6.321891016e-017 0.000000000e+000 0.000000000e+000 0.000000000e+000 3.079681163e+002 
d 0.000000000e+000 0.000000000e+000 -2.394821322e-002 1.000000000e+000 1.000000000e+000 2.394907578e-002 -2.000000000e+000 -2.000000000e+000 -1.312303570e-016 0.000000000e+000 0.000000000e+000 0.000000000e+000 3.129810708e+002 
d 0.000000000e+000 0.000000000e+000 -2.920956923e-002 1.500000000e+000 1.500000000e+000 2.921025265e-002 -2.000000000e+000 -2.000000000e+000 -6.289001495e-016 0.000000000e+000 0.000000000e+000 0.000000000e+000 3.242678130e+002 
d 0.000000000e+000 0.000000000e+000 -3.154650449e-002 2.000000000e+000 2.000000000e+000 3.154958840e-002 -2.000000000e+000 -2.000000000e+000 -2.786254608e-015 0.000000000e+000 0.000000000e+000 0.000000000e+000 3.357066432e+002 
d 0.000000000e+000 0.000000000e+000 -3.212141123e-002 2.500000000e+000 2.500000000e+000 3.212490517e-002 -2.000000000e+000 -2.000000000e+000 -1.022496132e-014 0.000000000e+000 0.000000000e+000 0.000000000e+000 3.463848628e+002 
d 0.000000000e+000 0.000000000e+000 -3.174714970e-002 3.000000000e+000 3.000000000e+000 3.175115464e-002 -2.000000000e+000 -2.000000000e+000 -3.089063676e-014 0.000000000e+000 0.000000000e+000 0.000000000e+000 3.560190126e+002 
d 0.000000000e+000 0.000000000e+000 -3.094912106e-002 3.500000000e+000 3.500000000e+000 3.095367440e-002 -2.000000000e+000 -2.000000000e+000 -7.985449633e-014 0.000000000e+000 0.000000000e+000 0.000000000e+000 3.647325987e+002 
d 0.000000000e+000 0.000000000e+000 -3.001328402e-002 4.000000000e+000 4.000000000e+000 3.001889936e-002 -2.000000000e+000 -2.000000000e+000 -1.843460282e-013 0.000000000e+000 0.000000000e+000 0.000000000e+000 3.727553298e+002 
d 0.000000000e+000 0.000000000e+000 -2.906392019e-002 4.500000000e+000 4.500000000e+000 2.905828717e-002 -2.000000000e+000 -2.000000000e+000 -3.910210361e-013 0.000000000e+000 0.000000000e+000 0.000000000e+000 3.802497268e+002 
d 0.000000000e+000 0.000000000e+000 -2.814349070e-002 5.000000000e+000 5.000000000e+000 2.814915897e-002 -2.000000000e+000 -2.000000000e+000 -7.761965174e-013 0.000000000e+000 0.000000000e+000 0.000000000e+000 3.873224565e+002 
d 0.000000000e+000 0.000000000e+000 -2.770793624e-002 5.250000000e+000 5.250000000e+000 2.770196740e-002 -2.000000000e+000 -2.000000000e+000 -1.072414598e-012 0.000000000e+000 0.000000000e+000 0.000000000e+000 3.907377066e+002 
d 0.000000000e+000 0.000000000e+000 -2.728250081e-002 5.500000000e+000 5.500000000e+000 2.728927271e-002 -2.000000000e+000 -2.000000000e+000 -1.464116701e-012 0.000000000e+000 0.000000000e+000 0.000000000e+000 3.940898516e+002 
d 0.000000000e+000 0.000000000e+000 -2.707956838e-002 5.625000000e+000 5.625000000e+000 2.707404535e-002 -2.000000000e+000 -2.000000000e+000 -1.704492535e-012 0.000000000e+000 0.000000000e+000 0.000000000e+000 3.957612592e+002 
d 0.000000000e+000 0.000000000e+000 -2.687791089e-002 5.750000000e+000 5.750000000e+000 2.687116342e-002 -2.000000000e+000 -2.000000000e+000 -1.978827423e-012 0.000000000e+000 0.000000000e+000 0.000000000e+000 3.974144291e+002 
d 0.000000000e+000 0.000000000e+000 -2.667684200e-002 5.875000000e+000 5.875000000e+000 2.668291816e-002 -2.000000000e+000 -2.000000000e+000 -2.291034795e-012 0.000000000e+000 0.000000000e+000 0.000000000e+000 3.990492258e+002 
d 0.000000000e+000 0.000000000e+000 -2.648483631e-002 6.000000000e+000 6.000000000e+000 2.647931386e-002 -2.000000000e+000 -2.000000000e+000 -2.647613847e-012 0.000000000e+000 0.000000000e+000 0.000000000e+000 4.006749542e+002 
d 0.000000000e+000 0.000000000e+000 -2.629412150e-002 6.125000000e+000 6.125000000e+000 2.628748010e-002 -2.000000000e+000 -2.000000000e+000 -3.052129848e-012 0.000000000e+000 0.000000000e+000 0.000000000e+000 4.022842746e+002 
d 0.000000000e+000 0.000000000e+000 -2.619987123e-002 6.187500000e+000 6.187500000e+000 2.619371986e-002 -2.000000000e+000 -2.000000000e+000 -3.274251941e-012 0.000000000e+000 0.000000000e+000 0.000000000e+000 4.030836027e+002 
d 0.000000000e+000 0.000000000e+000 -2.610671914e-002 6.250000000e+000 6.250000000e+000 2.610006510e-002 -2.000000000e+000 -2.000000000e+000 -3.510738064e-012 0.000000000e+000 0.000000000e+000 0.000000000e+000 4.038798354e+002 
d 0.000000000e+000 0.000000000e+000 -2.601443758e-002 6.312500000e+000 6.312500000e+000 2.600727006e-002 -2.000000000e+000 -2.000000000e+000 -3.762327343e-012 0.000000000e+000 0.000000000e+000 0.000000000e+000 4.046727836e+002 
d 0.000000000e+000 0.000000000e+000 -2.592004166e-002 6.375000000e+000 6.375000000e+000 2.592594970e-002 -2.000000000e+000 -2.000000000e+000 -4.028740872e-012 0.000000000e+000 0.000000000e+000 0.000000000e+000 4.054593499e+002 
d 0.000000000e+000 0.000000000e+000 -2.582925628e-002 6.437500000e+000 6.437500000e+000 2.583562935e-002 -2.000000000e+000 -2.000000000e+000 -4.312946812e-012 0.000000000e+000 0.000000000e+000 0.000000000e+000 4.062456423e+002 
d 0.000000000e+000 0.000000000e+000 -2.573931451e-002 6.500000000e+000 6.500000000e+000 2.574614101e-002 -2.000000000e+000 -2.000000000e+000 -4.614903986e-012 0.000000000e+000 0.000000000e+000 0.000000000e+000 4.070288104e+002 
d 0.000000000e+000 0.000000000e+000 -2.565303430e-002 6.562500000e+000 6.562500000e+000 2.564738245e-002 -2.000000000e+000 -2.000000000e+000 -4.936898695e-012 0.000000000e+000 0.000000000e+000 0.000000000e+000 4.078119375e+002 
d 0.000000000e+000 0.000000000e+000 -2.556493741e-002 6.625000000e+000 6.625000000e+000 2.555892341e-002 -2.000000000e+000 -2.000000000e+000 -5.277536961e-012 0.000000000e+000 0.000000000e+000 0.000000000e+000 4.085892761e+002 
d 0.000000000e+000 0.000000000e+000 -2.547768167e-002 6.687500000e+000 6.687500000e+000 2.547127473e-002 -2.000000000e+000 -2.000000000e+000 -5.639084790e-012 0.000000000e+000 0.000000000e+000 0.000000000e+000 4.093637839e+002 
d 0.000000000e+000 0.000000000e+000 -2.539126309e-002 6.750000000e+000 6.750000000e+000 2.538446042e-002 -2.000000000e+000 -2.000000000e+000 -6.022720926e-012 0.000000000e+000 0.000000000e+000 0.000000000e+000 4.101355865e+002 
d 0.000000000e+000 0.000000000e+000 -2.534806702e-002 6.781250000e+000 6.781250000e+000 2.534241840e-002 -2.000000000e+000 -2.000000000e+000 -6.223017409e-012 0.000000000e+000 0.000000000e+000 0.000000000e+000 4.105201601e+002 
d 0.000000000e+000 0.000000000e+000 -2.530535965e-002 6.812500000e+000 6.812500000e+000 2.529955942e-002 -2.000000000e+000 -2.000000000e+000 -6.429438303e-012 0.000000000e+000 0.000000000e+000 0.000000000e+000 4.109043638e+002 
d 0.000000000e+000 0.000000000e+000 -2.526285040e-002 6.843750000e+000 6.843750000e+000 2.525690527e-002 -2.000000000e+000 -2.000000000e+000 -6.641970848e-012 0.000000000e+000 0.000000000e+000 0.000000000e+000 4.112878792e+002 
d 0.000000000e+000 0.000000000e+000 -2.522053756e-002 6.875000000e+000 6.875000000e+000 2.521444823e-002 -2.000000000e+000 -2.000000000e+000 -6.860767723e-012 0.000000000e+000 0.000000000e+000 0.000000000e+000 4.116706996e+002 
d 0.000000000e+000 0.000000000e+000 -2.517841828e-002 6.906250000e+000 6.906250000e+000 2.517218571e-002 -2.000000000e+000 -2.000000000e+000 -7.085984330e-012 0.000000000e+000 0.000000000e+000 0.000000000e+000 4.120528184e+002 
d 0.000000000e+000 0.000000000e+000 -2.513649007e-002 6.937500000e+000 6.937500000e+000 2.513011540e-002 -2.000000000e+000 -2.000000000e+000 -7.317780437e-012 0.000000000e+000 0.000000000e+000 0.000000000e+000 4.124342307e+002 
d 0.000000000e+000 0.000000000e+000 -2.509475220e-002 6.968750000e+000 6.968750000e+000 2.508823601e-002 -2.000000000e+000 -2.000000000e+000 -7.556326773e-012 0.000000000e+000 0.000000000e+000 0.000000000e+000 4.128149439e+002 
d 0.000000000e+000 0.000000000e+000 -2.505320603e-002 7.000000000e+000 7.000000000e+000 2.504654901e-002 -2.000000000e+000 -2.000000000e+000 -7.801809872e-012 0.000000000e+000 0.000000000e+000 0.000000000e+000 4.131949816e+002 
d 0.000000000e+000 0.000000000e+000 -2.501185058e-002 7.031250000e+000 7.031250000e+000 2.500505365e-002 -2.000000000e+000 -2.000000000e+000 -8.054409365e-012 0.000000000e+000 0.000000000e+000 0.000000000e+000 4.135743506e+002 
d 0.000000000e+000 0.000000000e+000 -2.497068472e-002 7.062500000e+000 7.062500000e+000 2.496374917e-002 -2.000000000e+000 -2.000000000e+000 -8.314308365e-012 0.000000000e+000 0.000000000e+000 0.000000000e+000 4.139530566e+002 
d 0.000000000e+000 0.000000000e+000 -2.492690872e-002 7.093750000e+000 7.093750000e+000 2.493250726e-002 -2.000000000e+000 -2.000000000e+000 -8.579452404e-012 0.000000000e+000 0.000000000e+000 0.000000000e+000 4.143280341e+002 
d 0.000000000e+000 0.000000000e+000 -2.488605027e-002 7.125000000e+000 7.125000000e+000 2.489181095e-002 -2.000000000e+000 -2.000000000e+000 -8.854388695e-012 0.000000000e+000 0.000000000e+000 0.000000000e+000 4.147053515e+002 
d 0.000000000e+000 0.000000000e+000 -2.484538902e-002 7.156250000e+000 7.156250000e+000 2.485126296e-002 -2.000000000e+000 -2.000000000e+000 -9.137202762e-012 0.000000000e+000 0.000000000e+000 0.000000000e+000 4.150820343e+002 
d 0.000000000e+000 0.000000000e+000 -2.480491331e-002 7.187500000e+000 7.187500000e+000 2.481089948e-002 -2.000000000e+000 -2.000000000e+000 -9.428086265e-012 0.000000000e+000 0.000000000e+000 0.000000000e+000 4.154580764e+002 
d 0.000000000e+000 0.000000000e+000 -2.476462224e-002 7.218750000e+000 7.218750000e+000 2.477071906e-002 -2.000000000e+000 -2.000000000e+000 -9.727244097e-012 0.000000000e+000 0.000000000e+000 0.000000000e+000 4.158334837e+002 
d 0.000000000e+000 0.000000000e+000 -2.472451482e-002 7.250000000e+000 7.250000000e+000 2.473072056e-002 -2.000000000e+000 -2.000000000e+000 -1.003488577e-011 0.000000000e+000 0.000000000e+000 0.000000000e+000 4.162082618e+002 
d 0.000000000e+000 0.000000000e+000 -2.468459007e-002 7.281250000e+000 7.281250000e+000 2.469090287e-002 -2.000000000e+000 -2.000000000e+000 -1.035122558e-011 0.000000000e+000 0.000000000e+000 0.000000000e+000 4.165824164e+002 
d 0.000000000e+000 0.000000000e+000 -2.464484703e-002 7.312500000e+000 7.312500000e+000 2.465126487e-002 -2.000000000e+000 -2.000000000e+000 -1.067648264e-011 0.000000000e+000 0.000000000e+000 0.000000000e+000 4.169559534e+002 
d 0.000000000e+000 0.000000000e+000 -2.460528467e-002 7.343750000e+000 7.343750000e+000 2.461180538e-002 -2.000000000e+000 -2.000000000e+000 -1.101088071e-011 0.000000000e+000 0.000000000e+000 0.000000000e+000 4.173288778e+002 
d 0.000000000e+000 0.000000000e+000 -2.456590194e-002 7.375000000e+000 7.375000000e+000 2.457252320e-002 -2.000000000e+000 -2.000000000e+000 -1.135464822e-011 0.000000000e+000 0.000000000e+000 0.000000000e+000 4.177011947e+002 
d 0.000000000e+000 0.000000000e+000 -2.452669776e-002 7.406250000e+000 7.406250000e+000 2.453341710e-002 -2.000000000e+000 -2.000000000e+000 -1.170801852e-011 0.000000000e+000 0.000000000e+000 0.000000000e+000 4.180729086e+002 
d 0.000000000e+000 0.000000000e+000 -2.448767104e-002 7.437500000e+000 7.437500000e+000 2.449448587e-002 -2.000000000e+000 -2.000000000e+000 -1.207123004e-011 0.000000000e+000 0.000000000e+000 0.000000000e+000 4.184440241e+002 
d 0.000000000e+000 0.000000000e+000 -2.444882070e-002 7.468750000e+000 7.468750000e+000 2.445572830e-002 -2.000000000e+000 -2.000000000e+000 -1.244452641e-011 0.000000000e+000 0.000000000e+000 0.000000000e+000 4.188145457e+002 
d 0.000000000e+000 0.000000000e+000 -2.441014567e-002 7.500000000e+000 7.500000000e+000 2.441714318e-002 -2.000000000e+000 -2.000000000e+000 -1.282815658e-011 0.000000000e+000 0.000000000e+000 0.000000000e+000 4.191844777e+002 
d 0.000000000e+000 0.000000000e+000 -2.437450915e-002 7.531250000e+000 7.531250000e+000 2.436883436e-002 -2.000000000e+000 -2.000000000e+000 -1.322589434e-011 0.000000000e+000 0.000000000e+000 0.000000000e+000 4.195570273e+002 
d 0.000000000e+000 0.000000000e+000 -2.433620848e-002 7.562500000e+000 7.562500000e+000 2.433051483e-002 -2.000000000e+000 -2.000000000e+000 -1.363110128e-011 0.000000000e+000 0.000000000e+000 0.000000000e+000 4.199258274e+002 
d 0.000000000e+000 0.000000000e+000 -2.429809033e-002 7.593750000e+000 7.593750000e+000 2.429232899e-002 -2.000000000e+000 -2.000000000e+000 -1.404744042e-011 0.000000000e+000 0.000000000e+000 0.000000000e+000 4.202940627e+002 
d 0.000000000e+000 0.000000000e+000 -2.426014185e-002 7.625000000e+000 7.625000000e+000 2.425431637e-002 -2.000000000e+000 -2.000000000e+000 -1.447516861e-011 0.000000000e+000 0.000000000e+000 0.000000000e+000 4.206617242e+002 
d 0.000000000e+000 0.000000000e+000 -2.422236213e-002 7.656250000e+000 7.656250000e+000 2.421647531e-002 -2.000000000e+000 -2.000000000e+000 -1.491456322e-011 0.000000000e+000 0.000000000e+000 0.000000000e+000 4.210288163e+002 
d 0.000000000e+000 0.000000000e+000 -2.418475008e-002 7.687500000e+000 7.687500000e+000 2.417880479e-002 -2.000000000e+000 -2.000000000e+000 -1.536590733e-011 0.000000000e+000 0.000000000e+000 0.000000000e+000 4.213954209e+002 
d 0.000000000e+000 0.000000000e+000 -2.414730461e-002 7.718750000e+000 7.718750000e+000 2.414130382e-002 -2.000000000e+000 -2.000000000e+000 -1.582949007e-011 0.000000000e+000 0.000000000e+000 0.000000000e+000 4.217615056e+002 
d 0.000000000e+000 0.000000000e+000 -2.411002463e-002 7.750000000e+000 7.750000000e+000 2.410397140e-002 -2.000000000e+000 -2.000000000e+000 -1.630560674e-011 0.000000000e+000 0.000000000e+000 0.000000000e+000 4.221270332e+002 
d 0.000000000e+000 0.000000000e+000 -2.407290907e-002 7.781250000e+000 7.781250000e+000 2.406680651e-002 -2.000000000e+000 -2.000000000e+000 -1.679455891e-011 0.000000000e+000 0.000000000e+000 0.000000000e+000 4.224920075e+002 
d 0.000000000e+000 0.000000000e+000 -2.403595685e-002 7.812500000e+000 7.812500000e+000 2.402980815e-002 -2.000000000e+000 -2.000000000e+000 -1.729665456e-011 0.000000000e+000 0.000000000e+000 0.000000000e+000 4.228564324e+002 
d 0.000000000e+000 0.000000000e+000 -2.399916691e-002 7.843750000e+000 7.843750000e+000 2.399297533e-002 -2.000000000e+000 -2.000000000e+000 -1.781220816e-011 0.000000000e+000 0.000000000e+000 0.000000000e+000 4.232203116e+002 
d 0.000000000e+000 0.000000000e+000 -2.396253818e-002 7.875000000e+000 7.875000000e+000 2.395630703e-002 -2.000000000e+000 -2.000000000e+000 -1.834154083e-011 0.000000000e+000 0.000000000e+000 0.000000000e+000 4.235836488e+002 
d 0.000000000e+000 0.000000000e+000 -2.392606960e-002 7.906250000e+000 7.906250000e+000 2.391980227e-002 -2.000000000e+000 -2.000000000e+000 -1.888498033e-011 0.000000000e+000 0.000000000e+000 0.000000000e+000 4.239464477e+002 
d 0.000000000e+000 0.000000000e+000 -2.388976015e-002 7.937500000e+000 7.937500000e+000 2.388346003e-002 -2.000000000e+000 -2.000000000e+000 -1.944286166e-011 0.000000000e+000 0.000000000e+000 0.000000000e+000 4.243087121e+002 
d 0.000000000e+000 0.000000000e+000 -2.385360896e-002 7.968750000e+000 7.968750000e+000 2.384727946e-002 -2.000000000e+000 -2.000000000e+000 -2.001552852e-011 0.000000000e+000 0.000000000e+000 0.000000000e+000 4.246704469e+002 
d 0.000000000e+000 0.000000000e+000 -2.381761502e-002 8.000000000e+000 8.000000000e+000 2.381125964e-002 -2.000000000e+000 -2.000000000e+000 -2.060333055e-011 0.000000000e+000 0.000000000e+000 0.000000000e+000 4.250316560e+002 
d 0.000000000e+000 0.000000000e+000 -2.378177733e-002 8.031250000e+000 8.031250000e+000 2.377539959e-002 -2.000000000e+000 -2.000000000e+000 -2.120662458e-011 0.000000000e+000 0.000000000e+000 0.000000000e+000 4.253923434e+002 
d 0.000000000e+000 0.000000000e+000 -2.374609492e-002 8.062500000e+000 8.062500000e+000 2.373969837e-002 -2.000000000e+000 -2.000000000e+000 -2.182577496e-011 0.000000000e+000 0.000000000e+000 0.000000000e+000 4.257525126e+002 
d 0.000000000e+000 0.000000000e+000 -2.371056680e-002 8.093750000e+000 8.093750000e+000 2.370415501e-002 -2.000000000e+000 -2.000000000e+000 -2.246115360e-011 0.000000000e+000 0.000000000e+000 0.000000000e+000 4.261121675e+002 
d 0.000000000e+000 0.000000000e+000 -2.367519200e-002 8.125000000e+000 8.125000000e+000 2.366876856e-002 -2.000000000e+000 -2.000000000e+000 -2.311314017e-011 0.000000000e+000 0.000000000e+000 0.000000000e+000 4.264713119e+002 
d 0.000000000e+000 0.000000000e+000 -2.363996955e-002 8.156250000e+000 8.156250000e+000 2.363353805e-002 -2.000000000e+000 -2.000000000e+000 -2.378212224e-011 0.000000000e+000 0.000000000e+000 0.000000000e+000 4.268299492e+002 
d 0.000000000e+000 0.000000000e+000 -2.360489849e-002 8.187500000e+000 8.187500000e+000 2.359846253e-002 -2.000000000e+000 -2.000000000e+000 -2.446849540e-011 0.000000000e+000 0.000000000e+000 0.000000000e+000 4.271880833e+002 
d 0.000000000e+000 0.000000000e+000 -2.356997786e-002 8.218750000e+000 8.218750000e+000 2.356354105e-002 -2.000000000e+000 -2.000000000e+000 -2.517266342e-011 0.000000000e+000 0.000000000e+000 0.000000000e+000 4.275457177e+002 
d 0.000000000e+000 0.000000000e+000 -2.353520673e-002 8.250000000e+000 8.250000000e+000 2.352877265e-002 -2.000000000e+000 -2.000000000e+000 -2.589503839e-011 0.000000000e+000 0.000000000e+000 0.000000000e+000 4.279028559e+002 
d 0.000000000e+000 0.000000000e+000 -2.350058415e-002 8.281250000e+000 8.281250000e+000 2.349415638e-002 -2.000000000e+000 -2.000000000e+000 -2.663604093e-011 0.000000000e+000 0.000000000e+000 0.000000000e+000 4.282595015e+002 
d 0.000000000e+000 0.000000000e+000 -2.346610919e-002 8.312500000e+000 8.312500000e+000 2.345969129e-002 -2.000000000e+000 -2.000000000e+000 -2.739610030e-011 0.000000000e+000 0.000000000e+000 0.000000000e+000 4.286156580e+002 
d 0.000000000e+000 0.000000000e+000 -2.343178094e-002 8.343750000e+000 8.343750000e+000 2.342537644e-002 -2.000000000e+000 -2.000000000e+000 -2.817565454e-011 0.000000000e+000 0.000000000e+000 0.000000000e+000 4.289713289e+002 
d 0.000000000e+000 0.000000000e+000 -2.339759846e-002 8.375000000e+000 8.375000000e+000 2.339121087e-002 -2.000000000e+000 -2.000000000e+000 -2.897515052e-011 0.000000000e+000 0.000000000e+000 0.000000000e+000 4.293265177e+002 
d 0.000000000e+000 0.000000000e+000 -2.336356085e-002 8.406250000e+000 8.406250000e+000 2.335719364e-002 -2.000000000e+000 -2.000000000e+000 -2.979504422e-011 0.000000000e+000 0.000000000e+000 0.000000000e+000 4.296812276e+002 
d 0.000000000e+000 0.000000000e+000 -2.332966719e-002 8.437500000e+000 8.437500000e+000 2.332332378e-002 -2.000000000e+000 -2.000000000e+000 -3.063580104e-011 0.000000000e+000 0.000000000e+000 0.000000000e+000 4.300354620e+002 
d 0.000000000e+000 0.000000000e+000 -2.329591664e-002 8.468750000e+000 8.468750000e+000 2.328960028e-002 -2.000000000e+000 -2.000000000e+000 -3.149789595e-011 0.000000000e+000 0.000000000e+000 0.000000000e+000 4.303892244e+002 
d 0.000000000e+000 0.000000000e+000 -2.326230874e-002 8.500000000e+000 8.500000000e+000 2.325601760e-002 -2.000000000e+000 -2.000000000e+000 -3.238181402e-011 0.000000000e+000 0.000000000e+000 0.000000000e+000 4.307425183e+002 
d 0.000000000e+000 0.000000000e+000 -2.322884220e-002 8.531250000e+000 8.531250000e+000 2.322257854e-002 -2.000000000e+000 -2.000000000e+000 -3.328804702e-011 0.000000000e+000 0.000000000e+000 0.000000000e+000 4.310953461e+002 
d 0.000000000e+000 0.000000000e+000 -2.319551608e-002 8.562500000e+000 8.562500000e+000 2.318928295e-002 -2.000000000e+000 -2.000000000e+000 -3.421709890e-011 0.000000000e+000 0.000000000e+000 0.000000000e+000 4.314477108e+002 
d 0.000000000e+000 0.000000000e+000 -2.316232952e-002 8.593750000e+000 8.593750000e+000 2.315612992e-002 -2.000000000e+000 -2.000000000e+000 -3.516948405e-011 0.000000000e+000 0.000000000e+000 0.000000000e+000 4.317996160e+002 
d 0.000000000e+000 0.000000000e+000 -2.312928166e-002 8.625000000e+000 8.625000000e+000 2.312311855e-002 -2.000000000e+000 -2.000000000e+000 -3.614572725e-011 0.000000000e+000 0.000000000e+000 0.000000000e+000 4.321510648e+002 
d 0.000000000e+000 0.000000000e+000 -2.309637166e-002 8.656250000e+000 8.656250000e+000 2.309024793e-002 -2.000000000e+000 -2.000000000e+000 -3.714636373e-011 0.000000000e+000 0.000000000e+000 0.000000000e+000 4.325020606e+002 
d 0.000000000e+000 0.000000000e+000 -2.306359869e-002 8.687500000e+000 8.687500000e+000 2.305751714e-002 -2.000000000e+000 -2.000000000e+000 -3.817193919e-011 0.000000000e+000 0.000000000e+000 0.000000000e+000 4.328526066e+002 
d 0.000000000e+000 0.000000000e+000 -2.303096187e-002 8.718750000e+000 8.718750000e+000 2.302492526e-002 -2.000000000e+000 -2.000000000e+000 -3.922300968e-011 0.000000000e+000 0.000000000e+000 0.000000000e+000 4.332027057e+002 
d 0.000000000e+000 0.000000000e+000 -2.299846032e-002 8.750000000e+000 8.750000000e+000 2.299247137e-002 -2.000000000e+000 -2.000000000e+000 -4.030014155e-011 0.000000000e+000 0.000000000e+000 0.000000000e+000 4.335523606e+002 
d 0.000000000e+000 0.000000000e+000 -2.296609317e-002 8.781250000e+000 8.781250000e+000 2.296015454e-002 -2.000000000e+000 -2.000000000e+000 -4.140391198e-011 0.000000000e+000 0.000000000e+000 0.000000000e+000 4.339015738e+002 
d 0.000000000e+000 0.000000000e+000 -2.293385951e-002 8.812500000e+000 8.812500000e+000 2.292797380e-002 -2.000000000e+000 -2.000000000e+000 -4.253490921e-011 0.000000000e+000 0.000000000e+000 0.000000000e+000 4.342503479e+002 
d 0.000000000e+000 0.000000000e+000 -2.290175846e-002 8.843750000e+000 8.843750000e+000 2.289592821e-002 -2.000000000e+000 -2.000000000e+000 -4.369373263e-011 0.000000000e+000 0.000000000e+000 0.000000000e+000 4.345986851e+002 
d 0.000000000e+000 0.000000000e+000 -2.286978914e-002 8.875000000e+000 8.875000000e+000 2.286401681e-002 -2.000000000e+000 -2.000000000e+000 -4.488099297e-011 0.000000000e+000 0.000000000e+000 0.000000000e+000 4.349465877e+002 
d 0.000000000e+000 0.000000000e+000 -2.283794996e-002 8.906250000e+000 8.906250000e+000 2.283224008e-002 -2.000000000e+000 -2.000000000e+000 -4.609730326e-011 0.000000000e+000 0.000000000e+000 0.000000000e+000 4.352940556e+002 
d 0.000000000e+000 0.000000000e+000 -2.280623816e-002 8.937500000e+000 8.937500000e+000 2.280059624e-002 -2.000000000e+000 -2.000000000e+000 -4.734322869e-011 0.000000000e+000 0.000000000e+000 0.000000000e+000 4.356410748e+002 
d 0.000000000e+000 0.000000000e+000 -2.277465447e-002 8.968750000e+000 8.968750000e+000 2.276908072e-002 -2.000000000e+000 -2.000000000e+000 -4.861942891e-011 0.000000000e+000 0.000000000e+000 0.000000000e+000 4.359876519e+002 
d 0.000000000e+000 0.000000000e+000 -2.274319907e-002 9.000000000e+000 9.000000000e+000 2.273769301e-002 -2.000000000e+000 -2.000000000e+000 -4.992659623e-011 0.000000000e+000 0.000000000e+000 0.000000000e+000 4.363337977e+002 
d 0.000000000e+000 0.000000000e+000 -2.271187217e-002 9.031250000e+000 9.031250000e+000 2.270643261e-002 -2.000000000e+000 -2.000000000e+000 -5.126544136e-011 0.000000000e+000 0.000000000e+000 0.000000000e+000 4.366795234e+002 
d 0.000000000e+000 0.000000000e+000 -2.267775484e-002 9.062500000e+000 9.062500000e+000 2.268442968e-002 -2.000000000e+000 -2.000000000e+000 -5.262286667e-011 0.000000000e+000 0.000000000e+000 0.000000000e+000 4.370214276e+002 
d 0.000000000e+000 0.000000000e+000 -2.264669933e-002 9.093750000e+000 9.093750000e+000 2.265336743e-002 -2.000000000e+000 -2.000000000e+000 -5.402702607e-011 0.000000000e+000 0.000000000e+000 0.000000000e+000 4.373663708e+002 
d 0.000000000e+000 0.000000000e+000 -2.261579087e-002 9.125000000e+000 9.125000000e+000 2.262238746e-002 -2.000000000e+000 -2.000000000e+000 -5.546531676e-011 0.000000000e+000 0.000000000e+000 0.000000000e+000 4.377109751e+002 
d 0.000000000e+000 0.000000000e+000 -2.258501858e-002 9.156250000e+000 9.156250000e+000 2.259154784e-002 -2.000000000e+000 -2.000000000e+000 -5.693874459e-011 0.000000000e+000 0.000000000e+000 0.000000000e+000 4.380552907e+002 
d 0.000000000e+000 0.000000000e+000 -2.255439635e-002 9.187500000e+000 9.187500000e+000 2.256085212e-002 -2.000000000e+000 -2.000000000e+000 -5.844874844e-011 0.000000000e+000 0.000000000e+000 0.000000000e+000 4.383994475e+002 
d 0.000000000e+000 0.000000000e+000 -2.252392701e-002 9.218750000e+000 9.218750000e+000 2.253029940e-002 -2.000000000e+000 -2.000000000e+000 -5.999634628e-011 0.000000000e+000 0.000000000e+000 0.000000000e+000 4.387434797e+002 
d 0.000000000e+000 0.000000000e+000 -2.249359816e-002 9.250000000e+000 9.250000000e+000 2.249987983e-002 -2.000000000e+000 -2.000000000e+000 -6.158183340e-011 0.000000000e+000 0.000000000e+000 0.000000000e+000 4.390872810e+002 
d 0.000000000e+000 0.000000000e+000 -2.246339320e-002 9.281250000e+000 9.281250000e+000 2.246957667e-002 -2.000000000e+000 -2.000000000e+000 -6.320518521e-011 0.000000000e+000 0.000000000e+000 0.000000000e+000 4.394306936e+002 
d 0.000000000e+000 0.000000000e+000 -2.243329977e-002 9.312500000e+000 9.312500000e+000 2.243937995e-002 -2.000000000e+000 -2.000000000e+000 -6.486657150e-011 0.000000000e+000 0.000000000e+000 0.000000000e+000 4.397736061e+002 
d 0.000000000e+000 0.000000000e+000 -2.240332289e-002 9.343750000e+000 9.343750000e+000 2.240930112e-002 -2.000000000e+000 -2.000000000e+000 -6.656719568e-011 0.000000000e+000 0.000000000e+000 0.000000000e+000 4.401160936e+002 
d 0.000000000e+000 0.000000000e+000 -2.237346552e-002 9.375000000e+000 9.375000000e+000 2.237934190e-002 -2.000000000e+000 -2.000000000e+000 -6.830809204e-011 0.000000000e+000 0.000000000e+000 0.000000000e+000 4.404581935e+002 
d 0.000000000e+000 0.000000000e+000 -2.234372731e-002 9.406250000e+000 9.406250000e+000 2.234950132e-002 -2.000000000e+000 -2.000000000e+000 -7.009013434e-011 0.000000000e+000 0.000000000e+000 0.000000000e+000 4.407999112e+002 
d 0.000000000e+000 0.000000000e+000 -2.231410776e-002 9.437500000e+000 9.437500000e+000 2.231977870e-002 -2.000000000e+000 -2.000000000e+000 -7.191420854e-011 0.000000000e+000 0.000000000e+000 0.000000000e+000 4.411412510e+002 
d 0.000000000e+000 0.000000000e+000 -2.228460623e-002 9.468750000e+000 9.468750000e+000 2.229017350e-002 -2.000000000e+000 -2.000000000e+000 -7.378121555e-011 0.000000000e+000 0.000000000e+000 0.000000000e+000 4.414824514e+002 
d 0.000000000e+000 0.000000000e+000 -2.225522213e-002 9.500000000e+000 9.500000000e+000 2.226068522e-002 -2.000000000e+000 -2.000000000e+000 -7.569207408e-011 0.000000000e+000 0.000000000e+000 0.000000000e+000 4.418233406e+002 
d 0.000000000e+000 0.000000000e+000 -2.222595478e-002 9.531250000e+000 9.531250000e+000 2.223131327e-002 -2.000000000e+000 -2.000000000e+000 -7.764771694e-011 0.000000000e+000 0.000000000e+000 0.000000000e+000 4.421638628e+002 
d 0.000000000e+000 0.000000000e+000 -2.219680351e-002 9.562500000e+000 9.562500000e+000 2.220205706e-002 -2.000000000e+000 -2.000000000e+000 -7.964909360e-011 0.000000000e+000 0.000000000e+000 0.000000000e+000 4.425040209e+002 
d 0.000000000e+000 0.000000000e+000 -2.217064483e-002 9.593750000e+000 9.593750000e+000 2.216419096e-002 -2.000000000e+000 -2.000000000e+000 -8.171800699e-011 0.000000000e+000 0.000000000e+000 0.000000000e+000 4.428472136e+002 
d 0.000000000e+000 0.000000000e+000 -2.214165369e-002 9.625000000e+000 9.625000000e+000 2.213539179e-002 -2.000000000e+000 -2.000000000e+000 -8.381376302e-011 0.000000000e+000 0.000000000e+000 0.000000000e+000 4.431865707e+002 
d 0.000000000e+000 0.000000000e+000 -2.211279318e-002 9.656250000e+000 9.656250000e+000 2.210665540e-002 -2.000000000e+000 -2.000000000e+000 -8.595831915e-011 0.000000000e+000 0.000000000e+000 0.000000000e+000 4.435255913e+002 
d 0.000000000e+000 0.000000000e+000 -2.208404556e-002 9.687500000e+000 9.687500000e+000 2.207803286e-002 -2.000000000e+000 -2.000000000e+000 -8.815257232e-011 0.000000000e+000 0.000000000e+000 0.000000000e+000 4.438642578e+002 
d 0.000000000e+000 0.000000000e+000 -2.205541039e-002 9.718750000e+000 9.718750000e+000 2.204952272e-002 -2.000000000e+000 -2.000000000e+000 -9.039756377e-011 0.000000000e+000 0.000000000e+000 0.000000000e+000 4.442025728e+002 
d 0.000000000e+000 0.000000000e+000 -2.202688700e-002 9.750000000e+000 9.750000000e+000 2.202112420e-002 -2.000000000e+000 -2.000000000e+000 -9.269435193e-011 0.000000000e+000 0.000000000e+000 0.000000000e+000 4.445405387e+002 
d 0.000000000e+000 0.000000000e+000 -2.199847472e-002 9.781250000e+000 9.781250000e+000 2.199283655e-002 -2.000000000e+000 -2.000000000e+000 -9.504401423e-011 0.000000000e+000 0.000000000e+000 0.000000000e+000 4.448781578e+002 
d 0.000000000e+000 0.000000000e+000 -2.197017289e-002 9.812500000e+000 9.812500000e+000 2.196465901e-002 -2.000000000e+000 -2.000000000e+000 -9.744764755e-011 0.000000000e+000 0.000000000e+000 0.000000000e+000 4.452154320e+002 
d 0.000000000e+000 0.000000000e+000 -2.194198082e-002 9.843750000e+000 9.843750000e+000 2.193659080e-002 -2.000000000e+000 -2.000000000e+000 -9.990636819e-011 0.000000000e+000 0.000000000e+000 0.000000000e+000 4.455523635e+002 
d 0.000000000e+000 0.000000000e+000 -2.191389783e-002 9.875000000e+000 9.875000000e+000 2.190863117e-002 -2.000000000e+000 -2.000000000e+000 -1.024213118e-010 0.000000000e+000 0.000000000e+000 0.000000000e+000 4.458889540e+002 
d 0.000000000e+000 0.000000000e+000 -2.185838718e-002 9.937500000e+000 9.937500000e+000 2.185205070e-002 -2.000000000e+000 -2.000000000e+000 -1.076276246e-010 0.000000000e+000 0.000000000e+000 0.000000000e+000 4.465615107e+002 
d 0.000000000e+000 0.000000000e+000 -2.180295097e-002 1.000000000e+001 1.000000000e+001 2.179694823e-002 -2.000000000e+000 -2.000000000e+000 -1.130697346e-010 0.000000000e+000 0.000000000e+000 0.000000000e+000 4.472323014e+002 
d 0.000000000e+000 0.000000000e+000 -2.174793706e-002 1.006250000e+001 1.006250000e+001 2.174225900e-002 -2.000000000e+000 -2.000000000e+000 -1.187605308e-010 0.000000000e+000 0.000000000e+000 0.000000000e+000 4.479017464e+002 
d 0.000000000e+000 0.000000000e+000 -2.169332386e-002 1.012500000e+001 1.012500000e+001 2.168797749e-002 -2.000000000e+000 -2.000000000e+000 -1.247087091e-010 0.000000000e+000 0.000000000e+000 0.000000000e+000 4.485697274e+002 
d 0.000000000e+000 0.000000000e+000 -2.163922042e-002 1.018750000e+001 1.018750000e+001 2.163408508e-002 -2.000000000e+000 -2.000000000e+000 -1.309351895e-010 0.000000000e+000 0.000000000e+000 0.000000000e+000 4.492371521e+002 
d 0.000000000e+000 0.000000000e+000 -2.158283838e-002 1.025000000e+001 1.025000000e+001 2.158902182e-002 -2.000000000e+000 -2.000000000e+000 -1.374290100e-010 0.000000000e+000 0.000000000e+000 0.000000000e+000 4.499015175e+002 
d 0.000000000e+000 0.000000000e+000 -2.152979887e-002 1.031250000e+001 1.031250000e+001 2.153565134e-002 -2.000000000e+000 -2.000000000e+000 -1.442483152e-010 0.000000000e+000 0.000000000e+000 0.000000000e+000 4.505679241e+002 
d 0.000000000e+000 0.000000000e+000 -2.147716195e-002 1.037500000e+001 1.037500000e+001 2.148265855e-002 -2.000000000e+000 -2.000000000e+000 -1.513743196e-010 0.000000000e+000 0.000000000e+000 0.000000000e+000 4.512331131e+002 
d 0.000000000e+000 0.000000000e+000 -2.142491464e-002 1.043750000e+001 1.043750000e+001 2.143006261e-002 -2.000000000e+000 -2.000000000e+000 -1.588193600e-010 0.000000000e+000 0.000000000e+000 0.000000000e+000 4.518970939e+002 
d 0.000000000e+000 0.000000000e+000 -2.137594598e-002 1.050000000e+001 1.050000000e+001 2.136966358e-002 -2.000000000e+000 -2.000000000e+000 -1.666427282e-010 0.000000000e+000 0.000000000e+000 0.000000000e+000 4.525636188e+002 
d 0.000000000e+000 0.000000000e+000 -2.132438919e-002 1.056250000e+001 1.056250000e+001 2.131853468e-002 -2.000000000e+000 -2.000000000e+000 -1.747838134e-010 0.000000000e+000 0.000000000e+000 0.000000000e+000 4.532261419e+002 
d 0.000000000e+000 0.000000000e+000 -2.127323071e-002 1.062500000e+001 1.062500000e+001 2.126774043e-002 -2.000000000e+000 -2.000000000e+000 -1.832871172e-010 0.000000000e+000 0.000000000e+000 0.000000000e+000 4.538875996e+002 
d 0.000000000e+000 0.000000000e+000 -2.117232855e-002 1.075000000e+001 1.075000000e+001 2.116661811e-002 -2.000000000e+000 -2.000000000e+000 -2.014508035e-010 0.000000000e+000 0.000000000e+000 0.000000000e+000 4.552080193e+002 
d 0.000000000e+000 0.000000000e+000 -2.107264776e-002 1.087500000e+001 1.087500000e+001 2.106776833e-002 -2.000000000e+000 -2.000000000e+000 -2.212466335e-010 0.000000000e+000 0.000000000e+000 0.000000000e+000 4.565242075e+002 
d 0.000000000e+000 0.000000000e+000 -2.097192814e-002 1.100000000e+001 1.100000000e+001 2.097739709e-002 -2.000000000e+000 -2.000000000e+000 -2.427638197e-010 0.000000000e+000 0.000000000e+000 0.000000000e+000 4.578337209e+002 
d 0.000000000e+000 0.000000000e+000 -2.078325435e-002 1.125000000e+001 1.125000000e+001 2.077724048e-002 -2.000000000e+000 -2.000000000e+000 -2.918843951e-010 0.000000000e+000 0.000000000e+000 0.000000000e+000 4.604548373e+002 
d 0.000000000e+000 0.000000000e+000 -2.059395518e-002 1.150000000e+001 1.150000000e+001 2.059952780e-002 -2.000000000e+000 -2.000000000e+000 -3.498375663e-010 0.000000000e+000 0.000000000e+000 0.000000000e+000 4.630553884e+002 
d 0.000000000e+000 0.000000000e+000 -2.023720554e-002 1.200000000e+001 1.200000000e+001 2.024238947e-002 -2.000000000e+000 -2.000000000e+000 -4.990304699e-010 0.000000000e+000 0.000000000e+000 0.000000000e+000 4.682275998e+002 
d 0.000000000e+000 0.000000000e+000 -1.989980800e-002 1.250000000e+001 1.250000000e+001 1.990412377e-002 -2.000000000e+000 -2.000000000e+000 -7.051045717e-010 0.000000000e+000 0.000000000e+000 0.000000000e+000 4.733557427e+002 
d 0.000000000e+000 0.000000000e+000 -1.957979430e-002 1.300000000e+001 1.300000000e+001 1.958360030e-002 -2.000000000e+000 -2.000000000e+000 -9.873159961e-010 0.000000000e+000 0.000000000e+000 0.000000000e+000 4.784429256e+002 
d 0.000000000e+000 0.000000000e+000 -1.927562628e-002 1.350000000e+001 1.350000000e+001 1.927923030e-002 -2.000000000e+000 -2.000000000e+000 -1.370647709e-009 0.000000000e+000 0.000000000e+000 0.000000000e+000 4.834916488e+002 
d 0.000000000e+000 0.000000000e+000 -1.898587270e-002 1.400000000e+001 1.400000000e+001 1.898969836e-002 -2.000000000e+000 -2.000000000e+000 -1.887362032e-009 0.000000000e+000 0.000000000e+000 0.000000000e+000 4.885045052e+002 
d 0.000000000e+000 0.000000000e+000 -1.870931579e-002 1.450000000e+001 1.450000000e+001 1.871403779e-002 -2.000000000e+000 -2.000000000e+000 -2.578713638e-009 0.000000000e+000 0.000000000e+000 0.000000000e+000 4.934832437e+002 
d 0.000000000e+000 0.000000000e+000 -1.844798326e-002 1.500000000e+001 1.500000000e+001 1.844437292e-002 -2.000000000e+000 -2.000000000e+000 -3.497939571e-009 0.000000000e+000 0.000000000e+000 0.000000000e+000 4.984329047e+002 
