v ATLAS
# This file was created by ATLAS version 5.22.1.R on Fri Nov 15 14:22:10 2019.
#SSF 2.0 generic
##############################################################################
#                    Copyright (c) 1984 - 2015                               #
#                    Silvaco Inc. All rights reserved                        #
#                                                                            #
# This file format and the following Key are copyright Silvaco Inc.          #
# You may not use, this format or key without reproducing this message in    #
# full and obtaining express written permission from Silvaco Inc.            #
#                                                                            #
# To obtain such permission please contact: Silvaco Inc.                     #
#                                           support@silvaco.com              #
#                                                                            #
# KEY=SVC86hn7562asdx                       PROD=345                         #
##############################################################################
y 3 700 711 15
z 1 0.00981003 300
f 4 "source" "drain" "gate" "substrate" 
p 13 2 601 20 3 602 21 4 603 22 5 604 23 82 
d 0.000000000e+000 0.000000000e+000 -2.189271208e-012 0.000000000e+000 0.000000000e+000 -7.379375597e-012 -1.000000000e+000 -1.000000000e+000 -2.431373746e-017 0.000000000e+000 0.000000000e+000 0.000000000e+000 3.000000000e+002 
d 0.000000000e+000 0.000000000e+000 -4.465782877e-003 1.250000000e-001 1.250000000e-001 4.465790117e-003 -1.000000000e+000 -1.000000000e+000 -2.993689503e-017 0.000000000e+000 0.000000000e+000 0.000000000e+000 3.015521233e+002 
d 0.000000000e+000 0.000000000e+000 -8.414146984e-003 2.500000000e-001 2.500000000e-001 8.414084311e-003 -1.000000000e+000 -1.000000000e+000 -5.546836023e-017 0.000000000e+000 0.000000000e+000 0.000000000e+000 3.058000037e+002 
d 0.000000000e+000 0.000000000e+000 -1.423390011e-002 5.000000000e-001 5.000000000e-001 1.423432017e-002 -1.000000000e+000 -1.000000000e+000 -3.913854378e-016 0.000000000e+000 0.000000000e+000 0.000000000e+000 3.196756942e+002 
d 0.000000000e+000 0.000000000e+000 -1.961563238e-002 1.000000000e+000 1.000000000e+000 1.961821390e-002 -1.000000000e+000 -1.000000000e+000 -3.229787919e-014 0.000000000e+000 0.000000000e+000 0.000000000e+000 3.553346041e+002 
d 0.000000000e+000 0.000000000e+000 -2.098953112e-002 1.500000000e+000 1.500000000e+000 2.098684155e-002 -1.000000000e+000 -1.000000000e+000 -1.247562381e-012 0.000000000e+000 0.000000000e+000 0.000000000e+000 3.907195754e+002 
d 0.000000000e+000 0.000000000e+000 -2.094700596e-002 2.000000000e+000 2.000000000e+000 2.094842645e-002 -1.000000000e+000 -1.000000000e+000 -2.159365524e-011 0.000000000e+000 0.000000000e+000 0.000000000e+000 4.230326744e+002 
d 0.000000000e+000 0.000000000e+000 -2.037560743e-002 2.500000000e+000 2.500000000e+000 2.037536810e-002 -1.000000000e+000 -1.000000000e+000 -2.047511274e-010 0.000000000e+000 0.000000000e+000 0.000000000e+000 4.521166166e+002 
d 0.000000000e+000 0.000000000e+000 -1.960792752e-002 3.000000000e+000 3.000000000e+000 1.961020808e-002 -1.000000000e+000 -1.000000000e+000 -1.253035453e-009 0.000000000e+000 0.000000000e+000 0.000000000e+000 4.782975352e+002 
d 0.000000000e+000 0.000000000e+000 -1.919765379e-002 3.250000000e+000 3.250000000e+000 1.919141211e-002 -1.000000000e+000 -1.000000000e+000 -2.723595250e-009 0.000000000e+000 0.000000000e+000 0.000000000e+000 4.903777556e+002 
d 0.000000000e+000 0.000000000e+000 -1.878059463e-002 3.500000000e+000 3.500000000e+000 1.877118008e-002 -1.000000000e+000 -1.000000000e+000 -5.513396951e-009 0.000000000e+000 0.000000000e+000 0.000000000e+000 5.018400777e+002 
d 0.000000000e+000 0.000000000e+000 -1.794749833e-002 4.000000000e+000 4.000000000e+000 1.793575393e-002 -1.000000000e+000 -1.000000000e+000 -1.885775298e-008 0.000000000e+000 0.000000000e+000 0.000000000e+000 5.230331350e+002 
d 0.000000000e+000 0.000000000e+000 -1.715374822e-002 4.500000000e+000 4.500000000e+000 1.713070201e-002 -1.000000000e+000 -1.000000000e+000 -5.343884090e-008 0.000000000e+000 0.000000000e+000 0.000000000e+000 5.422914245e+002 
d 0.000000000e+000 0.000000000e+000 -1.641830939e-002 5.000000000e+000 5.000000000e+000 1.639298667e-002 -1.000000000e+000 -1.000000000e+000 -1.323147915e-007 0.000000000e+000 0.000000000e+000 0.000000000e+000 5.601236287e+002 
d 0.000000000e+000 0.000000000e+000 -1.575211269e-002 5.500000000e+000 5.500000000e+000 1.571573207e-002 -1.000000000e+000 -1.000000000e+000 -2.958721206e-007 0.000000000e+000 0.000000000e+000 0.000000000e+000 5.768536429e+002 
d 0.000000000e+000 0.000000000e+000 -1.515104810e-002 6.000000000e+000 6.000000000e+000 1.510358354e-002 -1.000000000e+000 -1.000000000e+000 -6.122407667e-007 0.000000000e+000 0.000000000e+000 0.000000000e+000 5.927540873e+002 
d 0.000000000e+000 0.000000000e+000 -1.487380132e-002 6.250000000e+000 6.250000000e+000 1.481936036e-002 -1.000000000e+000 -1.000000000e+000 -8.597249291e-007 0.000000000e+000 0.000000000e+000 0.000000000e+000 6.004457690e+002 
d 0.000000000e+000 0.000000000e+000 -1.460548720e-002 6.500000000e+000 6.500000000e+000 1.455754028e-002 -1.000000000e+000 -1.000000000e+000 -1.194144359e-006 0.000000000e+000 0.000000000e+000 0.000000000e+000 6.080592944e+002 
d 0.000000000e+000 0.000000000e+000 -1.435338286e-002 6.750000000e+000 6.750000000e+000 1.430380579e-002 -1.000000000e+000 -1.000000000e+000 -1.635798332e-006 0.000000000e+000 0.000000000e+000 0.000000000e+000 6.155128851e+002 
d 0.000000000e+000 0.000000000e+000 -1.411359253e-002 7.000000000e+000 7.000000000e+000 1.406260600e-002 -1.000000000e+000 -1.000000000e+000 -2.216025811e-006 0.000000000e+000 0.000000000e+000 0.000000000e+000 6.228702771e+002 
d 0.000000000e+000 0.000000000e+000 -1.399619341e-002 7.125000000e+000 7.125000000e+000 1.394888915e-002 -1.000000000e+000 -1.000000000e+000 -2.572429633e-006 0.000000000e+000 0.000000000e+000 0.000000000e+000 6.265470154e+002 
d 0.000000000e+000 0.000000000e+000 -1.388405206e-002 7.250000000e+000 7.250000000e+000 1.383479598e-002 -1.000000000e+000 -1.000000000e+000 -2.974338598e-006 0.000000000e+000 0.000000000e+000 0.000000000e+000 6.301632448e+002 
d 0.000000000e+000 0.000000000e+000 -1.377218897e-002 7.375000000e+000 7.375000000e+000 1.372640602e-002 -1.000000000e+000 -1.000000000e+000 -3.436608598e-006 0.000000000e+000 0.000000000e+000 0.000000000e+000 6.337978508e+002 
d 0.000000000e+000 0.000000000e+000 -1.366286722e-002 7.500000000e+000 7.500000000e+000 1.362060906e-002 -1.000000000e+000 -1.000000000e+000 -3.962392060e-006 0.000000000e+000 0.000000000e+000 0.000000000e+000 6.374156426e+002 
d 0.000000000e+000 0.000000000e+000 -1.355616422e-002 7.625000000e+000 7.625000000e+000 1.351714984e-002 -1.000000000e+000 -1.000000000e+000 -4.558980732e-006 0.000000000e+000 0.000000000e+000 0.000000000e+000 6.410152467e+002 
d 0.000000000e+000 0.000000000e+000 -1.345015009e-002 7.750000000e+000 7.750000000e+000 1.341788999e-002 -1.000000000e+000 -1.000000000e+000 -5.241743937e-006 0.000000000e+000 0.000000000e+000 0.000000000e+000 6.446319780e+002 
d 0.000000000e+000 0.000000000e+000 -1.339911386e-002 7.812500000e+000 7.812500000e+000 1.336798063e-002 -1.000000000e+000 -1.000000000e+000 -5.612341693e-006 0.000000000e+000 0.000000000e+000 0.000000000e+000 6.464156492e+002 
d 0.000000000e+000 0.000000000e+000 -1.334923558e-002 7.875000000e+000 7.875000000e+000 1.331808540e-002 -1.000000000e+000 -1.000000000e+000 -6.003873089e-006 0.000000000e+000 0.000000000e+000 0.000000000e+000 6.481850141e+002 
d 0.000000000e+000 0.000000000e+000 -1.329837533e-002 7.937500000e+000 7.937500000e+000 1.327029304e-002 -1.000000000e+000 -1.000000000e+000 -6.427191538e-006 0.000000000e+000 0.000000000e+000 0.000000000e+000 6.499808722e+002 
d 0.000000000e+000 0.000000000e+000 -1.324945989e-002 8.000000000e+000 8.000000000e+000 1.322172057e-002 -1.000000000e+000 -1.000000000e+000 -6.870370633e-006 0.000000000e+000 0.000000000e+000 0.000000000e+000 6.517471755e+002 
d 0.000000000e+000 0.000000000e+000 -1.319980065e-002 8.062500000e+000 8.062500000e+000 1.317491780e-002 -1.000000000e+000 -1.000000000e+000 -7.348123571e-006 0.000000000e+000 0.000000000e+000 0.000000000e+000 6.535361226e+002 
d 0.000000000e+000 0.000000000e+000 -1.315059615e-002 8.125000000e+000 8.125000000e+000 1.312870459e-002 -1.000000000e+000 -1.000000000e+000 -7.856459822e-006 0.000000000e+000 0.000000000e+000 0.000000000e+000 6.553246059e+002 
d 0.000000000e+000 0.000000000e+000 -1.310327030e-002 8.187500000e+000 8.187500000e+000 1.308181358e-002 -1.000000000e+000 -1.000000000e+000 -8.387969893e-006 0.000000000e+000 0.000000000e+000 0.000000000e+000 6.570834711e+002 
d 0.000000000e+000 0.000000000e+000 -1.305540020e-002 8.250000000e+000 8.250000000e+000 1.303638672e-002 -1.000000000e+000 -1.000000000e+000 -8.959269131e-006 0.000000000e+000 0.000000000e+000 0.000000000e+000 6.588618652e+002 
d 0.000000000e+000 0.000000000e+000 -1.300913642e-002 8.312500000e+000 8.312500000e+000 1.299055250e-002 -1.000000000e+000 -1.000000000e+000 -9.557694809e-006 0.000000000e+000 0.000000000e+000 0.000000000e+000 6.606154164e+002 
d 0.000000000e+000 0.000000000e+000 -1.296236530e-002 8.375000000e+000 8.375000000e+000 1.294608405e-002 -1.000000000e+000 -1.000000000e+000 -1.020041739e-005 0.000000000e+000 0.000000000e+000 0.000000000e+000 6.623884143e+002 
d 0.000000000e+000 0.000000000e+000 -1.291709996e-002 8.437500000e+000 8.437500000e+000 1.290131270e-002 -1.000000000e+000 -1.000000000e+000 -1.087372452e-005 0.000000000e+000 0.000000000e+000 0.000000000e+000 6.641380837e+002 
d 0.000000000e+000 0.000000000e+000 -1.287137477e-002 8.500000000e+000 8.500000000e+000 1.285779722e-002 -1.000000000e+000 -1.000000000e+000 -1.159611735e-005 0.000000000e+000 0.000000000e+000 0.000000000e+000 6.659065785e+002 
d 0.000000000e+000 0.000000000e+000 -1.282706241e-002 8.562500000e+000 8.562500000e+000 1.281405863e-002 -1.000000000e+000 -1.000000000e+000 -1.235280999e-005 0.000000000e+000 0.000000000e+000 0.000000000e+000 6.676528297e+002 
d 0.000000000e+000 0.000000000e+000 -1.280462690e-002 8.593750000e+000 8.593750000e+000 1.279271650e-002 -1.000000000e+000 -1.000000000e+000 -1.275252408e-005 0.000000000e+000 0.000000000e+000 0.000000000e+000 6.685354487e+002 
d 0.000000000e+000 0.000000000e+000 -1.278265152e-002 8.625000000e+000 8.625000000e+000 1.277123938e-002 -1.000000000e+000 -1.000000000e+000 -1.316032779e-005 0.000000000e+000 0.000000000e+000 0.000000000e+000 6.694099473e+002 
d 0.000000000e+000 0.000000000e+000 -1.276088055e-002 8.656250000e+000 8.656250000e+000 1.274981961e-002 -1.000000000e+000 -1.000000000e+000 -1.357898437e-005 0.000000000e+000 0.000000000e+000 0.000000000e+000 6.702819633e+002 
d 0.000000000e+000 0.000000000e+000 -1.273827240e-002 8.687500000e+000 8.687500000e+000 1.272919716e-002 -1.000000000e+000 -1.000000000e+000 -1.402078765e-005 0.000000000e+000 0.000000000e+000 0.000000000e+000 6.711752873e+002 
d 0.000000000e+000 0.000000000e+000 -1.271649568e-002 8.718750000e+000 8.718750000e+000 1.270817468e-002 -1.000000000e+000 -1.000000000e+000 -1.446715142e-005 0.000000000e+000 0.000000000e+000 0.000000000e+000 6.720518786e+002 
d 0.000000000e+000 0.000000000e+000 -1.269501447e-002 8.750000000e+000 8.750000000e+000 1.268714244e-002 -1.000000000e+000 -1.000000000e+000 -1.492419310e-005 0.000000000e+000 0.000000000e+000 0.000000000e+000 6.729238629e+002 
d 0.000000000e+000 0.000000000e+000 -1.267369202e-002 8.781250000e+000 8.781250000e+000 1.266619739e-002 -1.000000000e+000 -1.000000000e+000 -1.539377011e-005 0.000000000e+000 0.000000000e+000 0.000000000e+000 6.737943445e+002 
d 0.000000000e+000 0.000000000e+000 -1.265249062e-002 8.812500000e+000 8.812500000e+000 1.264536460e-002 -1.000000000e+000 -1.000000000e+000 -1.587665449e-005 0.000000000e+000 0.000000000e+000 0.000000000e+000 6.746641762e+002 
d 0.000000000e+000 0.000000000e+000 -1.263050723e-002 8.843750000e+000 8.843750000e+000 1.262523988e-002 -1.000000000e+000 -1.000000000e+000 -1.638570065e-005 0.000000000e+000 0.000000000e+000 0.000000000e+000 6.755547106e+002 
d 0.000000000e+000 0.000000000e+000 -1.261016001e-002 8.875000000e+000 8.875000000e+000 1.260422072e-002 -1.000000000e+000 -1.000000000e+000 -1.688782378e-005 0.000000000e+000 0.000000000e+000 0.000000000e+000 6.764087502e+002 
d 0.000000000e+000 0.000000000e+000 -1.258856817e-002 8.906250000e+000 8.906250000e+000 1.258419895e-002 -1.000000000e+000 -1.000000000e+000 -1.742395282e-005 0.000000000e+000 0.000000000e+000 0.000000000e+000 6.772946329e+002 
d 0.000000000e+000 0.000000000e+000 -1.256759400e-002 8.937500000e+000 8.937500000e+000 1.256395643e-002 -1.000000000e+000 -1.000000000e+000 -1.796786199e-005 0.000000000e+000 0.000000000e+000 0.000000000e+000 6.781680432e+002 
d 0.000000000e+000 0.000000000e+000 -1.254685677e-002 8.968750000e+000 8.968750000e+000 1.254374358e-002 -1.000000000e+000 -1.000000000e+000 -1.852519637e-005 0.000000000e+000 0.000000000e+000 0.000000000e+000 6.790379743e+002 
d 0.000000000e+000 0.000000000e+000 -1.252625728e-002 9.000000000e+000 9.000000000e+000 1.252362354e-002 -1.000000000e+000 -1.000000000e+000 -1.909776315e-005 0.000000000e+000 0.000000000e+000 0.000000000e+000 6.799067742e+002 
d 0.000000000e+000 0.000000000e+000 -1.250494423e-002 9.031250000e+000 9.031250000e+000 1.250411081e-002 -1.000000000e+000 -1.000000000e+000 -1.970045557e-005 0.000000000e+000 0.000000000e+000 0.000000000e+000 6.807953439e+002 
d 0.000000000e+000 0.000000000e+000 -1.248433057e-002 9.062500000e+000 9.062500000e+000 1.248433983e-002 -1.000000000e+000 -1.000000000e+000 -2.031013057e-005 0.000000000e+000 0.000000000e+000 0.000000000e+000 6.816690884e+002 
d 0.000000000e+000 0.000000000e+000 -1.246397163e-002 9.093750000e+000 9.093750000e+000 1.246458657e-002 -1.000000000e+000 -1.000000000e+000 -2.093428183e-005 0.000000000e+000 0.000000000e+000 0.000000000e+000 6.825387863e+002 
d 0.000000000e+000 0.000000000e+000 -1.244375145e-002 9.125000000e+000 9.125000000e+000 1.244492080e-002 -1.000000000e+000 -1.000000000e+000 -2.157524710e-005 0.000000000e+000 0.000000000e+000 0.000000000e+000 6.834072559e+002 
d 0.000000000e+000 0.000000000e+000 -1.242363744e-002 9.156250000e+000 9.156250000e+000 1.242536078e-002 -1.000000000e+000 -1.000000000e+000 -2.223402290e-005 0.000000000e+000 0.000000000e+000 0.000000000e+000 6.842752849e+002 
d 0.000000000e+000 0.000000000e+000 -1.240361973e-002 9.187500000e+000 9.187500000e+000 1.240591092e-002 -1.000000000e+000 -1.000000000e+000 -2.291123669e-005 0.000000000e+000 0.000000000e+000 0.000000000e+000 6.851431049e+002 
d 0.000000000e+000 0.000000000e+000 -1.238293090e-002 9.218750000e+000 9.218750000e+000 1.238699262e-002 -1.000000000e+000 -1.000000000e+000 -2.362345679e-005 0.000000000e+000 0.000000000e+000 0.000000000e+000 6.860302801e+002 
d 0.000000000e+000 0.000000000e+000 -1.236288393e-002 9.250000000e+000 9.250000000e+000 1.236787265e-002 -1.000000000e+000 -1.000000000e+000 -2.434428920e-005 0.000000000e+000 0.000000000e+000 0.000000000e+000 6.869034461e+002 
d 0.000000000e+000 0.000000000e+000 -1.234307404e-002 9.281250000e+000 9.281250000e+000 1.234878004e-002 -1.000000000e+000 -1.000000000e+000 -2.508212742e-005 0.000000000e+000 0.000000000e+000 0.000000000e+000 6.877727818e+002 
d 0.000000000e+000 0.000000000e+000 -1.232339333e-002 9.312500000e+000 9.312500000e+000 1.232977377e-002 -1.000000000e+000 -1.000000000e+000 -2.583964651e-005 0.000000000e+000 0.000000000e+000 0.000000000e+000 6.886410028e+002 
d 0.000000000e+000 0.000000000e+000 -1.230381083e-002 9.343750000e+000 9.343750000e+000 1.231086944e-002 -1.000000000e+000 -1.000000000e+000 -2.661800311e-005 0.000000000e+000 0.000000000e+000 0.000000000e+000 6.895088804e+002 
d 0.000000000e+000 0.000000000e+000 -1.228431686e-002 9.375000000e+000 9.375000000e+000 1.229207083e-002 -1.000000000e+000 -1.000000000e+000 -2.741792853e-005 0.000000000e+000 0.000000000e+000 0.000000000e+000 6.903766438e+002 
d 0.000000000e+000 0.000000000e+000 -1.226419518e-002 9.406250000e+000 9.406250000e+000 1.227373390e-002 -1.000000000e+000 -1.000000000e+000 -2.825834853e-005 0.000000000e+000 0.000000000e+000 0.000000000e+000 6.912632150e+002 
d 0.000000000e+000 0.000000000e+000 -1.224466608e-002 9.437500000e+000 9.437500000e+000 1.225524081e-002 -1.000000000e+000 -1.000000000e+000 -2.910924837e-005 0.000000000e+000 0.000000000e+000 0.000000000e+000 6.921364419e+002 
d 0.000000000e+000 0.000000000e+000 -1.222535814e-002 9.468750000e+000 9.468750000e+000 1.223678220e-002 -1.000000000e+000 -1.000000000e+000 -2.998006928e-005 0.000000000e+000 0.000000000e+000 0.000000000e+000 6.930060046e+002 
d 0.000000000e+000 0.000000000e+000 -1.220617001e-002 9.500000000e+000 9.500000000e+000 1.221840820e-002 -1.000000000e+000 -1.000000000e+000 -3.087389003e-005 0.000000000e+000 0.000000000e+000 0.000000000e+000 6.938745454e+002 
d 0.000000000e+000 0.000000000e+000 -1.218707194e-002 9.531250000e+000 9.531250000e+000 1.220013229e-002 -1.000000000e+000 -1.000000000e+000 -3.179206119e-005 0.000000000e+000 0.000000000e+000 0.000000000e+000 6.947428302e+002 
d 0.000000000e+000 0.000000000e+000 -1.216805440e-002 9.562500000e+000 9.562500000e+000 1.218195778e-002 -1.000000000e+000 -1.000000000e+000 -3.273543980e-005 0.000000000e+000 0.000000000e+000 0.000000000e+000 6.956110914e+002 
d 0.000000000e+000 0.000000000e+000 -1.214844560e-002 9.593750000e+000 9.593750000e+000 1.216418501e-002 -1.000000000e+000 -1.000000000e+000 -3.372568303e-005 0.000000000e+000 0.000000000e+000 0.000000000e+000 6.964977038e+002 
d 0.000000000e+000 0.000000000e+000 -1.212938485e-002 9.625000000e+000 9.625000000e+000 1.214629426e-002 -1.000000000e+000 -1.000000000e+000 -3.472861987e-005 0.000000000e+000 0.000000000e+000 0.000000000e+000 6.973715796e+002 
d 0.000000000e+000 0.000000000e+000 -1.211053030e-002 9.656250000e+000 9.656250000e+000 1.212844376e-002 -1.000000000e+000 -1.000000000e+000 -3.575486813e-005 0.000000000e+000 0.000000000e+000 0.000000000e+000 6.982419431e+002 
d 0.000000000e+000 0.000000000e+000 -1.209178627e-002 9.687500000e+000 9.687500000e+000 1.211067608e-002 -1.000000000e+000 -1.000000000e+000 -3.680797610e-005 0.000000000e+000 0.000000000e+000 0.000000000e+000 6.991113751e+002 
d 0.000000000e+000 0.000000000e+000 -1.207312400e-002 9.718750000e+000 9.718750000e+000 1.209300288e-002 -1.000000000e+000 -1.000000000e+000 -3.788952496e-005 0.000000000e+000 0.000000000e+000 0.000000000e+000 6.999806410e+002 
d 0.000000000e+000 0.000000000e+000 -1.205453405e-002 9.750000000e+000 9.750000000e+000 1.207542707e-002 -1.000000000e+000 -1.000000000e+000 -3.900052206e-005 0.000000000e+000 0.000000000e+000 0.000000000e+000 7.008499789e+002 
d 0.000000000e+000 0.000000000e+000 -1.203538334e-002 9.781250000e+000 9.781250000e+000 1.205820145e-002 -1.000000000e+000 -1.000000000e+000 -4.016579090e-005 0.000000000e+000 0.000000000e+000 0.000000000e+000 7.017372980e+002 
d 0.000000000e+000 0.000000000e+000 -1.201736144e-002 9.812500000e+000 9.812500000e+000 1.204064566e-002 -1.000000000e+000 -1.000000000e+000 -4.132193423e-005 0.000000000e+000 0.000000000e+000 0.000000000e+000 7.025947443e+002 
d 0.000000000e+000 0.000000000e+000 -1.199847565e-002 9.843750000e+000 9.843750000e+000 1.202355165e-002 -1.000000000e+000 -1.000000000e+000 -4.254664837e-005 0.000000000e+000 0.000000000e+000 0.000000000e+000 7.034788684e+002 
d 0.000000000e+000 0.000000000e+000 -1.197999642e-002 9.875000000e+000 9.875000000e+000 1.200641663e-002 -1.000000000e+000 -1.000000000e+000 -4.379104040e-005 0.000000000e+000 0.000000000e+000 0.000000000e+000 7.043534986e+002 
d 0.000000000e+000 0.000000000e+000 -1.196167987e-002 9.906250000e+000 9.906250000e+000 1.198933773e-002 -1.000000000e+000 -1.000000000e+000 -4.506511832e-005 0.000000000e+000 0.000000000e+000 0.000000000e+000 7.052255110e+002 
d 0.000000000e+000 0.000000000e+000 -1.194345452e-002 9.937500000e+000 9.937500000e+000 1.197234207e-002 -1.000000000e+000 -1.000000000e+000 -4.637248557e-005 0.000000000e+000 0.000000000e+000 0.000000000e+000 7.060969164e+002 
d 0.000000000e+000 0.000000000e+000 -1.192529759e-002 9.968750000e+000 9.968750000e+000 1.195543736e-002 -1.000000000e+000 -1.000000000e+000 -4.771489981e-005 0.000000000e+000 0.000000000e+000 0.000000000e+000 7.069683437e+002 
d 0.000000000e+000 0.000000000e+000 -1.191616394e-002 9.984375000e+000 9.984375000e+000 1.194704728e-002 -1.000000000e+000 -1.000000000e+000 -4.840329578e-005 0.000000000e+000 0.000000000e+000 0.000000000e+000 7.074064293e+002 
d 0.000000000e+000 0.000000000e+000 -1.190707580e-002 1.000000000e+001 1.000000000e+001 1.193866915e-002 -1.000000000e+000 -1.000000000e+000 -4.909952763e-005 0.000000000e+000 0.000000000e+000 0.000000000e+000 7.078436869e+002 
d 0.000000000e+000 0.000000000e+000 -1.189801648e-002 1.001562500e+001 1.001562500e+001 1.193030891e-002 -1.000000000e+000 -1.000000000e+000 -4.980444455e-005 0.000000000e+000 0.000000000e+000 0.000000000e+000 7.082805984e+002 
d 0.000000000e+000 0.000000000e+000 -1.188838801e-002 1.003125000e+001 1.003125000e+001 1.192217036e-002 -1.000000000e+000 -1.000000000e+000 -5.054755407e-005 0.000000000e+000 0.000000000e+000 0.000000000e+000 7.087348483e+002 
d 0.000000000e+000 0.000000000e+000 -1.187966814e-002 1.004687500e+001 1.004687500e+001 1.191374889e-002 -1.000000000e+000 -1.000000000e+000 -5.125645547e-005 0.000000000e+000 0.000000000e+000 0.000000000e+000 7.091627356e+002 
d 0.000000000e+000 0.000000000e+000 -1.187080799e-002 1.006250000e+001 1.006250000e+001 1.190540383e-002 -1.000000000e+000 -1.000000000e+000 -5.198243111e-005 0.000000000e+000 0.000000000e+000 0.000000000e+000 7.095952433e+002 
d 0.000000000e+000 0.000000000e+000 -1.186130106e-002 1.007812500e+001 1.007812500e+001 1.189730052e-002 -1.000000000e+000 -1.000000000e+000 -5.275209272e-005 0.000000000e+000 0.000000000e+000 0.000000000e+000 7.100475082e+002 
d 0.000000000e+000 0.000000000e+000 -1.185265395e-002 1.009375000e+001 1.009375000e+001 1.188894014e-002 -1.000000000e+000 -1.000000000e+000 -5.348819542e-005 0.000000000e+000 0.000000000e+000 0.000000000e+000 7.104746366e+002 
d 0.000000000e+000 0.000000000e+000 -1.184326851e-002 1.010937500e+001 1.010937500e+001 1.188084737e-002 -1.000000000e+000 -1.000000000e+000 -5.427387992e-005 0.000000000e+000 0.000000000e+000 0.000000000e+000 7.109243355e+002 
d 0.000000000e+000 0.000000000e+000 -1.183468835e-002 1.012500000e+001 1.012500000e+001 1.187252147e-002 -1.000000000e+000 -1.000000000e+000 -5.502764514e-005 0.000000000e+000 0.000000000e+000 0.000000000e+000 7.113503845e+002 
d 0.000000000e+000 0.000000000e+000 -1.182535104e-002 1.014062500e+001 1.014062500e+001 1.186446386e-002 -1.000000000e+000 -1.000000000e+000 -5.583346470e-005 0.000000000e+000 0.000000000e+000 0.000000000e+000 7.117996780e+002 
d 0.000000000e+000 0.000000000e+000 -1.181623171e-002 1.015625000e+001 1.015625000e+001 1.185636191e-002 -1.000000000e+000 -1.000000000e+000 -5.663901966e-005 0.000000000e+000 0.000000000e+000 0.000000000e+000 7.122429327e+002 
d 0.000000000e+000 0.000000000e+000 -1.180778985e-002 1.017187500e+001 1.017187500e+001 1.184807602e-002 -1.000000000e+000 -1.000000000e+000 -5.741784228e-005 0.000000000e+000 0.000000000e+000 0.000000000e+000 7.126661776e+002 
d 0.000000000e+000 0.000000000e+000 -1.179854451e-002 1.018750000e+001 1.018750000e+001 1.184006474e-002 -1.000000000e+000 -1.000000000e+000 -5.825359968e-005 0.000000000e+000 0.000000000e+000 0.000000000e+000 7.131142310e+002 
d 0.000000000e+000 0.000000000e+000 -1.178948556e-002 1.020312500e+001 1.020312500e+001 1.183202091e-002 -1.000000000e+000 -1.000000000e+000 -5.909070545e-005 0.000000000e+000 0.000000000e+000 0.000000000e+000 7.135571419e+002 
d 0.000000000e+000 0.000000000e+000 -1.178052112e-002 1.021875000e+001 1.021875000e+001 1.182397367e-002 -1.000000000e+000 -1.000000000e+000 -5.993428067e-005 0.000000000e+000 0.000000000e+000 0.000000000e+000 7.139976710e+002 
d 0.000000000e+000 0.000000000e+000 -1.177160818e-002 1.023437500e+001 1.023437500e+001 1.181593645e-002 -1.000000000e+000 -1.000000000e+000 -6.078682883e-005 0.000000000e+000 0.000000000e+000 0.000000000e+000 7.144371119e+002 
d 0.000000000e+000 0.000000000e+000 -1.176272587e-002 1.025000000e+001 1.025000000e+001 1.180791564e-002 -1.000000000e+000 -1.000000000e+000 -6.164965587e-005 0.000000000e+000 0.000000000e+000 0.000000000e+000 7.148760930e+002 
d 0.000000000e+000 0.000000000e+000 -1.175386395e-002 1.026562500e+001 1.026562500e+001 1.179991426e-002 -1.000000000e+000 -1.000000000e+000 -6.252348274e-005 0.000000000e+000 0.000000000e+000 0.000000000e+000 7.153149219e+002 
d 0.000000000e+000 0.000000000e+000 -1.174501734e-002 1.028125000e+001 1.028125000e+001 1.179193376e-002 -1.000000000e+000 -1.000000000e+000 -6.340874428e-005 0.000000000e+000 0.000000000e+000 0.000000000e+000 7.157537504e+002 
d 0.000000000e+000 0.000000000e+000 -1.173618345e-002 1.029687500e+001 1.029687500e+001 1.178397481e-002 -1.000000000e+000 -1.000000000e+000 -6.430573554e-005 0.000000000e+000 0.000000000e+000 0.000000000e+000 7.161926602e+002 
d 0.000000000e+000 0.000000000e+000 -1.172736091e-002 1.031250000e+001 1.031250000e+001 1.177603771e-002 -1.000000000e+000 -1.000000000e+000 -6.521468356e-005 0.000000000e+000 0.000000000e+000 0.000000000e+000 7.166317135e+002 
d 0.000000000e+000 0.000000000e+000 -1.171854894e-002 1.032812500e+001 1.032812500e+001 1.176812258e-002 -1.000000000e+000 -1.000000000e+000 -6.613578281e-005 0.000000000e+000 0.000000000e+000 0.000000000e+000 7.170709031e+002 
d 0.000000000e+000 0.000000000e+000 -1.170974705e-002 1.034375000e+001 1.034375000e+001 1.176022947e-002 -1.000000000e+000 -1.000000000e+000 -6.706921273e-005 0.000000000e+000 0.000000000e+000 0.000000000e+000 7.175102414e+002 
d 0.000000000e+000 0.000000000e+000 -1.170095489e-002 1.035937500e+001 1.035937500e+001 1.175235836e-002 -1.000000000e+000 -1.000000000e+000 -6.801514646e-005 0.000000000e+000 0.000000000e+000 0.000000000e+000 7.179497365e+002 
d 0.000000000e+000 0.000000000e+000 -1.169217220e-002 1.037500000e+001 1.037500000e+001 1.174450923e-002 -1.000000000e+000 -1.000000000e+000 -6.897375520e-005 0.000000000e+000 0.000000000e+000 0.000000000e+000 7.183893942e+002 
d 0.000000000e+000 0.000000000e+000 -1.168339872e-002 1.039062500e+001 1.039062500e+001 1.173668206e-002 -1.000000000e+000 -1.000000000e+000 -6.994521040e-005 0.000000000e+000 0.000000000e+000 0.000000000e+000 7.188292195e+002 
d 0.000000000e+000 0.000000000e+000 -1.167463423e-002 1.040625000e+001 1.040625000e+001 1.172887681e-002 -1.000000000e+000 -1.000000000e+000 -7.092968494e-005 0.000000000e+000 0.000000000e+000 0.000000000e+000 7.192692168e+002 
d 0.000000000e+000 0.000000000e+000 -1.166587852e-002 1.042187500e+001 1.042187500e+001 1.172109343e-002 -1.000000000e+000 -1.000000000e+000 -7.192735365e-005 0.000000000e+000 0.000000000e+000 0.000000000e+000 7.197093903e+002 
d 0.000000000e+000 0.000000000e+000 -1.165659012e-002 1.043750000e+001 1.043750000e+001 1.171346785e-002 -1.000000000e+000 -1.000000000e+000 -7.297836478e-005 0.000000000e+000 0.000000000e+000 0.000000000e+000 7.201668603e+002 
d 0.000000000e+000 0.000000000e+000 -1.164811381e-002 1.045312500e+001 1.045312500e+001 1.170566133e-002 -1.000000000e+000 -1.000000000e+000 -7.398388537e-005 0.000000000e+000 0.000000000e+000 0.000000000e+000 7.205991190e+002 
d 0.000000000e+000 0.000000000e+000 -1.163951722e-002 1.046875000e+001 1.046875000e+001 1.169790967e-002 -1.000000000e+000 -1.000000000e+000 -7.501232292e-005 0.000000000e+000 0.000000000e+000 0.000000000e+000 7.210356068e+002 
d 0.000000000e+000 0.000000000e+000 -1.163032529e-002 1.048437500e+001 1.048437500e+001 1.169032634e-002 -1.000000000e+000 -1.000000000e+000 -7.610101814e-005 0.000000000e+000 0.000000000e+000 0.000000000e+000 7.214914849e+002 
d 0.000000000e+000 0.000000000e+000 -1.162190446e-002 1.050000000e+001 1.050000000e+001 1.168257978e-002 -1.000000000e+000 -1.000000000e+000 -7.714499205e-005 0.000000000e+000 0.000000000e+000 0.000000000e+000 7.219232535e+002 
d 0.000000000e+000 0.000000000e+000 -1.161281373e-002 1.051562500e+001 1.051562500e+001 1.167501608e-002 -1.000000000e+000 -1.000000000e+000 -7.825657914e-005 0.000000000e+000 0.000000000e+000 0.000000000e+000 7.223768638e+002 
d 0.000000000e+000 0.000000000e+000 -1.160444758e-002 1.053125000e+001 1.053125000e+001 1.166730518e-002 -1.000000000e+000 -1.000000000e+000 -7.932551959e-005 0.000000000e+000 0.000000000e+000 0.000000000e+000 7.228077200e+002 
d 0.000000000e+000 0.000000000e+000 -1.159539398e-002 1.054687500e+001 1.054687500e+001 1.165977700e-002 -1.000000000e+000 -1.000000000e+000 -8.046542735e-005 0.000000000e+000 0.000000000e+000 0.000000000e+000 7.232610762e+002 
d 0.000000000e+000 0.000000000e+000 -1.158705150e-002 1.056250000e+001 1.056250000e+001 1.165210911e-002 -1.000000000e+000 -1.000000000e+000 -8.156234414e-005 0.000000000e+000 0.000000000e+000 0.000000000e+000 7.236919928e+002 
d 0.000000000e+000 0.000000000e+000 -1.157801787e-002 1.057812500e+001 1.057812500e+001 1.164462039e-002 -1.000000000e+000 -1.000000000e+000 -8.273262470e-005 0.000000000e+000 0.000000000e+000 0.000000000e+000 7.241456304e+002 
d 0.000000000e+000 0.000000000e+000 -1.156916288e-002 1.059375000e+001 1.059375000e+001 1.163711319e-002 -1.000000000e+000 -1.000000000e+000 -8.390430735e-005 0.000000000e+000 0.000000000e+000 0.000000000e+000 7.245939667e+002 
d 0.000000000e+000 0.000000000e+000 -1.156092458e-002 1.060937500e+001 1.060937500e+001 1.162949415e-002 -1.000000000e+000 -1.000000000e+000 -8.503863011e-005 0.000000000e+000 0.000000000e+000 0.000000000e+000 7.250227306e+002 
d 0.000000000e+000 0.000000000e+000 -1.155195840e-002 1.062500000e+001 1.062500000e+001 1.162205602e-002 -1.000000000e+000 -1.000000000e+000 -8.625264545e-005 0.000000000e+000 0.000000000e+000 0.000000000e+000 7.254755531e+002 
d 0.000000000e+000 0.000000000e+000 -1.154314446e-002 1.064062500e+001 1.064062500e+001 1.161460666e-002 -1.000000000e+000 -1.000000000e+000 -8.747023269e-005 0.000000000e+000 0.000000000e+000 0.000000000e+000 7.259238804e+002 
d 0.000000000e+000 0.000000000e+000 -1.153441017e-002 1.065625000e+001 1.065625000e+001 1.160716243e-002 -1.000000000e+000 -1.000000000e+000 -8.869763752e-005 0.000000000e+000 0.000000000e+000 0.000000000e+000 7.263700502e+002 
d 0.000000000e+000 0.000000000e+000 -1.152571935e-002 1.067187500e+001 1.067187500e+001 1.159973135e-002 -1.000000000e+000 -1.000000000e+000 -8.993811863e-005 0.000000000e+000 0.000000000e+000 0.000000000e+000 7.268152291e+002 
d 0.000000000e+000 0.000000000e+000 -1.151705327e-002 1.068750000e+001 1.068750000e+001 1.159231746e-002 -1.000000000e+000 -1.000000000e+000 -9.119348506e-005 0.000000000e+000 0.000000000e+000 0.000000000e+000 7.272600202e+002 
d 0.000000000e+000 0.000000000e+000 -1.150840201e-002 1.070312500e+001 1.070312500e+001 1.158492271e-002 -1.000000000e+000 -1.000000000e+000 -9.246478700e-005 0.000000000e+000 0.000000000e+000 0.000000000e+000 7.277047348e+002 
d 0.000000000e+000 0.000000000e+000 -1.149976041e-002 1.071875000e+001 1.071875000e+001 1.157754813e-002 -1.000000000e+000 -1.000000000e+000 -9.375268989e-005 0.000000000e+000 0.000000000e+000 0.000000000e+000 7.281495376e+002 
d 0.000000000e+000 0.000000000e+000 -1.149112573e-002 1.073437500e+001 1.073437500e+001 1.157019427e-002 -1.000000000e+000 -1.000000000e+000 -9.505766004e-005 0.000000000e+000 0.000000000e+000 0.000000000e+000 7.285945173e+002 
d 0.000000000e+000 0.000000000e+000 -1.148249641e-002 1.075000000e+001 1.075000000e+001 1.156286140e-002 -1.000000000e+000 -1.000000000e+000 -9.638006104e-005 0.000000000e+000 0.000000000e+000 0.000000000e+000 7.290397235e+002 
d 0.000000000e+000 0.000000000e+000 -1.147387155e-002 1.076562500e+001 1.076562500e+001 1.155554969e-002 -1.000000000e+000 -1.000000000e+000 -9.772020438e-005 0.000000000e+000 0.000000000e+000 0.000000000e+000 7.294851853e+002 
d 0.000000000e+000 0.000000000e+000 -1.146525054e-002 1.078125000e+001 1.078125000e+001 1.154825920e-002 -1.000000000e+000 -1.000000000e+000 -9.907837604e-005 0.000000000e+000 0.000000000e+000 0.000000000e+000 7.299309215e+002 
d 0.000000000e+000 0.000000000e+000 -1.145663295e-002 1.079687500e+001 1.079687500e+001 1.154099000e-002 -1.000000000e+000 -1.000000000e+000 -1.004548506e-004 0.000000000e+000 0.000000000e+000 0.000000000e+000 7.303769449e+002 
d 0.000000000e+000 0.000000000e+000 -1.144801845e-002 1.081250000e+001 1.081250000e+001 1.153374212e-002 -1.000000000e+000 -1.000000000e+000 -1.018498985e-004 0.000000000e+000 0.000000000e+000 0.000000000e+000 7.308232660e+002 
d 0.000000000e+000 0.000000000e+000 -1.143940675e-002 1.082812500e+001 1.082812500e+001 1.152651559e-002 -1.000000000e+000 -1.000000000e+000 -1.032637906e-004 0.000000000e+000 0.000000000e+000 0.000000000e+000 7.312698937e+002 
d 0.000000000e+000 0.000000000e+000 -1.143079757e-002 1.084375000e+001 1.084375000e+001 1.151931043e-002 -1.000000000e+000 -1.000000000e+000 -1.046967999e-004 0.000000000e+000 0.000000000e+000 0.000000000e+000 7.317168361e+002 
d 0.000000000e+000 0.000000000e+000 -1.142219066e-002 1.085937500e+001 1.085937500e+001 1.151212668e-002 -1.000000000e+000 -1.000000000e+000 -1.061492029e-004 0.000000000e+000 0.000000000e+000 0.000000000e+000 7.321641012e+002 
d 0.000000000e+000 0.000000000e+000 -1.141308085e-002 1.087500000e+001 1.087500000e+001 1.150504902e-002 -1.000000000e+000 -1.000000000e+000 -1.076783241e-004 0.000000000e+000 0.000000000e+000 0.000000000e+000 7.326287575e+002 
d 0.000000000e+000 0.000000000e+000 -1.140470642e-002 1.089062500e+001 1.089062500e+001 1.149786907e-002 -1.000000000e+000 -1.000000000e+000 -1.091449887e-004 0.000000000e+000 0.000000000e+000 0.000000000e+000 7.330689847e+002 
d 0.000000000e+000 0.000000000e+000 -1.139622887e-002 1.090625000e+001 1.090625000e+001 1.149072882e-002 -1.000000000e+000 -1.000000000e+000 -1.106433132e-004 0.000000000e+000 0.000000000e+000 0.000000000e+000 7.335130757e+002 
d 0.000000000e+000 0.000000000e+000 -1.138719357e-002 1.092187500e+001 1.092187500e+001 1.148370000e-002 -1.000000000e+000 -1.000000000e+000 -1.122278122e-004 0.000000000e+000 0.000000000e+000 0.000000000e+000 7.339765187e+002 
d 0.000000000e+000 0.000000000e+000 -1.137885674e-002 1.093750000e+001 1.093750000e+001 1.147658099e-002 -1.000000000e+000 -1.000000000e+000 -1.137510514e-004 0.000000000e+000 0.000000000e+000 0.000000000e+000 7.344166128e+002 
d 0.000000000e+000 0.000000000e+000 -1.136990164e-002 1.095312500e+001 1.095312500e+001 1.146958053e-002 -1.000000000e+000 -1.000000000e+000 -1.153698929e-004 0.000000000e+000 0.000000000e+000 0.000000000e+000 7.348781921e+002 
d 0.000000000e+000 0.000000000e+000 -1.136160548e-002 1.096875000e+001 1.096875000e+001 1.146250001e-002 -1.000000000e+000 -1.000000000e+000 -1.169301468e-004 0.000000000e+000 0.000000000e+000 0.000000000e+000 7.353176600e+002 
d 0.000000000e+000 0.000000000e+000 -1.135267438e-002 1.098437500e+001 1.098437500e+001 1.145553757e-002 -1.000000000e+000 -1.000000000e+000 -1.185907846e-004 0.000000000e+000 0.000000000e+000 0.000000000e+000 7.357792761e+002 
d 0.000000000e+000 0.000000000e+000 -1.134438989e-002 1.100000000e+001 1.100000000e+001 1.144850049e-002 -1.000000000e+000 -1.000000000e+000 -1.201924930e-004 0.000000000e+000 0.000000000e+000 0.000000000e+000 7.362191068e+002 
d 0.000000000e+000 0.000000000e+000 -1.133546578e-002 1.101562500e+001 1.101562500e+001 1.144157909e-002 -1.000000000e+000 -1.000000000e+000 -1.218981320e-004 0.000000000e+000 0.000000000e+000 0.000000000e+000 7.366813472e+002 
d 0.000000000e+000 0.000000000e+000 -1.132668865e-002 1.103125000e+001 1.103125000e+001 1.143465725e-002 -1.000000000e+000 -1.000000000e+000 -1.236085467e-004 0.000000000e+000 0.000000000e+000 0.000000000e+000 7.371389746e+002 
d 0.000000000e+000 0.000000000e+000 -1.131848242e-002 1.104687500e+001 1.104687500e+001 1.142767736e-002 -1.000000000e+000 -1.000000000e+000 -1.252667875e-004 0.000000000e+000 0.000000000e+000 0.000000000e+000 7.375772881e+002 
d 0.000000000e+000 0.000000000e+000 -1.130960421e-002 1.106250000e+001 1.106250000e+001 1.142081354e-002 -1.000000000e+000 -1.000000000e+000 -1.270377704e-004 0.000000000e+000 0.000000000e+000 0.000000000e+000 7.380392930e+002 
d 0.000000000e+000 0.000000000e+000 -1.130084948e-002 1.107812500e+001 1.107812500e+001 1.141395445e-002 -1.000000000e+000 -1.000000000e+000 -1.288168361e-004 0.000000000e+000 0.000000000e+000 0.000000000e+000 7.384975011e+002 
d 0.000000000e+000 0.000000000e+000 -1.129216122e-002 1.109375000e+001 1.109375000e+001 1.140710892e-002 -1.000000000e+000 -1.000000000e+000 -1.306116174e-004 0.000000000e+000 0.000000000e+000 0.000000000e+000 7.389538989e+002 
d 0.000000000e+000 0.000000000e+000 -1.128350941e-002 1.110937500e+001 1.110937500e+001 1.140028188e-002 -1.000000000e+000 -1.000000000e+000 -1.324264320e-004 0.000000000e+000 0.000000000e+000 0.000000000e+000 7.394095551e+002 
d 0.000000000e+000 0.000000000e+000 -1.127487751e-002 1.112500000e+001 1.112500000e+001 1.139347609e-002 -1.000000000e+000 -1.000000000e+000 -1.342638866e-004 0.000000000e+000 0.000000000e+000 0.000000000e+000 7.398650677e+002 
d 0.000000000e+000 0.000000000e+000 -1.126625621e-002 1.114062500e+001 1.114062500e+001 1.138669313e-002 -1.000000000e+000 -1.000000000e+000 -1.361256346e-004 0.000000000e+000 0.000000000e+000 0.000000000e+000 7.403207750e+002 
d 0.000000000e+000 0.000000000e+000 -1.125764007e-002 1.115625000e+001 1.115625000e+001 1.137993382e-002 -1.000000000e+000 -1.000000000e+000 -1.380127903e-004 0.000000000e+000 0.000000000e+000 0.000000000e+000 7.407768698e+002 
d 0.000000000e+000 0.000000000e+000 -1.124902570e-002 1.117187500e+001 1.117187500e+001 1.137319855e-002 -1.000000000e+000 -1.000000000e+000 -1.399261557e-004 0.000000000e+000 0.000000000e+000 0.000000000e+000 7.412334607e+002 
d 0.000000000e+000 0.000000000e+000 -1.124041077e-002 1.118750000e+001 1.118750000e+001 1.136648732e-002 -1.000000000e+000 -1.000000000e+000 -1.418663457e-004 0.000000000e+000 0.000000000e+000 0.000000000e+000 7.416906070e+002 
d 0.000000000e+000 0.000000000e+000 -1.123179351e-002 1.120312500e+001 1.120312500e+001 1.135979995e-002 -1.000000000e+000 -1.000000000e+000 -1.438338584e-004 0.000000000e+000 0.000000000e+000 0.000000000e+000 7.421483369e+002 
d 0.000000000e+000 0.000000000e+000 -1.122317245e-002 1.121875000e+001 1.121875000e+001 1.135313605e-002 -1.000000000e+000 -1.000000000e+000 -1.458291167e-004 0.000000000e+000 0.000000000e+000 0.000000000e+000 7.426066593e+002 
d 0.000000000e+000 0.000000000e+000 -1.121454632e-002 1.123437500e+001 1.123437500e+001 1.134649517e-002 -1.000000000e+000 -1.000000000e+000 -1.478524970e-004 0.000000000e+000 0.000000000e+000 0.000000000e+000 7.430655711e+002 
d 0.000000000e+000 0.000000000e+000 -1.120591406e-002 1.125000000e+001 1.125000000e+001 1.133987682e-002 -1.000000000e+000 -1.000000000e+000 -1.499043509e-004 0.000000000e+000 0.000000000e+000 0.000000000e+000 7.435250626e+002 
d 0.000000000e+000 0.000000000e+000 -1.119679300e-002 1.126562500e+001 1.126562500e+001 1.133333165e-002 -1.000000000e+000 -1.000000000e+000 -1.520639198e-004 0.000000000e+000 0.000000000e+000 0.000000000e+000 7.440022892e+002 
d 0.000000000e+000 0.000000000e+000 -1.118834994e-002 1.128125000e+001 1.128125000e+001 1.132673493e-002 -1.000000000e+000 -1.000000000e+000 -1.541410455e-004 0.000000000e+000 0.000000000e+000 0.000000000e+000 7.444556609e+002 
d 0.000000000e+000 0.000000000e+000 -1.117981133e-002 1.129687500e+001 1.129687500e+001 1.132016946e-002 -1.000000000e+000 -1.000000000e+000 -1.562614630e-004 0.000000000e+000 0.000000000e+000 0.000000000e+000 7.449126778e+002 
d 0.000000000e+000 0.000000000e+000 -1.117073433e-002 1.131250000e+001 1.131250000e+001 1.131367888e-002 -1.000000000e+000 -1.000000000e+000 -1.585020166e-004 0.000000000e+000 0.000000000e+000 0.000000000e+000 7.453892347e+002 
d 0.000000000e+000 0.000000000e+000 -1.116230349e-002 1.132812500e+001 1.132812500e+001 1.130714540e-002 -1.000000000e+000 -1.000000000e+000 -1.606617442e-004 0.000000000e+000 0.000000000e+000 0.000000000e+000 7.458429711e+002 
d 0.000000000e+000 0.000000000e+000 -1.115328507e-002 1.134375000e+001 1.134375000e+001 1.130069130e-002 -1.000000000e+000 -1.000000000e+000 -1.629537119e-004 0.000000000e+000 0.000000000e+000 0.000000000e+000 7.463181781e+002 
d 0.000000000e+000 0.000000000e+000 -1.114487841e-002 1.135937500e+001 1.135937500e+001 1.129420088e-002 -1.000000000e+000 -1.000000000e+000 -1.651682407e-004 0.000000000e+000 0.000000000e+000 0.000000000e+000 7.467717153e+002 
d 0.000000000e+000 0.000000000e+000 -1.113586737e-002 1.137500000e+001 1.137500000e+001 1.128778936e-002 -1.000000000e+000 -1.000000000e+000 -1.675217745e-004 0.000000000e+000 0.000000000e+000 0.000000000e+000 7.472474085e+002 
d 0.000000000e+000 0.000000000e+000 -1.112698120e-002 1.139062500e+001 1.139062500e+001 1.128138789e-002 -1.000000000e+000 -1.000000000e+000 -1.698851481e-004 0.000000000e+000 0.000000000e+000 0.000000000e+000 7.477189738e+002 
d 0.000000000e+000 0.000000000e+000 -1.111863396e-002 1.140625000e+001 1.140625000e+001 1.127496108e-002 -1.000000000e+000 -1.000000000e+000 -1.721802936e-004 0.000000000e+000 0.000000000e+000 0.000000000e+000 7.481713548e+002 
d 0.000000000e+000 0.000000000e+000 -1.110964747e-002 1.142187500e+001 1.142187500e+001 1.126861324e-002 -1.000000000e+000 -1.000000000e+000 -1.746268327e-004 0.000000000e+000 0.000000000e+000 0.000000000e+000 7.486472742e+002 
d 0.000000000e+000 0.000000000e+000 -1.110076036e-002 1.143750000e+001 1.143750000e+001 1.126227887e-002 -1.000000000e+000 -1.000000000e+000 -1.770882279e-004 0.000000000e+000 0.000000000e+000 0.000000000e+000 7.491199563e+002 
d 0.000000000e+000 0.000000000e+000 -1.109192474e-002 1.145312500e+001 1.145312500e+001 1.125596266e-002 -1.000000000e+000 -1.000000000e+000 -1.795734295e-004 0.000000000e+000 0.000000000e+000 0.000000000e+000 7.495911251e+002 
d 0.000000000e+000 0.000000000e+000 -1.108311380e-002 1.146875000e+001 1.146875000e+001 1.124966719e-002 -1.000000000e+000 -1.000000000e+000 -1.820877428e-004 0.000000000e+000 0.000000000e+000 0.000000000e+000 7.500617467e+002 
d 0.000000000e+000 0.000000000e+000 -1.107431197e-002 1.148437500e+001 1.148437500e+001 1.124339399e-002 -1.000000000e+000 -1.000000000e+000 -1.846345232e-004 0.000000000e+000 0.000000000e+000 0.000000000e+000 7.505323840e+002 
d 0.000000000e+000 0.000000000e+000 -1.106551005e-002 1.150000000e+001 1.150000000e+001 1.123714399e-002 -1.000000000e+000 -1.000000000e+000 -1.872160019e-004 0.000000000e+000 0.000000000e+000 0.000000000e+000 7.510033691e+002 
d 0.000000000e+000 0.000000000e+000 -1.105670255e-002 1.151562500e+001 1.151562500e+001 1.123091777e-002 -1.000000000e+000 -1.000000000e+000 -1.898337625e-004 0.000000000e+000 0.000000000e+000 0.000000000e+000 7.514749018e+002 
d 0.000000000e+000 0.000000000e+000 -1.104788604e-002 1.153125000e+001 1.153125000e+001 1.122471574e-002 -1.000000000e+000 -1.000000000e+000 -1.924890177e-004 0.000000000e+000 0.000000000e+000 0.000000000e+000 7.519471055e+002 
d 0.000000000e+000 0.000000000e+000 -1.103905833e-002 1.154687500e+001 1.154687500e+001 1.121853820e-002 -1.000000000e+000 -1.000000000e+000 -1.951827697e-004 0.000000000e+000 0.000000000e+000 0.000000000e+000 7.524200600e+002 
d 0.000000000e+000 0.000000000e+000 -1.103021790e-002 1.156250000e+001 1.156250000e+001 1.121238539e-002 -1.000000000e+000 -1.000000000e+000 -1.979159043e-004 0.000000000e+000 0.000000000e+000 0.000000000e+000 7.528938198e+002 
d 0.000000000e+000 0.000000000e+000 -1.102136367e-002 1.157812500e+001 1.157812500e+001 1.120625752e-002 -1.000000000e+000 -1.000000000e+000 -2.006892462e-004 0.000000000e+000 0.000000000e+000 0.000000000e+000 7.533684248e+002 
d 0.000000000e+000 0.000000000e+000 -1.101202794e-002 1.159375000e+001 1.159375000e+001 1.120018595e-002 -1.000000000e+000 -1.000000000e+000 -2.036078112e-004 0.000000000e+000 0.000000000e+000 0.000000000e+000 7.538612404e+002 
d 0.000000000e+000 0.000000000e+000 -1.100332882e-002 1.160937500e+001 1.160937500e+001 1.119409579e-002 -1.000000000e+000 -1.000000000e+000 -2.064235079e-004 0.000000000e+000 0.000000000e+000 0.000000000e+000 7.543307668e+002 
d 0.000000000e+000 0.000000000e+000 -1.099453904e-002 1.162500000e+001 1.162500000e+001 1.118803648e-002 -1.000000000e+000 -1.000000000e+000 -2.092977087e-004 0.000000000e+000 0.000000000e+000 0.000000000e+000 7.548039742e+002 
d 0.000000000e+000 0.000000000e+000 -1.098522134e-002 1.164062500e+001 1.164062500e+001 1.118203503e-002 -1.000000000e+000 -1.000000000e+000 -2.123338212e-004 0.000000000e+000 0.000000000e+000 0.000000000e+000 7.552972041e+002 
d 0.000000000e+000 0.000000000e+000 -1.097650971e-002 1.165625000e+001 1.165625000e+001 1.117602049e-002 -1.000000000e+000 -1.000000000e+000 -2.152692594e-004 0.000000000e+000 0.000000000e+000 0.000000000e+000 7.557681416e+002 
d 0.000000000e+000 0.000000000e+000 -1.096722503e-002 1.167187500e+001 1.167187500e+001 1.117006567e-002 -1.000000000e+000 -1.000000000e+000 -2.183815751e-004 0.000000000e+000 0.000000000e+000 0.000000000e+000 7.562608454e+002 
d 0.000000000e+000 0.000000000e+000 -1.095851634e-002 1.168750000e+001 1.168750000e+001 1.116410184e-002 -1.000000000e+000 -1.000000000e+000 -2.213971167e-004 0.000000000e+000 0.000000000e+000 0.000000000e+000 7.567322906e+002 
d 0.000000000e+000 0.000000000e+000 -1.094921764e-002 1.170312500e+001 1.170312500e+001 1.115819764e-002 -1.000000000e+000 -1.000000000e+000 -2.245988023e-004 0.000000000e+000 0.000000000e+000 0.000000000e+000 7.572262084e+002 
d 0.000000000e+000 0.000000000e+000 -1.094001943e-002 1.171875000e+001 1.171875000e+001 1.115231278e-002 -1.000000000e+000 -1.000000000e+000 -2.278201690e-004 0.000000000e+000 0.000000000e+000 0.000000000e+000 7.577166974e+002 
d 0.000000000e+000 0.000000000e+000 -1.093087167e-002 1.173437500e+001 1.173437500e+001 1.114645067e-002 -1.000000000e+000 -1.000000000e+000 -2.310734245e-004 0.000000000e+000 0.000000000e+000 0.000000000e+000 7.582056221e+002 
d 0.000000000e+000 0.000000000e+000 -1.092174507e-002 1.175000000e+001 1.175000000e+001 1.114061337e-002 -1.000000000e+000 -1.000000000e+000 -2.343661306e-004 0.000000000e+000 0.000000000e+000 0.000000000e+000 7.586940738e+002 
d 0.000000000e+000 0.000000000e+000 -1.091262194e-002 1.176562500e+001 1.176562500e+001 1.113480215e-002 -1.000000000e+000 -1.000000000e+000 -2.377032558e-004 0.000000000e+000 0.000000000e+000 0.000000000e+000 7.591827142e+002 
d 0.000000000e+000 0.000000000e+000 -1.090349141e-002 1.178125000e+001 1.178125000e+001 1.112901789e-002 -1.000000000e+000 -1.000000000e+000 -2.410882212e-004 0.000000000e+000 0.000000000e+000 0.000000000e+000 7.596719499e+002 
d 0.000000000e+000 0.000000000e+000 -1.089434665e-002 1.179687500e+001 1.179687500e+001 1.112326122e-002 -1.000000000e+000 -1.000000000e+000 -2.445235275e-004 0.000000000e+000 0.000000000e+000 0.000000000e+000 7.601620364e+002 
d 0.000000000e+000 0.000000000e+000 -1.088518325e-002 1.181250000e+001 1.181250000e+001 1.111753263e-002 -1.000000000e+000 -1.000000000e+000 -2.480111307e-004 0.000000000e+000 0.000000000e+000 0.000000000e+000 7.606531393e+002 
d 0.000000000e+000 0.000000000e+000 -1.087599824e-002 1.182812500e+001 1.182812500e+001 1.111183254e-002 -1.000000000e+000 -1.000000000e+000 -2.515526689e-004 0.000000000e+000 0.000000000e+000 0.000000000e+000 7.611453703e+002 
d 0.000000000e+000 0.000000000e+000 -1.086678948e-002 1.184375000e+001 1.184375000e+001 1.110616131e-002 -1.000000000e+000 -1.000000000e+000 -2.551495996e-004 0.000000000e+000 0.000000000e+000 0.000000000e+000 7.616388092e+002 
d 0.000000000e+000 0.000000000e+000 -1.085709595e-002 1.185937500e+001 1.185937500e+001 1.110054007e-002 -1.000000000e+000 -1.000000000e+000 -2.589351159e-004 0.000000000e+000 0.000000000e+000 0.000000000e+000 7.621510940e+002 
d 0.000000000e+000 0.000000000e+000 -1.084800707e-002 1.187500000e+001 1.187500000e+001 1.109491961e-002 -1.000000000e+000 -1.000000000e+000 -2.625987479e-004 0.000000000e+000 0.000000000e+000 0.000000000e+000 7.626405600e+002 
d 0.000000000e+000 0.000000000e+000 -1.083836647e-002 1.189062500e+001 1.189062500e+001 1.108935212e-002 -1.000000000e+000 -1.000000000e+000 -2.664751559e-004 0.000000000e+000 0.000000000e+000 0.000000000e+000 7.631514759e+002 
d 0.000000000e+000 0.000000000e+000 -1.082928501e-002 1.190625000e+001 1.190625000e+001 1.108378931e-002 -1.000000000e+000 -1.000000000e+000 -2.702389303e-004 0.000000000e+000 0.000000000e+000 0.000000000e+000 7.636412275e+002 
d 0.000000000e+000 0.000000000e+000 -1.081962504e-002 1.192187500e+001 1.192187500e+001 1.107828045e-002 -1.000000000e+000 -1.000000000e+000 -2.742296959e-004 0.000000000e+000 0.000000000e+000 0.000000000e+000 7.641535161e+002 
d 0.000000000e+000 0.000000000e+000 -1.081005003e-002 1.193750000e+001 1.193750000e+001 1.107279740e-002 -1.000000000e+000 -1.000000000e+000 -2.782508941e-004 0.000000000e+000 0.000000000e+000 0.000000000e+000 7.646628507e+002 
d 0.000000000e+000 0.000000000e+000 -1.080051337e-002 1.195312500e+001 1.195312500e+001 1.106734268e-002 -1.000000000e+000 -1.000000000e+000 -2.823166780e-004 0.000000000e+000 0.000000000e+000 0.000000000e+000 7.651710096e+002 
d 0.000000000e+000 0.000000000e+000 -1.079098689e-002 1.196875000e+001 1.196875000e+001 1.106191794e-002 -1.000000000e+000 -1.000000000e+000 -2.864361730e-004 0.000000000e+000 0.000000000e+000 0.000000000e+000 7.656790679e+002 
d 0.000000000e+000 0.000000000e+000 -1.078145297e-002 1.198437500e+001 1.198437500e+001 1.105652432e-002 -1.000000000e+000 -1.000000000e+000 -2.906156333e-004 0.000000000e+000 0.000000000e+000 0.000000000e+000 7.661876998e+002 
d 0.000000000e+000 0.000000000e+000 -1.077190036e-002 1.200000000e+001 1.200000000e+001 1.105116270e-002 -1.000000000e+000 -1.000000000e+000 -2.948595611e-004 0.000000000e+000 0.000000000e+000 0.000000000e+000 7.666973361e+002 
d 0.000000000e+000 0.000000000e+000 -1.076232168e-002 1.201562500e+001 1.201562500e+001 1.104583381e-002 -1.000000000e+000 -1.000000000e+000 -2.991713945e-004 0.000000000e+000 0.000000000e+000 0.000000000e+000 7.672082590e+002 
d 0.000000000e+000 0.000000000e+000 -1.075271194e-002 1.203125000e+001 1.203125000e+001 1.104053826e-002 -1.000000000e+000 -1.000000000e+000 -3.035539317e-004 0.000000000e+000 0.000000000e+000 0.000000000e+000 7.677206602e+002 
d 0.000000000e+000 0.000000000e+000 -1.074306756e-002 1.204687500e+001 1.204687500e+001 1.103527665e-002 -1.000000000e+000 -1.000000000e+000 -3.080095945e-004 0.000000000e+000 0.000000000e+000 0.000000000e+000 7.682346762e+002 
d 0.000000000e+000 0.000000000e+000 -1.073292983e-002 1.206250000e+001 1.206250000e+001 1.103006627e-002 -1.000000000e+000 -1.000000000e+000 -3.126994240e-004 0.000000000e+000 0.000000000e+000 0.000000000e+000 7.687682166e+002 
d 0.000000000e+000 0.000000000e+000 -1.072337115e-002 1.207812500e+001 1.207812500e+001 1.102486814e-002 -1.000000000e+000 -1.000000000e+000 -3.172527693e-004 0.000000000e+000 0.000000000e+000 0.000000000e+000 7.692794209e+002 
d 0.000000000e+000 0.000000000e+000 -1.071325569e-002 1.209375000e+001 1.209375000e+001 1.101972434e-002 -1.000000000e+000 -1.000000000e+000 -3.220689170e-004 0.000000000e+000 0.000000000e+000 0.000000000e+000 7.698126632e+002 
d 0.000000000e+000 0.000000000e+000 -1.070322285e-002 1.210937500e+001 1.210937500e+001 1.101461209e-002 -1.000000000e+000 -1.000000000e+000 -3.269246903e-004 0.000000000e+000 0.000000000e+000 0.000000000e+000 7.703429523e+002 
d 0.000000000e+000 0.000000000e+000 -1.069322325e-002 1.212500000e+001 1.212500000e+001 1.100953378e-002 -1.000000000e+000 -1.000000000e+000 -3.318378397e-004 0.000000000e+000 0.000000000e+000 0.000000000e+000 7.708722031e+002 
d 0.000000000e+000 0.000000000e+000 -1.068322627e-002 1.214062500e+001 1.214062500e+001 1.100449114e-002 -1.000000000e+000 -1.000000000e+000 -3.368201647e-004 0.000000000e+000 0.000000000e+000 0.000000000e+000 7.714016054e+002 
d 0.000000000e+000 0.000000000e+000 -1.067321218e-002 1.215625000e+001 1.215625000e+001 1.099948547e-002 -1.000000000e+000 -1.000000000e+000 -3.418799877e-004 0.000000000e+000 0.000000000e+000 0.000000000e+000 7.719319252e+002 
d 0.000000000e+000 0.000000000e+000 -1.066316802e-002 1.217187500e+001 1.217187500e+001 1.099451785e-002 -1.000000000e+000 -1.000000000e+000 -3.470234748e-004 0.000000000e+000 0.000000000e+000 0.000000000e+000 7.724636661e+002 
d 0.000000000e+000 0.000000000e+000 -1.065308501e-002 1.218750000e+001 1.218750000e+001 1.098958923e-002 -1.000000000e+000 -1.000000000e+000 -3.522554640e-004 0.000000000e+000 0.000000000e+000 0.000000000e+000 7.729971690e+002 
d 0.000000000e+000 0.000000000e+000 -1.064250456e-002 1.220312500e+001 1.220312500e+001 1.098471671e-002 -1.000000000e+000 -1.000000000e+000 -3.577605580e-004 0.000000000e+000 0.000000000e+000 0.000000000e+000 7.735505635e+002 
d 0.000000000e+000 0.000000000e+000 -1.063248300e-002 1.221875000e+001 1.221875000e+001 1.097986314e-002 -1.000000000e+000 -1.000000000e+000 -3.631206514e-004 0.000000000e+000 0.000000000e+000 0.000000000e+000 7.740820890e+002 
d 0.000000000e+000 0.000000000e+000 -1.062189936e-002 1.223437500e+001 1.223437500e+001 1.097506958e-002 -1.000000000e+000 -1.000000000e+000 -3.687876332e-004 0.000000000e+000 0.000000000e+000 0.000000000e+000 7.746360906e+002 
d 0.000000000e+000 0.000000000e+000 -1.061138006e-002 1.225000000e+001 1.225000000e+001 1.097031426e-002 -1.000000000e+000 -1.000000000e+000 -3.745112864e-004 0.000000000e+000 0.000000000e+000 0.000000000e+000 7.751877744e+002 
d 0.000000000e+000 0.000000000e+000 -1.060087787e-002 1.226562500e+001 1.226562500e+001 1.096559962e-002 -1.000000000e+000 -1.000000000e+000 -3.803114181e-004 0.000000000e+000 0.000000000e+000 0.000000000e+000 7.757389945e+002 
d 0.000000000e+000 0.000000000e+000 -1.059036272e-002 1.228125000e+001 1.228125000e+001 1.096092754e-002 -1.000000000e+000 -1.000000000e+000 -3.862016445e-004 0.000000000e+000 0.000000000e+000 0.000000000e+000 7.762909311e+002 
d 0.000000000e+000 0.000000000e+000 -1.057981472e-002 1.229687500e+001 1.229687500e+001 1.095629956e-002 -1.000000000e+000 -1.000000000e+000 -3.921919300e-004 0.000000000e+000 0.000000000e+000 0.000000000e+000 7.768443652e+002 
d 0.000000000e+000 0.000000000e+000 -1.056922031e-002 1.231250000e+001 1.231250000e+001 1.095171705e-002 -1.000000000e+000 -1.000000000e+000 -3.982899546e-004 0.000000000e+000 0.000000000e+000 0.000000000e+000 7.773998270e+002 
d 0.000000000e+000 0.000000000e+000 -1.055811766e-002 1.232812500e+001 1.232812500e+001 1.094719913e-002 -1.000000000e+000 -1.000000000e+000 -4.047061690e-004 0.000000000e+000 0.000000000e+000 0.000000000e+000 7.779757543e+002 
d 0.000000000e+000 0.000000000e+000 -1.054755518e-002 1.234375000e+001 1.234375000e+001 1.094270555e-002 -1.000000000e+000 -1.000000000e+000 -4.109716220e-004 0.000000000e+000 0.000000000e+000 0.000000000e+000 7.785302789e+002 
d 0.000000000e+000 0.000000000e+000 -1.053641735e-002 1.235937500e+001 1.235937500e+001 1.093828140e-002 -1.000000000e+000 -1.000000000e+000 -4.175950593e-004 0.000000000e+000 0.000000000e+000 0.000000000e+000 7.791079406e+002 
d 0.000000000e+000 0.000000000e+000 -1.052532115e-002 1.237500000e+001 1.237500000e+001 1.093390197e-002 -1.000000000e+000 -1.000000000e+000 -4.242972298e-004 0.000000000e+000 0.000000000e+000 0.000000000e+000 7.796839908e+002 
d 0.000000000e+000 0.000000000e+000 -1.051422187e-002 1.239062500e+001 1.239062500e+001 1.092957055e-002 -1.000000000e+000 -1.000000000e+000 -4.311002852e-004 0.000000000e+000 0.000000000e+000 0.000000000e+000 7.802602392e+002 
d 0.000000000e+000 0.000000000e+000 -1.050309051e-002 1.240625000e+001 1.240625000e+001 1.092529006e-002 -1.000000000e+000 -1.000000000e+000 -4.380201865e-004 0.000000000e+000 0.000000000e+000 0.000000000e+000 7.808378818e+002 
d 0.000000000e+000 0.000000000e+000 -1.049739124e-002 1.241406250e+001 1.241406250e+001 1.092317475e-002 -1.000000000e+000 -1.000000000e+000 -4.415845592e-004 0.000000000e+000 0.000000000e+000 0.000000000e+000 7.811321218e+002 
d 0.000000000e+000 0.000000000e+000 -1.049169712e-002 1.242187500e+001 1.242187500e+001 1.092107258e-002 -1.000000000e+000 -1.000000000e+000 -4.451735199e-004 0.000000000e+000 0.000000000e+000 0.000000000e+000 7.814262002e+002 
d 0.000000000e+000 0.000000000e+000 -1.048600215e-002 1.242968750e+001 1.242968750e+001 1.091898387e-002 -1.000000000e+000 -1.000000000e+000 -4.487902686e-004 0.000000000e+000 0.000000000e+000 0.000000000e+000 7.817203634e+002 
d 0.000000000e+000 0.000000000e+000 -1.048030160e-002 1.243750000e+001 1.243750000e+001 1.091690913e-002 -1.000000000e+000 -1.000000000e+000 -4.524374790e-004 0.000000000e+000 0.000000000e+000 0.000000000e+000 7.820148084e+002 
d 0.000000000e+000 0.000000000e+000 -1.047459170e-002 1.244531250e+001 1.244531250e+001 1.091484884e-002 -1.000000000e+000 -1.000000000e+000 -4.561174533e-004 0.000000000e+000 0.000000000e+000 0.000000000e+000 7.823096970e+002 
d 0.000000000e+000 0.000000000e+000 -1.046886945e-002 1.245312500e+001 1.245312500e+001 1.091280354e-002 -1.000000000e+000 -1.000000000e+000 -4.598322148e-004 0.000000000e+000 0.000000000e+000 0.000000000e+000 7.826051636e+002 
d 0.000000000e+000 0.000000000e+000 -1.046267979e-002 1.246093750e+001 1.246093750e+001 1.091079596e-002 -1.000000000e+000 -1.000000000e+000 -4.638172626e-004 0.000000000e+000 0.000000000e+000 0.000000000e+000 7.829195681e+002 
d 0.000000000e+000 0.000000000e+000 -1.045701358e-002 1.246875000e+001 1.246875000e+001 1.090877851e-002 -1.000000000e+000 -1.000000000e+000 -4.675634642e-004 0.000000000e+000 0.000000000e+000 0.000000000e+000 7.832130167e+002 
d 0.000000000e+000 0.000000000e+000 -1.045131245e-002 1.247656250e+001 1.247656250e+001 1.090677922e-002 -1.000000000e+000 -1.000000000e+000 -4.713581000e-004 0.000000000e+000 0.000000000e+000 0.000000000e+000 7.835080551e+002 
d 0.000000000e+000 0.000000000e+000 -1.044512591e-002 1.248437500e+001 1.248437500e+001 1.090482244e-002 -1.000000000e+000 -1.000000000e+000 -4.754410115e-004 0.000000000e+000 0.000000000e+000 0.000000000e+000 7.838229386e+002 
d 0.000000000e+000 0.000000000e+000 -1.043945019e-002 1.249218750e+001 1.249218750e+001 1.090285914e-002 -1.000000000e+000 -1.000000000e+000 -4.792890617e-004 0.000000000e+000 0.000000000e+000 0.000000000e+000 7.841175758e+002 
d 0.000000000e+000 0.000000000e+000 -1.043327476e-002 1.250000000e+001 1.250000000e+001 1.090094200e-002 -1.000000000e+000 -1.000000000e+000 -4.834391546e-004 0.000000000e+000 0.000000000e+000 0.000000000e+000 7.844327657e+002 
d 0.000000000e+000 0.000000000e+000 -1.042759738e-002 1.250781250e+001 1.250781250e+001 1.089901896e-002 -1.000000000e+000 -1.000000000e+000 -4.873577738e-004 0.000000000e+000 0.000000000e+000 0.000000000e+000 7.847282297e+002 
d 0.000000000e+000 0.000000000e+000 -1.042140568e-002 1.251562500e+001 1.251562500e+001 1.089714279e-002 -1.000000000e+000 -1.000000000e+000 -4.915900521e-004 0.000000000e+000 0.000000000e+000 0.000000000e+000 7.850447543e+002 
d 0.000000000e+000 0.000000000e+000 -1.041524640e-002 1.252343750e+001 1.252343750e+001 1.089528354e-002 -1.000000000e+000 -1.000000000e+000 -4.958410981e-004 0.000000000e+000 0.000000000e+000 0.000000000e+000 7.853601813e+002 
d 0.000000000e+000 0.000000000e+000 -1.040910404e-002 1.253125000e+001 1.253125000e+001 1.089344070e-002 -1.000000000e+000 -1.000000000e+000 -5.001178590e-004 0.000000000e+000 0.000000000e+000 0.000000000e+000 7.856750274e+002 
d 0.000000000e+000 0.000000000e+000 -1.040296649e-002 1.253906250e+001 1.253906250e+001 1.089161362e-002 -1.000000000e+000 -1.000000000e+000 -5.044256491e-004 0.000000000e+000 0.000000000e+000 0.000000000e+000 7.859896751e+002 
d 0.000000000e+000 0.000000000e+000 -1.039682432e-002 1.254687500e+001 1.254687500e+001 1.088980173e-002 -1.000000000e+000 -1.000000000e+000 -5.087687039e-004 0.000000000e+000 0.000000000e+000 0.000000000e+000 7.863044174e+002 
d 0.000000000e+000 0.000000000e+000 -1.039067035e-002 1.255468750e+001 1.255468750e+001 1.088800477e-002 -1.000000000e+000 -1.000000000e+000 -5.131504751e-004 0.000000000e+000 0.000000000e+000 0.000000000e+000 7.866194820e+002 
d 0.000000000e+000 0.000000000e+000 -1.038449964e-002 1.256250000e+001 1.256250000e+001 1.088622308e-002 -1.000000000e+000 -1.000000000e+000 -5.175739743e-004 0.000000000e+000 0.000000000e+000 0.000000000e+000 7.869350568e+002 
d 0.000000000e+000 0.000000000e+000 -1.037831083e-002 1.257031250e+001 1.257031250e+001 1.088445892e-002 -1.000000000e+000 -1.000000000e+000 -5.220422984e-004 0.000000000e+000 0.000000000e+000 0.000000000e+000 7.872513269e+002 
d 0.000000000e+000 0.000000000e+000 -1.037210073e-002 1.257812500e+001 1.257812500e+001 1.088271309e-002 -1.000000000e+000 -1.000000000e+000 -5.265581160e-004 0.000000000e+000 0.000000000e+000 0.000000000e+000 7.875684436e+002 
d 0.000000000e+000 0.000000000e+000 -1.036541141e-002 1.258593750e+001 1.258593750e+001 1.088101495e-002 -1.000000000e+000 -1.000000000e+000 -5.313911448e-004 0.000000000e+000 0.000000000e+000 0.000000000e+000 7.879049618e+002 
d 0.000000000e+000 0.000000000e+000 -1.035923389e-002 1.259375000e+001 1.259375000e+001 1.087930235e-002 -1.000000000e+000 -1.000000000e+000 -5.359612666e-004 0.000000000e+000 0.000000000e+000 0.000000000e+000 7.882207322e+002 
d 0.000000000e+000 0.000000000e+000 -1.035301079e-002 1.260156250e+001 1.260156250e+001 1.087761045e-002 -1.000000000e+000 -1.000000000e+000 -5.405943246e-004 0.000000000e+000 0.000000000e+000 0.000000000e+000 7.885383318e+002 
d 0.000000000e+000 0.000000000e+000 -1.034628606e-002 1.260937500e+001 1.260937500e+001 1.087597020e-002 -1.000000000e+000 -1.000000000e+000 -5.455660810e-004 0.000000000e+000 0.000000000e+000 0.000000000e+000 7.888762562e+002 
d 0.000000000e+000 0.000000000e+000 -1.033960264e-002 1.261718750e+001 1.261718750e+001 1.087434657e-002 -1.000000000e+000 -1.000000000e+000 -5.505544177e-004 0.000000000e+000 0.000000000e+000 0.000000000e+000 7.892124952e+002 
d 0.000000000e+000 0.000000000e+000 -1.033339754e-002 1.262500000e+001 1.262500000e+001 1.087270917e-002 -1.000000000e+000 -1.000000000e+000 -5.552909692e-004 0.000000000e+000 0.000000000e+000 0.000000000e+000 7.895293092e+002 
d 0.000000000e+000 0.000000000e+000 -1.032666293e-002 1.263281250e+001 1.263281250e+001 1.087112808e-002 -1.000000000e+000 -1.000000000e+000 -5.603917527e-004 0.000000000e+000 0.000000000e+000 0.000000000e+000 7.898675903e+002 
d 0.000000000e+000 0.000000000e+000 -1.031994471e-002 1.264062500e+001 1.264062500e+001 1.086956601e-002 -1.000000000e+000 -1.000000000e+000 -5.655249067e-004 0.000000000e+000 0.000000000e+000 0.000000000e+000 7.902051877e+002 
d 0.000000000e+000 0.000000000e+000 -1.031323027e-002 1.264843750e+001 1.264843750e+001 1.086802411e-002 -1.000000000e+000 -1.000000000e+000 -5.706983556e-004 0.000000000e+000 0.000000000e+000 0.000000000e+000 7.905426091e+002 
d 0.000000000e+000 0.000000000e+000 -1.030650964e-002 1.265625000e+001 1.265625000e+001 1.086650337e-002 -1.000000000e+000 -1.000000000e+000 -5.759186249e-004 0.000000000e+000 0.000000000e+000 0.000000000e+000 7.908802559e+002 
d 0.000000000e+000 0.000000000e+000 -1.029977465e-002 1.266406250e+001 1.266406250e+001 1.086500470e-002 -1.000000000e+000 -1.000000000e+000 -5.811913042e-004 0.000000000e+000 0.000000000e+000 0.000000000e+000 7.912184795e+002 
d 0.000000000e+000 0.000000000e+000 -1.029301856e-002 1.267187500e+001 1.267187500e+001 1.086352893e-002 -1.000000000e+000 -1.000000000e+000 -5.865212500e-004 0.000000000e+000 0.000000000e+000 0.000000000e+000 7.915575408e+002 
d 0.000000000e+000 0.000000000e+000 -1.028577840e-002 1.267968750e+001 1.267968750e+001 1.086211358e-002 -1.000000000e+000 -1.000000000e+000 -5.922106048e-004 0.000000000e+000 0.000000000e+000 0.000000000e+000 7.919162447e+002 
d 0.000000000e+000 0.000000000e+000 -1.027904556e-002 1.268750000e+001 1.268750000e+001 1.086068005e-002 -1.000000000e+000 -1.000000000e+000 -5.976164961e-004 0.000000000e+000 0.000000000e+000 0.000000000e+000 7.922542875e+002 
d 0.000000000e+000 0.000000000e+000 -1.027180381e-002 1.269531250e+001 1.269531250e+001 1.085931110e-002 -1.000000000e+000 -1.000000000e+000 -6.034041138e-004 0.000000000e+000 0.000000000e+000 0.000000000e+000 7.926129829e+002 
d 0.000000000e+000 0.000000000e+000 -1.026504902e-002 1.270312500e+001 1.270312500e+001 1.085792457e-002 -1.000000000e+000 -1.000000000e+000 -6.089166189e-004 0.000000000e+000 0.000000000e+000 0.000000000e+000 7.929518284e+002 
d 0.000000000e+000 0.000000000e+000 -1.025776651e-002 1.271093750e+001 1.271093750e+001 1.085660662e-002 -1.000000000e+000 -1.000000000e+000 -6.148302693e-004 0.000000000e+000 0.000000000e+000 0.000000000e+000 7.933120908e+002 
d 0.000000000e+000 0.000000000e+000 -1.025049891e-002 1.271875000e+001 1.271875000e+001 1.085531206e-002 -1.000000000e+000 -1.000000000e+000 -6.207854424e-004 0.000000000e+000 0.000000000e+000 0.000000000e+000 7.936716958e+002 
d 0.000000000e+000 0.000000000e+000 -1.024323131e-002 1.272656250e+001 1.272656250e+001 1.085404250e-002 -1.000000000e+000 -1.000000000e+000 -6.267924151e-004 0.000000000e+000 0.000000000e+000 0.000000000e+000 7.940312449e+002 
d 0.000000000e+000 0.000000000e+000 -1.023595176e-002 1.273437500e+001 1.273437500e+001 1.085279936e-002 -1.000000000e+000 -1.000000000e+000 -6.328597846e-004 0.000000000e+000 0.000000000e+000 0.000000000e+000 7.943912196e+002 
d 0.000000000e+000 0.000000000e+000 -1.022865035e-002 1.274218750e+001 1.274218750e+001 1.085158394e-002 -1.000000000e+000 -1.000000000e+000 -6.389950025e-004 0.000000000e+000 0.000000000e+000 0.000000000e+000 7.947520180e+002 
d 0.000000000e+000 0.000000000e+000 -1.022085899e-002 1.275000000e+001 1.275000000e+001 1.085044198e-002 -1.000000000e+000 -1.000000000e+000 -6.455291512e-004 0.000000000e+000 0.000000000e+000 0.000000000e+000 7.951326913e+002 
d 0.000000000e+000 0.000000000e+000 -1.021356994e-002 1.275781250e+001 1.275781250e+001 1.084927874e-002 -1.000000000e+000 -1.000000000e+000 -6.517652404e-004 0.000000000e+000 0.000000000e+000 0.000000000e+000 7.954928400e+002 
d 0.000000000e+000 0.000000000e+000 -1.020576169e-002 1.276562500e+001 1.276562500e+001 1.084819457e-002 -1.000000000e+000 -1.000000000e+000 -6.584281308e-004 0.000000000e+000 0.000000000e+000 0.000000000e+000 7.958740470e+002 
d 0.000000000e+000 0.000000000e+000 -1.019797226e-002 1.277343750e+001 1.277343750e+001 1.084713764e-002 -1.000000000e+000 -1.000000000e+000 -6.651380912e-004 0.000000000e+000 0.000000000e+000 0.000000000e+000 7.962544017e+002 
d 0.000000000e+000 0.000000000e+000 -1.019018320e-002 1.278125000e+001 1.278125000e+001 1.084611015e-002 -1.000000000e+000 -1.000000000e+000 -6.719086226e-004 0.000000000e+000 0.000000000e+000 0.000000000e+000 7.966346495e+002 
d 0.000000000e+000 0.000000000e+000 -1.018237957e-002 1.278906250e+001 1.278906250e+001 1.084511408e-002 -1.000000000e+000 -1.000000000e+000 -6.787511157e-004 0.000000000e+000 0.000000000e+000 0.000000000e+000 7.970153917e+002 
d 0.000000000e+000 0.000000000e+000 -1.017454896e-002 1.279687500e+001 1.279687500e+001 1.084415128e-002 -1.000000000e+000 -1.000000000e+000 -6.856754918e-004 0.000000000e+000 0.000000000e+000 0.000000000e+000 7.973971275e+002 
d 0.000000000e+000 0.000000000e+000 -1.016668092e-002 1.280468750e+001 1.280468750e+001 1.084322347e-002 -1.000000000e+000 -1.000000000e+000 -6.926905342e-004 0.000000000e+000 0.000000000e+000 0.000000000e+000 7.977802753e+002 
d 0.000000000e+000 0.000000000e+000 -1.015830220e-002 1.281250000e+001 1.281250000e+001 1.084238574e-002 -1.000000000e+000 -1.000000000e+000 -7.001572300e-004 0.000000000e+000 0.000000000e+000 0.000000000e+000 7.981840988e+002 
d 0.000000000e+000 0.000000000e+000 -1.014994774e-002 1.282031250e+001 1.282031250e+001 1.084157947e-002 -1.000000000e+000 -1.000000000e+000 -7.076764104e-004 0.000000000e+000 0.000000000e+000 0.000000000e+000 7.985868064e+002 
d 0.000000000e+000 0.000000000e+000 -1.014159471e-002 1.282812500e+001 1.282812500e+001 1.084080768e-002 -1.000000000e+000 -1.000000000e+000 -7.152656626e-004 0.000000000e+000 0.000000000e+000 0.000000000e+000 7.989893200e+002 
d 0.000000000e+000 0.000000000e+000 -1.013322451e-002 1.283593750e+001 1.283593750e+001 1.084007309e-002 -1.000000000e+000 -1.000000000e+000 -7.229399357e-004 0.000000000e+000 0.000000000e+000 0.000000000e+000 7.993923887e+002 
d 0.000000000e+000 0.000000000e+000 -1.012482160e-002 1.284375000e+001 1.284375000e+001 1.083937823e-002 -1.000000000e+000 -1.000000000e+000 -7.307123176e-004 0.000000000e+000 0.000000000e+000 0.000000000e+000 7.997966365e+002 
d 0.000000000e+000 0.000000000e+000 -1.011590724e-002 1.285156250e+001 1.285156250e+001 1.083878542e-002 -1.000000000e+000 -1.000000000e+000 -7.389661898e-004 0.000000000e+000 0.000000000e+000 0.000000000e+000 8.002215383e+002 
d 0.000000000e+000 0.000000000e+000 -1.010701274e-002 1.285937500e+001 1.285937500e+001 1.083822968e-002 -1.000000000e+000 -1.000000000e+000 -7.472856969e-004 0.000000000e+000 0.000000000e+000 0.000000000e+000 8.006454561e+002 
d 0.000000000e+000 0.000000000e+000 -1.009811229e-002 1.286718750e+001 1.286718750e+001 1.083771485e-002 -1.000000000e+000 -1.000000000e+000 -7.556918577e-004 0.000000000e+000 0.000000000e+000 0.000000000e+000 8.010694302e+002 
d 0.000000000e+000 0.000000000e+000 -1.008918471e-002 1.287500000e+001 1.287500000e+001 1.083724442e-002 -1.000000000e+000 -1.000000000e+000 -7.642027323e-004 0.000000000e+000 0.000000000e+000 0.000000000e+000 8.014943125e+002 
d 0.000000000e+000 0.000000000e+000 -1.008021216e-002 1.288281250e+001 1.288281250e+001 1.083682171e-002 -1.000000000e+000 -1.000000000e+000 -7.728343009e-004 0.000000000e+000 0.000000000e+000 0.000000000e+000 8.019208180e+002 
d 0.000000000e+000 0.000000000e+000 -1.007070982e-002 1.289062500e+001 1.289062500e+001 1.083651758e-002 -1.000000000e+000 -1.000000000e+000 -7.819953255e-004 0.000000000e+000 0.000000000e+000 0.000000000e+000 8.023686443e+002 
d 0.000000000e+000 0.000000000e+000 -1.006120866e-002 1.289843750e+001 1.289843750e+001 1.083625955e-002 -1.000000000e+000 -1.000000000e+000 -7.912494649e-004 0.000000000e+000 0.000000000e+000 0.000000000e+000 8.028161830e+002 
d 0.000000000e+000 0.000000000e+000 -1.005168144e-002 1.290625000e+001 1.290625000e+001 1.083605234e-002 -1.000000000e+000 -1.000000000e+000 -8.006206070e-004 0.000000000e+000 0.000000000e+000 0.000000000e+000 8.032645293e+002 
d 0.000000000e+000 0.000000000e+000 -1.004163475e-002 1.291406250e+001 1.291406250e+001 1.083597324e-002 -1.000000000e+000 -1.000000000e+000 -8.105377496e-004 0.000000000e+000 0.000000000e+000 0.000000000e+000 8.037337086e+002 
d 0.000000000e+000 0.000000000e+000 -1.003159437e-002 1.292187500e+001 1.292187500e+001 1.083594528e-002 -1.000000000e+000 -1.000000000e+000 -8.205551381e-004 0.000000000e+000 0.000000000e+000 0.000000000e+000 8.042023393e+002 
d 0.000000000e+000 0.000000000e+000 -1.002059285e-002 1.292968750e+001 1.292968750e+001 1.083612640e-002 -1.000000000e+000 -1.000000000e+000 -8.315308030e-004 0.000000000e+000 0.000000000e+000 0.000000000e+000 8.047096640e+002 
d 0.000000000e+000 0.000000000e+000 -1.000969313e-002 1.293750000e+001 1.293750000e+001 1.083635183e-002 -1.000000000e+000 -1.000000000e+000 -8.425411633e-004 0.000000000e+000 0.000000000e+000 0.000000000e+000 8.052125030e+002 
d 0.000000000e+000 0.000000000e+000 -9.998378486e-003 1.294531250e+001 1.294531250e+001 1.083670963e-002 -1.000000000e+000 -1.000000000e+000 -8.540528139e-004 0.000000000e+000 0.000000000e+000 0.000000000e+000 8.057317902e+002 
d 0.000000000e+000 0.000000000e+000 -9.992785951e-003 1.294921875e+001 1.294921875e+001 1.083690166e-002 -1.000000000e+000 -1.000000000e+000 -8.597997507e-004 0.000000000e+000 0.000000000e+000 0.000000000e+000 8.059886565e+002 
d 0.000000000e+000 0.000000000e+000 -9.986747675e-003 1.295312500e+001 1.295312500e+001 1.083718868e-002 -1.000000000e+000 -1.000000000e+000 -8.659891466e-004 0.000000000e+000 0.000000000e+000 0.000000000e+000 8.062634781e+002 
d 0.000000000e+000 0.000000000e+000 -9.980754863e-003 1.295703125e+001 1.295703125e+001 1.083748598e-002 -1.000000000e+000 -1.000000000e+000 -8.721745070e-004 0.000000000e+000 0.000000000e+000 0.000000000e+000 8.065363422e+002 
d 0.000000000e+000 0.000000000e+000 -9.974795527e-003 1.296093750e+001 1.296093750e+001 1.083779567e-002 -1.000000000e+000 -1.000000000e+000 -8.783663294e-004 0.000000000e+000 0.000000000e+000 0.000000000e+000 8.068077333e+002 
d 0.000000000e+000 0.000000000e+000 -9.968859053e-003 1.296484375e+001 1.296484375e+001 1.083811958e-002 -1.000000000e+000 -1.000000000e+000 -8.845740935e-004 0.000000000e+000 0.000000000e+000 0.000000000e+000 8.070780795e+002 
d 0.000000000e+000 0.000000000e+000 -9.962935935e-003 1.296875000e+001 1.296875000e+001 1.083845946e-002 -1.000000000e+000 -1.000000000e+000 -8.908064724e-004 0.000000000e+000 0.000000000e+000 0.000000000e+000 8.073477636e+002 
d 0.000000000e+000 0.000000000e+000 -9.956574335e-003 1.297265625e+001 1.297265625e+001 1.083890020e-002 -1.000000000e+000 -1.000000000e+000 -8.974914614e-004 0.000000000e+000 0.000000000e+000 0.000000000e+000 8.076350562e+002 
d 0.000000000e+000 0.000000000e+000 -9.955277059e-003 1.297656250e+001 1.297656250e+001 1.083838848e-002 -1.000000000e+000 -1.000000000e+000 -8.994014337e-004 0.000000000e+000 0.000000000e+000 0.000000000e+000 8.077175204e+002 
d 0.000000000e+000 0.000000000e+000 -9.943958737e-003 1.298046875e+001 1.298046875e+001 1.083982367e-002 -1.000000000e+000 -1.000000000e+000 -9.108856396e-004 0.000000000e+000 0.000000000e+000 0.000000000e+000 8.082048691e+002 
d 0.000000000e+000 0.000000000e+000 -9.942677994e-003 1.298437500e+001 1.298437500e+001 1.083933177e-002 -1.000000000e+000 -1.000000000e+000 -9.128047500e-004 0.000000000e+000 0.000000000e+000 0.000000000e+000 8.082866271e+002 
d 0.000000000e+000 0.000000000e+000 -9.934179922e-003 1.298632812e+001 1.298632812e+001 1.084063343e-002 -1.000000000e+000 -1.000000000e+000 -9.213489358e-004 0.000000000e+000 0.000000000e+000 0.000000000e+000 8.086446551e+002 
d 0.000000000e+000 0.000000000e+000 -9.932687710e-003 1.298828125e+001 1.298828125e+001 1.084056589e-002 -1.000000000e+000 -1.000000000e+000 -9.231448497e-004 0.000000000e+000 0.000000000e+000 0.000000000e+000 8.087199342e+002 
d 0.000000000e+000 0.000000000e+000 -9.924099552e-003 1.299218750e+001 1.299218750e+001 1.084155405e-002 -1.000000000e+000 -1.000000000e+000 -9.322083999e-004 0.000000000e+000 0.000000000e+000 0.000000000e+000 8.090962561e+002 
d 0.000000000e+000 0.000000000e+000 -9.922841444e-003 1.299609375e+001 1.299609375e+001 1.084107840e-002 -1.000000000e+000 -1.000000000e+000 -9.341404326e-004 0.000000000e+000 0.000000000e+000 0.000000000e+000 8.091768599e+002 
d 0.000000000e+000 0.000000000e+000 -9.914005154e-003 1.299804687e+001 1.299804687e+001 1.084253091e-002 -1.000000000e+000 -1.000000000e+000 -9.431890136e-004 0.000000000e+000 0.000000000e+000 0.000000000e+000 8.095480396e+002 
d 0.000000000e+000 0.000000000e+000 -9.912534753e-003 1.300000000e+001 1.300000000e+001 1.084247949e-002 -1.000000000e+000 -1.000000000e+000 -9.449986534e-004 0.000000000e+000 0.000000000e+000 0.000000000e+000 8.096222981e+002 
d 0.000000000e+000 0.000000000e+000 -9.903168188e-003 1.300390625e+001 1.300390625e+001 1.084371773e-002 -1.000000000e+000 -1.000000000e+000 -9.550195011e-004 0.000000000e+000 0.000000000e+000 0.000000000e+000 8.100293473e+002 
d 0.000000000e+000 0.000000000e+000 -9.901936921e-003 1.300781250e+001 1.300781250e+001 1.084326357e-002 -1.000000000e+000 -1.000000000e+000 -9.569626332e-004 0.000000000e+000 0.000000000e+000 0.000000000e+000 8.101086648e+002 
d 0.000000000e+000 0.000000000e+000 -9.892356032e-003 1.300976562e+001 1.300976562e+001 1.084496071e-002 -1.000000000e+000 -1.000000000e+000 -9.669485967e-004 0.000000000e+000 0.000000000e+000 0.000000000e+000 8.105091952e+002 
d 0.000000000e+000 0.000000000e+000 -9.890917297e-003 1.301171875e+001 1.301171875e+001 1.084492503e-002 -1.000000000e+000 -1.000000000e+000 -9.687637913e-004 0.000000000e+000 0.000000000e+000 0.000000000e+000 8.105820223e+002 
d 0.000000000e+000 0.000000000e+000 -9.881258265e-003 1.301562500e+001 1.301562500e+001 1.084632833e-002 -1.000000000e+000 -1.000000000e+000 -9.792928068e-004 0.000000000e+000 0.000000000e+000 0.000000000e+000 8.110000527e+002 
d 0.000000000e+000 0.000000000e+000 -9.880048655e-003 1.301953125e+001 1.301953125e+001 1.084589669e-002 -1.000000000e+000 -1.000000000e+000 -9.812526416e-004 0.000000000e+000 0.000000000e+000 0.000000000e+000 8.110782583e+002 
d 0.000000000e+000 0.000000000e+000 -9.869720391e-003 1.302148437e+001 1.302148437e+001 1.084786031e-002 -1.000000000e+000 -1.000000000e+000 -9.922215544e-004 0.000000000e+000 0.000000000e+000 0.000000000e+000 8.115080843e+002 
d 0.000000000e+000 0.000000000e+000 -9.868306455e-003 1.302343750e+001 1.302343750e+001 1.084784262e-002 -1.000000000e+000 -1.000000000e+000 -9.940499329e-004 0.000000000e+000 0.000000000e+000 0.000000000e+000 8.115797445e+002 
d 0.000000000e+000 0.000000000e+000 -9.857914759e-003 1.302734375e+001 1.302734375e+001 1.084952475e-002 -1.000000000e+000 -1.000000000e+000 -1.005570601e-003 0.000000000e+000 0.000000000e+000 0.000000000e+000 8.120263035e+002 
d 0.000000000e+000 0.000000000e+000 -9.856728688e-003 1.303125000e+001 1.303125000e+001 1.084911765e-002 -1.000000000e+000 -1.000000000e+000 -1.007547422e-003 0.000000000e+000 0.000000000e+000 0.000000000e+000 8.121033232e+002 
d 0.000000000e+000 0.000000000e+000 -9.847808395e-003 1.303222656e+001 1.303222656e+001 1.085103168e-002 -1.000000000e+000 -1.000000000e+000 -1.017090344e-003 0.000000000e+000 0.000000000e+000 0.000000000e+000 8.124684578e+002 
d 0.000000000e+000 0.000000000e+000 -9.846304187e-003 1.303320312e+001 1.303320312e+001 1.085122719e-002 -1.000000000e+000 -1.000000000e+000 -1.018865481e-003 0.000000000e+000 0.000000000e+000 0.000000000e+000 8.125362477e+002 
d 0.000000000e+000 0.000000000e+000 -9.844892068e-003 1.303515625e+001 1.303515625e+001 1.085121077e-002 -1.000000000e+000 -1.000000000e+000 -1.020724171e-003 0.000000000e+000 0.000000000e+000 0.000000000e+000 8.126073572e+002 
d 0.000000000e+000 0.000000000e+000 -9.843870101e-003 1.303710937e+001 1.303710937e+001 1.085111483e-002 -1.000000000e+000 -1.000000000e+000 -1.022177500e-003 0.000000000e+000 0.000000000e+000 0.000000000e+000 8.126629915e+002 
d 0.000000000e+000 0.000000000e+000 -9.835055221e-003 1.303808594e+001 1.303808594e+001 1.085306271e-002 -1.000000000e+000 -1.000000000e+000 -1.031723872e-003 0.000000000e+000 0.000000000e+000 0.000000000e+000 8.130235147e+002 
d 0.000000000e+000 0.000000000e+000 -9.833565331e-003 1.303906250e+001 1.303906250e+001 1.085326571e-002 -1.000000000e+000 -1.000000000e+000 -1.033504573e-003 0.000000000e+000 0.000000000e+000 0.000000000e+000 8.130906402e+002 
d 0.000000000e+000 0.000000000e+000 -9.832818159e-003 1.304687500e+001 1.304687500e+001 1.085209554e-002 -1.000000000e+000 -1.000000000e+000 -1.035799078e-003 0.000000000e+000 0.000000000e+000 0.000000000e+000 8.131787250e+002 
