v ATLAS
# This file was created by ATLAS version 5.22.1.R on Fri Nov 15 14:50:13 2019.
#SSF 2.0 generic
##############################################################################
#                    Copyright (c) 1984 - 2015                               #
#                    Silvaco Inc. All rights reserved                        #
#                                                                            #
# This file format and the following Key are copyright Silvaco Inc.          #
# You may not use, this format or key without reproducing this message in    #
# full and obtaining express written permission from Silvaco Inc.            #
#                                                                            #
# To obtain such permission please contact: Silvaco Inc.                     #
#                                           support@silvaco.com              #
#                                                                            #
# KEY=SVC86hn7562asdx                       PROD=345                         #
##############################################################################
y 3 700 711 15
z 1 0.00981003 300
f 4 "source" "drain" "gate" "substrate" 
p 13 2 601 20 3 602 21 4 603 22 5 604 23 82 
d 0.000000000e+000 0.000000000e+000 2.492820055e-018 0.000000000e+000 0.000000000e+000 -1.046368136e-017 0.000000000e+000 0.000000000e+000 -1.576434341e-032 0.000000000e+000 0.000000000e+000 0.000000000e+000 3.000000000e+002 
d 0.000000000e+000 0.000000000e+000 -4.789596022e-003 1.250000000e-001 1.250000000e-001 4.789592290e-003 0.000000000e+000 0.000000000e+000 -4.408572011e-017 0.000000000e+000 0.000000000e+000 0.000000000e+000 3.016658663e+002 
d 0.000000000e+000 0.000000000e+000 -9.020383136e-003 2.500000000e-001 2.500000000e-001 9.020216021e-003 0.000000000e+000 0.000000000e+000 -9.362051237e-017 0.000000000e+000 0.000000000e+000 0.000000000e+000 3.062222264e+002 
d 0.000000000e+000 0.000000000e+000 -1.521143957e-002 5.000000000e-001 5.000000000e-001 1.521198120e-002 0.000000000e+000 0.000000000e+000 -7.296281597e-016 0.000000000e+000 0.000000000e+000 0.000000000e+000 3.210514462e+002 
d 0.000000000e+000 0.000000000e+000 -2.089915912e-002 1.000000000e+000 1.000000000e+000 2.089738481e-002 0.000000000e+000 0.000000000e+000 -6.610601590e-014 0.000000000e+000 0.000000000e+000 0.000000000e+000 3.590451927e+002 
d 0.000000000e+000 0.000000000e+000 -2.237090707e-002 1.500000000e+000 1.500000000e+000 2.236943322e-002 0.000000000e+000 0.000000000e+000 -2.668451630e-012 0.000000000e+000 0.000000000e+000 0.000000000e+000 3.969674082e+002 
d 0.000000000e+000 0.000000000e+000 -2.239201249e-002 2.000000000e+000 2.000000000e+000 2.239110955e-002 0.000000000e+000 0.000000000e+000 -4.920157420e-011 0.000000000e+000 0.000000000e+000 0.000000000e+000 4.320706377e+002 
d 0.000000000e+000 0.000000000e+000 -2.190254205e-002 2.500000000e+000 2.500000000e+000 2.190056533e-002 0.000000000e+000 0.000000000e+000 -5.177977215e-010 0.000000000e+000 0.000000000e+000 0.000000000e+000 4.644618863e+002 
d 0.000000000e+000 0.000000000e+000 -2.122444671e-002 3.000000000e+000 3.000000000e+000 2.122860696e-002 0.000000000e+000 0.000000000e+000 -3.615009363e-009 0.000000000e+000 0.000000000e+000 0.000000000e+000 4.944612566e+002 
d 0.000000000e+000 0.000000000e+000 -2.086379344e-002 3.250000000e+000 3.250000000e+000 2.085055708e-002 0.000000000e+000 0.000000000e+000 -8.448388170e-009 0.000000000e+000 0.000000000e+000 0.000000000e+000 5.086302198e+002 
d 0.000000000e+000 0.000000000e+000 -2.048619554e-002 3.500000000e+000 3.500000000e+000 2.047436751e-002 0.000000000e+000 0.000000000e+000 -1.839729766e-008 0.000000000e+000 0.000000000e+000 0.000000000e+000 5.222500370e+002 
d 0.000000000e+000 0.000000000e+000 -1.972593584e-002 4.000000000e+000 4.000000000e+000 1.970453474e-002 0.000000000e+000 0.000000000e+000 -7.264681771e-008 0.000000000e+000 0.000000000e+000 0.000000000e+000 5.479163215e+002 
d 0.000000000e+000 0.000000000e+000 -1.898120753e-002 4.500000000e+000 4.500000000e+000 1.895034449e-002 0.000000000e+000 0.000000000e+000 -2.350777198e-007 0.000000000e+000 0.000000000e+000 0.000000000e+000 5.716853434e+002 
d 0.000000000e+000 0.000000000e+000 -1.827185674e-002 5.000000000e+000 5.000000000e+000 1.821465224e-002 0.000000000e+000 0.000000000e+000 -6.454818005e-007 0.000000000e+000 0.000000000e+000 0.000000000e+000 5.936393078e+002 
d 0.000000000e+000 0.000000000e+000 -1.792330472e-002 5.250000000e+000 5.250000000e+000 1.787321114e-002 0.000000000e+000 0.000000000e+000 -1.020658151e-006 0.000000000e+000 0.000000000e+000 0.000000000e+000 6.040996995e+002 
d 0.000000000e+000 0.000000000e+000 -1.758716161e-002 5.500000000e+000 5.500000000e+000 1.753858237e-002 0.000000000e+000 0.000000000e+000 -1.567383079e-006 0.000000000e+000 0.000000000e+000 0.000000000e+000 6.141944013e+002 
d 0.000000000e+000 0.000000000e+000 -1.742370857e-002 5.625000000e+000 5.625000000e+000 1.737473052e-002 0.000000000e+000 0.000000000e+000 -1.923280046e-006 0.000000000e+000 0.000000000e+000 0.000000000e+000 6.191164233e+002 
d 0.000000000e+000 0.000000000e+000 -1.726170035e-002 5.750000000e+000 5.750000000e+000 1.721524718e-002 0.000000000e+000 0.000000000e+000 -2.347892628e-006 0.000000000e+000 0.000000000e+000 0.000000000e+000 6.239828017e+002 
d 0.000000000e+000 0.000000000e+000 -1.710545958e-002 5.875000000e+000 5.875000000e+000 1.705562505e-002 0.000000000e+000 0.000000000e+000 -2.845914553e-006 0.000000000e+000 0.000000000e+000 0.000000000e+000 6.287405989e+002 
d 0.000000000e+000 0.000000000e+000 -1.694923524e-002 6.000000000e+000 6.000000000e+000 1.690191112e-002 0.000000000e+000 0.000000000e+000 -3.437247967e-006 0.000000000e+000 0.000000000e+000 0.000000000e+000 6.334727160e+002 
d 0.000000000e+000 0.000000000e+000 -1.679580638e-002 6.125000000e+000 6.125000000e+000 1.675116628e-002 0.000000000e+000 0.000000000e+000 -4.131693908e-006 0.000000000e+000 0.000000000e+000 0.000000000e+000 6.381464772e+002 
d 0.000000000e+000 0.000000000e+000 -1.671897570e-002 6.187500000e+000 6.187500000e+000 1.667789496e-002 0.000000000e+000 0.000000000e+000 -4.525376715e-006 0.000000000e+000 0.000000000e+000 0.000000000e+000 6.404806437e+002 
d 0.000000000e+000 0.000000000e+000 -1.664242976e-002 6.250000000e+000 6.250000000e+000 1.660563501e-002 0.000000000e+000 0.000000000e+000 -4.952542466e-006 0.000000000e+000 0.000000000e+000 0.000000000e+000 6.428088810e+002 
d 0.000000000e+000 0.000000000e+000 -1.656674312e-002 6.312500000e+000 6.312500000e+000 1.653389903e-002 0.000000000e+000 0.000000000e+000 -5.413936503e-006 0.000000000e+000 0.000000000e+000 0.000000000e+000 6.451228446e+002 
d 0.000000000e+000 0.000000000e+000 -1.649390703e-002 6.375000000e+000 6.375000000e+000 1.646119652e-002 0.000000000e+000 0.000000000e+000 -5.904489583e-006 0.000000000e+000 0.000000000e+000 0.000000000e+000 6.473904799e+002 
d 0.000000000e+000 0.000000000e+000 -1.642008100e-002 6.437500000e+000 6.437500000e+000 1.639050169e-002 0.000000000e+000 0.000000000e+000 -6.439910967e-006 0.000000000e+000 0.000000000e+000 0.000000000e+000 6.496737907e+002 
d 0.000000000e+000 0.000000000e+000 -1.634688821e-002 6.500000000e+000 6.500000000e+000 1.632053267e-002 0.000000000e+000 0.000000000e+000 -7.017528505e-006 0.000000000e+000 0.000000000e+000 0.000000000e+000 6.519473273e+002 
d 0.000000000e+000 0.000000000e+000 -1.627451020e-002 6.562500000e+000 6.562500000e+000 1.625115841e-002 0.000000000e+000 0.000000000e+000 -7.639350565e-006 0.000000000e+000 0.000000000e+000 0.000000000e+000 6.542083896e+002 
d 0.000000000e+000 0.000000000e+000 -1.620447140e-002 6.625000000e+000 6.625000000e+000 1.618139806e-002 0.000000000e+000 0.000000000e+000 -8.299929470e-006 0.000000000e+000 0.000000000e+000 0.000000000e+000 6.564306581e+002 
d 0.000000000e+000 0.000000000e+000 -1.613378650e-002 6.687500000e+000 6.687500000e+000 1.611322853e-002 0.000000000e+000 0.000000000e+000 -9.017535089e-006 0.000000000e+000 0.000000000e+000 0.000000000e+000 6.586658398e+002 
d 0.000000000e+000 0.000000000e+000 -1.609922150e-002 6.718750000e+000 6.718750000e+000 1.607908523e-002 0.000000000e+000 0.000000000e+000 -9.393040717e-006 0.000000000e+000 0.000000000e+000 0.000000000e+000 6.597705283e+002 
d 0.000000000e+000 0.000000000e+000 -1.606353052e-002 6.750000000e+000 6.750000000e+000 1.604590010e-002 0.000000000e+000 0.000000000e+000 -9.790559206e-006 0.000000000e+000 0.000000000e+000 0.000000000e+000 6.608960440e+002 
d 0.000000000e+000 0.000000000e+000 -1.602913082e-002 6.781250000e+000 6.781250000e+000 1.601221209e-002 0.000000000e+000 0.000000000e+000 -1.019519803e-005 0.000000000e+000 0.000000000e+000 0.000000000e+000 6.619991375e+002 
d 0.000000000e+000 0.000000000e+000 -1.599513928e-002 6.812500000e+000 6.812500000e+000 1.597856677e-002 0.000000000e+000 0.000000000e+000 -1.061267593e-005 0.000000000e+000 0.000000000e+000 0.000000000e+000 6.630954974e+002 
d 0.000000000e+000 0.000000000e+000 -1.596137069e-002 6.843750000e+000 6.843750000e+000 1.594507542e-002 0.000000000e+000 0.000000000e+000 -1.104459046e-005 0.000000000e+000 0.000000000e+000 0.000000000e+000 6.641884632e+002 
d 0.000000000e+000 0.000000000e+000 -1.592650008e-002 6.875000000e+000 6.875000000e+000 1.591246524e-002 0.000000000e+000 0.000000000e+000 -1.150169350e-005 0.000000000e+000 0.000000000e+000 0.000000000e+000 6.653026538e+002 
d 0.000000000e+000 0.000000000e+000 -1.589279289e-002 6.906250000e+000 6.906250000e+000 1.587947525e-002 0.000000000e+000 0.000000000e+000 -1.196728882e-005 0.000000000e+000 0.000000000e+000 0.000000000e+000 6.663962339e+002 
d 0.000000000e+000 0.000000000e+000 -1.585946415e-002 6.937500000e+000 6.937500000e+000 1.584655144e-002 0.000000000e+000 0.000000000e+000 -1.244750206e-005 0.000000000e+000 0.000000000e+000 0.000000000e+000 6.674836058e+002 
d 0.000000000e+000 0.000000000e+000 -1.582634846e-002 6.968750000e+000 6.968750000e+000 1.581378492e-002 0.000000000e+000 0.000000000e+000 -1.294406422e-005 0.000000000e+000 0.000000000e+000 0.000000000e+000 6.685678470e+002 
d 0.000000000e+000 0.000000000e+000 -1.579223292e-002 7.000000000e+000 7.000000000e+000 1.578178494e-002 0.000000000e+000 0.000000000e+000 -1.346874073e-005 0.000000000e+000 0.000000000e+000 0.000000000e+000 6.696722017e+002 
d 0.000000000e+000 0.000000000e+000 -1.575919120e-002 7.031250000e+000 7.031250000e+000 1.574949383e-002 0.000000000e+000 0.000000000e+000 -1.400328018e-005 0.000000000e+000 0.000000000e+000 0.000000000e+000 6.707571633e+002 
d 0.000000000e+000 0.000000000e+000 -1.572650656e-002 7.062500000e+000 7.062500000e+000 1.571728485e-002 0.000000000e+000 0.000000000e+000 -1.455438240e-005 0.000000000e+000 0.000000000e+000 0.000000000e+000 6.718362985e+002 
d 0.000000000e+000 0.000000000e+000 -1.569402677e-002 7.093750000e+000 7.093750000e+000 1.568523462e-002 0.000000000e+000 0.000000000e+000 -1.512395867e-005 0.000000000e+000 0.000000000e+000 0.000000000e+000 6.729125269e+002 
d 0.000000000e+000 0.000000000e+000 -1.566171610e-002 7.125000000e+000 7.125000000e+000 1.565335978e-002 0.000000000e+000 0.000000000e+000 -1.571290368e-005 0.000000000e+000 0.000000000e+000 0.000000000e+000 6.739865551e+002 
d 0.000000000e+000 0.000000000e+000 -1.562848150e-002 7.156250000e+000 7.156250000e+000 1.562214800e-002 0.000000000e+000 0.000000000e+000 -1.633443936e-005 0.000000000e+000 0.000000000e+000 0.000000000e+000 6.750801385e+002 
d 0.000000000e+000 0.000000000e+000 -1.559623628e-002 7.187500000e+000 7.187500000e+000 1.559072888e-002 0.000000000e+000 0.000000000e+000 -1.696765594e-005 0.000000000e+000 0.000000000e+000 0.000000000e+000 6.761554331e+002 
d 0.000000000e+000 0.000000000e+000 -1.556433015e-002 7.218750000e+000 7.218750000e+000 1.555940476e-002 0.000000000e+000 0.000000000e+000 -1.762011481e-005 0.000000000e+000 0.000000000e+000 0.000000000e+000 6.772252167e+002 
d 0.000000000e+000 0.000000000e+000 -1.553262096e-002 7.250000000e+000 7.250000000e+000 1.552823923e-002 0.000000000e+000 0.000000000e+000 -1.829402308e-005 0.000000000e+000 0.000000000e+000 0.000000000e+000 6.782923156e+002 
d 0.000000000e+000 0.000000000e+000 -1.550007105e-002 7.281250000e+000 7.281250000e+000 1.549765259e-002 0.000000000e+000 0.000000000e+000 -1.900418863e-005 0.000000000e+000 0.000000000e+000 0.000000000e+000 6.793779725e+002 
d 0.000000000e+000 0.000000000e+000 -1.546844339e-002 7.312500000e+000 7.312500000e+000 1.546691753e-002 0.000000000e+000 0.000000000e+000 -1.972778541e-005 0.000000000e+000 0.000000000e+000 0.000000000e+000 6.804462839e+002 
d 0.000000000e+000 0.000000000e+000 -1.543713763e-002 7.343750000e+000 7.343750000e+000 1.543628738e-002 0.000000000e+000 0.000000000e+000 -2.047310339e-005 0.000000000e+000 0.000000000e+000 0.000000000e+000 6.815093944e+002 
d 0.000000000e+000 0.000000000e+000 -1.540602102e-002 7.375000000e+000 7.375000000e+000 1.540581588e-002 0.000000000e+000 0.000000000e+000 -2.124259049e-005 0.000000000e+000 0.000000000e+000 0.000000000e+000 6.825700197e+002 
d 0.000000000e+000 0.000000000e+000 -1.537412796e-002 7.406250000e+000 7.406250000e+000 1.537585515e-002 0.000000000e+000 0.000000000e+000 -2.205252431e-005 0.000000000e+000 0.000000000e+000 0.000000000e+000 6.836484890e+002 
d 0.000000000e+000 0.000000000e+000 -1.534309544e-002 7.437500000e+000 7.437500000e+000 1.534579616e-002 0.000000000e+000 0.000000000e+000 -2.287788480e-005 0.000000000e+000 0.000000000e+000 0.000000000e+000 6.847105079e+002 
d 0.000000000e+000 0.000000000e+000 -1.531236859e-002 7.468750000e+000 7.468750000e+000 1.531585028e-002 0.000000000e+000 0.000000000e+000 -2.372774143e-005 0.000000000e+000 0.000000000e+000 0.000000000e+000 6.857676224e+002 
d 0.000000000e+000 0.000000000e+000 -1.528182311e-002 7.500000000e+000 7.500000000e+000 1.528606273e-002 0.000000000e+000 0.000000000e+000 -2.460480800e-005 0.000000000e+000 0.000000000e+000 0.000000000e+000 6.868224462e+002 
d 0.000000000e+000 0.000000000e+000 -1.525142838e-002 7.531250000e+000 7.531250000e+000 1.525644346e-002 0.000000000e+000 0.000000000e+000 -2.551037963e-005 0.000000000e+000 0.000000000e+000 0.000000000e+000 6.878756363e+002 
d 0.000000000e+000 0.000000000e+000 -1.522030200e-002 7.562500000e+000 7.562500000e+000 1.522727124e-002 0.000000000e+000 0.000000000e+000 -2.646275932e-005 0.000000000e+000 0.000000000e+000 0.000000000e+000 6.889464232e+002 
d 0.000000000e+000 0.000000000e+000 -1.518997561e-002 7.593750000e+000 7.593750000e+000 1.519804969e-002 0.000000000e+000 0.000000000e+000 -2.743327103e-005 0.000000000e+000 0.000000000e+000 0.000000000e+000 6.900016057e+002 
d 0.000000000e+000 0.000000000e+000 -1.515994015e-002 7.625000000e+000 7.625000000e+000 1.516894805e-002 0.000000000e+000 0.000000000e+000 -2.843212782e-005 0.000000000e+000 0.000000000e+000 0.000000000e+000 6.910521434e+002 
d 0.000000000e+000 0.000000000e+000 -1.513007788e-002 7.656250000e+000 7.656250000e+000 1.514000353e-002 0.000000000e+000 0.000000000e+000 -2.946246727e-005 0.000000000e+000 0.000000000e+000 0.000000000e+000 6.921005949e+002 
d 0.000000000e+000 0.000000000e+000 -1.510035893e-002 7.687500000e+000 7.687500000e+000 1.511122446e-002 0.000000000e+000 0.000000000e+000 -3.052579883e-005 0.000000000e+000 0.000000000e+000 0.000000000e+000 6.931476208e+002 
d 0.000000000e+000 0.000000000e+000 -1.508506963e-002 7.703125000e+000 7.703125000e+000 1.509703024e-002 0.000000000e+000 0.000000000e+000 -3.108159169e-005 0.000000000e+000 0.000000000e+000 0.000000000e+000 6.936814518e+002 
d 0.000000000e+000 0.000000000e+000 -1.507008449e-002 7.718750000e+000 7.718750000e+000 1.508279992e-002 0.000000000e+000 0.000000000e+000 -3.163993955e-005 0.000000000e+000 0.000000000e+000 0.000000000e+000 6.942089573e+002 
d 0.000000000e+000 0.000000000e+000 -1.505523873e-002 7.734375000e+000 7.734375000e+000 1.506858106e-002 0.000000000e+000 0.000000000e+000 -3.220465051e-005 0.000000000e+000 0.000000000e+000 0.000000000e+000 6.947338005e+002 
d 0.000000000e+000 0.000000000e+000 -1.504046815e-002 7.750000000e+000 7.750000000e+000 1.505439181e-002 0.000000000e+000 0.000000000e+000 -3.277731245e-005 0.000000000e+000 0.000000000e+000 0.000000000e+000 6.952574140e+002 
d 0.000000000e+000 0.000000000e+000 -1.502574701e-002 7.765625000e+000 7.765625000e+000 1.504023926e-002 0.000000000e+000 0.000000000e+000 -3.335865036e-005 0.000000000e+000 0.000000000e+000 0.000000000e+000 6.957803749e+002 
d 0.000000000e+000 0.000000000e+000 -1.501106484e-002 7.781250000e+000 7.781250000e+000 1.502612616e-002 0.000000000e+000 0.000000000e+000 -3.394904019e-005 0.000000000e+000 0.000000000e+000 0.000000000e+000 6.963029189e+002 
d 0.000000000e+000 0.000000000e+000 -1.499641730e-002 7.796875000e+000 7.796875000e+000 1.501205358e-002 0.000000000e+000 0.000000000e+000 -3.454871673e-005 0.000000000e+000 0.000000000e+000 0.000000000e+000 6.968251447e+002 
d 0.000000000e+000 0.000000000e+000 -1.498180250e-002 7.812500000e+000 7.812500000e+000 1.499802189e-002 0.000000000e+000 0.000000000e+000 -3.515785808e-005 0.000000000e+000 0.000000000e+000 0.000000000e+000 6.973470959e+002 
d 0.000000000e+000 0.000000000e+000 -1.496721957e-002 7.828125000e+000 7.828125000e+000 1.498403120e-002 0.000000000e+000 0.000000000e+000 -3.577662014e-005 0.000000000e+000 0.000000000e+000 0.000000000e+000 6.978687937e+002 
d 0.000000000e+000 0.000000000e+000 -1.495266802e-002 7.843750000e+000 7.843750000e+000 1.497008152e-002 0.000000000e+000 0.000000000e+000 -3.640515086e-005 0.000000000e+000 0.000000000e+000 0.000000000e+000 6.983902500e+002 
d 0.000000000e+000 0.000000000e+000 -1.493814751e-002 7.859375000e+000 7.859375000e+000 1.495617280e-002 0.000000000e+000 0.000000000e+000 -3.704359609e-005 0.000000000e+000 0.000000000e+000 0.000000000e+000 6.989114731e+002 
d 0.000000000e+000 0.000000000e+000 -1.492288165e-002 7.875000000e+000 7.875000000e+000 1.494248265e-002 0.000000000e+000 0.000000000e+000 -3.771490284e-005 0.000000000e+000 0.000000000e+000 0.000000000e+000 6.994505069e+002 
d 0.000000000e+000 0.000000000e+000 -1.490886921e-002 7.890625000e+000 7.890625000e+000 1.492855215e-002 0.000000000e+000 0.000000000e+000 -3.836068002e-005 0.000000000e+000 0.000000000e+000 0.000000000e+000 6.999609266e+002 
d 0.000000000e+000 0.000000000e+000 -1.489385985e-002 7.906250000e+000 7.906250000e+000 1.491489271e-002 0.000000000e+000 0.000000000e+000 -3.904766561e-005 0.000000000e+000 0.000000000e+000 0.000000000e+000 7.004950892e+002 
d 0.000000000e+000 0.000000000e+000 -1.487998066e-002 7.921875000e+000 7.921875000e+000 1.490103113e-002 0.000000000e+000 0.000000000e+000 -3.971161919e-005 0.000000000e+000 0.000000000e+000 0.000000000e+000 7.010033250e+002 
d 0.000000000e+000 0.000000000e+000 -1.486506660e-002 7.937500000e+000 7.937500000e+000 1.488744065e-002 0.000000000e+000 0.000000000e+000 -4.041939140e-005 0.000000000e+000 0.000000000e+000 0.000000000e+000 7.015363362e+002 
d 0.000000000e+000 0.000000000e+000 -1.485050276e-002 7.953125000e+000 7.953125000e+000 1.487381956e-002 0.000000000e+000 0.000000000e+000 -4.112829320e-005 0.000000000e+000 0.000000000e+000 0.000000000e+000 7.020616658e+002 
d 0.000000000e+000 0.000000000e+000 -1.483609776e-002 7.968750000e+000 7.968750000e+000 1.486021082e-002 0.000000000e+000 0.000000000e+000 -4.184419921e-005 0.000000000e+000 0.000000000e+000 0.000000000e+000 7.025837754e+002 
d 0.000000000e+000 0.000000000e+000 -1.482177535e-002 7.984375000e+000 7.984375000e+000 1.484663114e-002 0.000000000e+000 0.000000000e+000 -4.256958507e-005 0.000000000e+000 0.000000000e+000 0.000000000e+000 7.031044478e+002 
d 0.000000000e+000 0.000000000e+000 -1.480750409e-002 8.000000000e+000 8.000000000e+000 1.483308725e-002 0.000000000e+000 0.000000000e+000 -4.330558357e-005 0.000000000e+000 0.000000000e+000 0.000000000e+000 7.036244214e+002 
d 0.000000000e+000 0.000000000e+000 -1.479327086e-002 8.015625000e+000 8.015625000e+000 1.481958183e-002 0.000000000e+000 0.000000000e+000 -4.405276855e-005 0.000000000e+000 0.000000000e+000 0.000000000e+000 7.041440055e+002 
d 0.000000000e+000 0.000000000e+000 -1.477907009e-002 8.031250000e+000 8.031250000e+000 1.480611593e-002 0.000000000e+000 0.000000000e+000 -4.481148091e-005 0.000000000e+000 0.000000000e+000 0.000000000e+000 7.046633325e+002 
d 0.000000000e+000 0.000000000e+000 -1.476489933e-002 8.046875000e+000 8.046875000e+000 1.479268996e-002 0.000000000e+000 0.000000000e+000 -4.558196490e-005 0.000000000e+000 0.000000000e+000 0.000000000e+000 7.051824613e+002 
d 0.000000000e+000 0.000000000e+000 -1.475075740e-002 8.062500000e+000 8.062500000e+000 1.477930404e-002 0.000000000e+000 0.000000000e+000 -4.636442537e-005 0.000000000e+000 0.000000000e+000 0.000000000e+000 7.057014203e+002 
d 0.000000000e+000 0.000000000e+000 -1.473664368e-002 8.078125000e+000 8.078125000e+000 1.476595821e-002 0.000000000e+000 0.000000000e+000 -4.715905190e-005 0.000000000e+000 0.000000000e+000 0.000000000e+000 7.062202249e+002 
d 0.000000000e+000 0.000000000e+000 -1.472255780e-002 8.093750000e+000 8.093750000e+000 1.475265245e-002 0.000000000e+000 0.000000000e+000 -4.796602910e-005 0.000000000e+000 0.000000000e+000 0.000000000e+000 7.067388853e+002 
d 0.000000000e+000 0.000000000e+000 -1.470849944e-002 8.109375000e+000 8.109375000e+000 1.473938670e-002 0.000000000e+000 0.000000000e+000 -4.878554104e-005 0.000000000e+000 0.000000000e+000 0.000000000e+000 7.072574095e+002 
d 0.000000000e+000 0.000000000e+000 -1.469446834e-002 8.125000000e+000 8.125000000e+000 1.472616093e-002 0.000000000e+000 0.000000000e+000 -4.961777312e-005 0.000000000e+000 0.000000000e+000 0.000000000e+000 7.077758044e+002 
d 0.000000000e+000 0.000000000e+000 -1.468046426e-002 8.140625000e+000 8.140625000e+000 1.471297509e-002 0.000000000e+000 0.000000000e+000 -5.046291295e-005 0.000000000e+000 0.000000000e+000 0.000000000e+000 7.082940765e+002 
d 0.000000000e+000 0.000000000e+000 -1.466648696e-002 8.156250000e+000 8.156250000e+000 1.469982912e-002 0.000000000e+000 0.000000000e+000 -5.132115077e-005 0.000000000e+000 0.000000000e+000 0.000000000e+000 7.088122324e+002 
d 0.000000000e+000 0.000000000e+000 -1.465182727e-002 8.171875000e+000 8.171875000e+000 1.468683236e-002 0.000000000e+000 0.000000000e+000 -5.222247808e-005 0.000000000e+000 0.000000000e+000 0.000000000e+000 7.093477259e+002 
d 0.000000000e+000 0.000000000e+000 -1.463829647e-002 8.187500000e+000 8.187500000e+000 1.467370416e-002 0.000000000e+000 0.000000000e+000 -5.309119129e-005 0.000000000e+000 0.000000000e+000 0.000000000e+000 7.098560026e+002 
d 0.000000000e+000 0.000000000e+000 -1.462386927e-002 8.203125000e+000 8.203125000e+000 1.466075407e-002 0.000000000e+000 0.000000000e+000 -5.401321087e-005 0.000000000e+000 0.000000000e+000 0.000000000e+000 7.103869619e+002 
d 0.000000000e+000 0.000000000e+000 -1.461046146e-002 8.218750000e+000 8.218750000e+000 1.464769755e-002 0.000000000e+000 0.000000000e+000 -5.490583352e-005 0.000000000e+000 0.000000000e+000 0.000000000e+000 7.108932391e+002 
d 0.000000000e+000 0.000000000e+000 -1.459612091e-002 8.234375000e+000 8.234375000e+000 1.463481785e-002 0.000000000e+000 0.000000000e+000 -5.585516433e-005 0.000000000e+000 0.000000000e+000 0.000000000e+000 7.114232269e+002 
d 0.000000000e+000 0.000000000e+000 -1.458277613e-002 8.250000000e+000 8.250000000e+000 1.462184221e-002 0.000000000e+000 0.000000000e+000 -5.677489960e-005 0.000000000e+000 0.000000000e+000 0.000000000e+000 7.119289764e+002 
d 0.000000000e+000 0.000000000e+000 -1.456849408e-002 8.265625000e+000 8.265625000e+000 1.460903707e-002 0.000000000e+000 0.000000000e+000 -5.775352334e-005 0.000000000e+000 0.000000000e+000 0.000000000e+000 7.124586858e+002 
d 0.000000000e+000 0.000000000e+000 -1.455450947e-002 8.281250000e+000 8.281250000e+000 1.459623286e-002 0.000000000e+000 0.000000000e+000 -5.873469303e-005 0.000000000e+000 0.000000000e+000 0.000000000e+000 7.129815559e+002 
d 0.000000000e+000 0.000000000e+000 -1.454066634e-002 8.296875000e+000 8.296875000e+000 1.458345202e-002 0.000000000e+000 0.000000000e+000 -5.972550431e-005 0.000000000e+000 0.000000000e+000 0.000000000e+000 7.135014552e+002 
d 0.000000000e+000 0.000000000e+000 -1.452689867e-002 8.312500000e+000 8.312500000e+000 1.457070377e-002 0.000000000e+000 0.000000000e+000 -6.072913728e-005 0.000000000e+000 0.000000000e+000 0.000000000e+000 7.140200272e+002 
d 0.000000000e+000 0.000000000e+000 -1.451317752e-002 8.328125000e+000 8.328125000e+000 1.455799200e-002 0.000000000e+000 0.000000000e+000 -6.174713067e-005 0.000000000e+000 0.000000000e+000 0.000000000e+000 7.145379941e+002 
d 0.000000000e+000 0.000000000e+000 -1.449949008e-002 8.343750000e+000 8.343750000e+000 1.454531837e-002 0.000000000e+000 0.000000000e+000 -6.278029942e-005 0.000000000e+000 0.000000000e+000 0.000000000e+000 7.150556769e+002 
d 0.000000000e+000 0.000000000e+000 -1.448583057e-002 8.359375000e+000 8.359375000e+000 1.453268356e-002 0.000000000e+000 0.000000000e+000 -6.382913909e-005 0.000000000e+000 0.000000000e+000 0.000000000e+000 7.155732214e+002 
d 0.000000000e+000 0.000000000e+000 -1.447219629e-002 8.375000000e+000 8.375000000e+000 1.452008784e-002 0.000000000e+000 0.000000000e+000 -6.489400487e-005 0.000000000e+000 0.000000000e+000 0.000000000e+000 7.160906959e+002 
d 0.000000000e+000 0.000000000e+000 -1.445858590e-002 8.390625000e+000 8.390625000e+000 1.450753133e-002 0.000000000e+000 0.000000000e+000 -6.597519117e-005 0.000000000e+000 0.000000000e+000 0.000000000e+000 7.166081351e+002 
d 0.000000000e+000 0.000000000e+000 -1.444499863e-002 8.406250000e+000 8.406250000e+000 1.449501405e-002 0.000000000e+000 0.000000000e+000 -6.707296722e-005 0.000000000e+000 0.000000000e+000 0.000000000e+000 7.171255585e+002 
d 0.000000000e+000 0.000000000e+000 -1.443143402e-002 8.421875000e+000 8.421875000e+000 1.448253600e-002 0.000000000e+000 0.000000000e+000 -6.818759311e-005 0.000000000e+000 0.000000000e+000 0.000000000e+000 7.176429790e+002 
d 0.000000000e+000 0.000000000e+000 -1.441789168e-002 8.437500000e+000 8.437500000e+000 1.447009717e-002 0.000000000e+000 0.000000000e+000 -6.931932699e-005 0.000000000e+000 0.000000000e+000 0.000000000e+000 7.181604063e+002 
d 0.000000000e+000 0.000000000e+000 -1.440437131e-002 8.453125000e+000 8.453125000e+000 1.445769754e-002 0.000000000e+000 0.000000000e+000 -7.046842848e-005 0.000000000e+000 0.000000000e+000 0.000000000e+000 7.186778493e+002 
d 0.000000000e+000 0.000000000e+000 -1.439087259e-002 8.468750000e+000 8.468750000e+000 1.444533710e-002 0.000000000e+000 0.000000000e+000 -7.163516017e-005 0.000000000e+000 0.000000000e+000 0.000000000e+000 7.191953159e+002 
d 0.000000000e+000 0.000000000e+000 -1.437739525e-002 8.484375000e+000 8.484375000e+000 1.443301583e-002 0.000000000e+000 0.000000000e+000 -7.281978840e-005 0.000000000e+000 0.000000000e+000 0.000000000e+000 7.197128140e+002 
d 0.000000000e+000 0.000000000e+000 -1.436393900e-002 8.500000000e+000 8.500000000e+000 1.442073370e-002 0.000000000e+000 0.000000000e+000 -7.402258370e-005 0.000000000e+000 0.000000000e+000 0.000000000e+000 7.202303514e+002 
d 0.000000000e+000 0.000000000e+000 -1.434984888e-002 8.515625000e+000 8.515625000e+000 1.440854216e-002 0.000000000e+000 0.000000000e+000 -7.528486179e-005 0.000000000e+000 0.000000000e+000 0.000000000e+000 7.207662925e+002 
d 0.000000000e+000 0.000000000e+000 -1.433677956e-002 8.531250000e+000 8.531250000e+000 1.439631018e-002 0.000000000e+000 0.000000000e+000 -7.650349931e-005 0.000000000e+000 0.000000000e+000 0.000000000e+000 7.212764170e+002 
d 0.000000000e+000 0.000000000e+000 -1.432354669e-002 8.546875000e+000 8.546875000e+000 1.438413273e-002 0.000000000e+000 0.000000000e+000 -7.775230590e-005 0.000000000e+000 0.000000000e+000 0.000000000e+000 7.217913929e+002 
d 0.000000000e+000 0.000000000e+000 -1.430959655e-002 8.562500000e+000 8.562500000e+000 1.437204643e-002 0.000000000e+000 0.000000000e+000 -7.906878162e-005 0.000000000e+000 0.000000000e+000 0.000000000e+000 7.223258710e+002 
d 0.000000000e+000 0.000000000e+000 -1.429661817e-002 8.578125000e+000 8.578125000e+000 1.435993272e-002 0.000000000e+000 0.000000000e+000 -8.034212259e-005 0.000000000e+000 0.000000000e+000 0.000000000e+000 7.228353165e+002 
d 0.000000000e+000 0.000000000e+000 -1.428281259e-002 8.593750000e+000 8.593750000e+000 1.434791378e-002 0.000000000e+000 0.000000000e+000 -8.169245919e-005 0.000000000e+000 0.000000000e+000 0.000000000e+000 7.233672550e+002 
d 0.000000000e+000 0.000000000e+000 -1.426991746e-002 8.609375000e+000 8.609375000e+000 1.433587759e-002 0.000000000e+000 0.000000000e+000 -8.300197698e-005 0.000000000e+000 0.000000000e+000 0.000000000e+000 7.238756431e+002 
d 0.000000000e+000 0.000000000e+000 -1.425617359e-002 8.625000000e+000 8.625000000e+000 1.432393248e-002 0.000000000e+000 0.000000000e+000 -8.439253602e-005 0.000000000e+000 0.000000000e+000 0.000000000e+000 7.244072120e+002 
d 0.000000000e+000 0.000000000e+000 -1.424268441e-002 8.640625000e+000 8.640625000e+000 1.431201099e-002 0.000000000e+000 0.000000000e+000 -8.578797826e-005 0.000000000e+000 0.000000000e+000 0.000000000e+000 7.249326378e+002 
d 0.000000000e+000 0.000000000e+000 -1.422995834e-002 8.656250000e+000 8.656250000e+000 1.430008936e-002 0.000000000e+000 0.000000000e+000 -8.715032810e-005 0.000000000e+000 0.000000000e+000 0.000000000e+000 7.254382391e+002 
d 0.000000000e+000 0.000000000e+000 -1.421632891e-002 8.671875000e+000 8.671875000e+000 1.428825429e-002 0.000000000e+000 0.000000000e+000 -8.860169385e-005 0.000000000e+000 0.000000000e+000 0.000000000e+000 7.259686565e+002 
d 0.000000000e+000 0.000000000e+000 -1.420291867e-002 8.687500000e+000 8.687500000e+000 1.427644693e-002 0.000000000e+000 0.000000000e+000 -9.006052726e-005 0.000000000e+000 0.000000000e+000 0.000000000e+000 7.264938302e+002 
d 0.000000000e+000 0.000000000e+000 -1.418961930e-002 8.703125000e+000 8.703125000e+000 1.426467367e-002 0.000000000e+000 0.000000000e+000 -9.153474081e-005 0.000000000e+000 0.000000000e+000 0.000000000e+000 7.270166446e+002 
d 0.000000000e+000 0.000000000e+000 -1.417638111e-002 8.718750000e+000 8.718750000e+000 1.425293727e-002 0.000000000e+000 0.000000000e+000 -9.302819873e-005 0.000000000e+000 0.000000000e+000 0.000000000e+000 7.275384263e+002 
d 0.000000000e+000 0.000000000e+000 -1.416318048e-002 8.734375000e+000 8.734375000e+000 1.424123898e-002 0.000000000e+000 0.000000000e+000 -9.454294134e-005 0.000000000e+000 0.000000000e+000 0.000000000e+000 7.280598076e+002 
d 0.000000000e+000 0.000000000e+000 -1.415000606e-002 8.750000000e+000 8.750000000e+000 1.422957938e-002 0.000000000e+000 0.000000000e+000 -9.608014003e-005 0.000000000e+000 0.000000000e+000 0.000000000e+000 7.285810940e+002 
d 0.000000000e+000 0.000000000e+000 -1.413685224e-002 8.765625000e+000 8.765625000e+000 1.421795873e-002 0.000000000e+000 0.000000000e+000 -9.764055240e-005 0.000000000e+000 0.000000000e+000 0.000000000e+000 7.291024360e+002 
d 0.000000000e+000 0.000000000e+000 -1.412371618e-002 8.781250000e+000 8.781250000e+000 1.420637716e-002 0.000000000e+000 0.000000000e+000 -9.922474008e-005 0.000000000e+000 0.000000000e+000 0.000000000e+000 7.296239110e+002 
d 0.000000000e+000 0.000000000e+000 -1.411059632e-002 8.796875000e+000 8.796875000e+000 1.419483474e-002 0.000000000e+000 0.000000000e+000 -1.008331733e-004 0.000000000e+000 0.000000000e+000 0.000000000e+000 7.301455610e+002 
d 0.000000000e+000 0.000000000e+000 -1.409749175e-002 8.812500000e+000 8.812500000e+000 1.418333153e-002 0.000000000e+000 0.000000000e+000 -1.024662816e-004 0.000000000e+000 0.000000000e+000 0.000000000e+000 7.306674118e+002 
d 0.000000000e+000 0.000000000e+000 -1.408440181e-002 8.828125000e+000 8.828125000e+000 1.417186755e-002 0.000000000e+000 0.000000000e+000 -1.041244782e-004 0.000000000e+000 0.000000000e+000 0.000000000e+000 7.311894808e+002 
d 0.000000000e+000 0.000000000e+000 -1.407132602e-002 8.843750000e+000 8.843750000e+000 1.416044285e-002 0.000000000e+000 0.000000000e+000 -1.058081721e-004 0.000000000e+000 0.000000000e+000 0.000000000e+000 7.317117820e+002 
d 0.000000000e+000 0.000000000e+000 -1.405826394e-002 8.859375000e+000 8.859375000e+000 1.414905746e-002 0.000000000e+000 0.000000000e+000 -1.075177743e-004 0.000000000e+000 0.000000000e+000 0.000000000e+000 7.322343274e+002 
d 0.000000000e+000 0.000000000e+000 -1.404521518e-002 8.875000000e+000 8.875000000e+000 1.413771143e-002 0.000000000e+000 0.000000000e+000 -1.092537004e-004 0.000000000e+000 0.000000000e+000 0.000000000e+000 7.327571282e+002 
d 0.000000000e+000 0.000000000e+000 -1.403156541e-002 8.890625000e+000 8.890625000e+000 1.412641070e-002 0.000000000e+000 0.000000000e+000 -1.110750009e-004 0.000000000e+000 0.000000000e+000 0.000000000e+000 7.332972945e+002 
d 0.000000000e+000 0.000000000e+000 -1.401884600e-002 8.906250000e+000 8.906250000e+000 1.411513978e-002 0.000000000e+000 0.000000000e+000 -1.128363368e-004 0.000000000e+000 0.000000000e+000 0.000000000e+000 7.338121961e+002 
d 0.000000000e+000 0.000000000e+000 -1.400598706e-002 8.921875000e+000 8.921875000e+000 1.410391055e-002 0.000000000e+000 0.000000000e+000 -1.146392743e-004 0.000000000e+000 0.000000000e+000 0.000000000e+000 7.343315896e+002 
d 0.000000000e+000 0.000000000e+000 -1.399245247e-002 8.937500000e+000 8.937500000e+000 1.409272306e-002 0.000000000e+000 0.000000000e+000 -1.165388803e-004 0.000000000e+000 0.000000000e+000 0.000000000e+000 7.348705485e+002 
d 0.000000000e+000 0.000000000e+000 -1.397980292e-002 8.953125000e+000 8.953125000e+000 1.408157284e-002 0.000000000e+000 0.000000000e+000 -1.183794845e-004 0.000000000e+000 0.000000000e+000 0.000000000e+000 7.353853182e+002 
d 0.000000000e+000 0.000000000e+000 -1.396638783e-002 8.968750000e+000 8.968750000e+000 1.407046173e-002 0.000000000e+000 0.000000000e+000 -1.203287018e-004 0.000000000e+000 0.000000000e+000 0.000000000e+000 7.359222559e+002 
d 0.000000000e+000 0.000000000e+000 -1.395380488e-002 8.984375000e+000 8.984375000e+000 1.405939248e-002 0.000000000e+000 0.000000000e+000 -1.222219612e-004 0.000000000e+000 0.000000000e+000 0.000000000e+000 7.364363669e+002 
d 0.000000000e+000 0.000000000e+000 -1.394043521e-002 9.000000000e+000 9.000000000e+000 1.404835879e-002 0.000000000e+000 0.000000000e+000 -1.242295943e-004 0.000000000e+000 0.000000000e+000 0.000000000e+000 7.369733456e+002 
d 0.000000000e+000 0.000000000e+000 -1.392727959e-002 9.015625000e+000 9.015625000e+000 1.403736497e-002 0.000000000e+000 0.000000000e+000 -1.262468093e-004 0.000000000e+000 0.000000000e+000 0.000000000e+000 7.375049349e+002 
d 0.000000000e+000 0.000000000e+000 -1.391483442e-002 9.031250000e+000 9.031250000e+000 1.402641870e-002 0.000000000e+000 0.000000000e+000 -1.282176010e-004 0.000000000e+000 0.000000000e+000 0.000000000e+000 7.380169627e+002 
d 0.000000000e+000 0.000000000e+000 -1.390155249e-002 9.046875000e+000 9.046875000e+000 1.401550236e-002 0.000000000e+000 0.000000000e+000 -1.303138322e-004 0.000000000e+000 0.000000000e+000 0.000000000e+000 7.385534325e+002 
d 0.000000000e+000 0.000000000e+000 -1.388845109e-002 9.062500000e+000 9.062500000e+000 1.400462732e-002 0.000000000e+000 0.000000000e+000 -1.324235635e-004 0.000000000e+000 0.000000000e+000 0.000000000e+000 7.390854219e+002 
d 0.000000000e+000 0.000000000e+000 -1.387544343e-002 9.078125000e+000 9.078125000e+000 1.399379322e-002 0.000000000e+000 0.000000000e+000 -1.345564570e-004 0.000000000e+000 0.000000000e+000 0.000000000e+000 7.396153832e+002 
d 0.000000000e+000 0.000000000e+000 -1.386248677e-002 9.093750000e+000 9.093750000e+000 1.398299984e-002 0.000000000e+000 0.000000000e+000 -1.367176011e-004 0.000000000e+000 0.000000000e+000 0.000000000e+000 7.401445273e+002 
d 0.000000000e+000 0.000000000e+000 -1.384955928e-002 9.109375000e+000 9.109375000e+000 1.397224704e-002 0.000000000e+000 0.000000000e+000 -1.389098851e-004 0.000000000e+000 0.000000000e+000 0.000000000e+000 7.406734739e+002 
d 0.000000000e+000 0.000000000e+000 -1.383664966e-002 9.125000000e+000 9.125000000e+000 1.396153478e-002 0.000000000e+000 0.000000000e+000 -1.411350789e-004 0.000000000e+000 0.000000000e+000 0.000000000e+000 7.412025447e+002 
d 0.000000000e+000 0.000000000e+000 -1.382375192e-002 9.140625000e+000 9.140625000e+000 1.395086307e-002 0.000000000e+000 0.000000000e+000 -1.433943833e-004 0.000000000e+000 0.000000000e+000 0.000000000e+000 7.417319105e+002 
d 0.000000000e+000 0.000000000e+000 -1.381086275e-002 9.156250000e+000 9.156250000e+000 1.394023197e-002 0.000000000e+000 0.000000000e+000 -1.456887124e-004 0.000000000e+000 0.000000000e+000 0.000000000e+000 7.422616658e+002 
d 0.000000000e+000 0.000000000e+000 -1.379798023e-002 9.171875000e+000 9.171875000e+000 1.392964155e-002 0.000000000e+000 0.000000000e+000 -1.480188373e-004 0.000000000e+000 0.000000000e+000 0.000000000e+000 7.427918662e+002 
d 0.000000000e+000 0.000000000e+000 -1.378510309e-002 9.187500000e+000 9.187500000e+000 1.391909189e-002 0.000000000e+000 0.000000000e+000 -1.503854615e-004 0.000000000e+000 0.000000000e+000 0.000000000e+000 7.433225473e+002 
d 0.000000000e+000 0.000000000e+000 -1.377223046e-002 9.203125000e+000 9.203125000e+000 1.390858310e-002 0.000000000e+000 0.000000000e+000 -1.527892596e-004 0.000000000e+000 0.000000000e+000 0.000000000e+000 7.438537347e+002 
d 0.000000000e+000 0.000000000e+000 -1.375936161e-002 9.218750000e+000 9.218750000e+000 1.389811529e-002 0.000000000e+000 0.000000000e+000 -1.552308976e-004 0.000000000e+000 0.000000000e+000 0.000000000e+000 7.443854491e+002 
d 0.000000000e+000 0.000000000e+000 -1.374649591e-002 9.234375000e+000 9.234375000e+000 1.388768857e-002 0.000000000e+000 0.000000000e+000 -1.577110434e-004 0.000000000e+000 0.000000000e+000 0.000000000e+000 7.449177083e+002 
d 0.000000000e+000 0.000000000e+000 -1.373304603e-002 9.250000000e+000 9.250000000e+000 1.387727866e-002 0.000000000e+000 0.000000000e+000 -1.603133063e-004 0.000000000e+000 0.000000000e+000 0.000000000e+000 7.454677766e+002 
d 0.000000000e+000 0.000000000e+000 -1.372045590e-002 9.265625000e+000 9.265625000e+000 1.386694521e-002 0.000000000e+000 0.000000000e+000 -1.628349552e-004 0.000000000e+000 0.000000000e+000 0.000000000e+000 7.459932303e+002 
d 0.000000000e+000 0.000000000e+000 -1.370715744e-002 9.281250000e+000 9.281250000e+000 1.385662208e-002 0.000000000e+000 0.000000000e+000 -1.654996488e-004 0.000000000e+000 0.000000000e+000 0.000000000e+000 7.465401993e+002 
d 0.000000000e+000 0.000000000e+000 -1.369464349e-002 9.296875000e+000 9.296875000e+000 1.384637593e-002 0.000000000e+000 0.000000000e+000 -1.680913030e-004 0.000000000e+000 0.000000000e+000 0.000000000e+000 7.470646483e+002 
d 0.000000000e+000 0.000000000e+000 -1.368138721e-002 9.312500000e+000 9.312500000e+000 1.383613650e-002 0.000000000e+000 0.000000000e+000 -1.708355582e-004 0.000000000e+000 0.000000000e+000 0.000000000e+000 7.476117022e+002 
d 0.000000000e+000 0.000000000e+000 -1.366889382e-002 9.328125000e+000 9.328125000e+000 1.382597622e-002 0.000000000e+000 0.000000000e+000 -1.735072890e-004 0.000000000e+000 0.000000000e+000 0.000000000e+000 7.481367716e+002 
d 0.000000000e+000 0.000000000e+000 -1.365564783e-002 9.343750000e+000 9.343750000e+000 1.381582000e-002 0.000000000e+000 0.000000000e+000 -1.763382175e-004 0.000000000e+000 0.000000000e+000 0.000000000e+000 7.486848428e+002 
d 0.000000000e+000 0.000000000e+000 -1.364257798e-002 9.359375000e+000 9.359375000e+000 1.380571432e-002 0.000000000e+000 0.000000000e+000 -1.791872831e-004 0.000000000e+000 0.000000000e+000 0.000000000e+000 7.492283408e+002 
d 0.000000000e+000 0.000000000e+000 -1.363017680e-002 9.375000000e+000 9.375000000e+000 1.379568763e-002 0.000000000e+000 0.000000000e+000 -1.819741559e-004 0.000000000e+000 0.000000000e+000 0.000000000e+000 7.497524999e+002 
d 0.000000000e+000 0.000000000e+000 -1.361697953e-002 9.390625000e+000 9.390625000e+000 1.378565973e-002 0.000000000e+000 0.000000000e+000 -1.849349196e-004 0.000000000e+000 0.000000000e+000 0.000000000e+000 7.503010934e+002 
d 0.000000000e+000 0.000000000e+000 -1.360392844e-002 9.406250000e+000 9.406250000e+000 1.377568234e-002 0.000000000e+000 0.000000000e+000 -1.879193182e-004 0.000000000e+000 0.000000000e+000 0.000000000e+000 7.508459706e+002 
d 0.000000000e+000 0.000000000e+000 -1.359095260e-002 9.421875000e+000 9.421875000e+000 1.376575214e-002 0.000000000e+000 0.000000000e+000 -1.909389271e-004 0.000000000e+000 0.000000000e+000 0.000000000e+000 7.513892365e+002 
d 0.000000000e+000 0.000000000e+000 -1.357801475e-002 9.437500000e+000 9.437500000e+000 1.375586745e-002 0.000000000e+000 0.000000000e+000 -1.940002960e-004 0.000000000e+000 0.000000000e+000 0.000000000e+000 7.519319995e+002 
d 0.000000000e+000 0.000000000e+000 -1.356509456e-002 9.453125000e+000 9.453125000e+000 1.374602743e-002 0.000000000e+000 0.000000000e+000 -1.971074198e-004 0.000000000e+000 0.000000000e+000 0.000000000e+000 7.524748650e+002 
d 0.000000000e+000 0.000000000e+000 -1.355218073e-002 9.468750000e+000 9.468750000e+000 1.373623168e-002 0.000000000e+000 0.000000000e+000 -2.002629148e-004 0.000000000e+000 0.000000000e+000 0.000000000e+000 7.530181692e+002 
d 0.000000000e+000 0.000000000e+000 -1.353926681e-002 9.484375000e+000 9.484375000e+000 1.372648009e-002 0.000000000e+000 0.000000000e+000 -2.034686582e-004 0.000000000e+000 0.000000000e+000 0.000000000e+000 7.535621038e+002 
d 0.000000000e+000 0.000000000e+000 -1.352634898e-002 9.500000000e+000 9.500000000e+000 1.371677272e-002 0.000000000e+000 0.000000000e+000 -2.067261341e-004 0.000000000e+000 0.000000000e+000 0.000000000e+000 7.541067834e+002 
d 0.000000000e+000 0.000000000e+000 -1.351342480e-002 9.515625000e+000 9.515625000e+000 1.370710969e-002 0.000000000e+000 0.000000000e+000 -2.100366219e-004 0.000000000e+000 0.000000000e+000 0.000000000e+000 7.546522805e+002 
d 0.000000000e+000 0.000000000e+000 -1.350049259e-002 9.531250000e+000 9.531250000e+000 1.369749120e-002 0.000000000e+000 0.000000000e+000 -2.134012994e-004 0.000000000e+000 0.000000000e+000 0.000000000e+000 7.551986452e+002 
d 0.000000000e+000 0.000000000e+000 -1.348698100e-002 9.546875000e+000 9.546875000e+000 1.368787710e-002 0.000000000e+000 0.000000000e+000 -2.169320818e-004 0.000000000e+000 0.000000000e+000 0.000000000e+000 7.557633551e+002 
d 0.000000000e+000 0.000000000e+000 -1.347427662e-002 9.562500000e+000 9.562500000e+000 1.367836551e-002 0.000000000e+000 0.000000000e+000 -2.203614656e-004 0.000000000e+000 0.000000000e+000 0.000000000e+000 7.563040090e+002 
d 0.000000000e+000 0.000000000e+000 -1.346088422e-002 9.578125000e+000 9.578125000e+000 1.366885029e-002 0.000000000e+000 0.000000000e+000 -2.239827777e-004 0.000000000e+000 0.000000000e+000 0.000000000e+000 7.568663813e+002 
d 0.000000000e+000 0.000000000e+000 -1.344823129e-002 9.593750000e+000 9.593750000e+000 1.365943543e-002 0.000000000e+000 0.000000000e+000 -2.275121251e-004 0.000000000e+000 0.000000000e+000 0.000000000e+000 7.574066635e+002 
d 0.000000000e+000 0.000000000e+000 -1.343485617e-002 9.609375000e+000 9.609375000e+000 1.365001378e-002 0.000000000e+000 0.000000000e+000 -2.312464787e-004 0.000000000e+000 0.000000000e+000 0.000000000e+000 7.579697874e+002 
d 0.000000000e+000 0.000000000e+000 -1.342219954e-002 9.625000000e+000 9.625000000e+000 1.364069325e-002 0.000000000e+000 0.000000000e+000 -2.348898960e-004 0.000000000e+000 0.000000000e+000 0.000000000e+000 7.585113715e+002 
d 0.000000000e+000 0.000000000e+000 -1.340880812e-002 9.640625000e+000 9.640625000e+000 1.363136435e-002 0.000000000e+000 0.000000000e+000 -2.387477905e-004 0.000000000e+000 0.000000000e+000 0.000000000e+000 7.590762653e+002 
d 0.000000000e+000 0.000000000e+000 -1.339556084e-002 9.656250000e+000 9.656250000e+000 1.362209400e-002 0.000000000e+000 0.000000000e+000 -2.426370243e-004 0.000000000e+000 0.000000000e+000 0.000000000e+000 7.596373391e+002 
d 0.000000000e+000 0.000000000e+000 -1.338238521e-002 9.671875000e+000 9.671875000e+000 1.361287735e-002 0.000000000e+000 0.000000000e+000 -2.465730698e-004 0.000000000e+000 0.000000000e+000 0.000000000e+000 7.601968147e+002 
d 0.000000000e+000 0.000000000e+000 -1.336924136e-002 9.687500000e+000 9.687500000e+000 1.360371190e-002 0.000000000e+000 0.000000000e+000 -2.505650874e-004 0.000000000e+000 0.000000000e+000 0.000000000e+000 7.607559161e+002 
d 0.000000000e+000 0.000000000e+000 -1.335610658e-002 9.703125000e+000 9.703125000e+000 1.359459637e-002 0.000000000e+000 0.000000000e+000 -2.546188858e-004 0.000000000e+000 0.000000000e+000 0.000000000e+000 7.613153407e+002 
d 0.000000000e+000 0.000000000e+000 -1.334296769e-002 9.718750000e+000 9.718750000e+000 1.358553023e-002 0.000000000e+000 0.000000000e+000 -2.587383997e-004 0.000000000e+000 0.000000000e+000 0.000000000e+000 7.618754936e+002 
d 0.000000000e+000 0.000000000e+000 -1.332981681e-002 9.734375000e+000 9.734375000e+000 1.357651332e-002 0.000000000e+000 0.000000000e+000 -2.629265200e-004 0.000000000e+000 0.000000000e+000 0.000000000e+000 7.624366168e+002 
d 0.000000000e+000 0.000000000e+000 -1.331664901e-002 9.750000000e+000 9.750000000e+000 1.356754575e-002 0.000000000e+000 0.000000000e+000 -2.671855628e-004 0.000000000e+000 0.000000000e+000 0.000000000e+000 7.629988614e+002 
d 0.000000000e+000 0.000000000e+000 -1.330346101e-002 9.765625000e+000 9.765625000e+000 1.355862774e-002 0.000000000e+000 0.000000000e+000 -2.715175350e-004 0.000000000e+000 0.000000000e+000 0.000000000e+000 7.635623273e+002 
d 0.000000000e+000 0.000000000e+000 -1.329025045e-002 9.781250000e+000 9.781250000e+000 1.354975964e-002 0.000000000e+000 0.000000000e+000 -2.759242864e-004 0.000000000e+000 0.000000000e+000 0.000000000e+000 7.641270864e+002 
d 0.000000000e+000 0.000000000e+000 -1.327645352e-002 9.796875000e+000 9.796875000e+000 1.354089473e-002 0.000000000e+000 0.000000000e+000 -2.805501344e-004 0.000000000e+000 0.000000000e+000 0.000000000e+000 7.647109079e+002 
d 0.000000000e+000 0.000000000e+000 -1.326342280e-002 9.812500000e+000 9.812500000e+000 1.353214679e-002 0.000000000e+000 0.000000000e+000 -2.850547527e-004 0.000000000e+000 0.000000000e+000 0.000000000e+000 7.652711720e+002 
d 0.000000000e+000 0.000000000e+000 -1.324970775e-002 9.828125000e+000 9.828125000e+000 1.352339465e-002 0.000000000e+000 0.000000000e+000 -2.898097843e-004 0.000000000e+000 0.000000000e+000 0.000000000e+000 7.658536281e+002 
d 0.000000000e+000 0.000000000e+000 -1.323669715e-002 9.843750000e+000 9.843750000e+000 1.351475614e-002 0.000000000e+000 0.000000000e+000 -2.944549526e-004 0.000000000e+000 0.000000000e+000 0.000000000e+000 7.664143767e+002 
d 0.000000000e+000 0.000000000e+000 -1.322296719e-002 9.859375000e+000 9.859375000e+000 1.350611134e-002 0.000000000e+000 0.000000000e+000 -2.993680267e-004 0.000000000e+000 0.000000000e+000 0.000000000e+000 7.669984864e+002 
d 0.000000000e+000 0.000000000e+000 -1.320936064e-002 9.875000000e+000 9.875000000e+000 1.349753229e-002 0.000000000e+000 0.000000000e+000 -3.043275377e-004 0.000000000e+000 0.000000000e+000 0.000000000e+000 7.675792712e+002 
d 0.000000000e+000 0.000000000e+000 -1.319580998e-002 9.890625000e+000 9.890625000e+000 1.348901404e-002 0.000000000e+000 0.000000000e+000 -3.093519018e-004 0.000000000e+000 0.000000000e+000 0.000000000e+000 7.681588534e+002 
d 0.000000000e+000 0.000000000e+000 -1.318227651e-002 9.906250000e+000 9.906250000e+000 1.348055403e-002 0.000000000e+000 0.000000000e+000 -3.144525582e-004 0.000000000e+000 0.000000000e+000 0.000000000e+000 7.687384501e+002 
d 0.000000000e+000 0.000000000e+000 -1.316873720e-002 9.921875000e+000 9.921875000e+000 1.347215101e-002 0.000000000e+000 0.000000000e+000 -3.196371228e-004 0.000000000e+000 0.000000000e+000 0.000000000e+000 7.693187850e+002 
d 0.000000000e+000 0.000000000e+000 -1.315517808e-002 9.937500000e+000 9.937500000e+000 1.346380456e-002 0.000000000e+000 0.000000000e+000 -3.249110086e-004 0.000000000e+000 0.000000000e+000 0.000000000e+000 7.699002976e+002 
d 0.000000000e+000 0.000000000e+000 -1.314159032e-002 9.953125000e+000 9.953125000e+000 1.345551469e-002 0.000000000e+000 0.000000000e+000 -3.302783681e-004 0.000000000e+000 0.000000000e+000 0.000000000e+000 7.704832645e+002 
d 0.000000000e+000 0.000000000e+000 -1.312796807e-002 9.968750000e+000 9.968750000e+000 1.344728170e-002 0.000000000e+000 0.000000000e+000 -3.357426441e-004 0.000000000e+000 0.000000000e+000 0.000000000e+000 7.710678679e+002 
d 0.000000000e+000 0.000000000e+000 -1.311374976e-002 9.984375000e+000 9.984375000e+000 1.343905878e-002 0.000000000e+000 0.000000000e+000 -3.414796369e-004 0.000000000e+000 0.000000000e+000 0.000000000e+000 7.716721572e+002 
d 0.000000000e+000 0.000000000e+000 -1.310026540e-002 1.000000000e+001 1.000000000e+001 1.343095975e-002 0.000000000e+000 0.000000000e+000 -3.470808362e-004 0.000000000e+000 0.000000000e+000 0.000000000e+000 7.722533856e+002 
d 0.000000000e+000 0.000000000e+000 -1.308609172e-002 1.001562500e+001 1.001562500e+001 1.342286493e-002 0.000000000e+000 0.000000000e+000 -3.529920622e-004 0.000000000e+000 0.000000000e+000 0.000000000e+000 7.728573306e+002 
d 0.000000000e+000 0.000000000e+000 -1.307203800e-002 1.003125000e+001 1.003125000e+001 1.341484384e-002 0.000000000e+000 0.000000000e+000 -3.589620415e-004 0.000000000e+000 0.000000000e+000 0.000000000e+000 7.734579455e+002 
d 0.000000000e+000 0.000000000e+000 -1.305803319e-002 1.004687500e+001 1.004687500e+001 1.340689135e-002 0.000000000e+000 0.000000000e+000 -3.650137661e-004 0.000000000e+000 0.000000000e+000 0.000000000e+000 7.740574987e+002 
d 0.000000000e+000 0.000000000e+000 -1.304403539e-002 1.006250000e+001 1.006250000e+001 1.339900490e-002 0.000000000e+000 0.000000000e+000 -3.711619545e-004 0.000000000e+000 0.000000000e+000 0.000000000e+000 7.746573280e+002 
d 0.000000000e+000 0.000000000e+000 -1.303001902e-002 1.007812500e+001 1.007812500e+001 1.339118335e-002 0.000000000e+000 0.000000000e+000 -3.774166829e-004 0.000000000e+000 0.000000000e+000 0.000000000e+000 7.752582502e+002 
d 0.000000000e+000 0.000000000e+000 -1.301596799e-002 1.009375000e+001 1.009375000e+001 1.338342642e-002 0.000000000e+000 0.000000000e+000 -3.837853046e-004 0.000000000e+000 0.000000000e+000 0.000000000e+000 7.758607770e+002 
d 0.000000000e+000 0.000000000e+000 -1.300187183e-002 1.010937500e+001 1.010937500e+001 1.337573437e-002 0.000000000e+000 0.000000000e+000 -3.902735910e-004 0.000000000e+000 0.000000000e+000 0.000000000e+000 7.764652409e+002 
d 0.000000000e+000 0.000000000e+000 -1.299480050e-002 1.011718750e+001 1.011718750e+001 1.337191236e-002 0.000000000e+000 0.000000000e+000 -3.935655784e-004 0.000000000e+000 0.000000000e+000 0.000000000e+000 7.767684026e+002 
d 0.000000000e+000 0.000000000e+000 -1.298771261e-002 1.012500000e+001 1.012500000e+001 1.336810675e-002 0.000000000e+000 0.000000000e+000 -3.968902801e-004 0.000000000e+000 0.000000000e+000 0.000000000e+000 7.770722181e+002 
d 0.000000000e+000 0.000000000e+000 -1.298005296e-002 1.013281250e+001 1.013281250e+001 1.336427370e-002 0.000000000e+000 0.000000000e+000 -4.004498962e-004 0.000000000e+000 0.000000000e+000 0.000000000e+000 7.773947805e+002 
d 0.000000000e+000 0.000000000e+000 -1.297306102e-002 1.014062500e+001 1.014062500e+001 1.336051139e-002 0.000000000e+000 0.000000000e+000 -4.037954093e-004 0.000000000e+000 0.000000000e+000 0.000000000e+000 7.776957034e+002 
d 0.000000000e+000 0.000000000e+000 -1.296602148e-002 1.014843750e+001 1.014843750e+001 1.335676333e-002 0.000000000e+000 0.000000000e+000 -4.071853648e-004 0.000000000e+000 0.000000000e+000 0.000000000e+000 7.779982855e+002 
d 0.000000000e+000 0.000000000e+000 -1.295838736e-002 1.015625000e+001 1.015625000e+001 1.335298731e-002 0.000000000e+000 0.000000000e+000 -4.108243780e-004 0.000000000e+000 0.000000000e+000 0.000000000e+000 7.783203886e+002 
d 0.000000000e+000 0.000000000e+000 -1.294437524e-002 1.017187500e+001 1.017187500e+001 1.334558800e-002 0.000000000e+000 0.000000000e+000 -4.177199358e-004 0.000000000e+000 0.000000000e+000 0.000000000e+000 7.789239091e+002 
d 0.000000000e+000 0.000000000e+000 -1.293671445e-002 1.017968750e+001 1.017968750e+001 1.334186616e-002 0.000000000e+000 0.000000000e+000 -4.214595809e-004 0.000000000e+000 0.000000000e+000 0.000000000e+000 7.792472382e+002 
d 0.000000000e+000 0.000000000e+000 -1.292969456e-002 1.018750000e+001 1.018750000e+001 1.333821196e-002 0.000000000e+000 0.000000000e+000 -4.249840714e-004 0.000000000e+000 0.000000000e+000 0.000000000e+000 7.795497097e+002 
d 0.000000000e+000 0.000000000e+000 -1.292205254e-002 1.019531250e+001 1.019531250e+001 1.333453027e-002 0.000000000e+000 0.000000000e+000 -4.287787865e-004 0.000000000e+000 0.000000000e+000 0.000000000e+000 7.798726558e+002 
d 0.000000000e+000 0.000000000e+000 -1.291503659e-002 1.020312500e+001 1.020312500e+001 1.333091443e-002 0.000000000e+000 0.000000000e+000 -4.323602574e-004 0.000000000e+000 0.000000000e+000 0.000000000e+000 7.801751996e+002 
d 0.000000000e+000 0.000000000e+000 -1.290738802e-002 1.021093750e+001 1.021093750e+001 1.332727145e-002 0.000000000e+000 0.000000000e+000 -4.362206191e-004 0.000000000e+000 0.000000000e+000 0.000000000e+000 7.804985824e+002 
d 0.000000000e+000 0.000000000e+000 -1.290035778e-002 1.021875000e+001 1.021875000e+001 1.332369325e-002 0.000000000e+000 0.000000000e+000 -4.398671184e-004 0.000000000e+000 0.000000000e+000 0.000000000e+000 7.808017877e+002 
d 0.000000000e+000 0.000000000e+000 -1.289268746e-002 1.022656250e+001 1.022656250e+001 1.332008860e-002 0.000000000e+000 0.000000000e+000 -4.438002859e-004 0.000000000e+000 0.000000000e+000 0.000000000e+000 7.811260978e+002 
d 0.000000000e+000 0.000000000e+000 -1.288507622e-002 1.023437500e+001 1.023437500e+001 1.331650853e-002 0.000000000e+000 0.000000000e+000 -4.477430703e-004 0.000000000e+000 0.000000000e+000 0.000000000e+000 7.814485775e+002 
d 0.000000000e+000 0.000000000e+000 -1.287805772e-002 1.024218750e+001 1.024218750e+001 1.331299061e-002 0.000000000e+000 0.000000000e+000 -4.514765014e-004 0.000000000e+000 0.000000000e+000 0.000000000e+000 7.817516766e+002 
d 0.000000000e+000 0.000000000e+000 -1.287038167e-002 1.025000000e+001 1.025000000e+001 1.330944695e-002 0.000000000e+000 0.000000000e+000 -4.555110304e-004 0.000000000e+000 0.000000000e+000 0.000000000e+000 7.820764852e+002 
d 0.000000000e+000 0.000000000e+000 -1.286274911e-002 1.025781250e+001 1.025781250e+001 1.330592721e-002 0.000000000e+000 0.000000000e+000 -4.595617984e-004 0.000000000e+000 0.000000000e+000 0.000000000e+000 7.823999659e+002 
d 0.000000000e+000 0.000000000e+000 -1.285514380e-002 1.026562500e+001 1.026562500e+001 1.330243046e-002 0.000000000e+000 0.000000000e+000 -4.636353923e-004 0.000000000e+000 0.000000000e+000 0.000000000e+000 7.827226479e+002 
d 0.000000000e+000 0.000000000e+000 -1.284755363e-002 1.027343750e+001 1.027343750e+001 1.329895600e-002 0.000000000e+000 0.000000000e+000 -4.677368958e-004 0.000000000e+000 0.000000000e+000 0.000000000e+000 7.830449267e+002 
d 0.000000000e+000 0.000000000e+000 -1.283996929e-002 1.028125000e+001 1.028125000e+001 1.329550337e-002 0.000000000e+000 0.000000000e+000 -4.718703653e-004 0.000000000e+000 0.000000000e+000 0.000000000e+000 7.833671061e+002 
d 0.000000000e+000 0.000000000e+000 -1.283238357e-002 1.028906250e+001 1.028906250e+001 1.329207227e-002 0.000000000e+000 0.000000000e+000 -4.760390778e-004 0.000000000e+000 0.000000000e+000 0.000000000e+000 7.836894205e+002 
d 0.000000000e+000 0.000000000e+000 -1.282479089e-002 1.029687500e+001 1.029687500e+001 1.328866253e-002 0.000000000e+000 0.000000000e+000 -4.802457200e-004 0.000000000e+000 0.000000000e+000 0.000000000e+000 7.840120519e+002 
d 0.000000000e+000 0.000000000e+000 -1.281718686e-002 1.030468750e+001 1.030468750e+001 1.328527408e-002 0.000000000e+000 0.000000000e+000 -4.844925313e-004 0.000000000e+000 0.000000000e+000 0.000000000e+000 7.843351425e+002 
d 0.000000000e+000 0.000000000e+000 -1.280956804e-002 1.031250000e+001 1.031250000e+001 1.328190693e-002 0.000000000e+000 0.000000000e+000 -4.887814132e-004 0.000000000e+000 0.000000000e+000 0.000000000e+000 7.846588048e+002 
d 0.000000000e+000 0.000000000e+000 -1.280193164e-002 1.032031250e+001 1.032031250e+001 1.327856115e-002 0.000000000e+000 0.000000000e+000 -4.931140127e-004 0.000000000e+000 0.000000000e+000 0.000000000e+000 7.849831282e+002 
d 0.000000000e+000 0.000000000e+000 -1.279427544e-002 1.032812500e+001 1.032812500e+001 1.327523686e-002 0.000000000e+000 0.000000000e+000 -4.974917863e-004 0.000000000e+000 0.000000000e+000 0.000000000e+000 7.853081851e+002 
d 0.000000000e+000 0.000000000e+000 -1.278659757e-002 1.033593750e+001 1.033593750e+001 1.327193420e-002 0.000000000e+000 0.000000000e+000 -5.019160483e-004 0.000000000e+000 0.000000000e+000 0.000000000e+000 7.856340347e+002 
d 0.000000000e+000 0.000000000e+000 -1.277834104e-002 1.034375000e+001 1.034375000e+001 1.326862115e-002 0.000000000e+000 0.000000000e+000 -5.066424805e-004 0.000000000e+000 0.000000000e+000 0.000000000e+000 7.859791119e+002 
d 0.000000000e+000 0.000000000e+000 -1.277073599e-002 1.035156250e+001 1.035156250e+001 1.326536976e-002 0.000000000e+000 0.000000000e+000 -5.111097651e-004 0.000000000e+000 0.000000000e+000 0.000000000e+000 7.863027046e+002 
d 0.000000000e+000 0.000000000e+000 -1.276307841e-002 1.035937500e+001 1.035937500e+001 1.326213891e-002 0.000000000e+000 0.000000000e+000 -5.156385462e-004 0.000000000e+000 0.000000000e+000 0.000000000e+000 7.866281036e+002 
d 0.000000000e+000 0.000000000e+000 -1.275481690e-002 1.036718750e+001 1.036718750e+001 1.325889887e-002 0.000000000e+000 0.000000000e+000 -5.204889838e-004 0.000000000e+000 0.000000000e+000 0.000000000e+000 7.869735849e+002 
d 0.000000000e+000 0.000000000e+000 -1.274718730e-002 1.037500000e+001 1.037500000e+001 1.325571786e-002 0.000000000e+000 0.000000000e+000 -5.250825213e-004 0.000000000e+000 0.000000000e+000 0.000000000e+000 7.872981917e+002 
d 0.000000000e+000 0.000000000e+000 -1.273893388e-002 1.038281250e+001 1.038281250e+001 1.325252850e-002 0.000000000e+000 0.000000000e+000 -5.300125303e-004 0.000000000e+000 0.000000000e+000 0.000000000e+000 7.876435513e+002 
d 0.000000000e+000 0.000000000e+000 -1.273129585e-002 1.039062500e+001 1.039062500e+001 1.324939621e-002 0.000000000e+000 0.000000000e+000 -5.346888564e-004 0.000000000e+000 0.000000000e+000 0.000000000e+000 7.879685598e+002 
d 0.000000000e+000 0.000000000e+000 -1.272302034e-002 1.039843750e+001 1.039843750e+001 1.324625695e-002 0.000000000e+000 0.000000000e+000 -5.397141300e-004 0.000000000e+000 0.000000000e+000 0.000000000e+000 7.883147855e+002 
d 0.000000000e+000 0.000000000e+000 -1.271479528e-002 1.040625000e+001 1.040625000e+001 1.324314648e-002 0.000000000e+000 0.000000000e+000 -5.447588384e-004 0.000000000e+000 0.000000000e+000 0.000000000e+000 7.886594020e+002 
d 0.000000000e+000 0.000000000e+000 -1.270715573e-002 1.041406250e+001 1.041406250e+001 1.324008996e-002 0.000000000e+000 0.000000000e+000 -5.495573860e-004 0.000000000e+000 0.000000000e+000 0.000000000e+000 7.889846236e+002 
d 0.000000000e+000 0.000000000e+000 -1.269885573e-002 1.042187500e+001 1.042187500e+001 1.323702866e-002 0.000000000e+000 0.000000000e+000 -5.547254455e-004 0.000000000e+000 0.000000000e+000 0.000000000e+000 7.893318428e+002 
d 0.000000000e+000 0.000000000e+000 -1.269058668e-002 1.042968750e+001 1.042968750e+001 1.323399592e-002 0.000000000e+000 0.000000000e+000 -5.599232293e-004 0.000000000e+000 0.000000000e+000 0.000000000e+000 7.896780886e+002 
d 0.000000000e+000 0.000000000e+000 -1.268233299e-002 1.043750000e+001 1.043750000e+001 1.323099125e-002 0.000000000e+000 0.000000000e+000 -5.651585702e-004 0.000000000e+000 0.000000000e+000 0.000000000e+000 7.900238755e+002 
d 0.000000000e+000 0.000000000e+000 -1.267408270e-002 1.044531250e+001 1.044531250e+001 1.322801437e-002 0.000000000e+000 0.000000000e+000 -5.704377026e-004 0.000000000e+000 0.000000000e+000 0.000000000e+000 7.903695966e+002 
d 0.000000000e+000 0.000000000e+000 -1.266582643e-002 1.045312500e+001 1.045312500e+001 1.322506515e-002 0.000000000e+000 0.000000000e+000 -5.757657503e-004 0.000000000e+000 0.000000000e+000 0.000000000e+000 7.907155607e+002 
d 0.000000000e+000 0.000000000e+000 -1.265755674e-002 1.046093750e+001 1.046093750e+001 1.322214359e-002 0.000000000e+000 0.000000000e+000 -5.811469872e-004 0.000000000e+000 0.000000000e+000 0.000000000e+000 7.910620118e+002 
d 0.000000000e+000 0.000000000e+000 -1.264926770e-002 1.046875000e+001 1.046875000e+001 1.321924980e-002 0.000000000e+000 0.000000000e+000 -5.865850376e-004 0.000000000e+000 0.000000000e+000 0.000000000e+000 7.914091444e+002 
d 0.000000000e+000 0.000000000e+000 -1.264095451e-002 1.047656250e+001 1.047656250e+001 1.321638398e-002 0.000000000e+000 0.000000000e+000 -5.920830311e-004 0.000000000e+000 0.000000000e+000 0.000000000e+000 7.917571148e+002 
d 0.000000000e+000 0.000000000e+000 -1.263261327e-002 1.048437500e+001 1.048437500e+001 1.321354639e-002 0.000000000e+000 0.000000000e+000 -5.976437230e-004 0.000000000e+000 0.000000000e+000 0.000000000e+000 7.921060505e+002 
d 0.000000000e+000 0.000000000e+000 -1.262368072e-002 1.049218750e+001 1.049218750e+001 1.321071976e-002 0.000000000e+000 0.000000000e+000 -6.035729558e-004 0.000000000e+000 0.000000000e+000 0.000000000e+000 7.924747293e+002 
d 0.000000000e+000 0.000000000e+000 -1.261538897e-002 1.050000000e+001 1.050000000e+001 1.320794393e-002 0.000000000e+000 0.000000000e+000 -6.092061669e-004 0.000000000e+000 0.000000000e+000 0.000000000e+000 7.928220686e+002 
d 0.000000000e+000 0.000000000e+000 -1.260647681e-002 1.050781250e+001 1.050781250e+001 1.320518077e-002 0.000000000e+000 0.000000000e+000 -6.152299859e-004 0.000000000e+000 0.000000000e+000 0.000000000e+000 7.931901242e+002 
d 0.000000000e+000 0.000000000e+000 -1.259818027e-002 1.051562500e+001 1.051562500e+001 1.320246603e-002 0.000000000e+000 0.000000000e+000 -6.209659532e-004 0.000000000e+000 0.000000000e+000 0.000000000e+000 7.935376598e+002 
d 0.000000000e+000 0.000000000e+000 -1.258924314e-002 1.052343750e+001 1.052343750e+001 1.319976632e-002 0.000000000e+000 0.000000000e+000 -6.271107652e-004 0.000000000e+000 0.000000000e+000 0.000000000e+000 7.939065878e+002 
d 0.000000000e+000 0.000000000e+000 -1.258034782e-002 1.053125000e+001 1.053125000e+001 1.319710069e-002 0.000000000e+000 0.000000000e+000 -6.332877409e-004 0.000000000e+000 0.000000000e+000 0.000000000e+000 7.942741353e+002 
d 0.000000000e+000 0.000000000e+000 -1.257203302e-002 1.053906250e+001 1.053906250e+001 1.319448022e-002 0.000000000e+000 0.000000000e+000 -6.391884289e-004 0.000000000e+000 0.000000000e+000 0.000000000e+000 7.946223055e+002 
d 0.000000000e+000 0.000000000e+000 -1.256304814e-002 1.054687500e+001 1.054687500e+001 1.319187887e-002 0.000000000e+000 0.000000000e+000 -6.455260232e-004 0.000000000e+000 0.000000000e+000 0.000000000e+000 7.949928550e+002 
d 0.000000000e+000 0.000000000e+000 -1.255408088e-002 1.055468750e+001 1.055468750e+001 1.318931214e-002 0.000000000e+000 0.000000000e+000 -6.519108358e-004 0.000000000e+000 0.000000000e+000 0.000000000e+000 7.953628175e+002 
d 0.000000000e+000 0.000000000e+000 -1.254511553e-002 1.056250000e+001 1.056250000e+001 1.318678008e-002 0.000000000e+000 0.000000000e+000 -6.583522034e-004 0.000000000e+000 0.000000000e+000 0.000000000e+000 7.957327129e+002 
d 0.000000000e+000 0.000000000e+000 -1.253613977e-002 1.057031250e+001 1.057031250e+001 1.318428287e-002 0.000000000e+000 0.000000000e+000 -6.648577709e-004 0.000000000e+000 0.000000000e+000 0.000000000e+000 7.961029472e+002 
d 0.000000000e+000 0.000000000e+000 -1.252714375e-002 1.057812500e+001 1.057812500e+001 1.318182082e-002 0.000000000e+000 0.000000000e+000 -6.714339955e-004 0.000000000e+000 0.000000000e+000 0.000000000e+000 7.964738453e+002 
d 0.000000000e+000 0.000000000e+000 -1.251755728e-002 1.058593750e+001 1.058593750e+001 1.317938994e-002 0.000000000e+000 0.000000000e+000 -6.784262430e-004 0.000000000e+000 0.000000000e+000 0.000000000e+000 7.968644651e+002 
d 0.000000000e+000 0.000000000e+000 -1.250860982e-002 1.059375000e+001 1.059375000e+001 1.317700140e-002 0.000000000e+000 0.000000000e+000 -6.850947215e-004 0.000000000e+000 0.000000000e+000 0.000000000e+000 7.972336997e+002 
d 0.000000000e+000 0.000000000e+000 -1.249959906e-002 1.060156250e+001 1.060156250e+001 1.317464898e-002 0.000000000e+000 0.000000000e+000 -6.918615313e-004 0.000000000e+000 0.000000000e+000 0.000000000e+000 7.976050215e+002 
d 0.000000000e+000 0.000000000e+000 -1.248995925e-002 1.060937500e+001 1.060937500e+001 1.317233287e-002 0.000000000e+000 0.000000000e+000 -6.990797233e-004 0.000000000e+000 0.000000000e+000 0.000000000e+000 7.979973475e+002 
d 0.000000000e+000 0.000000000e+000 -1.248036813e-002 1.061718750e+001 1.061718750e+001 1.317005694e-002 0.000000000e+000 0.000000000e+000 -7.063354918e-004 0.000000000e+000 0.000000000e+000 0.000000000e+000 7.983880092e+002 
d 0.000000000e+000 0.000000000e+000 -1.247136405e-002 1.062500000e+001 1.062500000e+001 1.316781920e-002 0.000000000e+000 0.000000000e+000 -7.132874086e-004 0.000000000e+000 0.000000000e+000 0.000000000e+000 7.987589918e+002 
d 0.000000000e+000 0.000000000e+000 -1.246168707e-002 1.063281250e+001 1.063281250e+001 1.316562373e-002 0.000000000e+000 0.000000000e+000 -7.207309715e-004 0.000000000e+000 0.000000000e+000 0.000000000e+000 7.991524339e+002 
d 0.000000000e+000 0.000000000e+000 -1.245202163e-002 1.064062500e+001 1.064062500e+001 1.316346985e-002 0.000000000e+000 0.000000000e+000 -7.282369860e-004 0.000000000e+000 0.000000000e+000 0.000000000e+000 7.995454354e+002 
d 0.000000000e+000 0.000000000e+000 -1.244234980e-002 1.064843750e+001 1.064843750e+001 1.316135814e-002 0.000000000e+000 0.000000000e+000 -7.358173823e-004 0.000000000e+000 0.000000000e+000 0.000000000e+000 7.999385901e+002 
d 0.000000000e+000 0.000000000e+000 -1.243265731e-002 1.065625000e+001 1.065625000e+001 1.315928928e-002 0.000000000e+000 0.000000000e+000 -7.434821128e-004 0.000000000e+000 0.000000000e+000 0.000000000e+000 8.003323689e+002 
d 0.000000000e+000 0.000000000e+000 -1.242236558e-002 1.066406250e+001 1.066406250e+001 1.315727363e-002 0.000000000e+000 0.000000000e+000 -7.516163173e-004 0.000000000e+000 0.000000000e+000 0.000000000e+000 8.007461214e+002 
d 0.000000000e+000 0.000000000e+000 -1.241270795e-002 1.067187500e+001 1.067187500e+001 1.315529234e-002 0.000000000e+000 0.000000000e+000 -7.594047810e-004 0.000000000e+000 0.000000000e+000 0.000000000e+000 8.011385798e+002 
d 0.000000000e+000 0.000000000e+000 -1.240241032e-002 1.067968750e+001 1.067968750e+001 1.315336924e-002 0.000000000e+000 0.000000000e+000 -7.676985289e-004 0.000000000e+000 0.000000000e+000 0.000000000e+000 8.015523604e+002 
d 0.000000000e+000 0.000000000e+000 -1.239214721e-002 1.068750000e+001 1.068750000e+001 1.315149315e-002 0.000000000e+000 0.000000000e+000 -7.760493936e-004 0.000000000e+000 0.000000000e+000 0.000000000e+000 8.019648906e+002 
d 0.000000000e+000 0.000000000e+000 -1.238133171e-002 1.069531250e+001 1.069531250e+001 1.314968097e-002 0.000000000e+000 0.000000000e+000 -7.848626529e-004 0.000000000e+000 0.000000000e+000 0.000000000e+000 8.023957929e+002 
d 0.000000000e+000 0.000000000e+000 -1.237061691e-002 1.070312500e+001 1.070312500e+001 1.314791770e-002 0.000000000e+000 0.000000000e+000 -7.936945523e-004 0.000000000e+000 0.000000000e+000 0.000000000e+000 8.028232122e+002 
d 0.000000000e+000 0.000000000e+000 -1.235941133e-002 1.071093750e+001 1.071093750e+001 1.314622355e-002 0.000000000e+000 0.000000000e+000 -8.029606673e-004 0.000000000e+000 0.000000000e+000 0.000000000e+000 8.032669200e+002 
d 0.000000000e+000 0.000000000e+000 -1.234780717e-002 1.071875000e+001 1.071875000e+001 1.314460040e-002 0.000000000e+000 0.000000000e+000 -8.126067101e-004 0.000000000e+000 0.000000000e+000 0.000000000e+000 8.037238173e+002 
d 0.000000000e+000 0.000000000e+000 -1.233640627e-002 1.072656250e+001 1.072656250e+001 1.314302798e-002 0.000000000e+000 0.000000000e+000 -8.222087221e-004 0.000000000e+000 0.000000000e+000 0.000000000e+000 8.041737686e+002 
d 0.000000000e+000 0.000000000e+000 -1.232513738e-002 1.073437500e+001 1.073437500e+001 1.314150812e-002 0.000000000e+000 0.000000000e+000 -8.318146231e-004 0.000000000e+000 0.000000000e+000 0.000000000e+000 8.046191481e+002 
d 0.000000000e+000 0.000000000e+000 -1.231291590e-002 1.074218750e+001 1.074218750e+001 1.314009272e-002 0.000000000e+000 0.000000000e+000 -8.422202648e-004 0.000000000e+000 0.000000000e+000 0.000000000e+000 8.050961905e+002 
d 0.000000000e+000 0.000000000e+000 -1.230146299e-002 1.075000000e+001 1.075000000e+001 1.313870298e-002 0.000000000e+000 0.000000000e+000 -8.521682751e-004 0.000000000e+000 0.000000000e+000 0.000000000e+000 8.055473629e+002 
d 0.000000000e+000 0.000000000e+000 -1.228907214e-002 1.075781250e+001 1.075781250e+001 1.313742664e-002 0.000000000e+000 0.000000000e+000 -8.629245033e-004 0.000000000e+000 0.000000000e+000 0.000000000e+000 8.060296682e+002 
d 0.000000000e+000 0.000000000e+000 -1.227741378e-002 1.076562500e+001 1.076562500e+001 1.313617524e-002 0.000000000e+000 0.000000000e+000 -8.732423404e-004 0.000000000e+000 0.000000000e+000 0.000000000e+000 8.064872951e+002 
d 0.000000000e+000 0.000000000e+000 -1.227097791e-002 1.076953125e+001 1.076953125e+001 1.313561068e-002 0.000000000e+000 0.000000000e+000 -8.789053017e-004 0.000000000e+000 0.000000000e+000 0.000000000e+000 8.067362787e+002 
d 0.000000000e+000 0.000000000e+000 -1.226511045e-002 1.077343750e+001 1.077343750e+001 1.313502845e-002 0.000000000e+000 0.000000000e+000 -8.841632671e-004 0.000000000e+000 0.000000000e+000 0.000000000e+000 8.069662289e+002 
d 0.000000000e+000 0.000000000e+000 -1.225876948e-002 1.077734375e+001 1.077734375e+001 1.313449388e-002 0.000000000e+000 0.000000000e+000 -8.898145511e-004 0.000000000e+000 0.000000000e+000 0.000000000e+000 8.072119217e+002 
d 0.000000000e+000 0.000000000e+000 -1.225249227e-002 1.078125000e+001 1.078125000e+001 1.313397317e-002 0.000000000e+000 0.000000000e+000 -8.954476739e-004 0.000000000e+000 0.000000000e+000 0.000000000e+000 8.074554215e+002 
d 0.000000000e+000 0.000000000e+000 -1.224626494e-002 1.078515625e+001 1.078515625e+001 1.313346713e-002 0.000000000e+000 0.000000000e+000 -9.010727691e-004 0.000000000e+000 0.000000000e+000 0.000000000e+000 8.076971913e+002 
d 0.000000000e+000 0.000000000e+000 -1.223960884e-002 1.078906250e+001 1.078906250e+001 1.313301007e-002 0.000000000e+000 0.000000000e+000 -9.070655416e-004 0.000000000e+000 0.000000000e+000 0.000000000e+000 8.079531925e+002 
d 0.000000000e+000 0.000000000e+000 -1.223350588e-002 1.079296875e+001 1.079296875e+001 1.313253186e-002 0.000000000e+000 0.000000000e+000 -9.126555264e-004 0.000000000e+000 0.000000000e+000 0.000000000e+000 8.081906758e+002 
d 0.000000000e+000 0.000000000e+000 -1.222695306e-002 1.079687500e+001 1.079687500e+001 1.313210582e-002 0.000000000e+000 0.000000000e+000 -9.186328506e-004 0.000000000e+000 0.000000000e+000 0.000000000e+000 8.084430859e+002 
d 0.000000000e+000 0.000000000e+000 -1.222046549e-002 1.080078125e+001 1.080078125e+001 1.313169438e-002 0.000000000e+000 0.000000000e+000 -9.245918252e-004 0.000000000e+000 0.000000000e+000 0.000000000e+000 8.086932437e+002 
d 0.000000000e+000 0.000000000e+000 -1.221402801e-002 1.080468750e+001 1.080468750e+001 1.313129852e-002 0.000000000e+000 0.000000000e+000 -9.305438611e-004 0.000000000e+000 0.000000000e+000 0.000000000e+000 8.089416540e+002 
d 0.000000000e+000 0.000000000e+000 -1.220718002e-002 1.080859375e+001 1.080859375e+001 1.313095622e-002 0.000000000e+000 0.000000000e+000 -9.368608460e-004 0.000000000e+000 0.000000000e+000 0.000000000e+000 8.092036588e+002 
d 0.000000000e+000 0.000000000e+000 -1.220086354e-002 1.081250000e+001 1.081250000e+001 1.313059008e-002 0.000000000e+000 0.000000000e+000 -9.427824248e-004 0.000000000e+000 0.000000000e+000 0.000000000e+000 8.094478754e+002 
d 0.000000000e+000 0.000000000e+000 -1.219411302e-002 1.081640625e+001 1.081640625e+001 1.313028116e-002 0.000000000e+000 0.000000000e+000 -9.490910847e-004 0.000000000e+000 0.000000000e+000 0.000000000e+000 8.097064608e+002 
d 0.000000000e+000 0.000000000e+000 -1.218742335e-002 1.082031250e+001 1.082031250e+001 1.312998803e-002 0.000000000e+000 0.000000000e+000 -9.553858939e-004 0.000000000e+000 0.000000000e+000 0.000000000e+000 8.099629298e+002 
d 0.000000000e+000 0.000000000e+000 -1.218077891e-002 1.082421875e+001 1.082421875e+001 1.312971190e-002 0.000000000e+000 0.000000000e+000 -9.616790413e-004 0.000000000e+000 0.000000000e+000 0.000000000e+000 8.102178022e+002 
d 0.000000000e+000 0.000000000e+000 -1.217373518e-002 1.082812500e+001 1.082812500e+001 1.312949456e-002 0.000000000e+000 0.000000000e+000 -9.683399184e-004 0.000000000e+000 0.000000000e+000 0.000000000e+000 8.104858630e+002 
d 0.000000000e+000 0.000000000e+000 -1.216677305e-002 1.083203125e+001 1.083203125e+001 1.312929241e-002 0.000000000e+000 0.000000000e+000 -9.749718934e-004 0.000000000e+000 0.000000000e+000 0.000000000e+000 8.107511070e+002 
d 0.000000000e+000 0.000000000e+000 -1.215987259e-002 1.083593750e+001 1.083593750e+001 1.312910699e-002 0.000000000e+000 0.000000000e+000 -9.815906763e-004 0.000000000e+000 0.000000000e+000 0.000000000e+000 8.110141972e+002 
d 0.000000000e+000 0.000000000e+000 -1.215301681e-002 1.083984375e+001 1.083984375e+001 1.312893972e-002 0.000000000e+000 0.000000000e+000 -9.882098612e-004 0.000000000e+000 0.000000000e+000 0.000000000e+000 8.112756976e+002 
d 0.000000000e+000 0.000000000e+000 -1.214577474e-002 1.084375000e+001 1.084375000e+001 1.312883539e-002 0.000000000e+000 0.000000000e+000 -9.951961237e-004 0.000000000e+000 0.000000000e+000 0.000000000e+000 8.115499238e+002 
d 0.000000000e+000 0.000000000e+000 -1.213861067e-002 1.084765625e+001 1.084765625e+001 1.312874742e-002 0.000000000e+000 0.000000000e+000 -1.002157461e-003 0.000000000e+000 0.000000000e+000 0.000000000e+000 8.118214426e+002 
d 0.000000000e+000 0.000000000e+000 -1.213150392e-002 1.085156250e+001 1.085156250e+001 1.312867764e-002 0.000000000e+000 0.000000000e+000 -1.009110633e-003 0.000000000e+000 0.000000000e+000 0.000000000e+000 8.120909405e+002 
d 0.000000000e+000 0.000000000e+000 -1.212403207e-002 1.085546875e+001 1.085546875e+001 1.312867316e-002 0.000000000e+000 0.000000000e+000 -1.016421393e-003 0.000000000e+000 0.000000000e+000 0.000000000e+000 8.123724337e+002 
d 0.000000000e+000 0.000000000e+000 -1.211664511e-002 1.085937500e+001 1.085937500e+001 1.312868532e-002 0.000000000e+000 0.000000000e+000 -1.023702799e-003 0.000000000e+000 0.000000000e+000 0.000000000e+000 8.126509800e+002 
d 0.000000000e+000 0.000000000e+000 -1.210931995e-002 1.086328125e+001 1.086328125e+001 1.312871635e-002 0.000000000e+000 0.000000000e+000 -1.030973929e-003 0.000000000e+000 0.000000000e+000 0.000000000e+000 8.129273461e+002 
d 0.000000000e+000 0.000000000e+000 -1.210203705e-002 1.086718750e+001 1.086718750e+001 1.312876824e-002 0.000000000e+000 0.000000000e+000 -1.038251194e-003 0.000000000e+000 0.000000000e+000 0.000000000e+000 8.132021791e+002 
d 0.000000000e+000 0.000000000e+000 -1.209438754e-002 1.087109375e+001 1.087109375e+001 1.312889117e-002 0.000000000e+000 0.000000000e+000 -1.045897544e-003 0.000000000e+000 0.000000000e+000 0.000000000e+000 8.134890222e+002 
d 0.000000000e+000 0.000000000e+000 -1.208680769e-002 1.087500000e+001 1.087500000e+001 1.312903341e-002 0.000000000e+000 0.000000000e+000 -1.053528836e-003 0.000000000e+000 0.000000000e+000 0.000000000e+000 8.137734113e+002 
d 0.000000000e+000 0.000000000e+000 -1.207889089e-002 1.087890625e+001 1.087890625e+001 1.312924698e-002 0.000000000e+000 0.000000000e+000 -1.061510111e-003 0.000000000e+000 0.000000000e+000 0.000000000e+000 8.140688033e+002 
d 0.000000000e+000 0.000000000e+000 -1.207106185e-002 1.088281250e+001 1.088281250e+001 1.312947899e-002 0.000000000e+000 0.000000000e+000 -1.069462449e-003 0.000000000e+000 0.000000000e+000 0.000000000e+000 8.143611305e+002 
d 0.000000000e+000 0.000000000e+000 -1.206329405e-002 1.088671875e+001 1.088671875e+001 1.312973243e-002 0.000000000e+000 0.000000000e+000 -1.077408695e-003 0.000000000e+000 0.000000000e+000 0.000000000e+000 8.146512712e+002 
d 0.000000000e+000 0.000000000e+000 -1.205519084e-002 1.089062500e+001 1.089062500e+001 1.313006167e-002 0.000000000e+000 0.000000000e+000 -1.085711853e-003 0.000000000e+000 0.000000000e+000 0.000000000e+000 8.149523314e+002 
d 0.000000000e+000 0.000000000e+000 -1.204716533e-002 1.089453125e+001 1.089453125e+001 1.313041168e-002 0.000000000e+000 0.000000000e+000 -1.093996496e-003 0.000000000e+000 0.000000000e+000 0.000000000e+000 8.152506479e+002 
d 0.000000000e+000 0.000000000e+000 -1.203882416e-002 1.089843750e+001 1.089843750e+001 1.313083872e-002 0.000000000e+000 0.000000000e+000 -1.102627008e-003 0.000000000e+000 0.000000000e+000 0.000000000e+000 8.155592046e+002 
d 0.000000000e+000 0.000000000e+000 -1.203056967e-002 1.090234375e+001 1.090234375e+001 1.313128664e-002 0.000000000e+000 0.000000000e+000 -1.111232833e-003 0.000000000e+000 0.000000000e+000 0.000000000e+000 8.158647079e+002 
d 0.000000000e+000 0.000000000e+000 -1.202237227e-002 1.090625000e+001 1.090625000e+001 1.313175929e-002 0.000000000e+000 0.000000000e+000 -1.119840447e-003 0.000000000e+000 0.000000000e+000 0.000000000e+000 8.161681354e+002 
d 0.000000000e+000 0.000000000e+000 -1.201456805e-002 1.091015625e+001 1.091015625e+001 1.313220456e-002 0.000000000e+000 0.000000000e+000 -1.128130484e-003 0.000000000e+000 0.000000000e+000 0.000000000e+000 8.164584126e+002 
d 0.000000000e+000 0.000000000e+000 -1.200672340e-002 1.091406250e+001 1.091406250e+001 1.313268703e-002 0.000000000e+000 0.000000000e+000 -1.136509552e-003 0.000000000e+000 0.000000000e+000 0.000000000e+000 8.167498375e+002 
d 0.000000000e+000 0.000000000e+000 -1.199846464e-002 1.091796875e+001 1.091796875e+001 1.313326718e-002 0.000000000e+000 0.000000000e+000 -1.145336989e-003 0.000000000e+000 0.000000000e+000 0.000000000e+000 8.170547029e+002 
d 0.000000000e+000 0.000000000e+000 -1.199056627e-002 1.092187500e+001 1.092187500e+001 1.313382250e-002 0.000000000e+000 0.000000000e+000 -1.153872702e-003 0.000000000e+000 0.000000000e+000 0.000000000e+000 8.173475075e+002 
d 0.000000000e+000 0.000000000e+000 -1.198222827e-002 1.092578125e+001 1.092578125e+001 1.313448320e-002 0.000000000e+000 0.000000000e+000 -1.162887504e-003 0.000000000e+000 0.000000000e+000 0.000000000e+000 8.176545654e+002 
d 0.000000000e+000 0.000000000e+000 -1.197386398e-002 1.092968750e+001 1.092968750e+001 1.313518348e-002 0.000000000e+000 0.000000000e+000 -1.171985511e-003 0.000000000e+000 0.000000000e+000 0.000000000e+000 8.179622680e+002 
d 0.000000000e+000 0.000000000e+000 -1.196546048e-002 1.093359375e+001 1.093359375e+001 1.313592607e-002 0.000000000e+000 0.000000000e+000 -1.181180112e-003 0.000000000e+000 0.000000000e+000 0.000000000e+000 8.182710348e+002 
d 0.000000000e+000 0.000000000e+000 -1.195663372e-002 1.093750000e+001 1.093750000e+001 1.313677972e-002 0.000000000e+000 0.000000000e+000 -1.190852615e-003 0.000000000e+000 0.000000000e+000 0.000000000e+000 8.185934552e+002 
d 0.000000000e+000 0.000000000e+000 -1.194816971e-002 1.094140625e+001 1.094140625e+001 1.313760686e-002 0.000000000e+000 0.000000000e+000 -1.200227662e-003 0.000000000e+000 0.000000000e+000 0.000000000e+000 8.189037340e+002 
d 0.000000000e+000 0.000000000e+000 -1.193925136e-002 1.094531250e+001 1.094531250e+001 1.313855473e-002 0.000000000e+000 0.000000000e+000 -1.210118438e-003 0.000000000e+000 0.000000000e+000 0.000000000e+000 8.192286542e+002 
d 0.000000000e+000 0.000000000e+000 -1.193029664e-002 1.094921875e+001 1.094921875e+001 1.313954978e-002 0.000000000e+000 0.000000000e+000 -1.220111795e-003 0.000000000e+000 0.000000000e+000 0.000000000e+000 8.195544988e+002 
d 0.000000000e+000 0.000000000e+000 -1.192129059e-002 1.095312500e+001 1.095312500e+001 1.314059555e-002 0.000000000e+000 0.000000000e+000 -1.230223882e-003 0.000000000e+000 0.000000000e+000 0.000000000e+000 8.198817503e+002 
d 0.000000000e+000 0.000000000e+000 -1.191221985e-002 1.095703125e+001 1.095703125e+001 1.314169548e-002 0.000000000e+000 0.000000000e+000 -1.240469605e-003 0.000000000e+000 0.000000000e+000 0.000000000e+000 8.202108369e+002 
d 0.000000000e+000 0.000000000e+000 -1.190307242e-002 1.096093750e+001 1.096093750e+001 1.314285297e-002 0.000000000e+000 0.000000000e+000 -1.250862833e-003 0.000000000e+000 0.000000000e+000 0.000000000e+000 8.205421405e+002 
d 0.000000000e+000 0.000000000e+000 -1.189383738e-002 1.096484375e+001 1.096484375e+001 1.314407137e-002 0.000000000e+000 0.000000000e+000 -1.261416665e-003 0.000000000e+000 0.000000000e+000 0.000000000e+000 8.208760062e+002 
d 0.000000000e+000 0.000000000e+000 -1.188411128e-002 1.096875000e+001 1.096875000e+001 1.314543592e-002 0.000000000e+000 0.000000000e+000 -1.272554863e-003 0.000000000e+000 0.000000000e+000 0.000000000e+000 8.212255693e+002 
d 0.000000000e+000 0.000000000e+000 -1.187472078e-002 1.097265625e+001 1.097265625e+001 1.314677751e-002 0.000000000e+000 0.000000000e+000 -1.283418088e-003 0.000000000e+000 0.000000000e+000 0.000000000e+000 8.215638679e+002 
d 0.000000000e+000 0.000000000e+000 -1.186935614e-002 1.097460937e+001 1.097460937e+001 1.314760878e-002 0.000000000e+000 0.000000000e+000 -1.289584426e-003 0.000000000e+000 0.000000000e+000 0.000000000e+000 8.217546779e+002 
d 0.000000000e+000 0.000000000e+000 -1.186399998e-002 1.097656250e+001 1.097656250e+001 1.314845274e-002 0.000000000e+000 0.000000000e+000 -1.295765308e-003 0.000000000e+000 0.000000000e+000 0.000000000e+000 8.219451092e+002 
d 0.000000000e+000 0.000000000e+000 -1.185864771e-002 1.097851562e+001 1.097851562e+001 1.314931022e-002 0.000000000e+000 0.000000000e+000 -1.301965544e-003 0.000000000e+000 0.000000000e+000 0.000000000e+000 8.221353104e+002 
d 0.000000000e+000 0.000000000e+000 -1.185289975e-002 1.098046875e+001 1.098046875e+001 1.315026976e-002 0.000000000e+000 0.000000000e+000 -1.308612226e-003 0.000000000e+000 0.000000000e+000 0.000000000e+000 8.223382621e+002 
d 0.000000000e+000 0.000000000e+000 -1.184717617e-002 1.098242187e+001 1.098242187e+001 1.315124015e-002 0.000000000e+000 0.000000000e+000 -1.315259581e-003 0.000000000e+000 0.000000000e+000 0.000000000e+000 8.225403026e+002 
d 0.000000000e+000 0.000000000e+000 -1.184147007e-002 1.098437500e+001 1.098437500e+001 1.315222286e-002 0.000000000e+000 0.000000000e+000 -1.321914769e-003 0.000000000e+000 0.000000000e+000 0.000000000e+000 8.227416562e+002 
d 0.000000000e+000 0.000000000e+000 -1.184020341e-002 1.098632812e+001 1.098632812e+001 1.315220966e-002 0.000000000e+000 0.000000000e+000 -1.323803355e-003 0.000000000e+000 0.000000000e+000 0.000000000e+000 8.227989811e+002 
d 0.000000000e+000 0.000000000e+000 -1.183263270e-002 1.098730469e+001 1.098730469e+001 1.315379151e-002 0.000000000e+000 0.000000000e+000 -1.332248991e-003 0.000000000e+000 0.000000000e+000 0.000000000e+000 8.230524811e+002 
d 0.000000000e+000 0.000000000e+000 -1.183123210e-002 1.098828125e+001 1.098828125e+001 1.315397731e-002 0.000000000e+000 0.000000000e+000 -1.334034321e-003 0.000000000e+000 0.000000000e+000 0.000000000e+000 8.231060780e+002 
d 0.000000000e+000 0.000000000e+000 -1.182349789e-002 1.099023437e+001 1.099023437e+001 1.315546855e-002 0.000000000e+000 0.000000000e+000 -1.342971270e-003 0.000000000e+000 0.000000000e+000 0.000000000e+000 8.233726502e+002 
d 0.000000000e+000 0.000000000e+000 -1.182224991e-002 1.099218750e+001 1.099218750e+001 1.315547294e-002 0.000000000e+000 0.000000000e+000 -1.344864189e-003 0.000000000e+000 0.000000000e+000 0.000000000e+000 8.234292953e+002 
d 0.000000000e+000 0.000000000e+000 -1.181436119e-002 1.099316406e+001 1.099316406e+001 1.315718741e-002 0.000000000e+000 0.000000000e+000 -1.353763298e-003 0.000000000e+000 0.000000000e+000 0.000000000e+000 8.236925684e+002 
d 0.000000000e+000 0.000000000e+000 -1.181297813e-002 1.099414062e+001 1.099414062e+001 1.315738477e-002 0.000000000e+000 0.000000000e+000 -1.355552162e-003 0.000000000e+000 0.000000000e+000 0.000000000e+000 8.237454998e+002 
d 0.000000000e+000 0.000000000e+000 -1.181170219e-002 1.099609375e+001 1.099609375e+001 1.315738120e-002 0.000000000e+000 0.000000000e+000 -1.357481605e-003 0.000000000e+000 0.000000000e+000 0.000000000e+000 8.238027420e+002 
d 0.000000000e+000 0.000000000e+000 -1.180176386e-002 1.099707031e+001 1.099707031e+001 1.315964502e-002 0.000000000e+000 0.000000000e+000 -1.368717891e-003 0.000000000e+000 0.000000000e+000 0.000000000e+000 8.241320466e+002 
d 0.000000000e+000 0.000000000e+000 -1.180039245e-002 1.099804687e+001 1.099804687e+001 1.315985500e-002 0.000000000e+000 0.000000000e+000 -1.370510614e-003 0.000000000e+000 0.000000000e+000 0.000000000e+000 8.241845694e+002 
d 0.000000000e+000 0.000000000e+000 -1.179912553e-002 1.100000000e+001 1.100000000e+001 1.315985609e-002 0.000000000e+000 0.000000000e+000 -1.372445133e-003 0.000000000e+000 0.000000000e+000 0.000000000e+000 8.242413958e+002 
d 0.000000000e+000 0.000000000e+000 -1.179044020e-002 1.100048828e+001 1.100048828e+001 1.316193495e-002 0.000000000e+000 0.000000000e+000 -1.382244651e-003 0.000000000e+000 0.000000000e+000 0.000000000e+000 8.245258067e+002 
d 0.000000000e+000 0.000000000e+000 -1.178900745e-002 1.100097656e+001 1.100097656e+001 1.316223980e-002 0.000000000e+000 0.000000000e+000 -1.383984575e-003 0.000000000e+000 0.000000000e+000 0.000000000e+000 8.245762175e+002 
d 0.000000000e+000 0.000000000e+000 -1.178803374e-002 1.100195312e+001 1.100195312e+001 1.316234203e-002 0.000000000e+000 0.000000000e+000 -1.385345329e-003 0.000000000e+000 0.000000000e+000 0.000000000e+000 8.246157464e+002 
d 0.000000000e+000 0.000000000e+000 -1.178676357e-002 1.100390625e+001 1.100390625e+001 1.316235212e-002 0.000000000e+000 0.000000000e+000 -1.387296172e-003 0.000000000e+000 0.000000000e+000 0.000000000e+000 8.246724979e+002 
d 0.000000000e+000 0.000000000e+000 -1.177730405e-002 1.100439453e+001 1.100439453e+001 1.316467965e-002 0.000000000e+000 0.000000000e+000 -1.398050358e-003 0.000000000e+000 0.000000000e+000 0.000000000e+000 8.249814889e+002 
d 0.000000000e+000 0.000000000e+000 -1.177587920e-002 1.100488281e+001 1.100488281e+001 1.316499433e-002 0.000000000e+000 0.000000000e+000 -1.399797398e-003 0.000000000e+000 0.000000000e+000 0.000000000e+000 8.250315881e+002 
d 0.000000000e+000 0.000000000e+000 -1.177491014e-002 1.100585937e+001 1.100585937e+001 1.316510169e-002 0.000000000e+000 0.000000000e+000 -1.401164339e-003 0.000000000e+000 0.000000000e+000 0.000000000e+000 8.250708905e+002 
d 0.000000000e+000 0.000000000e+000 -1.177364594e-002 1.100781250e+001 1.100781250e+001 1.316512223e-002 0.000000000e+000 0.000000000e+000 -1.403125521e-003 0.000000000e+000 0.000000000e+000 0.000000000e+000 8.251273603e+002 
d 0.000000000e+000 0.000000000e+000 -1.176424082e-002 1.100805664e+001 1.100805664e+001 1.316752539e-002 0.000000000e+000 0.000000000e+000 -1.413844765e-003 0.000000000e+000 0.000000000e+000 0.000000000e+000 8.254321501e+002 
d 0.000000000e+000 0.000000000e+000 -1.176279394e-002 1.100830078e+001 1.100830078e+001 1.316789093e-002 0.000000000e+000 0.000000000e+000 -1.415563858e-003 0.000000000e+000 0.000000000e+000 0.000000000e+000 8.254808913e+002 
d 0.000000000e+000 0.000000000e+000 -1.176176704e-002 1.100878906e+001 1.100878906e+001 1.316809322e-002 0.000000000e+000 0.000000000e+000 -1.416871738e-003 0.000000000e+000 0.000000000e+000 0.000000000e+000 8.255180077e+002 
d 0.000000000e+000 0.000000000e+000 -1.176080572e-002 1.100976562e+001 1.100976562e+001 1.316819461e-002 0.000000000e+000 0.000000000e+000 -1.418236885e-003 0.000000000e+000 0.000000000e+000 0.000000000e+000 8.255568321e+002 
d 0.000000000e+000 0.000000000e+000 -1.175997231e-002 1.101171875e+001 1.101171875e+001 1.316812956e-002 0.000000000e+000 0.000000000e+000 -1.419733407e-003 0.000000000e+000 0.000000000e+000 0.000000000e+000 8.255995759e+002 
d 0.000000000e+000 0.000000000e+000 -1.175060972e-002 1.101184082e+001 1.101184082e+001 1.317059010e-002 0.000000000e+000 0.000000000e+000 -1.430461960e-003 0.000000000e+000 0.000000000e+000 0.000000000e+000 8.259013785e+002 
d 0.000000000e+000 0.000000000e+000 -1.174915340e-002 1.101196289e+001 1.101196289e+001 1.317098515e-002 0.000000000e+000 0.000000000e+000 -1.432173052e-003 0.000000000e+000 0.000000000e+000 0.000000000e+000 8.259493527e+002 
d 0.000000000e+000 0.000000000e+000 -1.174809849e-002 1.101220703e+001 1.101220703e+001 1.317123771e-002 0.000000000e+000 0.000000000e+000 -1.433455949e-003 0.000000000e+000 0.000000000e+000 0.000000000e+000 8.259853204e+002 
d 0.000000000e+000 0.000000000e+000 -1.174708065e-002 1.101269531e+001 1.101269531e+001 1.317143199e-002 0.000000000e+000 0.000000000e+000 -1.434760294e-003 0.000000000e+000 0.000000000e+000 0.000000000e+000 8.260219184e+002 
d 0.000000000e+000 0.000000000e+000 -1.174613417e-002 1.101367187e+001 1.101367187e+001 1.317154575e-002 0.000000000e+000 0.000000000e+000 -1.436123919e-003 0.000000000e+000 0.000000000e+000 0.000000000e+000 8.260602651e+002 
d 0.000000000e+000 0.000000000e+000 -1.174531289e-002 1.101562500e+001 1.101562500e+001 1.317148941e-002 0.000000000e+000 0.000000000e+000 -1.437621048e-003 0.000000000e+000 0.000000000e+000 0.000000000e+000 8.261025483e+002 
d 0.000000000e+000 0.000000000e+000 -1.173565581e-002 1.101574707e+001 1.101574707e+001 1.317409137e-002 0.000000000e+000 0.000000000e+000 -1.448794424e-003 0.000000000e+000 0.000000000e+000 0.000000000e+000 8.264132857e+002 
d 0.000000000e+000 0.000000000e+000 -1.173421373e-002 1.101586914e+001 1.101586914e+001 1.317449371e-002 0.000000000e+000 0.000000000e+000 -1.450506170e-003 0.000000000e+000 0.000000000e+000 0.000000000e+000 8.264607285e+002 
d 0.000000000e+000 0.000000000e+000 -1.173316845e-002 1.101611328e+001 1.101611328e+001 1.317475040e-002 0.000000000e+000 0.000000000e+000 -1.451790184e-003 0.000000000e+000 0.000000000e+000 0.000000000e+000 8.264963155e+002 
d 0.000000000e+000 0.000000000e+000 -1.173215985e-002 1.101660156e+001 1.101660156e+001 1.317495017e-002 0.000000000e+000 0.000000000e+000 -1.453096571e-003 0.000000000e+000 0.000000000e+000 0.000000000e+000 8.265325521e+002 
d 0.000000000e+000 0.000000000e+000 -1.173122193e-002 1.101757812e+001 1.101757812e+001 1.317507068e-002 0.000000000e+000 0.000000000e+000 -1.454463553e-003 0.000000000e+000 0.000000000e+000 0.000000000e+000 8.265705553e+002 
d 0.000000000e+000 0.000000000e+000 -1.173040844e-002 1.101953125e+001 1.101953125e+001 1.317502331e-002 0.000000000e+000 0.000000000e+000 -1.455966100e-003 0.000000000e+000 0.000000000e+000 0.000000000e+000 8.266125095e+002 
d 0.000000000e+000 0.000000000e+000 -1.172081261e-002 1.101954651e+001 1.101954651e+001 1.317768643e-002 0.000000000e+000 0.000000000e+000 -1.467146362e-003 0.000000000e+000 0.000000000e+000 0.000000000e+000 8.269198723e+002 
d 0.000000000e+000 0.000000000e+000 -1.171936419e-002 1.101956177e+001 1.101956177e+001 1.317811529e-002 0.000000000e+000 0.000000000e+000 -1.468851435e-003 0.000000000e+000 0.000000000e+000 0.000000000e+000 8.269665686e+002 
d 0.000000000e+000 0.000000000e+000 -1.171829573e-002 1.101959229e+001 1.101959229e+001 1.317841618e-002 0.000000000e+000 0.000000000e+000 -1.470113480e-003 0.000000000e+000 0.000000000e+000 0.000000000e+000 8.270011000e+002 
d 0.000000000e+000 0.000000000e+000 -1.171723907e-002 1.101965332e+001 1.101965332e+001 1.317869585e-002 0.000000000e+000 0.000000000e+000 -1.471365772e-003 0.000000000e+000 0.000000000e+000 0.000000000e+000 8.270353443e+002 
d 0.000000000e+000 0.000000000e+000 -1.171620364e-002 1.101977539e+001 1.101977539e+001 1.317896885e-002 0.000000000e+000 0.000000000e+000 -1.472613927e-003 0.000000000e+000 0.000000000e+000 0.000000000e+000 8.270694655e+002 
d 0.000000000e+000 0.000000000e+000 -1.171519437e-002 1.102001953e+001 1.102001953e+001 1.317921876e-002 0.000000000e+000 0.000000000e+000 -1.473867583e-003 0.000000000e+000 0.000000000e+000 0.000000000e+000 8.271037410e+002 
d 0.000000000e+000 0.000000000e+000 -1.171422482e-002 1.102050781e+001 1.102050781e+001 1.317942542e-002 0.000000000e+000 0.000000000e+000 -1.475145828e-003 0.000000000e+000 0.000000000e+000 0.000000000e+000 8.271387215e+002 
d 0.000000000e+000 0.000000000e+000 -1.171332277e-002 1.102148437e+001 1.102148437e+001 1.317954762e-002 0.000000000e+000 0.000000000e+000 -1.476486597e-003 0.000000000e+000 0.000000000e+000 0.000000000e+000 8.271754991e+002 
d 0.000000000e+000 0.000000000e+000 -1.171254381e-002 1.102343750e+001 1.102343750e+001 1.317950373e-002 0.000000000e+000 0.000000000e+000 -1.477965684e-003 0.000000000e+000 0.000000000e+000 0.000000000e+000 8.272162536e+002 
d 0.000000000e+000 0.000000000e+000 -1.171168504e-002 1.102539062e+001 1.102539062e+001 1.317948237e-002 0.000000000e+000 0.000000000e+000 -1.479536374e-003 0.000000000e+000 0.000000000e+000 0.000000000e+000 8.272594663e+002 
