v ATLAS
# This file was created by ATLAS version 5.22.1.R on Fri Nov 15 14:06:23 2019.
#SSF 2.0 generic
##############################################################################
#                    Copyright (c) 1984 - 2015                               #
#                    Silvaco Inc. All rights reserved                        #
#                                                                            #
# This file format and the following Key are copyright Silvaco Inc.          #
# You may not use, this format or key without reproducing this message in    #
# full and obtaining express written permission from Silvaco Inc.            #
#                                                                            #
# To obtain such permission please contact: Silvaco Inc.                     #
#                                           support@silvaco.com              #
#                                                                            #
# KEY=SVC86hn7562asdx                       PROD=345                         #
##############################################################################
y 3 700 711 15
z 1 0.00981003 300
f 4 "source" "drain" "gate" "substrate" 
p 13 2 601 20 3 602 21 4 603 22 5 604 23 82 
d 0.000000000e+000 0.000000000e+000 -5.164831487e-012 0.000000000e+000 0.000000000e+000 -1.739487668e-011 -2.000000000e+000 -2.000000000e+000 -1.924807354e-017 0.000000000e+000 0.000000000e+000 0.000000000e+000 3.000000000e+002 
d 0.000000000e+000 0.000000000e+000 -3.999427913e-003 1.250000000e-001 1.250000000e-001 3.999399386e-003 -2.000000000e+000 -2.000000000e+000 -2.367849108e-017 0.000000000e+000 0.000000000e+000 0.000000000e+000 3.013886351e+002 
d 0.000000000e+000 0.000000000e+000 -7.524305577e-003 2.500000000e-001 2.500000000e-001 7.524293443e-003 -2.000000000e+000 -2.000000000e+000 -4.206332131e-017 0.000000000e+000 0.000000000e+000 0.000000000e+000 3.051814320e+002 
d 0.000000000e+000 0.000000000e+000 -1.276673124e-002 5.000000000e-001 5.000000000e-001 1.276701249e-002 -2.000000000e+000 -2.000000000e+000 -2.567602985e-016 0.000000000e+000 0.000000000e+000 0.000000000e+000 3.176171613e+002 
d 0.000000000e+000 0.000000000e+000 -1.759623405e-002 1.000000000e+000 1.000000000e+000 1.759363853e-002 -2.000000000e+000 -2.000000000e+000 -1.531499597e-014 0.000000000e+000 0.000000000e+000 0.000000000e+000 3.495158888e+002 
d 0.000000000e+000 0.000000000e+000 -1.872461329e-002 1.500000000e+000 1.500000000e+000 1.872638877e-002 -2.000000000e+000 -2.000000000e+000 -4.430528105e-013 0.000000000e+000 0.000000000e+000 0.000000000e+000 3.805544667e+002 
d 0.000000000e+000 0.000000000e+000 -1.850922264e-002 2.000000000e+000 2.000000000e+000 1.850675467e-002 -2.000000000e+000 -2.000000000e+000 -5.806069705e-012 0.000000000e+000 0.000000000e+000 0.000000000e+000 4.079322963e+002 
d 0.000000000e+000 0.000000000e+000 -1.779311277e-002 2.500000000e+000 2.500000000e+000 1.779252484e-002 -2.000000000e+000 -2.000000000e+000 -4.183368370e-011 0.000000000e+000 0.000000000e+000 0.000000000e+000 4.315421531e+002 
d 0.000000000e+000 0.000000000e+000 -1.692345597e-002 3.000000000e+000 3.000000000e+000 1.692053691e-002 -2.000000000e+000 -2.000000000e+000 -1.976157899e-010 0.000000000e+000 0.000000000e+000 0.000000000e+000 4.519488913e+002 
d 0.000000000e+000 0.000000000e+000 -1.648363523e-002 3.250000000e+000 3.250000000e+000 1.648316630e-002 -2.000000000e+000 -2.000000000e+000 -3.832759404e-010 0.000000000e+000 0.000000000e+000 0.000000000e+000 4.612056022e+002 
d 0.000000000e+000 0.000000000e+000 -1.605632329e-002 3.500000000e+000 3.500000000e+000 1.605474963e-002 -2.000000000e+000 -2.000000000e+000 -7.015015024e-010 0.000000000e+000 0.000000000e+000 0.000000000e+000 4.699607433e+002 
d 0.000000000e+000 0.000000000e+000 -1.525748107e-002 4.000000000e+000 4.000000000e+000 1.525264256e-002 -2.000000000e+000 -2.000000000e+000 -2.053900320e-009 0.000000000e+000 0.000000000e+000 0.000000000e+000 4.862910306e+002 
d 0.000000000e+000 0.000000000e+000 -1.454283614e-002 4.500000000e+000 4.500000000e+000 1.453738012e-002 -2.000000000e+000 -2.000000000e+000 -5.260855982e-009 0.000000000e+000 0.000000000e+000 0.000000000e+000 5.014538060e+002 
d 0.000000000e+000 0.000000000e+000 -1.390457949e-002 5.000000000e+000 5.000000000e+000 1.389866544e-002 -2.000000000e+000 -2.000000000e+000 -1.215923892e-008 0.000000000e+000 0.000000000e+000 0.000000000e+000 5.156923196e+002 
d 0.000000000e+000 0.000000000e+000 -1.333952311e-002 5.500000000e+000 5.500000000e+000 1.332740269e-002 -2.000000000e+000 -2.000000000e+000 -2.601455099e-008 0.000000000e+000 0.000000000e+000 0.000000000e+000 5.292926196e+002 
d 0.000000000e+000 0.000000000e+000 -1.283621240e-002 6.000000000e+000 6.000000000e+000 1.282221660e-002 -2.000000000e+000 -2.000000000e+000 -5.239312300e-008 0.000000000e+000 0.000000000e+000 0.000000000e+000 5.424018724e+002 
d 0.000000000e+000 0.000000000e+000 -1.238688044e-002 6.500000000e+000 6.500000000e+000 1.237034806e-002 -2.000000000e+000 -2.000000000e+000 -1.004111396e-007 0.000000000e+000 0.000000000e+000 0.000000000e+000 5.551082920e+002 
d 0.000000000e+000 0.000000000e+000 -1.198539836e-002 7.000000000e+000 7.000000000e+000 1.195962079e-002 -2.000000000e+000 -2.000000000e+000 -1.844379864e-007 0.000000000e+000 0.000000000e+000 0.000000000e+000 5.674700296e+002 
d 0.000000000e+000 0.000000000e+000 -1.162211247e-002 7.500000000e+000 7.500000000e+000 1.159293830e-002 -2.000000000e+000 -2.000000000e+000 -3.272069885e-007 0.000000000e+000 0.000000000e+000 0.000000000e+000 5.795770163e+002 
d 0.000000000e+000 0.000000000e+000 -1.129317019e-002 8.000000000e+000 8.000000000e+000 1.126036566e-002 -2.000000000e+000 -2.000000000e+000 -5.630273348e-007 0.000000000e+000 0.000000000e+000 0.000000000e+000 5.914650733e+002 
d 0.000000000e+000 0.000000000e+000 -1.099647160e-002 8.500000000e+000 8.500000000e+000 1.095344504e-002 -2.000000000e+000 -2.000000000e+000 -9.424006674e-007 0.000000000e+000 0.000000000e+000 0.000000000e+000 6.031500426e+002 
d 0.000000000e+000 0.000000000e+000 -1.085642534e-002 8.750000000e+000 8.750000000e+000 1.081327402e-002 -2.000000000e+000 -2.000000000e+000 -1.209515950e-006 0.000000000e+000 0.000000000e+000 0.000000000e+000 6.089571640e+002 
d 0.000000000e+000 0.000000000e+000 -1.072450603e-002 9.000000000e+000 9.000000000e+000 1.067521338e-002 -2.000000000e+000 -2.000000000e+000 -1.541334865e-006 0.000000000e+000 0.000000000e+000 0.000000000e+000 6.146936573e+002 
d 0.000000000e+000 0.000000000e+000 -1.059568004e-002 9.250000000e+000 9.250000000e+000 1.054710848e-002 -2.000000000e+000 -2.000000000e+000 -1.956827234e-006 0.000000000e+000 0.000000000e+000 0.000000000e+000 6.204340659e+002 
d 0.000000000e+000 0.000000000e+000 -1.047188323e-002 9.500000000e+000 9.500000000e+000 1.042425562e-002 -2.000000000e+000 -2.000000000e+000 -2.471772144e-006 0.000000000e+000 0.000000000e+000 0.000000000e+000 6.261442854e+002 
d 0.000000000e+000 0.000000000e+000 -1.035278162e-002 9.750000000e+000 9.750000000e+000 1.030616882e-002 -2.000000000e+000 -2.000000000e+000 -3.106800529e-006 0.000000000e+000 0.000000000e+000 0.000000000e+000 6.318243334e+002 
d 0.000000000e+000 0.000000000e+000 -1.029477785e-002 9.875000000e+000 9.875000000e+000 1.024948911e-002 -2.000000000e+000 -2.000000000e+000 -3.478977280e-006 0.000000000e+000 0.000000000e+000 0.000000000e+000 6.346681049e+002 
d 0.000000000e+000 0.000000000e+000 -1.023685552e-002 1.000000000e+001 1.000000000e+001 1.019544294e-002 -2.000000000e+000 -2.000000000e+000 -3.895226605e-006 0.000000000e+000 0.000000000e+000 0.000000000e+000 6.375306631e+002 
d 0.000000000e+000 0.000000000e+000 -1.017995768e-002 1.012500000e+001 1.012500000e+001 1.014232962e-002 -2.000000000e+000 -2.000000000e+000 -4.356575726e-006 0.000000000e+000 0.000000000e+000 0.000000000e+000 6.403882775e+002 
d 0.000000000e+000 0.000000000e+000 -1.012414908e-002 1.025000000e+001 1.025000000e+001 1.008996306e-002 -2.000000000e+000 -2.000000000e+000 -4.866886947e-006 0.000000000e+000 0.000000000e+000 0.000000000e+000 6.432383514e+002 
d 0.000000000e+000 0.000000000e+000 -1.006972547e-002 1.037500000e+001 1.037500000e+001 1.003854026e-002 -2.000000000e+000 -2.000000000e+000 -5.433106245e-006 0.000000000e+000 0.000000000e+000 0.000000000e+000 6.460916127e+002 
d 0.000000000e+000 0.000000000e+000 -1.001637387e-002 1.050000000e+001 1.050000000e+001 9.987996732e-003 -2.000000000e+000 -2.000000000e+000 -6.059659994e-006 0.000000000e+000 0.000000000e+000 0.000000000e+000 6.489429416e+002 
d 0.000000000e+000 0.000000000e+000 -9.964088750e-003 1.062500000e+001 1.062500000e+001 9.938319229e-003 -2.000000000e+000 -2.000000000e+000 -6.752590621e-006 0.000000000e+000 0.000000000e+000 0.000000000e+000 6.517931149e+002 
d 0.000000000e+000 0.000000000e+000 -9.937916350e-003 1.068750000e+001 1.068750000e+001 9.914248257e-003 -2.000000000e+000 -2.000000000e+000 -7.128227814e-006 0.000000000e+000 0.000000000e+000 0.000000000e+000 6.532263371e+002 
d 0.000000000e+000 0.000000000e+000 -9.912734339e-003 1.075000000e+001 1.075000000e+001 9.889467589e-003 -2.000000000e+000 -2.000000000e+000 -7.517742040e-006 0.000000000e+000 0.000000000e+000 0.000000000e+000 6.546404294e+002 
d 0.000000000e+000 0.000000000e+000 -9.886781733e-003 1.081250000e+001 1.081250000e+001 9.866066738e-003 -2.000000000e+000 -2.000000000e+000 -7.934174130e-006 0.000000000e+000 0.000000000e+000 0.000000000e+000 6.560786063e+002 
d 0.000000000e+000 0.000000000e+000 -9.861978983e-003 1.087500000e+001 1.087500000e+001 9.841782447e-003 -2.000000000e+000 -2.000000000e+000 -8.364524519e-006 0.000000000e+000 0.000000000e+000 0.000000000e+000 6.574932302e+002 
d 0.000000000e+000 0.000000000e+000 -9.836522370e-003 1.093750000e+001 1.093750000e+001 9.818694387e-003 -2.000000000e+000 -2.000000000e+000 -8.823655298e-006 0.000000000e+000 0.000000000e+000 0.000000000e+000 6.589295665e+002 
d 0.000000000e+000 0.000000000e+000 -9.812137178e-003 1.100000000e+001 1.100000000e+001 9.794835070e-003 -2.000000000e+000 -2.000000000e+000 -9.298360270e-006 0.000000000e+000 0.000000000e+000 0.000000000e+000 6.603436514e+002 
d 0.000000000e+000 0.000000000e+000 -9.788106201e-003 1.106250000e+001 1.106250000e+001 9.771027800e-003 -2.000000000e+000 -2.000000000e+000 -9.795118558e-006 0.000000000e+000 0.000000000e+000 0.000000000e+000 6.617534375e+002 
d 0.000000000e+000 0.000000000e+000 -9.763350994e-003 1.112500000e+001 1.112500000e+001 9.748430675e-003 -2.000000000e+000 -2.000000000e+000 -1.032568177e-005 0.000000000e+000 0.000000000e+000 0.000000000e+000 6.631874131e+002 
d 0.000000000e+000 0.000000000e+000 -9.739559737e-003 1.118750000e+001 1.118750000e+001 9.725207499e-003 -2.000000000e+000 -2.000000000e+000 -1.087460748e-005 0.000000000e+000 0.000000000e+000 0.000000000e+000 6.646009679e+002 
d 0.000000000e+000 0.000000000e+000 -9.715218145e-003 1.125000000e+001 1.125000000e+001 9.702962260e-003 -2.000000000e+000 -2.000000000e+000 -1.145896833e-005 0.000000000e+000 0.000000000e+000 0.000000000e+000 6.660345721e+002 
d 0.000000000e+000 0.000000000e+000 -9.691797491e-003 1.131250000e+001 1.131250000e+001 9.680151230e-003 -2.000000000e+000 -2.000000000e+000 -1.206355679e-005 0.000000000e+000 0.000000000e+000 0.000000000e+000 6.674482966e+002 
d 0.000000000e+000 0.000000000e+000 -9.668688109e-003 1.137500000e+001 1.137500000e+001 9.657417108e-003 -2.000000000e+000 -2.000000000e+000 -1.269594036e-005 0.000000000e+000 0.000000000e+000 0.000000000e+000 6.688583794e+002 
d 0.000000000e+000 0.000000000e+000 -9.644964132e-003 1.143750000e+001 1.143750000e+001 9.635670178e-003 -2.000000000e+000 -2.000000000e+000 -1.336982827e-005 0.000000000e+000 0.000000000e+000 0.000000000e+000 6.702907987e+002 
d 0.000000000e+000 0.000000000e+000 -9.622075212e-003 1.150000000e+001 1.150000000e+001 9.613463672e-003 -2.000000000e+000 -2.000000000e+000 -1.406737964e-005 0.000000000e+000 0.000000000e+000 0.000000000e+000 6.717048230e+002 
d 0.000000000e+000 0.000000000e+000 -9.598714022e-003 1.156250000e+001 1.156250000e+001 9.592064863e-003 -2.000000000e+000 -2.000000000e+000 -1.480856402e-005 0.000000000e+000 0.000000000e+000 0.000000000e+000 6.731375568e+002 
d 0.000000000e+000 0.000000000e+000 -9.576154495e-003 1.162500000e+001 1.162500000e+001 9.570249646e-003 -2.000000000e+000 -2.000000000e+000 -1.557572330e-005 0.000000000e+000 0.000000000e+000 0.000000000e+000 6.745522829e+002 
d 0.000000000e+000 0.000000000e+000 -9.553869853e-003 1.168750000e+001 1.168750000e+001 9.548525899e-003 -2.000000000e+000 -2.000000000e+000 -1.637776327e-005 0.000000000e+000 0.000000000e+000 0.000000000e+000 6.759638940e+002 
d 0.000000000e+000 0.000000000e+000 -9.542115374e-003 1.171875000e+001 1.171875000e+001 9.538345177e-003 -2.000000000e+000 -2.000000000e+000 -1.680506013e-005 0.000000000e+000 0.000000000e+000 0.000000000e+000 6.766897797e+002 
d 0.000000000e+000 0.000000000e+000 -9.530843965e-003 1.175000000e+001 1.175000000e+001 9.527803972e-003 -2.000000000e+000 -2.000000000e+000 -1.723465339e-005 0.000000000e+000 0.000000000e+000 0.000000000e+000 6.774026478e+002 
d 0.000000000e+000 0.000000000e+000 -9.519747513e-003 1.178125000e+001 1.178125000e+001 9.517186391e-003 -2.000000000e+000 -2.000000000e+000 -1.767190447e-005 0.000000000e+000 0.000000000e+000 0.000000000e+000 6.781115456e+002 
d 0.000000000e+000 0.000000000e+000 -9.508732260e-003 1.181250000e+001 1.181250000e+001 9.506577574e-003 -2.000000000e+000 -2.000000000e+000 -1.811863979e-005 0.000000000e+000 0.000000000e+000 0.000000000e+000 6.788192363e+002 
d 0.000000000e+000 0.000000000e+000 -9.497768072e-003 1.184375000e+001 1.184375000e+001 9.496004138e-003 -2.000000000e+000 -2.000000000e+000 -1.857561159e-005 0.000000000e+000 0.000000000e+000 0.000000000e+000 6.795266080e+002 
d 0.000000000e+000 0.000000000e+000 -9.486844949e-003 1.187500000e+001 1.187500000e+001 9.485474350e-003 -2.000000000e+000 -2.000000000e+000 -1.904322563e-005 0.000000000e+000 0.000000000e+000 0.000000000e+000 6.802339518e+002 
d 0.000000000e+000 0.000000000e+000 -9.475305570e-003 1.190625000e+001 1.190625000e+001 9.475548744e-003 -2.000000000e+000 -2.000000000e+000 -1.953570361e-005 0.000000000e+000 0.000000000e+000 0.000000000e+000 6.809615113e+002 
d 0.000000000e+000 0.000000000e+000 -9.464890498e-003 1.193750000e+001 1.193750000e+001 9.464739091e-003 -2.000000000e+000 -2.000000000e+000 -2.001633127e-005 0.000000000e+000 0.000000000e+000 0.000000000e+000 6.816556822e+002 
d 0.000000000e+000 0.000000000e+000 -9.453570077e-003 1.196875000e+001 1.196875000e+001 9.454770657e-003 -2.000000000e+000 -2.000000000e+000 -2.052908615e-005 0.000000000e+000 0.000000000e+000 0.000000000e+000 6.823791336e+002 
d 0.000000000e+000 0.000000000e+000 -9.442627041e-003 1.200000000e+001 1.200000000e+001 9.444556334e-003 -2.000000000e+000 -2.000000000e+000 -2.104625917e-005 0.000000000e+000 0.000000000e+000 0.000000000e+000 6.830921567e+002 
d 0.000000000e+000 0.000000000e+000 -9.431824836e-003 1.203125000e+001 1.203125000e+001 9.434298108e-003 -2.000000000e+000 -2.000000000e+000 -2.157308248e-005 0.000000000e+000 0.000000000e+000 0.000000000e+000 6.838020698e+002 
d 0.000000000e+000 0.000000000e+000 -9.421090740e-003 1.206250000e+001 1.206250000e+001 9.424057017e-003 -2.000000000e+000 -2.000000000e+000 -2.211138452e-005 0.000000000e+000 0.000000000e+000 0.000000000e+000 6.845110795e+002 
d 0.000000000e+000 0.000000000e+000 -9.410400937e-003 1.209375000e+001 1.209375000e+001 9.413852412e-003 -2.000000000e+000 -2.000000000e+000 -2.266195584e-005 0.000000000e+000 0.000000000e+000 0.000000000e+000 6.852198995e+002 
d 0.000000000e+000 0.000000000e+000 -9.399747329e-003 1.212500000e+001 1.212500000e+001 9.403690371e-003 -2.000000000e+000 -2.000000000e+000 -2.322524781e-005 0.000000000e+000 0.000000000e+000 0.000000000e+000 6.859287755e+002 
d 0.000000000e+000 0.000000000e+000 -9.388525820e-003 1.215625000e+001 1.215625000e+001 9.394046338e-003 -2.000000000e+000 -2.000000000e+000 -2.381767354e-005 0.000000000e+000 0.000000000e+000 0.000000000e+000 6.866571427e+002 
d 0.000000000e+000 0.000000000e+000 -9.378333556e-003 1.218750000e+001 1.218750000e+001 9.383659665e-003 -2.000000000e+000 -2.000000000e+000 -2.439696057e-005 0.000000000e+000 0.000000000e+000 0.000000000e+000 6.873536180e+002 
d 0.000000000e+000 0.000000000e+000 -9.367311619e-003 1.221875000e+001 1.221875000e+001 9.373988557e-003 -2.000000000e+000 -2.000000000e+000 -2.501365870e-005 0.000000000e+000 0.000000000e+000 0.000000000e+000 6.880781556e+002 
d 0.000000000e+000 0.000000000e+000 -9.356631733e-003 1.225000000e+001 1.225000000e+001 9.364116702e-003 -2.000000000e+000 -2.000000000e+000 -2.563602781e-005 0.000000000e+000 0.000000000e+000 0.000000000e+000 6.887928711e+002 
d 0.000000000e+000 0.000000000e+000 -9.346080866e-003 1.228125000e+001 1.228125000e+001 9.354212045e-003 -2.000000000e+000 -2.000000000e+000 -2.626999144e-005 0.000000000e+000 0.000000000e+000 0.000000000e+000 6.895045994e+002 
d 0.000000000e+000 0.000000000e+000 -9.335592099e-003 1.231250000e+001 1.231250000e+001 9.344326401e-003 -2.000000000e+000 -2.000000000e+000 -2.691766833e-005 0.000000000e+000 0.000000000e+000 0.000000000e+000 6.902154939e+002 
d 0.000000000e+000 0.000000000e+000 -9.325143085e-003 1.234375000e+001 1.234375000e+001 9.334476495e-003 -2.000000000e+000 -2.000000000e+000 -2.757999236e-005 0.000000000e+000 0.000000000e+000 0.000000000e+000 6.909262730e+002 
d 0.000000000e+000 0.000000000e+000 -9.314726063e-003 1.237500000e+001 1.237500000e+001 9.324667684e-003 -2.000000000e+000 -2.000000000e+000 -2.825750354e-005 0.000000000e+000 0.000000000e+000 0.000000000e+000 6.916371832e+002 
d 0.000000000e+000 0.000000000e+000 -9.303781760e-003 1.240625000e+001 1.240625000e+001 9.315304540e-003 -2.000000000e+000 -2.000000000e+000 -2.896921079e-005 0.000000000e+000 0.000000000e+000 0.000000000e+000 6.923669940e+002 
d 0.000000000e+000 0.000000000e+000 -9.293784661e-003 1.243750000e+001 1.243750000e+001 9.305317152e-003 -2.000000000e+000 -2.000000000e+000 -2.966633014e-005 0.000000000e+000 0.000000000e+000 0.000000000e+000 6.930662230e+002 
d 0.000000000e+000 0.000000000e+000 -9.283022256e-003 1.246875000e+001 1.246875000e+001 9.295940028e-003 -2.000000000e+000 -2.000000000e+000 -3.040708792e-005 0.000000000e+000 0.000000000e+000 0.000000000e+000 6.937924800e+002 
d 0.000000000e+000 0.000000000e+000 -9.272570622e-003 1.250000000e+001 1.250000000e+001 9.286399932e-003 -2.000000000e+000 -2.000000000e+000 -3.115506938e-005 0.000000000e+000 0.000000000e+000 0.000000000e+000 6.945094793e+002 
d 0.000000000e+000 0.000000000e+000 -9.262237278e-003 1.253125000e+001 1.253125000e+001 9.276836404e-003 -2.000000000e+000 -2.000000000e+000 -3.191697927e-005 0.000000000e+000 0.000000000e+000 0.000000000e+000 6.952236620e+002 
d 0.000000000e+000 0.000000000e+000 -9.251960293e-003 1.256250000e+001 1.256250000e+001 9.267293498e-003 -2.000000000e+000 -2.000000000e+000 -3.269527847e-005 0.000000000e+000 0.000000000e+000 0.000000000e+000 6.959371069e+002 
d 0.000000000e+000 0.000000000e+000 -9.241718519e-003 1.259375000e+001 1.259375000e+001 9.257785739e-003 -2.000000000e+000 -2.000000000e+000 -3.349107536e-005 0.000000000e+000 0.000000000e+000 0.000000000e+000 6.966505236e+002 
d 0.000000000e+000 0.000000000e+000 -9.231504434e-003 1.262500000e+001 1.262500000e+001 9.248317888e-003 -2.000000000e+000 -2.000000000e+000 -3.430501987e-005 0.000000000e+000 0.000000000e+000 0.000000000e+000 6.973641621e+002 
d 0.000000000e+000 0.000000000e+000 -9.220796936e-003 1.265625000e+001 1.265625000e+001 9.239234828e-003 -2.000000000e+000 -2.000000000e+000 -3.515919216e-005 0.000000000e+000 0.000000000e+000 0.000000000e+000 6.980962396e+002 
d 0.000000000e+000 0.000000000e+000 -9.210965355e-003 1.268750000e+001 1.268750000e+001 9.229627336e-003 -2.000000000e+000 -2.000000000e+000 -3.599715992e-005 0.000000000e+000 0.000000000e+000 0.000000000e+000 6.987988896e+002 
d 0.000000000e+000 0.000000000e+000 -9.200423221e-003 1.271875000e+001 1.271875000e+001 9.220541532e-003 -2.000000000e+000 -2.000000000e+000 -3.688613409e-005 0.000000000e+000 0.000000000e+000 0.000000000e+000 6.995277007e+002 
d 0.000000000e+000 0.000000000e+000 -9.190163878e-003 1.275000000e+001 1.275000000e+001 9.211324590e-003 -2.000000000e+000 -2.000000000e+000 -3.778426958e-005 0.000000000e+000 0.000000000e+000 0.000000000e+000 7.002477885e+002 
d 0.000000000e+000 0.000000000e+000 -9.180012894e-003 1.278125000e+001 1.278125000e+001 9.202092279e-003 -2.000000000e+000 -2.000000000e+000 -3.869915417e-005 0.000000000e+000 0.000000000e+000 0.000000000e+000 7.009652328e+002 
d 0.000000000e+000 0.000000000e+000 -9.169912649e-003 1.281250000e+001 1.281250000e+001 9.192882088e-003 -2.000000000e+000 -2.000000000e+000 -3.963365322e-005 0.000000000e+000 0.000000000e+000 0.000000000e+000 7.016820482e+002 
d 0.000000000e+000 0.000000000e+000 -9.159842966e-003 1.284375000e+001 1.284375000e+001 9.183706677e-003 -2.000000000e+000 -2.000000000e+000 -4.058908885e-005 0.000000000e+000 0.000000000e+000 0.000000000e+000 7.023989405e+002 
d 0.000000000e+000 0.000000000e+000 -9.149796476e-003 1.287500000e+001 1.287500000e+001 9.174570314e-003 -2.000000000e+000 -2.000000000e+000 -4.156624862e-005 0.000000000e+000 0.000000000e+000 0.000000000e+000 7.031161658e+002 
d 0.000000000e+000 0.000000000e+000 -9.139770220e-003 1.290625000e+001 1.290625000e+001 9.165474408e-003 -2.000000000e+000 -2.000000000e+000 -4.256573866e-005 0.000000000e+000 0.000000000e+000 0.000000000e+000 7.038338247e+002 
d 0.000000000e+000 0.000000000e+000 -9.129276523e-003 1.293750000e+001 1.293750000e+001 9.156709196e-003 -2.000000000e+000 -2.000000000e+000 -4.361394257e-005 0.000000000e+000 0.000000000e+000 0.000000000e+000 7.045697384e+002 
d 0.000000000e+000 0.000000000e+000 -9.119116019e-003 1.296875000e+001 1.296875000e+001 9.147792303e-003 -2.000000000e+000 -2.000000000e+000 -4.466976184e-005 0.000000000e+000 0.000000000e+000 0.000000000e+000 7.052947506e+002 
d 0.000000000e+000 0.000000000e+000 -9.109080402e-003 1.300000000e+001 1.300000000e+001 9.138851339e-003 -2.000000000e+000 -2.000000000e+000 -4.574402441e-005 0.000000000e+000 0.000000000e+000 0.000000000e+000 7.060163774e+002 
d 0.000000000e+000 0.000000000e+000 -9.099099106e-003 1.303125000e+001 1.303125000e+001 9.129928724e-003 -2.000000000e+000 -2.000000000e+000 -4.684083831e-005 0.000000000e+000 0.000000000e+000 0.000000000e+000 7.067371745e+002 
d 0.000000000e+000 0.000000000e+000 -9.089147076e-003 1.306250000e+001 1.306250000e+001 9.121039055e-003 -2.000000000e+000 -2.000000000e+000 -4.796204481e-005 0.000000000e+000 0.000000000e+000 0.000000000e+000 7.074580512e+002 
d 0.000000000e+000 0.000000000e+000 -9.079215074e-003 1.309375000e+001 1.309375000e+001 9.112187376e-003 -2.000000000e+000 -2.000000000e+000 -4.910868519e-005 0.000000000e+000 0.000000000e+000 0.000000000e+000 7.081793420e+002 
d 0.000000000e+000 0.000000000e+000 -9.069299409e-003 1.312500000e+001 1.312500000e+001 9.103375424e-003 -2.000000000e+000 -2.000000000e+000 -5.028152256e-005 0.000000000e+000 0.000000000e+000 0.000000000e+000 7.089011790e+002 
d 0.000000000e+000 0.000000000e+000 -9.059398344e-003 1.315625000e+001 1.315625000e+001 9.094603782e-003 -2.000000000e+000 -2.000000000e+000 -5.148122902e-005 0.000000000e+000 0.000000000e+000 0.000000000e+000 7.096236230e+002 
d 0.000000000e+000 0.000000000e+000 -9.049052091e-003 1.318750000e+001 1.318750000e+001 9.086119929e-003 -2.000000000e+000 -2.000000000e+000 -5.273862394e-005 0.000000000e+000 0.000000000e+000 0.000000000e+000 7.103641259e+002 
d 0.000000000e+000 0.000000000e+000 -9.039463446e-003 1.321875000e+001 1.321875000e+001 9.077273920e-003 -2.000000000e+000 -2.000000000e+000 -5.397550172e-005 0.000000000e+000 0.000000000e+000 0.000000000e+000 7.110770490e+002 
d 0.000000000e+000 0.000000000e+000 -9.029249722e-003 1.325000000e+001 1.325000000e+001 9.068807038e-003 -2.000000000e+000 -2.000000000e+000 -5.528437547e-005 0.000000000e+000 0.000000000e+000 0.000000000e+000 7.118149773e+002 
d 0.000000000e+000 0.000000000e+000 -9.019268476e-003 1.328125000e+001 1.328125000e+001 9.060261243e-003 -2.000000000e+000 -2.000000000e+000 -5.660832659e-005 0.000000000e+000 0.000000000e+000 0.000000000e+000 7.125452334e+002 
d 0.000000000e+000 0.000000000e+000 -9.009376685e-003 1.331250000e+001 1.331250000e+001 9.051713921e-003 -2.000000000e+000 -2.000000000e+000 -5.795724051e-005 0.000000000e+000 0.000000000e+000 0.000000000e+000 7.132732275e+002 
d 0.000000000e+000 0.000000000e+000 -8.999523750e-003 1.334375000e+001 1.334375000e+001 9.043191862e-003 -2.000000000e+000 -2.000000000e+000 -5.933513615e-005 0.000000000e+000 0.000000000e+000 0.000000000e+000 7.140008804e+002 
d 0.000000000e+000 0.000000000e+000 -8.989690722e-003 1.337500000e+001 1.337500000e+001 9.034704741e-003 -2.000000000e+000 -2.000000000e+000 -6.074398860e-005 0.000000000e+000 0.000000000e+000 0.000000000e+000 7.147289134e+002 
d 0.000000000e+000 0.000000000e+000 -8.979870155e-003 1.340625000e+001 1.340625000e+001 9.026256086e-003 -2.000000000e+000 -2.000000000e+000 -6.218502287e-005 0.000000000e+000 0.000000000e+000 0.000000000e+000 7.154576096e+002 
d 0.000000000e+000 0.000000000e+000 -8.970058816e-003 1.343750000e+001 1.343750000e+001 9.017847208e-003 -2.000000000e+000 -2.000000000e+000 -6.365919513e-005 0.000000000e+000 0.000000000e+000 0.000000000e+000 7.161870916e+002 
d 0.000000000e+000 0.000000000e+000 -8.959818533e-003 1.346875000e+001 1.346875000e+001 9.009687235e-003 -2.000000000e+000 -2.000000000e+000 -6.520375220e-005 0.000000000e+000 0.000000000e+000 0.000000000e+000 7.169346865e+002 
d 0.000000000e+000 0.000000000e+000 -8.950287151e-003 1.350000000e+001 1.350000000e+001 9.001230913e-003 -2.000000000e+000 -2.000000000e+000 -6.672498884e-005 0.000000000e+000 0.000000000e+000 0.000000000e+000 7.176554170e+002 
d 0.000000000e+000 0.000000000e+000 -8.940162404e-003 1.353125000e+001 1.353125000e+001 8.993097065e-003 -2.000000000e+000 -2.000000000e+000 -6.833334813e-005 0.000000000e+000 0.000000000e+000 0.000000000e+000 7.184008762e+002 
d 0.000000000e+000 0.000000000e+000 -8.930246782e-003 1.356250000e+001 1.356250000e+001 8.984905876e-003 -2.000000000e+000 -2.000000000e+000 -6.996141867e-005 0.000000000e+000 0.000000000e+000 0.000000000e+000 7.191392138e+002 
d 0.000000000e+000 0.000000000e+000 -8.920410880e-003 1.359375000e+001 1.359375000e+001 8.976719542e-003 -2.000000000e+000 -2.000000000e+000 -7.162058931e-005 0.000000000e+000 0.000000000e+000 0.000000000e+000 7.198755288e+002 
d 0.000000000e+000 0.000000000e+000 -8.910606919e-003 1.362500000e+001 1.362500000e+001 8.968560510e-003 -2.000000000e+000 -2.000000000e+000 -7.331570818e-005 0.000000000e+000 0.000000000e+000 0.000000000e+000 7.206117101e+002 
d 0.000000000e+000 0.000000000e+000 -8.900816227e-003 1.365625000e+001 1.365625000e+001 8.960437248e-003 -2.000000000e+000 -2.000000000e+000 -7.504925574e-005 0.000000000e+000 0.000000000e+000 0.000000000e+000 7.213484989e+002 
d 0.000000000e+000 0.000000000e+000 -8.891031122e-003 1.368750000e+001 1.368750000e+001 8.952353017e-003 -2.000000000e+000 -2.000000000e+000 -7.682281233e-005 0.000000000e+000 0.000000000e+000 0.000000000e+000 7.220862009e+002 
d 0.000000000e+000 0.000000000e+000 -8.885829510e-003 1.370312500e+001 1.370312500e+001 8.948459108e-003 -2.000000000e+000 -2.000000000e+000 -7.775639827e-005 0.000000000e+000 0.000000000e+000 0.000000000e+000 7.224681103e+002 
d 0.000000000e+000 0.000000000e+000 -8.881174976e-003 1.371875000e+001 1.371875000e+001 8.944340303e-003 -2.000000000e+000 -2.000000000e+000 -7.864512830e-005 0.000000000e+000 0.000000000e+000 0.000000000e+000 7.228279506e+002 
d 0.000000000e+000 0.000000000e+000 -8.875994950e-003 1.373437500e+001 1.373437500e+001 8.940455622e-003 -2.000000000e+000 -2.000000000e+000 -7.959847492e-005 0.000000000e+000 0.000000000e+000 0.000000000e+000 7.232096031e+002 
d 0.000000000e+000 0.000000000e+000 -8.871351001e-003 1.375000000e+001 1.375000000e+001 8.936354155e-003 -2.000000000e+000 -2.000000000e+000 -8.050685634e-005 0.000000000e+000 0.000000000e+000 0.000000000e+000 7.235695391e+002 
d 0.000000000e+000 0.000000000e+000 -8.866177605e-003 1.376562500e+001 1.376562500e+001 8.932485197e-003 -2.000000000e+000 -2.000000000e+000 -8.148190441e-005 0.000000000e+000 0.000000000e+000 0.000000000e+000 7.239515397e+002 
d 0.000000000e+000 0.000000000e+000 -8.861121373e-003 1.378125000e+001 1.378125000e+001 8.928576137e-003 -2.000000000e+000 -2.000000000e+000 -8.245604316e-005 0.000000000e+000 0.000000000e+000 0.000000000e+000 7.243290337e+002 
d 0.000000000e+000 0.000000000e+000 -8.856541180e-003 1.379687500e+001 1.379687500e+001 8.924480673e-003 -2.000000000e+000 -2.000000000e+000 -8.338960803e-005 0.000000000e+000 0.000000000e+000 0.000000000e+000 7.246871329e+002 
d 0.000000000e+000 0.000000000e+000 -8.851406918e-003 1.381250000e+001 1.381250000e+001 8.920623138e-003 -2.000000000e+000 -2.000000000e+000 -8.439497684e-005 0.000000000e+000 0.000000000e+000 0.000000000e+000 7.250684456e+002 
d 0.000000000e+000 0.000000000e+000 -8.846370351e-003 1.382812500e+001 1.382812500e+001 8.916734653e-003 -2.000000000e+000 -2.000000000e+000 -8.540141873e-005 0.000000000e+000 0.000000000e+000 0.000000000e+000 7.254460223e+002 
d 0.000000000e+000 0.000000000e+000 -8.841387635e-003 1.384375000e+001 1.384375000e+001 8.912833729e-003 -2.000000000e+000 -2.000000000e+000 -8.641363433e-005 0.000000000e+000 0.000000000e+000 0.000000000e+000 7.258216633e+002 
d 0.000000000e+000 0.000000000e+000 -8.836434826e-003 1.385937500e+001 1.385937500e+001 8.908930387e-003 -2.000000000e+000 -2.000000000e+000 -8.743428293e-005 0.000000000e+000 0.000000000e+000 0.000000000e+000 7.261963536e+002 
d 0.000000000e+000 0.000000000e+000 -8.831498357e-003 1.387500000e+001 1.387500000e+001 8.905030249e-003 -2.000000000e+000 -2.000000000e+000 -8.846495140e-005 0.000000000e+000 0.000000000e+000 0.000000000e+000 7.265706527e+002 
d 0.000000000e+000 0.000000000e+000 -8.826570493e-003 1.389062500e+001 1.389062500e+001 8.901136482e-003 -2.000000000e+000 -2.000000000e+000 -8.950661666e-005 0.000000000e+000 0.000000000e+000 0.000000000e+000 7.269448800e+002 
d 0.000000000e+000 0.000000000e+000 -8.821646792e-003 1.390625000e+001 1.390625000e+001 8.897250882e-003 -2.000000000e+000 -2.000000000e+000 -9.055990834e-005 0.000000000e+000 0.000000000e+000 0.000000000e+000 7.273192196e+002 
d 0.000000000e+000 0.000000000e+000 -8.816724666e-003 1.392187500e+001 1.392187500e+001 8.893374472e-003 -2.000000000e+000 -2.000000000e+000 -9.162525836e-005 0.000000000e+000 0.000000000e+000 0.000000000e+000 7.276937789e+002 
d 0.000000000e+000 0.000000000e+000 -8.811802584e-003 1.393750000e+001 1.393750000e+001 8.889507844e-003 -2.000000000e+000 -2.000000000e+000 -9.270298631e-005 0.000000000e+000 0.000000000e+000 0.000000000e+000 7.280686215e+002 
d 0.000000000e+000 0.000000000e+000 -8.806879610e-003 1.395312500e+001 1.395312500e+001 8.885651345e-003 -2.000000000e+000 -2.000000000e+000 -9.379334825e-005 0.000000000e+000 0.000000000e+000 0.000000000e+000 7.284437866e+002 
d 0.000000000e+000 0.000000000e+000 -8.801955150e-003 1.396875000e+001 1.396875000e+001 8.881805185e-003 -2.000000000e+000 -2.000000000e+000 -9.489656479e-005 0.000000000e+000 0.000000000e+000 0.000000000e+000 7.288192990e+002 
d 0.000000000e+000 0.000000000e+000 -8.797028802e-003 1.398437500e+001 1.398437500e+001 8.877969495e-003 -2.000000000e+000 -2.000000000e+000 -9.601283725e-005 0.000000000e+000 0.000000000e+000 0.000000000e+000 7.291951757e+002 
d 0.000000000e+000 0.000000000e+000 -8.792100274e-003 1.400000000e+001 1.400000000e+001 8.874144364e-003 -2.000000000e+000 -2.000000000e+000 -9.714235699e-005 0.000000000e+000 0.000000000e+000 0.000000000e+000 7.295714289e+002 
d 0.000000000e+000 0.000000000e+000 -8.787169336e-003 1.401562500e+001 1.401562500e+001 8.870329856e-003 -2.000000000e+000 -2.000000000e+000 -9.828531081e-005 0.000000000e+000 0.000000000e+000 0.000000000e+000 7.299480685e+002 
d 0.000000000e+000 0.000000000e+000 -8.782235794e-003 1.403125000e+001 1.403125000e+001 8.866526020e-003 -2.000000000e+000 -2.000000000e+000 -9.944188416e-005 0.000000000e+000 0.000000000e+000 0.000000000e+000 7.303251027e+002 
d 0.000000000e+000 0.000000000e+000 -8.777299474e-003 1.404687500e+001 1.404687500e+001 8.862732901e-003 -2.000000000e+000 -2.000000000e+000 -1.006122630e-004 0.000000000e+000 0.000000000e+000 0.000000000e+000 7.307025390e+002 
d 0.000000000e+000 0.000000000e+000 -8.772360210e-003 1.406250000e+001 1.406250000e+001 8.858950536e-003 -2.000000000e+000 -2.000000000e+000 -1.017966349e-004 0.000000000e+000 0.000000000e+000 0.000000000e+000 7.310803845e+002 
d 0.000000000e+000 0.000000000e+000 -8.767020799e-003 1.407812500e+001 1.407812500e+001 8.855320774e-003 -2.000000000e+000 -2.000000000e+000 -1.030500188e-004 0.000000000e+000 0.000000000e+000 0.000000000e+000 7.314757043e+002 
d 0.000000000e+000 0.000000000e+000 -8.762236059e-003 1.409375000e+001 1.409375000e+001 8.851501911e-003 -2.000000000e+000 -2.000000000e+000 -1.042411473e-004 0.000000000e+000 0.000000000e+000 0.000000000e+000 7.318474966e+002 
d 0.000000000e+000 0.000000000e+000 -8.757381928e-003 1.410937500e+001 1.410937500e+001 8.847718003e-003 -2.000000000e+000 -2.000000000e+000 -1.054556279e-004 0.000000000e+000 0.000000000e+000 0.000000000e+000 7.322225372e+002 
d 0.000000000e+000 0.000000000e+000 -8.752090646e-003 1.412500000e+001 1.412500000e+001 8.844096695e-003 -2.000000000e+000 -2.000000000e+000 -1.067467614e-004 0.000000000e+000 0.000000000e+000 0.000000000e+000 7.326167380e+002 
d 0.000000000e+000 0.000000000e+000 -8.747326358e-003 1.414062500e+001 1.414062500e+001 8.840300909e-003 -2.000000000e+000 -2.000000000e+000 -1.079769684e-004 0.000000000e+000 0.000000000e+000 0.000000000e+000 7.329884556e+002 
d 0.000000000e+000 0.000000000e+000 -8.742087379e-003 1.415625000e+001 1.415625000e+001 8.836678647e-003 -2.000000000e+000 -2.000000000e+000 -1.092909747e-004 0.000000000e+000 0.000000000e+000 0.000000000e+000 7.333810211e+002 
d 0.000000000e+000 0.000000000e+000 -8.737347916e-003 1.417187500e+001 1.417187500e+001 8.832894560e-003 -2.000000000e+000 -2.000000000e+000 -1.105463191e-004 0.000000000e+000 0.000000000e+000 0.000000000e+000 7.337521964e+002 
d 0.000000000e+000 0.000000000e+000 -8.732121342e-003 1.418750000e+001 1.418750000e+001 8.829285713e-003 -2.000000000e+000 -2.000000000e+000 -1.118893699e-004 0.000000000e+000 0.000000000e+000 0.000000000e+000 7.341448361e+002 
d 0.000000000e+000 0.000000000e+000 -8.727384518e-003 1.420312500e+001 1.420312500e+001 8.825521188e-003 -2.000000000e+000 -2.000000000e+000 -1.131736332e-004 0.000000000e+000 0.000000000e+000 0.000000000e+000 7.345164223e+002 
d 0.000000000e+000 0.000000000e+000 -8.722156210e-003 1.421875000e+001 1.421875000e+001 8.821930735e-003 -2.000000000e+000 -2.000000000e+000 -1.145484904e-004 0.000000000e+000 0.000000000e+000 0.000000000e+000 7.349097450e+002 
d 0.000000000e+000 0.000000000e+000 -8.717413940e-003 1.423437500e+001 1.423437500e+001 8.818188544e-003 -2.000000000e+000 -2.000000000e+000 -1.158635755e-004 0.000000000e+000 0.000000000e+000 0.000000000e+000 7.352820915e+002 
d 0.000000000e+000 0.000000000e+000 -8.712178523e-003 1.425000000e+001 1.425000000e+001 8.814618318e-003 -2.000000000e+000 -2.000000000e+000 -1.172718309e-004 0.000000000e+000 0.000000000e+000 0.000000000e+000 7.356763301e+002 
d 0.000000000e+000 0.000000000e+000 -8.707038157e-003 1.426562500e+001 1.426562500e+001 8.811025599e-003 -2.000000000e+000 -2.000000000e+000 -1.186817165e-004 0.000000000e+000 0.000000000e+000 0.000000000e+000 7.360667098e+002 
d 0.000000000e+000 0.000000000e+000 -8.701950818e-003 1.428125000e+001 1.428125000e+001 8.807424713e-003 -2.000000000e+000 -2.000000000e+000 -1.200996852e-004 0.000000000e+000 0.000000000e+000 0.000000000e+000 7.364550567e+002 
d 0.000000000e+000 0.000000000e+000 -8.697278281e-003 1.429687500e+001 1.429687500e+001 8.803700953e-003 -2.000000000e+000 -2.000000000e+000 -1.214658040e-004 0.000000000e+000 0.000000000e+000 0.000000000e+000 7.368253784e+002 
d 0.000000000e+000 0.000000000e+000 -8.692079767e-003 1.431250000e+001 1.431250000e+001 8.800154693e-003 -2.000000000e+000 -2.000000000e+000 -1.229350845e-004 0.000000000e+000 0.000000000e+000 0.000000000e+000 7.372191970e+002 
d 0.000000000e+000 0.000000000e+000 -8.686950395e-003 1.432812500e+001 1.432812500e+001 8.796595439e-003 -2.000000000e+000 -2.000000000e+000 -1.244101950e-004 0.000000000e+000 0.000000000e+000 0.000000000e+000 7.376102613e+002 
d 0.000000000e+000 0.000000000e+000 -8.681858968e-003 1.434375000e+001 1.434375000e+001 8.793033488e-003 -2.000000000e+000 -2.000000000e+000 -1.258962364e-004 0.000000000e+000 0.000000000e+000 0.000000000e+000 7.379999380e+002 
d 0.000000000e+000 0.000000000e+000 -8.676787544e-003 1.435937500e+001 1.435937500e+001 8.789474709e-003 -2.000000000e+000 -2.000000000e+000 -1.273962737e-004 0.000000000e+000 0.000000000e+000 0.000000000e+000 7.383890143e+002 
d 0.000000000e+000 0.000000000e+000 -8.671725368e-003 1.437500000e+001 1.437500000e+001 8.785922591e-003 -2.000000000e+000 -2.000000000e+000 -1.289122625e-004 0.000000000e+000 0.000000000e+000 0.000000000e+000 7.387779634e+002 
d 0.000000000e+000 0.000000000e+000 -8.666665943e-003 1.439062500e+001 1.439062500e+001 8.782379220e-003 -2.000000000e+000 -2.000000000e+000 -1.304454952e-004 0.000000000e+000 0.000000000e+000 0.000000000e+000 7.391670718e+002 
d 0.000000000e+000 0.000000000e+000 -8.661605299e-003 1.440625000e+001 1.440625000e+001 8.778845860e-003 -2.000000000e+000 -2.000000000e+000 -1.319968673e-004 0.000000000e+000 0.000000000e+000 0.000000000e+000 7.395565149e+002 
d 0.000000000e+000 0.000000000e+000 -8.656540967e-003 1.442187500e+001 1.442187500e+001 8.775323289e-003 -2.000000000e+000 -2.000000000e+000 -1.335670371e-004 0.000000000e+000 0.000000000e+000 0.000000000e+000 7.399464022e+002 
d 0.000000000e+000 0.000000000e+000 -8.651471376e-003 1.443750000e+001 1.443750000e+001 8.771811998e-003 -2.000000000e+000 -2.000000000e+000 -1.351565222e-004 0.000000000e+000 0.000000000e+000 0.000000000e+000 7.403368038e+002 
d 0.000000000e+000 0.000000000e+000 -8.646395489e-003 1.445312500e+001 1.445312500e+001 8.768312308e-003 -2.000000000e+000 -2.000000000e+000 -1.367657572e-004 0.000000000e+000 0.000000000e+000 0.000000000e+000 7.407277659e+002 
d 0.000000000e+000 0.000000000e+000 -8.641312589e-003 1.446875000e+001 1.446875000e+001 8.764824441e-003 -2.000000000e+000 -2.000000000e+000 -1.383951284e-004 0.000000000e+000 0.000000000e+000 0.000000000e+000 7.411193208e+002 
d 0.000000000e+000 0.000000000e+000 -8.636222149e-003 1.448437500e+001 1.448437500e+001 8.761348559e-003 -2.000000000e+000 -2.000000000e+000 -1.400449956e-004 0.000000000e+000 0.000000000e+000 0.000000000e+000 7.415114924e+002 
d 0.000000000e+000 0.000000000e+000 -8.630745491e-003 1.450000000e+001 1.450000000e+001 8.757992581e-003 -2.000000000e+000 -2.000000000e+000 -1.417895457e-004 0.000000000e+000 0.000000000e+000 0.000000000e+000 7.419214203e+002 
d 0.000000000e+000 0.000000000e+000 -8.625782454e-003 1.451562500e+001 1.451562500e+001 8.754499534e-003 -2.000000000e+000 -2.000000000e+000 -1.434539764e-004 0.000000000e+000 0.000000000e+000 0.000000000e+000 7.423083958e+002 
d 0.000000000e+000 0.000000000e+000 -8.620755494e-003 1.453125000e+001 1.453125000e+001 8.751034987e-003 -2.000000000e+000 -2.000000000e+000 -1.451502939e-004 0.000000000e+000 0.000000000e+000 0.000000000e+000 7.426985263e+002 
d 0.000000000e+000 0.000000000e+000 -8.615308688e-003 1.454687500e+001 1.454687500e+001 8.747697383e-003 -2.000000000e+000 -2.000000000e+000 -1.469513915e-004 0.000000000e+000 0.000000000e+000 0.000000000e+000 7.431080238e+002 
d 0.000000000e+000 0.000000000e+000 -8.610350893e-003 1.456250000e+001 1.456250000e+001 8.744233614e-003 -2.000000000e+000 -2.000000000e+000 -1.486740192e-004 0.000000000e+000 0.000000000e+000 0.000000000e+000 7.434955521e+002 
d 0.000000000e+000 0.000000000e+000 -8.604940908e-003 1.457812500e+001 1.457812500e+001 8.740904074e-003 -2.000000000e+000 -2.000000000e+000 -1.505104519e-004 0.000000000e+000 0.000000000e+000 0.000000000e+000 7.439039797e+002 
d 0.000000000e+000 0.000000000e+000 -8.599996272e-003 1.459375000e+001 1.459375000e+001 8.737457459e-003 -2.000000000e+000 -2.000000000e+000 -1.522710876e-004 0.000000000e+000 0.000000000e+000 0.000000000e+000 7.442914296e+002 
d 0.000000000e+000 0.000000000e+000 -8.594587185e-003 1.460937500e+001 1.460937500e+001 8.734146453e-003 -2.000000000e+000 -2.000000000e+000 -1.541509496e-004 0.000000000e+000 0.000000000e+000 0.000000000e+000 7.447004089e+002 
d 0.000000000e+000 0.000000000e+000 -8.589634635e-003 1.462500000e+001 1.462500000e+001 8.730723073e-003 -2.000000000e+000 -2.000000000e+000 -1.559548703e-004 0.000000000e+000 0.000000000e+000 0.000000000e+000 7.450887345e+002 
d 0.000000000e+000 0.000000000e+000 -8.584212333e-003 1.464062500e+001 1.464062500e+001 8.727434688e-003 -2.000000000e+000 -2.000000000e+000 -1.578822283e-004 0.000000000e+000 0.000000000e+000 0.000000000e+000 7.454989062e+002 
d 0.000000000e+000 0.000000000e+000 -8.578869199e-003 1.465625000e+001 1.465625000e+001 8.724134736e-003 -2.000000000e+000 -2.000000000e+000 -1.598154151e-004 0.000000000e+000 0.000000000e+000 0.000000000e+000 7.459057392e+002 
d 0.000000000e+000 0.000000000e+000 -8.573569512e-003 1.467187500e+001 1.467187500e+001 8.720833133e-003 -2.000000000e+000 -2.000000000e+000 -1.617620380e-004 0.000000000e+000 0.000000000e+000 0.000000000e+000 7.463108604e+002 
d 0.000000000e+000 0.000000000e+000 -8.568663444e-003 1.468750000e+001 1.468750000e+001 8.717440406e-003 -2.000000000e+000 -2.000000000e+000 -1.636422327e-004 0.000000000e+000 0.000000000e+000 0.000000000e+000 7.466980606e+002 
d 0.000000000e+000 0.000000000e+000 -8.563255200e-003 1.470312500e+001 1.470312500e+001 8.714187238e-003 -2.000000000e+000 -2.000000000e+000 -1.656594061e-004 0.000000000e+000 0.000000000e+000 0.000000000e+000 7.471087459e+002 
d 0.000000000e+000 0.000000000e+000 -8.557900872e-003 1.471875000e+001 1.471875000e+001 8.710930093e-003 -2.000000000e+000 -2.000000000e+000 -1.676883460e-004 0.000000000e+000 0.000000000e+000 0.000000000e+000 7.475172260e+002 
d 0.000000000e+000 0.000000000e+000 -8.552574495e-003 1.473437500e+001 1.473437500e+001 8.707675952e-003 -2.000000000e+000 -2.000000000e+000 -1.697349774e-004 0.000000000e+000 0.000000000e+000 0.000000000e+000 7.479246922e+002 
d 0.000000000e+000 0.000000000e+000 -8.547260478e-003 1.475000000e+001 1.475000000e+001 8.704428982e-003 -2.000000000e+000 -2.000000000e+000 -1.718030498e-004 0.000000000e+000 0.000000000e+000 0.000000000e+000 7.483318611e+002 
d 0.000000000e+000 0.000000000e+000 -8.541949042e-003 1.476562500e+001 1.476562500e+001 8.701191787e-003 -2.000000000e+000 -2.000000000e+000 -1.738950904e-004 0.000000000e+000 0.000000000e+000 0.000000000e+000 7.487391831e+002 
d 0.000000000e+000 0.000000000e+000 -8.536633990e-003 1.478125000e+001 1.478125000e+001 8.697966017e-003 -2.000000000e+000 -2.000000000e+000 -1.760128683e-004 0.000000000e+000 0.000000000e+000 0.000000000e+000 7.491469445e+002 
d 0.000000000e+000 0.000000000e+000 -8.531311331e-003 1.479687500e+001 1.479687500e+001 8.694752736e-003 -2.000000000e+000 -2.000000000e+000 -1.781576831e-004 0.000000000e+000 0.000000000e+000 0.000000000e+000 7.495553299e+002 
d 0.000000000e+000 0.000000000e+000 -8.525978439e-003 1.481250000e+001 1.481250000e+001 8.691552655e-003 -2.000000000e+000 -2.000000000e+000 -1.803305439e-004 0.000000000e+000 0.000000000e+000 0.000000000e+000 7.499644614e+002 
d 0.000000000e+000 0.000000000e+000 -8.520633532e-003 1.482812500e+001 1.482812500e+001 8.688366266e-003 -2.000000000e+000 -2.000000000e+000 -1.825322825e-004 0.000000000e+000 0.000000000e+000 0.000000000e+000 7.503744220e+002 
d 0.000000000e+000 0.000000000e+000 -8.514907771e-003 1.484375000e+001 1.484375000e+001 8.685280405e-003 -2.000000000e+000 -2.000000000e+000 -1.848588479e-004 0.000000000e+000 0.000000000e+000 0.000000000e+000 7.508025670e+002 
d 0.000000000e+000 0.000000000e+000 -8.509666819e-003 1.485937500e+001 1.485937500e+001 8.682091007e-003 -2.000000000e+000 -2.000000000e+000 -1.870871875e-004 0.000000000e+000 0.000000000e+000 0.000000000e+000 7.512081814e+002 
d 0.000000000e+000 0.000000000e+000 -8.504363151e-003 1.487500000e+001 1.487500000e+001 8.678927731e-003 -2.000000000e+000 -2.000000000e+000 -1.893582455e-004 0.000000000e+000 0.000000000e+000 0.000000000e+000 7.516169976e+002 
d 0.000000000e+000 0.000000000e+000 -8.498646129e-003 1.489062500e+001 1.489062500e+001 8.675870757e-003 -2.000000000e+000 -2.000000000e+000 -1.917673613e-004 0.000000000e+000 0.000000000e+000 0.000000000e+000 7.520456084e+002 
d 0.000000000e+000 0.000000000e+000 -8.493391244e-003 1.490625000e+001 1.490625000e+001 8.672718787e-003 -2.000000000e+000 -2.000000000e+000 -1.940803176e-004 0.000000000e+000 0.000000000e+000 0.000000000e+000 7.524526367e+002 
d 0.000000000e+000 0.000000000e+000 -8.487693639e-003 1.492187500e+001 1.492187500e+001 8.669678617e-003 -2.000000000e+000 -2.000000000e+000 -1.965426160e-004 0.000000000e+000 0.000000000e+000 0.000000000e+000 7.528809032e+002 
d 0.000000000e+000 0.000000000e+000 -8.482437276e-003 1.493750000e+001 1.493750000e+001 8.666550313e-003 -2.000000000e+000 -2.000000000e+000 -1.989118166e-004 0.000000000e+000 0.000000000e+000 0.000000000e+000 7.532884975e+002 
d 0.000000000e+000 0.000000000e+000 -8.476725529e-003 1.495312500e+001 1.495312500e+001 8.663535256e-003 -2.000000000e+000 -2.000000000e+000 -2.014377523e-004 0.000000000e+000 0.000000000e+000 0.000000000e+000 7.537179944e+002 
d 0.000000000e+000 0.000000000e+000 -8.471081033e-003 1.496875000e+001 1.496875000e+001 8.660516194e-003 -2.000000000e+000 -2.000000000e+000 -2.039755945e-004 0.000000000e+000 0.000000000e+000 0.000000000e+000 7.541445769e+002 
d 0.000000000e+000 0.000000000e+000 -8.465471457e-003 1.498437500e+001 1.498437500e+001 8.657500749e-003 -2.000000000e+000 -2.000000000e+000 -2.065343397e-004 0.000000000e+000 0.000000000e+000 0.000000000e+000 7.545697694e+002 
d 0.000000000e+000 0.000000000e+000 -8.459876771e-003 1.500000000e+001 1.500000000e+001 8.654493630e-003 -2.000000000e+000 -2.000000000e+000 -2.091198375e-004 0.000000000e+000 0.000000000e+000 0.000000000e+000 7.549945177e+002 
