v ATLAS
# This file was created by ATLAS version 5.22.1.R on Fri Nov 15 14:04:47 2019.
#SSF 2.0 generic
##############################################################################
#                    Copyright (c) 1984 - 2015                               #
#                    Silvaco Inc. All rights reserved                        #
#                                                                            #
# This file format and the following Key are copyright Silvaco Inc.          #
# You may not use, this format or key without reproducing this message in    #
# full and obtaining express written permission from Silvaco Inc.            #
#                                                                            #
# To obtain such permission please contact: Silvaco Inc.                     #
#                                           support@silvaco.com              #
#                                                                            #
# KEY=SVC86hn7562asdx                       PROD=345                         #
##############################################################################
y 3 700 711 15
z 1 0.00981003 300
f 4 "source" "drain" "gate" "substrate" 
p 13 2 601 20 3 602 21 4 603 22 5 604 23 82 
d 0.000000000e+000 0.000000000e+000 -2.306631495e-011 0.000000000e+000 0.000000000e+000 -7.769121914e-011 -3.000000000e+000 -3.000000000e+000 -1.836237615e-017 0.000000000e+000 0.000000000e+000 0.000000000e+000 3.000000000e+002 
d 0.000000000e+000 0.000000000e+000 -3.269206388e-003 1.250000000e-001 1.250000000e-001 3.269206658e-003 -3.000000000e+000 -3.000000000e+000 -2.183583836e-017 0.000000000e+000 0.000000000e+000 0.000000000e+000 3.011333122e+002 
d 0.000000000e+000 0.000000000e+000 -6.103932515e-003 2.500000000e-001 2.500000000e-001 6.103933542e-003 -3.000000000e+000 -3.000000000e+000 -3.495741494e-017 0.000000000e+000 0.000000000e+000 0.000000000e+000 3.041966479e+002 
d 0.000000000e+000 0.000000000e+000 -1.029832686e-002 5.000000000e-001 5.000000000e-001 1.029848697e-002 -3.000000000e+000 -3.000000000e+000 -1.535763167e-016 0.000000000e+000 0.000000000e+000 0.000000000e+000 3.142007198e+002 
d 0.000000000e+000 0.000000000e+000 -1.399552401e-002 1.000000000e+000 1.000000000e+000 1.399651493e-002 -3.000000000e+000 -3.000000000e+000 -4.326279286e-015 0.000000000e+000 0.000000000e+000 0.000000000e+000 3.392137958e+002 
d 0.000000000e+000 0.000000000e+000 -1.456939568e-002 1.500000000e+000 1.500000000e+000 1.456703735e-002 -3.000000000e+000 -3.000000000e+000 -6.291652649e-014 0.000000000e+000 0.000000000e+000 0.000000000e+000 3.621327397e+002 
d 0.000000000e+000 0.000000000e+000 -1.409590129e-002 2.000000000e+000 2.000000000e+000 1.409728289e-002 -3.000000000e+000 -3.000000000e+000 -4.595446020e-013 0.000000000e+000 0.000000000e+000 0.000000000e+000 3.811261105e+002 
d 0.000000000e+000 0.000000000e+000 -1.337450842e-002 2.500000000e+000 2.500000000e+000 1.337658455e-002 -3.000000000e+000 -3.000000000e+000 -2.147702191e-012 0.000000000e+000 0.000000000e+000 0.000000000e+000 3.971832650e+002 
d 0.000000000e+000 0.000000000e+000 -1.266806056e-002 3.000000000e+000 3.000000000e+000 1.266603647e-002 -3.000000000e+000 -3.000000000e+000 -7.667288997e-012 0.000000000e+000 0.000000000e+000 0.000000000e+000 4.114053824e+002 
d 0.000000000e+000 0.000000000e+000 -1.203532862e-002 3.500000000e+000 3.500000000e+000 1.203449420e-002 -3.000000000e+000 -3.000000000e+000 -2.296341011e-011 0.000000000e+000 0.000000000e+000 0.000000000e+000 4.244518491e+002 
d 0.000000000e+000 0.000000000e+000 -1.148098073e-002 4.000000000e+000 4.000000000e+000 1.148119673e-002 -3.000000000e+000 -3.000000000e+000 -6.067048658e-011 0.000000000e+000 0.000000000e+000 0.000000000e+000 4.366722329e+002 
d 0.000000000e+000 0.000000000e+000 -1.099657188e-002 4.500000000e+000 4.500000000e+000 1.099647772e-002 -3.000000000e+000 -3.000000000e+000 -1.458089305e-010 0.000000000e+000 0.000000000e+000 0.000000000e+000 4.482603850e+002 
d 0.000000000e+000 0.000000000e+000 -1.057062428e-002 5.000000000e+000 5.000000000e+000 1.057049311e-002 -3.000000000e+000 -3.000000000e+000 -3.250372361e-010 0.000000000e+000 0.000000000e+000 0.000000000e+000 4.593502741e+002 
d 0.000000000e+000 0.000000000e+000 -1.019427993e-002 5.500000000e+000 5.500000000e+000 1.019267708e-002 -3.000000000e+000 -3.000000000e+000 -6.818187102e-010 0.000000000e+000 0.000000000e+000 0.000000000e+000 4.700452282e+002 
d 0.000000000e+000 0.000000000e+000 -9.859413519e-003 6.000000000e+000 6.000000000e+000 9.856938868e-003 -3.000000000e+000 -3.000000000e+000 -1.360228510e-009 0.000000000e+000 0.000000000e+000 0.000000000e+000 4.804245558e+002 
d 0.000000000e+000 0.000000000e+000 -9.559828967e-003 6.500000000e+000 6.500000000e+000 9.556126153e-003 -3.000000000e+000 -3.000000000e+000 -2.601154830e-009 0.000000000e+000 0.000000000e+000 0.000000000e+000 4.905480994e+002 
d 0.000000000e+000 0.000000000e+000 -9.288581490e-003 7.000000000e+000 7.000000000e+000 9.286359767e-003 -3.000000000e+000 -3.000000000e+000 -4.792704143e-009 0.000000000e+000 0.000000000e+000 0.000000000e+000 5.004442644e+002 
d 0.000000000e+000 0.000000000e+000 -9.043848670e-003 7.500000000e+000 7.500000000e+000 9.040298152e-003 -3.000000000e+000 -3.000000000e+000 -8.559899294e-009 0.000000000e+000 0.000000000e+000 0.000000000e+000 5.101699127e+002 
d 0.000000000e+000 0.000000000e+000 -8.822247375e-003 8.000000000e+000 8.000000000e+000 8.816812486e-003 -3.000000000e+000 -3.000000000e+000 -1.489202867e-008 0.000000000e+000 0.000000000e+000 0.000000000e+000 5.197745196e+002 
d 0.000000000e+000 0.000000000e+000 -8.620674840e-003 8.500000000e+000 8.500000000e+000 8.612746295e-003 -3.000000000e+000 -3.000000000e+000 -2.531195475e-008 0.000000000e+000 0.000000000e+000 0.000000000e+000 5.292811828e+002 
d 0.000000000e+000 0.000000000e+000 -8.435603544e-003 9.000000000e+000 9.000000000e+000 8.428330235e-003 -3.000000000e+000 -3.000000000e+000 -4.214494699e-008 0.000000000e+000 0.000000000e+000 0.000000000e+000 5.387142395e+002 
d 0.000000000e+000 0.000000000e+000 -8.266531765e-003 9.500000000e+000 9.500000000e+000 8.256166180e-003 -3.000000000e+000 -3.000000000e+000 -6.883502635e-008 0.000000000e+000 0.000000000e+000 0.000000000e+000 5.480781058e+002 
d 0.000000000e+000 0.000000000e+000 -8.110792715e-003 1.000000000e+001 1.000000000e+001 8.096680564e-003 -3.000000000e+000 -3.000000000e+000 -1.104651194e-007 0.000000000e+000 0.000000000e+000 0.000000000e+000 5.573842825e+002 
d 0.000000000e+000 0.000000000e+000 -7.965580736e-003 1.050000000e+001 1.050000000e+001 7.951489884e-003 -3.000000000e+000 -3.000000000e+000 -1.744818779e-007 0.000000000e+000 0.000000000e+000 0.000000000e+000 5.666493783e+002 
d 0.000000000e+000 0.000000000e+000 -7.831716962e-003 1.100000000e+001 1.100000000e+001 7.813272184e-003 -3.000000000e+000 -3.000000000e+000 -2.712528911e-007 0.000000000e+000 0.000000000e+000 0.000000000e+000 5.758561182e+002 
d 0.000000000e+000 0.000000000e+000 -7.707006942e-003 1.150000000e+001 1.150000000e+001 7.683778906e-003 -3.000000000e+000 -3.000000000e+000 -4.155903487e-007 0.000000000e+000 0.000000000e+000 0.000000000e+000 5.850149990e+002 
d 0.000000000e+000 0.000000000e+000 -7.588911466e-003 1.200000000e+001 1.200000000e+001 7.565411809e-003 -3.000000000e+000 -3.000000000e+000 -6.286545341e-007 0.000000000e+000 0.000000000e+000 0.000000000e+000 5.941501324e+002 
d 0.000000000e+000 0.000000000e+000 -7.479340787e-003 1.250000000e+001 1.250000000e+001 7.451135472e-003 -3.000000000e+000 -3.000000000e+000 -9.380086969e-007 0.000000000e+000 0.000000000e+000 0.000000000e+000 6.032269678e+002 
d 0.000000000e+000 0.000000000e+000 -7.427361774e-003 1.275000000e+001 1.275000000e+001 7.395918782e-003 -3.000000000e+000 -3.000000000e+000 -1.140354338e-006 0.000000000e+000 0.000000000e+000 0.000000000e+000 6.077479164e+002 
d 0.000000000e+000 0.000000000e+000 -7.377113289e-003 1.300000000e+001 1.300000000e+001 7.342022564e-003 -3.000000000e+000 -3.000000000e+000 -1.382157257e-006 0.000000000e+000 0.000000000e+000 0.000000000e+000 6.122578687e+002 
d 0.000000000e+000 0.000000000e+000 -7.326654977e-003 1.325000000e+001 1.325000000e+001 7.292876785e-003 -3.000000000e+000 -3.000000000e+000 -1.672870251e-006 0.000000000e+000 0.000000000e+000 0.000000000e+000 6.167934147e+002 
d 0.000000000e+000 0.000000000e+000 -7.279157627e-003 1.350000000e+001 1.350000000e+001 7.242220381e-003 -3.000000000e+000 -3.000000000e+000 -2.016587112e-006 0.000000000e+000 0.000000000e+000 0.000000000e+000 6.212914848e+002 
d 0.000000000e+000 0.000000000e+000 -7.233084702e-003 1.375000000e+001 1.375000000e+001 7.192876411e-003 -3.000000000e+000 -3.000000000e+000 -2.424284589e-006 0.000000000e+000 0.000000000e+000 0.000000000e+000 6.257808473e+002 
d 0.000000000e+000 0.000000000e+000 -7.186528481e-003 1.400000000e+001 1.400000000e+001 7.147942687e-003 -3.000000000e+000 -3.000000000e+000 -2.911905898e-006 0.000000000e+000 0.000000000e+000 0.000000000e+000 6.303062105e+002 
d 0.000000000e+000 0.000000000e+000 -7.141102121e-003 1.425000000e+001 1.425000000e+001 7.104311677e-003 -3.000000000e+000 -3.000000000e+000 -3.489695351e-006 0.000000000e+000 0.000000000e+000 0.000000000e+000 6.348327258e+002 
d 0.000000000e+000 0.000000000e+000 -7.096834633e-003 1.450000000e+001 1.450000000e+001 7.061789477e-003 -3.000000000e+000 -3.000000000e+000 -4.172691479e-006 0.000000000e+000 0.000000000e+000 0.000000000e+000 6.393593925e+002 
d 0.000000000e+000 0.000000000e+000 -7.074033324e-003 1.462500000e+001 1.462500000e+001 7.042607187e-003 -3.000000000e+000 -3.000000000e+000 -4.564361929e-006 0.000000000e+000 0.000000000e+000 0.000000000e+000 6.416527161e+002 
d 0.000000000e+000 0.000000000e+000 -7.051628901e-003 1.475000000e+001 1.475000000e+001 7.023427963e-003 -3.000000000e+000 -3.000000000e+000 -4.989654174e-006 0.000000000e+000 0.000000000e+000 0.000000000e+000 6.439443757e+002 
d 0.000000000e+000 0.000000000e+000 -7.030748650e-003 1.487500000e+001 1.487500000e+001 7.002578192e-003 -3.000000000e+000 -3.000000000e+000 -5.444267905e-006 0.000000000e+000 0.000000000e+000 0.000000000e+000 6.462017116e+002 
d 0.000000000e+000 0.000000000e+000 -7.009112370e-003 1.500000000e+001 1.500000000e+001 6.983471557e-003 -3.000000000e+000 -3.000000000e+000 -5.944006986e-006 0.000000000e+000 0.000000000e+000 0.000000000e+000 6.484890839e+002 
