v ATLAS
# This file was created by ATLAS version 5.22.1.R on Tue Dec 31 08:46:41 2019.
#SSF 2.0 generic
##############################################################################
#                    Copyright (c) 1984 - 2015                               #
#                    Silvaco Inc. All rights reserved                        #
#                                                                            #
# This file format and the following Key are copyright Silvaco Inc.          #
# You may not use, this format or key without reproducing this message in    #
# full and obtaining express written permission from Silvaco Inc.            #
#                                                                            #
# To obtain such permission please contact: Silvaco Inc.                     #
#                                           support@silvaco.com              #
#                                                                            #
# KEY=SVC86hn7562asdx                       PROD=345                         #
##############################################################################
y 3 700 711 15
z 1 0.00981003 300
f 4 "source" "drain" "gate" "substrate" 
p 13 2 601 20 3 602 21 4 603 22 5 604 23 82 
d 0.000000000e+000 0.000000000e+000 -4.808883920e-005 5.000000000e+000 5.000000000e+000 4.808862455e-005 -9.750000000e+000 -9.750000000e+000 -1.817261739e-017 0.000000000e+000 0.000000000e+000 0.000000000e+000 3.000428167e+002 
d 0.000000000e+000 0.000000000e+000 -5.688231096e-005 5.000000000e+000 5.000000000e+000 5.688200910e-005 -9.500000000e+000 -9.500000000e+000 -1.819665910e-017 0.000000000e+000 0.000000000e+000 0.000000000e+000 3.000506243e+002 
d 0.000000000e+000 0.000000000e+000 -6.653994872e-005 5.000000000e+000 5.000000000e+000 6.653946790e-005 -9.250000000e+000 -9.250000000e+000 -1.822208181e-017 0.000000000e+000 0.000000000e+000 0.000000000e+000 3.000591956e+002 
d 0.000000000e+000 0.000000000e+000 -7.718708369e-005 5.000000000e+000 5.000000000e+000 7.718642293e-005 -9.000000000e+000 -9.000000000e+000 -1.825011716e-017 0.000000000e+000 0.000000000e+000 0.000000000e+000 3.000686415e+002 
d 0.000000000e+000 0.000000000e+000 -8.898668584e-005 5.000000000e+000 5.000000000e+000 8.898582581e-005 -8.750000000e+000 -8.750000000e+000 -1.828083790e-017 0.000000000e+000 0.000000000e+000 0.000000000e+000 3.000791064e+002 
d 0.000000000e+000 0.000000000e+000 -1.021307798e-004 5.000000000e+000 5.000000000e+000 1.021296400e-004 -8.500000000e+000 -8.500000000e+000 -1.831471987e-017 0.000000000e+000 0.000000000e+000 0.000000000e+000 3.000907602e+002 
d 0.000000000e+000 0.000000000e+000 -1.168607642e-004 5.000000000e+000 5.000000000e+000 1.168592737e-004 -8.250000000e+000 -8.250000000e+000 -1.835251779e-017 0.000000000e+000 0.000000000e+000 0.000000000e+000 3.001038164e+002 
d 0.000000000e+000 0.000000000e+000 -1.335171993e-004 5.000000000e+000 5.000000000e+000 1.335153836e-004 -8.000000000e+000 -8.000000000e+000 -1.839458847e-017 0.000000000e+000 0.000000000e+000 0.000000000e+000 3.001185758e+002 
d 0.000000000e+000 0.000000000e+000 -1.525630106e-004 5.000000000e+000 5.000000000e+000 1.525605627e-004 -7.750000000e+000 -7.750000000e+000 -1.844252051e-017 0.000000000e+000 0.000000000e+000 0.000000000e+000 3.001354466e+002 
d 0.000000000e+000 0.000000000e+000 -1.745864605e-004 5.000000000e+000 5.000000000e+000 1.745828522e-004 -7.500000000e+000 -7.500000000e+000 -1.849767865e-017 0.000000000e+000 0.000000000e+000 0.000000000e+000 3.001549823e+002 
d 0.000000000e+000 0.000000000e+000 -2.003085688e-004 5.000000000e+000 5.000000000e+000 2.003038390e-004 -7.250000000e+000 -7.250000000e+000 -1.856189380e-017 0.000000000e+000 0.000000000e+000 0.000000000e+000 3.001778509e+002 
d 0.000000000e+000 0.000000000e+000 -2.305304123e-004 5.000000000e+000 5.000000000e+000 2.305246502e-004 -7.000000000e+000 -7.000000000e+000 -1.863823273e-017 0.000000000e+000 0.000000000e+000 0.000000000e+000 3.002047121e+002 
d 0.000000000e+000 0.000000000e+000 -2.665567906e-004 5.000000000e+000 5.000000000e+000 2.665569633e-004 -6.750000000e+000 -6.750000000e+000 -1.872734133e-017 0.000000000e+000 0.000000000e+000 0.000000000e+000 3.002367121e+002 
d 0.000000000e+000 0.000000000e+000 -3.107232633e-004 5.000000000e+000 5.000000000e+000 3.107235025e-004 -6.500000000e+000 -6.500000000e+000 -1.883782427e-017 0.000000000e+000 0.000000000e+000 0.000000000e+000 3.002758882e+002 
d 0.000000000e+000 0.000000000e+000 -3.668490425e-004 5.000000000e+000 5.000000000e+000 3.668486869e-004 -6.250000000e+000 -6.250000000e+000 -1.897929495e-017 0.000000000e+000 0.000000000e+000 0.000000000e+000 3.003255759e+002 
d 0.000000000e+000 0.000000000e+000 -4.394114435e-004 5.000000000e+000 5.000000000e+000 4.394089727e-004 -6.000000000e+000 -6.000000000e+000 -1.916427011e-017 0.000000000e+000 0.000000000e+000 0.000000000e+000 3.003896586e+002 
d 0.000000000e+000 0.000000000e+000 -5.333655830e-004 5.000000000e+000 5.000000000e+000 5.333632414e-004 -5.750000000e+000 -5.750000000e+000 -1.940765188e-017 0.000000000e+000 0.000000000e+000 0.000000000e+000 3.004723963e+002 
d 0.000000000e+000 0.000000000e+000 -6.589946590e-004 5.000000000e+000 5.000000000e+000 6.590001236e-004 -5.500000000e+000 -5.500000000e+000 -1.974072643e-017 0.000000000e+000 0.000000000e+000 0.000000000e+000 3.005839478e+002 
d 0.000000000e+000 0.000000000e+000 -8.397086928e-004 5.000000000e+000 5.000000000e+000 8.397122474e-004 -5.250000000e+000 -5.250000000e+000 -2.023488779e-017 0.000000000e+000 0.000000000e+000 0.000000000e+000 3.007467315e+002 
d 0.000000000e+000 0.000000000e+000 -1.173051976e-003 5.000000000e+000 5.000000000e+000 1.173047199e-003 -5.000000000e+000 -5.000000000e+000 -2.118976784e-017 0.000000000e+000 0.000000000e+000 0.000000000e+000 3.010534600e+002 
d 0.000000000e+000 0.000000000e+000 -2.244836614e-003 5.000000000e+000 5.000000000e+000 2.244789856e-003 -4.750000000e+000 -4.750000000e+000 -2.461478972e-017 0.000000000e+000 0.000000000e+000 0.000000000e+000 3.020689118e+002 
d 0.000000000e+000 0.000000000e+000 -4.316806390e-003 5.000000000e+000 5.000000000e+000 4.316850817e-003 -4.500000000e+000 -4.500000000e+000 -3.299874328e-017 0.000000000e+000 0.000000000e+000 0.000000000e+000 3.041031835e+002 
d 0.000000000e+000 0.000000000e+000 -7.196674346e-003 5.000000000e+000 5.000000000e+000 7.197115541e-003 -4.250000000e+000 -4.250000000e+000 -4.966520685e-017 0.000000000e+000 0.000000000e+000 0.000000000e+000 3.070018418e+002 
d 0.000000000e+000 0.000000000e+000 -1.059433869e-002 5.000000000e+000 5.000000000e+000 1.059482873e-002 -4.000000000e+000 -4.000000000e+000 -8.030047905e-017 0.000000000e+000 0.000000000e+000 0.000000000e+000 3.104670535e+002 
d 0.000000000e+000 0.000000000e+000 -1.428237927e-002 5.000000000e+000 5.000000000e+000 1.428292197e-002 -3.750000000e+000 -3.750000000e+000 -1.344808919e-016 0.000000000e+000 0.000000000e+000 0.000000000e+000 3.142368804e+002 
d 0.000000000e+000 0.000000000e+000 -1.814274721e-002 5.000000000e+000 5.000000000e+000 1.814377531e-002 -3.500000000e+000 -3.500000000e+000 -2.290176823e-016 0.000000000e+000 0.000000000e+000 0.000000000e+000 3.181748459e+002 
d 0.000000000e+000 0.000000000e+000 -2.205662507e-002 5.000000000e+000 5.000000000e+000 2.205904954e-002 -3.250000000e+000 -3.250000000e+000 -3.900229680e-016 0.000000000e+000 0.000000000e+000 0.000000000e+000 3.221400148e+002 
d 0.000000000e+000 0.000000000e+000 -2.594797441e-002 5.000000000e+000 5.000000000e+000 2.594677230e-002 -3.000000000e+000 -3.000000000e+000 -6.560637739e-016 0.000000000e+000 0.000000000e+000 0.000000000e+000 3.260362748e+002 
d 0.000000000e+000 0.000000000e+000 -2.977651431e-002 5.000000000e+000 5.000000000e+000 2.977381884e-002 -2.750000000e+000 -2.750000000e+000 -1.081932764e-015 0.000000000e+000 0.000000000e+000 0.000000000e+000 3.298080561e+002 
d 0.000000000e+000 0.000000000e+000 -3.350630530e-002 5.000000000e+000 5.000000000e+000 3.350132712e-002 -2.500000000e+000 -2.500000000e+000 -1.741274867e-015 0.000000000e+000 0.000000000e+000 0.000000000e+000 3.334185768e+002 
d 0.000000000e+000 0.000000000e+000 -3.711326845e-002 5.000000000e+000 5.000000000e+000 3.711584454e-002 -2.250000000e+000 -2.250000000e+000 -2.729286771e-015 0.000000000e+000 0.000000000e+000 0.000000000e+000 3.369462791e+002 
d 0.000000000e+000 0.000000000e+000 -4.058950995e-002 5.000000000e+000 5.000000000e+000 4.059342316e-002 -2.000000000e+000 -2.000000000e+000 -4.164272439e-015 0.000000000e+000 0.000000000e+000 0.000000000e+000 3.403074749e+002 
d 0.000000000e+000 0.000000000e+000 -4.392541620e-002 5.000000000e+000 5.000000000e+000 4.393026143e-002 -1.750000000e+000 -1.750000000e+000 -6.186573409e-015 0.000000000e+000 0.000000000e+000 0.000000000e+000 3.434768010e+002 
d 0.000000000e+000 0.000000000e+000 -4.711776604e-002 5.000000000e+000 5.000000000e+000 4.711398477e-002 -1.500000000e+000 -1.500000000e+000 -8.953027997e-015 0.000000000e+000 0.000000000e+000 0.000000000e+000 3.464492745e+002 
d 0.000000000e+000 0.000000000e+000 -5.015373592e-002 5.000000000e+000 5.000000000e+000 5.014681592e-002 -1.250000000e+000 -1.250000000e+000 -1.261869616e-014 0.000000000e+000 0.000000000e+000 0.000000000e+000 3.492158010e+002 
d 0.000000000e+000 0.000000000e+000 -5.303008337e-002 5.000000000e+000 5.000000000e+000 5.302059766e-002 -1.000000000e+000 -1.000000000e+000 -1.733003368e-014 0.000000000e+000 0.000000000e+000 0.000000000e+000 3.517736706e+002 
d 0.000000000e+000 0.000000000e+000 -5.573780395e-002 5.000000000e+000 5.000000000e+000 5.574324132e-002 -7.500000000e-001 -7.500000000e-001 -2.322469141e-014 0.000000000e+000 0.000000000e+000 0.000000000e+000 3.541303942e+002 
d 0.000000000e+000 0.000000000e+000 -5.827958549e-002 5.000000000e+000 5.000000000e+000 5.828655016e-002 -5.000000000e-001 -5.000000000e-001 -3.041319386e-014 0.000000000e+000 0.000000000e+000 0.000000000e+000 3.562915176e+002 
d 0.000000000e+000 0.000000000e+000 -6.064748132e-002 5.000000000e+000 5.000000000e+000 6.065602563e-002 -2.500000000e-001 -2.500000000e-001 -3.895842753e-014 0.000000000e+000 0.000000000e+000 0.000000000e+000 3.582589680e+002 
d 0.000000000e+000 0.000000000e+000 -6.283931625e-002 5.000000000e+000 5.000000000e+000 6.284940121e-002 5.786230234e-015 5.786230234e-015 -4.890716945e-014 0.000000000e+000 0.000000000e+000 0.000000000e+000 3.600392699e+002 
d 0.000000000e+000 0.000000000e+000 -6.485596491e-002 5.000000000e+000 5.000000000e+000 6.486746109e-002 2.500000000e-001 2.500000000e-001 -6.032310488e-014 0.000000000e+000 0.000000000e+000 0.000000000e+000 3.616417080e+002 
d 0.000000000e+000 0.000000000e+000 -6.670161124e-002 5.000000000e+000 5.000000000e+000 6.671431647e-002 5.000000000e-001 5.000000000e-001 -7.334077613e-014 0.000000000e+000 0.000000000e+000 0.000000000e+000 3.630779157e+002 
d 0.000000000e+000 0.000000000e+000 -6.838362321e-002 5.000000000e+000 5.000000000e+000 6.839729108e-002 7.500000000e-001 7.500000000e-001 -8.821279577e-014 0.000000000e+000 0.000000000e+000 0.000000000e+000 3.643612674e+002 
d 0.000000000e+000 0.000000000e+000 -6.991191349e-002 5.000000000e+000 5.000000000e+000 6.992628293e-002 1.000000000e+000 1.000000000e+000 -1.052820563e-013 0.000000000e+000 0.000000000e+000 0.000000000e+000 3.655190245e+002 
