v ATLAS
# This file was created by ATLAS version 5.22.1.R on Mon Dec 23 15:11:26 2019.
#SSF 2.0 generic
##############################################################################
#                    Copyright (c) 1984 - 2015                               #
#                    Silvaco Inc. All rights reserved                        #
#                                                                            #
# This file format and the following Key are copyright Silvaco Inc.          #
# You may not use, this format or key without reproducing this message in    #
# full and obtaining express written permission from Silvaco Inc.            #
#                                                                            #
# To obtain such permission please contact: Silvaco Inc.                     #
#                                           support@silvaco.com              #
#                                                                            #
# KEY=SVC86hn7562asdx                       PROD=345                         #
##############################################################################
y 3 700 711 15
z 1 0.00981003 300
f 4 "source" "drain" "gate" "substrate" 
p 12 2 601 20 3 602 21 4 603 22 5 604 23 
d 0.000000000e+000 0.000000000e+000 -1.461645906e-004 6.000000000e+000 6.000000000e+000 1.461645906e-004 -9.500000000e+000 -9.500000000e+000 -7.288253488e-016 0.000000000e+000 0.000000000e+000 0.000000000e+000 
d 0.000000000e+000 0.000000000e+000 -1.846316050e-004 6.000000000e+000 6.000000000e+000 1.846316050e-004 -9.000000000e+000 -9.000000000e+000 -7.257918220e-016 0.000000000e+000 0.000000000e+000 0.000000000e+000 
d 0.000000000e+000 0.000000000e+000 -2.329215370e-004 6.000000000e+000 6.000000000e+000 2.329215370e-004 -8.500000000e+000 -8.500000000e+000 -7.227402731e-016 0.000000000e+000 0.000000000e+000 0.000000000e+000 
d 0.000000000e+000 0.000000000e+000 -2.957280092e-004 6.000000000e+000 6.000000000e+000 2.957280092e-004 -8.000000000e+000 -8.000000000e+000 -7.196632196e-016 0.000000000e+000 0.000000000e+000 0.000000000e+000 
d 0.000000000e+000 0.000000000e+000 -3.796212047e-004 6.000000000e+000 6.000000000e+000 3.796212047e-004 -7.500000000e+000 -7.500000000e+000 -7.165532112e-016 0.000000000e+000 0.000000000e+000 0.000000000e+000 
d 0.000000000e+000 0.000000000e+000 -4.971079241e-004 6.000000000e+000 6.000000000e+000 4.971079241e-004 -7.000000000e+000 -7.000000000e+000 -7.133961285e-016 0.000000000e+000 0.000000000e+000 0.000000000e+000 
d 0.000000000e+000 0.000000000e+000 -6.825585418e-004 6.000000000e+000 6.000000000e+000 6.825585367e-004 -6.500000000e+000 -6.500000000e+000 -7.101430187e-016 0.000000000e+000 0.000000000e+000 0.000000000e+000 
d 0.000000000e+000 0.000000000e+000 -9.893111508e-004 6.000000000e+000 6.000000000e+000 9.893111472e-004 -6.000000000e+000 -6.000000000e+000 -7.067619101e-016 0.000000000e+000 0.000000000e+000 0.000000000e+000 
d 0.000000000e+000 0.000000000e+000 -1.581897633e-003 6.000000000e+000 6.000000000e+000 1.581897633e-003 -5.500000000e+000 -5.500000000e+000 -7.031253900e-016 0.000000000e+000 0.000000000e+000 0.000000000e+000 
d 0.000000000e+000 0.000000000e+000 -4.787565516e-003 6.000000000e+000 6.000000000e+000 4.787565515e-003 -5.000000000e+000 -5.000000000e+000 -6.935857931e-016 0.000000000e+000 0.000000000e+000 0.000000000e+000 
d 0.000000000e+000 0.000000000e+000 -1.319905635e-002 6.000000000e+000 6.000000000e+000 1.319905635e-002 -4.500000000e+000 -4.500000000e+000 -6.699817797e-016 0.000000000e+000 0.000000000e+000 0.000000000e+000 
d 0.000000000e+000 0.000000000e+000 -2.569824854e-002 6.000000000e+000 6.000000000e+000 2.569824854e-002 -4.000000000e+000 -4.000000000e+000 -6.429132439e-016 0.000000000e+000 0.000000000e+000 0.000000000e+000 
d 0.000000000e+000 0.000000000e+000 -4.119398095e-002 6.000000000e+000 6.000000000e+000 4.119398095e-002 -3.500000000e+000 -3.500000000e+000 -6.159229490e-016 0.000000000e+000 0.000000000e+000 0.000000000e+000 
d 0.000000000e+000 0.000000000e+000 -5.923206808e-002 6.000000000e+000 6.000000000e+000 5.923206808e-002 -3.000000000e+000 -3.000000000e+000 -5.900440614e-016 0.000000000e+000 0.000000000e+000 0.000000000e+000 
d 0.000000000e+000 0.000000000e+000 -7.923583786e-002 6.000000000e+000 6.000000000e+000 7.923583786e-002 -2.500000000e+000 -2.500000000e+000 -5.645907566e-016 0.000000000e+000 0.000000000e+000 0.000000000e+000 
d 0.000000000e+000 0.000000000e+000 -1.004920813e-001 6.000000000e+000 6.000000000e+000 1.004920813e-001 -2.000000000e+000 -2.000000000e+000 -5.384869989e-016 0.000000000e+000 0.000000000e+000 0.000000000e+000 
d 0.000000000e+000 0.000000000e+000 -1.221599526e-001 6.000000000e+000 6.000000000e+000 1.221599526e-001 -1.500000000e+000 -1.500000000e+000 -5.103785967e-016 0.000000000e+000 0.000000000e+000 0.000000000e+000 
d 0.000000000e+000 0.000000000e+000 -1.432315950e-001 6.000000000e+000 6.000000000e+000 1.432315950e-001 -1.000000000e+000 -1.000000000e+000 -4.786673249e-016 0.000000000e+000 0.000000000e+000 0.000000000e+000 
d 0.000000000e+000 0.000000000e+000 -1.626698829e-001 6.000000000e+000 6.000000000e+000 1.626698829e-001 -5.000000000e-001 -5.000000000e-001 -4.420571203e-016 0.000000000e+000 0.000000000e+000 0.000000000e+000 
d 0.000000000e+000 0.000000000e+000 -1.798027636e-001 6.000000000e+000 6.000000000e+000 1.798027636e-001 1.285828941e-015 1.285828941e-015 -4.003593484e-016 0.000000000e+000 0.000000000e+000 0.000000000e+000 
d 0.000000000e+000 0.000000000e+000 -1.945185973e-001 6.000000000e+000 6.000000000e+000 1.945185973e-001 5.000000000e-001 5.000000000e-001 -3.544322425e-016 0.000000000e+000 0.000000000e+000 0.000000000e+000 
d 0.000000000e+000 0.000000000e+000 -2.070651329e-001 6.000000000e+000 6.000000000e+000 2.070651329e-001 1.000000000e+000 1.000000000e+000 -3.054178315e-016 0.000000000e+000 0.000000000e+000 0.000000000e+000 
