v ATLAS
# This file was created by ATLAS version 5.22.1.R on Tue Dec 31 09:12:17 2019.
#SSF 2.0 generic
##############################################################################
#                    Copyright (c) 1984 - 2015                               #
#                    Silvaco Inc. All rights reserved                        #
#                                                                            #
# This file format and the following Key are copyright Silvaco Inc.          #
# You may not use, this format or key without reproducing this message in    #
# full and obtaining express written permission from Silvaco Inc.            #
#                                                                            #
# To obtain such permission please contact: Silvaco Inc.                     #
#                                           support@silvaco.com              #
#                                                                            #
# KEY=SVC86hn7562asdx                       PROD=345                         #
##############################################################################
y 3 700 711 15
z 1 0.00981003 300
f 4 "source" "drain" "gate" "substrate" 
p 28 61 2 601 20 3 602 21 4 603 22 5 604 23 82 811 911 812 912 821 921 822 922 66 67 68 203 2215 2216 
d 5.000000000e-010 0.000000000e+000 0.000000000e+000 -7.683311484e-005 5.000000000e+000 5.000000000e+000 3.573474626e-005 -9.500000000e+000 -9.500000000e+000 4.140645695e-005 0.000000000e+000 0.000000000e+000 -3.078671739e-007 3.000357387e+002 
d 1.500000000e-009 0.000000000e+000 0.000000000e+000 -1.220776690e-004 5.000000000e+000 5.000000000e+000 8.088759719e-005 -8.500000000e+000 -8.500000000e+000 4.148644586e-005 0.000000000e+000 0.000000000e+000 -2.959167344e-007 3.000361025e+002 
d 3.500000000e-009 0.000000000e+000 0.000000000e+000 -3.310467668e-004 5.000000000e+000 5.000000000e+000 2.887925408e-004 -6.500000000e+000 -6.500000000e+000 4.241213723e-005 0.000000000e+000 0.000000000e+000 -1.546105686e-007 3.000380784e+002 
d 7.500000000e-009 0.000000000e+000 0.000000000e+000 -4.401977278e-002 5.000000000e+000 5.000000000e+000 4.373682513e-002 -2.500000000e+000 -2.500000000e+000 2.827417881e-004 0.000000000e+000 0.000000000e+000 -5.605292869e-007 3.025128935e+002 
d 1.000000000e-008 0.000000000e+000 0.000000000e+000 -1.016568410e-001 5.000000000e+000 5.000000000e+000 1.013800446e-001 0.000000000e+000 0.000000000e+000 2.792746817e-004 0.000000000e+000 0.000000000e+000 -2.472326317e-007 3.046441414e+002 
d 1.100000000e-008 0.000000000e+000 0.000000000e+000 -1.010386248e-001 5.000000000e+000 5.000000000e+000 1.010469232e-001 0.000000000e+000 0.000000000e+000 -2.950864374e-006 0.000000000e+000 0.000000000e+000 -1.019135606e-008 3.049968553e+002 
d 1.300000000e-008 0.000000000e+000 0.000000000e+000 -1.002788689e-001 5.000000000e+000 5.000000000e+000 1.002828264e-001 0.000000000e+000 0.000000000e+000 6.032689108e-007 0.000000000e+000 0.000000000e+000 2.725599788e-009 3.059640208e+002 
d 1.700000000e-008 0.000000000e+000 0.000000000e+000 -9.917880088e-002 5.000000000e+000 5.000000000e+000 9.918245214e-002 0.000000000e+000 0.000000000e+000 3.966344384e-007 0.000000000e+000 0.000000000e+000 2.028577268e-009 3.074441678e+002 
d 2.500000000e-008 0.000000000e+000 0.000000000e+000 -9.768059128e-002 5.000000000e+000 5.000000000e+000 9.768418028e-002 0.000000000e+000 0.000000000e+000 2.216022867e-007 0.000000000e+000 0.000000000e+000 1.387676277e-009 3.094536575e+002 
d 4.100000000e-008 0.000000000e+000 0.000000000e+000 -9.574010478e-002 5.000000000e+000 5.000000000e+000 9.574398236e-002 0.000000000e+000 0.000000000e+000 9.919201502e-008 0.000000000e+000 0.000000000e+000 8.188075580e-010 3.119822383e+002 
d 7.300000000e-008 0.000000000e+000 0.000000000e+000 -9.333550588e-002 5.000000000e+000 5.000000000e+000 9.333885261e-002 0.000000000e+000 0.000000000e+000 3.028043880e-008 0.000000000e+000 0.000000000e+000 4.042429461e-010 3.149867882e+002 
d 1.000000000e-007 0.000000000e+000 0.000000000e+000 -9.199182417e-002 5.000000000e+000 5.000000000e+000 9.199347582e-002 0.000000000e+000 0.000000000e+000 1.060373037e-008 0.000000000e+000 0.000000000e+000 2.656400129e-010 3.166101127e+002 
d 1.100000000e-007 0.000000000e+000 0.000000000e+000 -9.157452727e-002 5.000000000e+000 5.000000000e+000 9.157701839e-002 0.000000000e+000 0.000000000e+000 5.176632319e-009 0.000000000e+000 0.000000000e+000 2.304216390e-010 3.170993213e+002 
d 1.265432894e-007 0.000000000e+000 0.000000000e+000 -9.096503353e-002 5.000000000e+000 5.000000000e+000 9.096695257e-002 0.000000000e+000 0.000000000e+000 3.601668030e-009 0.000000000e+000 0.000000000e+000 1.997099171e-010 3.178199408e+002 
d 1.562612449e-007 0.000000000e+000 0.000000000e+000 -9.003348409e-002 5.000000000e+000 5.000000000e+000 9.003431693e-002 0.000000000e+000 0.000000000e+000 -3.539253538e-010 0.000000000e+000 0.000000000e+000 1.575857929e-010 3.189143331e+002 
d 1.947950673e-007 0.000000000e+000 0.000000000e+000 -8.903489539e-002 5.000000000e+000 5.000000000e+000 8.903491042e-002 0.000000000e+000 0.000000000e+000 -2.109057968e-009 0.000000000e+000 0.000000000e+000 1.288987475e-010 3.200823637e+002 
d 2.363950488e-007 0.000000000e+000 0.000000000e+000 -8.812895207e-002 5.000000000e+000 5.000000000e+000 8.812856083e-002 0.000000000e+000 0.000000000e+000 -2.177495281e-009 0.000000000e+000 0.000000000e+000 1.131144051e-010 3.211457787e+002 
d 2.796618544e-007 0.000000000e+000 0.000000000e+000 -8.731510485e-002 5.000000000e+000 5.000000000e+000 8.731441882e-002 0.000000000e+000 0.000000000e+000 -1.625873013e-009 0.000000000e+000 0.000000000e+000 1.036968996e-010 3.221106881e+002 
d 3.250735626e-007 0.000000000e+000 0.000000000e+000 -8.656321182e-002 5.000000000e+000 5.000000000e+000 8.656219577e-002 0.000000000e+000 0.000000000e+000 -9.204617450e-010 0.000000000e+000 0.000000000e+000 9.712870410e-011 3.230139764e+002 
d 3.728493951e-007 0.000000000e+000 0.000000000e+000 -8.586094656e-002 5.000000000e+000 5.000000000e+000 8.585812379e-002 0.000000000e+000 0.000000000e+000 4.425183312e-011 0.000000000e+000 0.000000000e+000 9.326305499e-011 3.238725728e+002 
d 4.209347620e-007 0.000000000e+000 0.000000000e+000 -8.522542605e-002 5.000000000e+000 5.000000000e+000 8.522178186e-002 0.000000000e+000 0.000000000e+000 6.776924474e-010 0.000000000e+000 0.000000000e+000 8.915030249e-011 3.246612069e+002 
d 4.652038392e-007 0.000000000e+000 0.000000000e+000 -8.469071812e-002 5.000000000e+000 5.000000000e+000 8.468789144e-002 0.000000000e+000 0.000000000e+000 9.911516521e-010 0.000000000e+000 0.000000000e+000 8.498589090e-011 3.253317298e+002 
d 5.068150410e-007 0.000000000e+000 0.000000000e+000 -8.423635133e-002 5.000000000e+000 5.000000000e+000 8.422717558e-002 0.000000000e+000 0.000000000e+000 1.198497776e-009 0.000000000e+000 0.000000000e+000 8.071205571e-011 3.259205057e+002 
d 5.444789647e-007 0.000000000e+000 0.000000000e+000 -8.383882401e-002 5.000000000e+000 5.000000000e+000 8.383374885e-002 0.000000000e+000 0.000000000e+000 1.373091154e-009 0.000000000e+000 0.000000000e+000 7.684673479e-011 3.264229723e+002 
d 5.754651575e-007 0.000000000e+000 0.000000000e+000 -8.352884602e-002 5.000000000e+000 5.000000000e+000 8.352690653e-002 0.000000000e+000 0.000000000e+000 1.231013416e-009 0.000000000e+000 0.000000000e+000 7.426551459e-011 3.268168652e+002 
d 6.079285147e-007 0.000000000e+000 0.000000000e+000 -8.322095310e-002 5.000000000e+000 5.000000000e+000 8.322078555e-002 0.000000000e+000 0.000000000e+000 1.084818877e-009 0.000000000e+000 0.000000000e+000 7.114681555e-011 3.272123772e+002 
d 6.474796567e-007 0.000000000e+000 0.000000000e+000 -8.286510616e-002 5.000000000e+000 5.000000000e+000 8.286647811e-002 0.000000000e+000 0.000000000e+000 9.363840306e-010 0.000000000e+000 0.000000000e+000 6.754006101e-011 3.276725880e+002 
d 6.933305051e-007 0.000000000e+000 0.000000000e+000 -8.247592618e-002 5.000000000e+000 5.000000000e+000 8.247822498e-002 0.000000000e+000 0.000000000e+000 9.112969978e-010 0.000000000e+000 0.000000000e+000 6.419985202e-011 3.281791760e+002 
d 7.404320013e-007 0.000000000e+000 0.000000000e+000 -8.209954712e-002 5.000000000e+000 5.000000000e+000 8.210205059e-002 0.000000000e+000 0.000000000e+000 9.879330932e-010 0.000000000e+000 0.000000000e+000 6.153829020e-011 3.286726206e+002 
d 7.875015710e-007 0.000000000e+000 0.000000000e+000 -8.174464647e-002 5.000000000e+000 5.000000000e+000 8.174710312e-002 0.000000000e+000 0.000000000e+000 1.041167438e-009 0.000000000e+000 0.000000000e+000 5.915428346e-011 3.291413562e+002 
d 8.359134477e-007 0.000000000e+000 0.000000000e+000 -8.139945543e-002 5.000000000e+000 5.000000000e+000 8.140182389e-002 0.000000000e+000 0.000000000e+000 1.074548198e-009 0.000000000e+000 0.000000000e+000 5.691481451e-011 3.296006761e+002 
d 8.867855954e-007 0.000000000e+000 0.000000000e+000 -8.105610052e-002 5.000000000e+000 5.000000000e+000 8.105837090e-002 0.000000000e+000 0.000000000e+000 1.112585995e-009 0.000000000e+000 0.000000000e+000 5.480706410e-011 3.300609457e+002 
d 9.403561941e-007 0.000000000e+000 0.000000000e+000 -8.071373714e-002 5.000000000e+000 5.000000000e+000 8.071589793e-002 0.000000000e+000 0.000000000e+000 1.154404492e-009 0.000000000e+000 0.000000000e+000 5.280900836e-011 3.305232848e+002 
d 9.963934748e-007 0.000000000e+000 0.000000000e+000 -8.037449364e-002 5.000000000e+000 5.000000000e+000 8.037653575e-002 0.000000000e+000 0.000000000e+000 1.192447083e-009 0.000000000e+000 0.000000000e+000 5.090379379e-011 3.309848006e+002 
d 1.000000000e-006 0.000000000e+000 0.000000000e+000 -8.035222701e-002 5.000000000e+000 5.000000000e+000 8.035341609e-002 0.000000000e+000 0.000000000e+000 5.037744221e-009 0.000000000e+000 0.000000000e+000 5.993468853e-011 3.310137443e+002 
d 1.100000000e-006 0.000000000e+000 0.000000000e+000 -7.979272477e-002 5.000000000e+000 5.000000000e+000 7.979460735e-002 0.000000000e+000 0.000000000e+000 1.225567784e-009 0.000000000e+000 0.000000000e+000 4.769981327e-011 3.317859173e+002 
d 1.194550533e-006 0.000000000e+000 0.000000000e+000 -7.930376893e-002 5.000000000e+000 5.000000000e+000 7.930542366e-002 0.000000000e+000 0.000000000e+000 1.303869892e-009 0.000000000e+000 0.000000000e+000 4.534217485e-011 3.324653676e+002 
d 1.260784733e-006 0.000000000e+000 0.000000000e+000 -7.898196618e-002 5.000000000e+000 5.000000000e+000 7.898346629e-002 0.000000000e+000 0.000000000e+000 1.416850026e-009 0.000000000e+000 0.000000000e+000 4.396826712e-011 3.329156831e+002 
d 1.322152813e-006 0.000000000e+000 0.000000000e+000 -7.869834003e-002 5.000000000e+000 5.000000000e+000 7.869972518e-002 0.000000000e+000 0.000000000e+000 1.297931562e-009 0.000000000e+000 0.000000000e+000 4.231392014e-011 3.333160980e+002 
d 1.386235071e-006 0.000000000e+000 0.000000000e+000 -7.841541047e-002 5.000000000e+000 5.000000000e+000 7.841668042e-002 0.000000000e+000 0.000000000e+000 1.264021662e-009 0.000000000e+000 0.000000000e+000 4.089500118e-011 3.337183425e+002 
d 1.453777766e-006 0.000000000e+000 0.000000000e+000 -7.813043036e-002 5.000000000e+000 5.000000000e+000 7.813158327e-002 0.000000000e+000 0.000000000e+000 1.255925272e-009 0.000000000e+000 0.000000000e+000 3.955212728e-011 3.341260993e+002 
d 1.523636649e-006 0.000000000e+000 0.000000000e+000 -7.784862789e-002 5.000000000e+000 5.000000000e+000 7.784970880e-002 0.000000000e+000 0.000000000e+000 1.234666130e-009 0.000000000e+000 0.000000000e+000 3.818338706e-011 3.345316528e+002 
d 1.595061686e-006 0.000000000e+000 0.000000000e+000 -7.757305007e-002 5.000000000e+000 5.000000000e+000 7.757406639e-002 0.000000000e+000 0.000000000e+000 1.211055667e-009 0.000000000e+000 0.000000000e+000 3.687467257e-011 3.349305330e+002 
d 1.668045524e-006 0.000000000e+000 0.000000000e+000 -7.730354646e-002 5.000000000e+000 5.000000000e+000 7.730450411e-002 0.000000000e+000 0.000000000e+000 1.182796184e-009 0.000000000e+000 0.000000000e+000 3.560964241e-011 3.353228324e+002 
d 1.742764603e-006 0.000000000e+000 0.000000000e+000 -7.703933486e-002 5.000000000e+000 5.000000000e+000 7.704023825e-002 0.000000000e+000 0.000000000e+000 1.152619213e-009 0.000000000e+000 0.000000000e+000 3.438784110e-011 3.357095602e+002 
d 1.819342658e-006 0.000000000e+000 0.000000000e+000 -7.677992504e-002 5.000000000e+000 5.000000000e+000 7.678077798e-002 0.000000000e+000 0.000000000e+000 1.121593591e-009 0.000000000e+000 0.000000000e+000 3.320692767e-011 3.360913159e+002 
d 1.897835785e-006 0.000000000e+000 0.000000000e+000 -7.652511953e-002 5.000000000e+000 5.000000000e+000 7.652592548e-002 0.000000000e+000 0.000000000e+000 1.090004245e-009 0.000000000e+000 0.000000000e+000 3.206451472e-011 3.364682830e+002 
d 1.978274119e-006 0.000000000e+000 0.000000000e+000 -7.627483339e-002 5.000000000e+000 5.000000000e+000 7.627559553e-002 0.000000000e+000 0.000000000e+000 1.057988822e-009 0.000000000e+000 0.000000000e+000 3.095910788e-011 3.368404870e+002 
d 2.060688708e-006 0.000000000e+000 0.000000000e+000 -7.602899450e-002 5.000000000e+000 5.000000000e+000 7.602971569e-002 0.000000000e+000 0.000000000e+000 1.025696904e-009 0.000000000e+000 0.000000000e+000 2.988830543e-011 3.372079397e+002 
d 2.145117884e-006 0.000000000e+000 0.000000000e+000 -7.578752329e-002 5.000000000e+000 5.000000000e+000 7.578820606e-002 0.000000000e+000 0.000000000e+000 9.933142244e-010 0.000000000e+000 0.000000000e+000 2.885076584e-011 3.375706686e+002 
d 2.231606038e-006 0.000000000e+000 0.000000000e+000 -7.555033774e-002 5.000000000e+000 5.000000000e+000 7.555098433e-002 0.000000000e+000 0.000000000e+000 9.610075257e-010 0.000000000e+000 0.000000000e+000 2.784515222e-011 3.379287084e+002 
d 2.320201101e-006 0.000000000e+000 0.000000000e+000 -7.531736067e-002 5.000000000e+000 5.000000000e+000 7.531797308e-002 0.000000000e+000 0.000000000e+000 9.289165199e-010 0.000000000e+000 0.000000000e+000 2.687021435e-011 3.382820907e+002 
d 2.410953342e-006 0.000000000e+000 0.000000000e+000 -7.508852217e-002 5.000000000e+000 5.000000000e+000 7.508910221e-002 0.000000000e+000 0.000000000e+000 8.971547756e-010 0.000000000e+000 0.000000000e+000 2.592486866e-011 3.386308393e+002 
d 2.503915208e-006 0.000000000e+000 0.000000000e+000 -7.486375879e-002 5.000000000e+000 5.000000000e+000 7.486430805e-002 0.000000000e+000 0.000000000e+000 8.658151423e-010 0.000000000e+000 0.000000000e+000 2.500813146e-011 3.389749715e+002 
d 2.599141493e-006 0.000000000e+000 0.000000000e+000 -7.464301197e-002 5.000000000e+000 5.000000000e+000 7.464353192e-002 0.000000000e+000 0.000000000e+000 8.349744382e-010 0.000000000e+000 0.000000000e+000 2.411911479e-011 3.393144998e+002 
d 2.696689439e-006 0.000000000e+000 0.000000000e+000 -7.442622692e-002 5.000000000e+000 5.000000000e+000 7.442671888e-002 0.000000000e+000 0.000000000e+000 8.046964449e-010 0.000000000e+000 0.000000000e+000 2.325702174e-011 3.396494337e+002 
d 2.796618736e-006 0.000000000e+000 0.000000000e+000 -7.421335177e-002 5.000000000e+000 5.000000000e+000 7.421381693e-002 0.000000000e+000 0.000000000e+000 7.750338770e-010 0.000000000e+000 0.000000000e+000 2.242113432e-011 3.399797806e+002 
d 2.898991470e-006 0.000000000e+000 0.000000000e+000 -7.400433696e-002 5.000000000e+000 5.000000000e+000 7.400477641e-002 0.000000000e+000 0.000000000e+000 7.460299151e-010 0.000000000e+000 0.000000000e+000 2.161080305e-011 3.403055466e+002 
d 3.003872057e-006 0.000000000e+000 0.000000000e+000 -7.379913470e-002 5.000000000e+000 5.000000000e+000 7.379954945e-002 0.000000000e+000 0.000000000e+000 7.177195246e-010 0.000000000e+000 0.000000000e+000 2.082543731e-011 3.406267372e+002 
d 3.111327169e-006 0.000000000e+000 0.000000000e+000 -7.359769848e-002 5.000000000e+000 5.000000000e+000 7.359808945e-002 0.000000000e+000 0.000000000e+000 6.901306057e-010 0.000000000e+000 0.000000000e+000 2.006449628e-011 3.409433580e+002 
d 3.221425662e-006 0.000000000e+000 0.000000000e+000 -7.339998260e-002 5.000000000e+000 5.000000000e+000 7.340035066e-002 0.000000000e+000 0.000000000e+000 6.632849899e-010 0.000000000e+000 0.000000000e+000 1.932747588e-011 3.412554152e+002 
d 3.334238485e-006 0.000000000e+000 0.000000000e+000 -7.320594180e-002 5.000000000e+000 5.000000000e+000 7.320628775e-002 0.000000000e+000 0.000000000e+000 6.371992038e-010 0.000000000e+000 0.000000000e+000 1.861392149e-011 3.415629164e+002 
d 3.449838584e-006 0.000000000e+000 0.000000000e+000 -7.301553088e-002 5.000000000e+000 5.000000000e+000 7.301585548e-002 0.000000000e+000 0.000000000e+000 6.118852542e-010 0.000000000e+000 0.000000000e+000 1.792339783e-011 3.418658709e+002 
d 3.568300784e-006 0.000000000e+000 0.000000000e+000 -7.282870439e-002 5.000000000e+000 5.000000000e+000 7.282900835e-002 0.000000000e+000 0.000000000e+000 5.873511861e-010 0.000000000e+000 0.000000000e+000 1.725549405e-011 3.421642901e+002 
d 3.689701659e-006 0.000000000e+000 0.000000000e+000 -7.264541636e-002 5.000000000e+000 5.000000000e+000 7.264570036e-002 0.000000000e+000 0.000000000e+000 5.636015991e-010 0.000000000e+000 0.000000000e+000 1.660981744e-011 3.424581882e+002 
d 3.814119377e-006 0.000000000e+000 0.000000000e+000 -7.246562004e-002 5.000000000e+000 5.000000000e+000 7.246588474e-002 0.000000000e+000 0.000000000e+000 5.406380837e-010 0.000000000e+000 0.000000000e+000 1.598598883e-011 3.427475822e+002 
d 3.941633535e-006 0.000000000e+000 0.000000000e+000 -7.228926773e-002 5.000000000e+000 5.000000000e+000 7.228951374e-002 0.000000000e+000 0.000000000e+000 5.184595962e-010 0.000000000e+000 0.000000000e+000 1.538363868e-011 3.430324926e+002 
d 4.072324961e-006 0.000000000e+000 0.000000000e+000 -7.211631054e-002 5.000000000e+000 5.000000000e+000 7.211653847e-002 0.000000000e+000 0.000000000e+000 4.970627801e-010 0.000000000e+000 0.000000000e+000 1.480240333e-011 3.433129435e+002 
d 4.206275496e-006 0.000000000e+000 0.000000000e+000 -7.194669829e-002 5.000000000e+000 5.000000000e+000 7.194690872e-002 0.000000000e+000 0.000000000e+000 4.764422402e-010 0.000000000e+000 0.000000000e+000 1.424192199e-011 3.435889629e+002 
d 4.343567756e-006 0.000000000e+000 0.000000000e+000 -7.178037939e-002 5.000000000e+000 5.000000000e+000 7.178057289e-002 0.000000000e+000 0.000000000e+000 4.565907789e-010 0.000000000e+000 0.000000000e+000 1.370183384e-011 3.438605828e+002 
d 4.484284856e-006 0.000000000e+000 0.000000000e+000 -7.161730069e-002 5.000000000e+000 5.000000000e+000 7.161747781e-002 0.000000000e+000 0.000000000e+000 4.374995979e-010 0.000000000e+000 0.000000000e+000 1.318177555e-011 3.441278395e+002 
d 4.628510117e-006 0.000000000e+000 0.000000000e+000 -7.145740749e-002 5.000000000e+000 5.000000000e+000 7.145756876e-002 0.000000000e+000 0.000000000e+000 4.191584697e-010 0.000000000e+000 0.000000000e+000 1.268137928e-011 3.443907735e+002 
d 4.776326738e-006 0.000000000e+000 0.000000000e+000 -7.130064343e-002 5.000000000e+000 5.000000000e+000 7.130078938e-002 0.000000000e+000 0.000000000e+000 4.015558852e-010 0.000000000e+000 0.000000000e+000 1.220027051e-011 3.446494299e+002 
d 4.927817441e-006 0.000000000e+000 0.000000000e+000 -7.114695055e-002 5.000000000e+000 5.000000000e+000 7.114708169e-002 0.000000000e+000 0.000000000e+000 3.846791800e-010 0.000000000e+000 0.000000000e+000 1.173806649e-011 3.449038583e+002 
d 5.083064096e-006 0.000000000e+000 0.000000000e+000 -7.099626923e-002 5.000000000e+000 5.000000000e+000 7.099638605e-002 0.000000000e+000 0.000000000e+000 3.685146422e-010 0.000000000e+000 0.000000000e+000 1.129437496e-011 3.451541128e+002 
d 5.242147311e-006 0.000000000e+000 0.000000000e+000 -7.084853828e-002 5.000000000e+000 5.000000000e+000 7.084864128e-002 0.000000000e+000 0.000000000e+000 3.530476070e-010 0.000000000e+000 0.000000000e+000 1.086879293e-011 3.454002515e+002 
d 5.405146008e-006 0.000000000e+000 0.000000000e+000 -7.070369501e-002 5.000000000e+000 5.000000000e+000 7.070378466e-002 0.000000000e+000 0.000000000e+000 3.382625378e-010 0.000000000e+000 0.000000000e+000 1.046090588e-011 3.456423374e+002 
d 5.572136975e-006 0.000000000e+000 0.000000000e+000 -7.056167530e-002 5.000000000e+000 5.000000000e+000 7.056175206e-002 0.000000000e+000 0.000000000e+000 3.241430995e-010 0.000000000e+000 0.000000000e+000 1.007028703e-011 3.458804372e+002 
d 5.743194413e-006 0.000000000e+000 0.000000000e+000 -7.042241373e-002 5.000000000e+000 5.000000000e+000 7.042247805e-002 0.000000000e+000 0.000000000e+000 3.106722244e-010 0.000000000e+000 0.000000000e+000 9.696497049e-012 3.461146216e+002 
d 5.918389466e-006 0.000000000e+000 0.000000000e+000 -7.028584372e-002 5.000000000e+000 5.000000000e+000 7.028589604e-002 0.000000000e+000 0.000000000e+000 2.978321734e-010 0.000000000e+000 0.000000000e+000 9.339083865e-012 3.463449651e+002 
d 6.097789761e-006 0.000000000e+000 0.000000000e+000 -7.015189773e-002 5.000000000e+000 5.000000000e+000 7.015193846e-002 0.000000000e+000 0.000000000e+000 2.856045952e-010 0.000000000e+000 0.000000000e+000 8.997582786e-012 3.465715456e+002 
d 6.281458948e-006 0.000000000e+000 0.000000000e+000 -7.002050739e-002 5.000000000e+000 5.000000000e+000 7.002053695e-002 0.000000000e+000 0.000000000e+000 2.739705838e-010 0.000000000e+000 0.000000000e+000 8.671516876e-012 3.467944440e+002 
d 6.469456266e-006 0.000000000e+000 0.000000000e+000 -6.989160377e-002 5.000000000e+000 5.000000000e+000 6.989162255e-002 0.000000000e+000 0.000000000e+000 2.629107372e-010 0.000000000e+000 0.000000000e+000 8.360397560e-012 3.470137439e+002 
d 6.661836133e-006 0.000000000e+000 0.000000000e+000 -6.976511755e-002 5.000000000e+000 5.000000000e+000 6.976512593e-002 0.000000000e+000 0.000000000e+000 2.524052177e-010 0.000000000e+000 0.000000000e+000 8.063725486e-012 3.472295312e+002 
d 6.858647770e-006 0.000000000e+000 0.000000000e+000 -6.964097931e-002 5.000000000e+000 5.000000000e+000 6.964097765e-002 0.000000000e+000 0.000000000e+000 2.424338142e-010 0.000000000e+000 0.000000000e+000 7.780991621e-012 3.474418936e+002 
d 7.059934884e-006 0.000000000e+000 0.000000000e+000 -6.951911973e-002 5.000000000e+000 5.000000000e+000 6.951910839e-002 0.000000000e+000 0.000000000e+000 2.329760087e-010 0.000000000e+000 0.000000000e+000 7.511678572e-012 3.476509204e+002 
d 7.265735400e-006 0.000000000e+000 0.000000000e+000 -6.939946990e-002 5.000000000e+000 5.000000000e+000 6.939944919e-002 0.000000000e+000 0.000000000e+000 2.240110465e-010 0.000000000e+000 0.000000000e+000 7.255262137e-012 3.478567015e+002 
d 7.476081264e-006 0.000000000e+000 0.000000000e+000 -6.928196151e-002 5.000000000e+000 5.000000000e+000 6.928193176e-002 0.000000000e+000 0.000000000e+000 2.155180090e-010 0.000000000e+000 0.000000000e+000 7.011212997e-012 3.480593275e+002 
d 7.690998324e-006 0.000000000e+000 0.000000000e+000 -6.916652716e-002 5.000000000e+000 5.000000000e+000 6.916648867e-002 0.000000000e+000 0.000000000e+000 2.074758908e-010 0.000000000e+000 0.000000000e+000 6.778998625e-012 3.482588887e+002 
d 7.910506288e-006 0.000000000e+000 0.000000000e+000 -6.905310060e-002 5.000000000e+000 5.000000000e+000 6.905305365e-002 0.000000000e+000 0.000000000e+000 1.998636797e-010 0.000000000e+000 0.000000000e+000 6.558085285e-012 3.484554751e+002 
d 8.134618774e-006 0.000000000e+000 0.000000000e+000 -6.894161693e-002 5.000000000e+000 5.000000000e+000 6.894156179e-002 0.000000000e+000 0.000000000e+000 1.926604378e-010 0.000000000e+000 0.000000000e+000 6.347940161e-012 3.486491755e+002 
d 8.363343442e-006 0.000000000e+000 0.000000000e+000 -6.883201289e-002 5.000000000e+000 5.000000000e+000 6.883194982e-002 0.000000000e+000 0.000000000e+000 1.858453851e-010 0.000000000e+000 0.000000000e+000 6.148033513e-012 3.488400773e+002 
d 8.596682220e-006 0.000000000e+000 0.000000000e+000 -6.872422701e-002 5.000000000e+000 5.000000000e+000 6.872415624e-002 0.000000000e+000 0.000000000e+000 1.793979813e-010 0.000000000e+000 0.000000000e+000 5.957840873e-012 3.490282662e+002 
d 8.834631609e-006 0.000000000e+000 0.000000000e+000 -6.861819981e-002 5.000000000e+000 5.000000000e+000 6.861812156e-002 0.000000000e+000 0.000000000e+000 1.732980077e-010 0.000000000e+000 0.000000000e+000 5.776845216e-012 3.492138252e+002 
d 9.077183066e-006 0.000000000e+000 0.000000000e+000 -6.851387397e-002 5.000000000e+000 5.000000000e+000 6.851378847e-002 0.000000000e+000 0.000000000e+000 1.675256451e-010 0.000000000e+000 0.000000000e+000 5.604539049e-012 3.493968351e+002 
d 9.324323462e-006 0.000000000e+000 0.000000000e+000 -6.841119448e-002 5.000000000e+000 5.000000000e+000 6.841110193e-002 0.000000000e+000 0.000000000e+000 1.620615485e-010 0.000000000e+000 0.000000000e+000 5.440426408e-012 3.495773735e+002 
d 9.576035593e-006 0.000000000e+000 0.000000000e+000 -6.831010719e-002 5.000000000e+000 5.000000000e+000 6.831000812e-002 0.000000000e+000 0.000000000e+000 1.568938820e-010 0.000000000e+000 0.000000000e+000 5.284056387e-012 3.497555151e+002 
d 9.832342413e-006 0.000000000e+000 0.000000000e+000 -6.821054851e-002 5.000000000e+000 5.000000000e+000 6.821044268e-002 0.000000000e+000 0.000000000e+000 1.519952925e-010 0.000000000e+000 0.000000000e+000 5.134909281e-012 3.499313604e+002 
d 1.000000000e-005 0.000000000e+000 0.000000000e+000 -6.814683195e-002 5.000000000e+000 5.000000000e+000 6.814685878e-002 0.000000000e+000 0.000000000e+000 1.592085031e-010 0.000000000e+000 0.000000000e+000 5.060824734e-012 3.500435110e+002 
d 1.100000000e-005 0.000000000e+000 0.000000000e+000 -6.779715594e-002 5.000000000e+000 5.000000000e+000 6.779360604e-002 0.000000000e+000 0.000000000e+000 1.327514755e-010 0.000000000e+000 0.000000000e+000 4.550774765e-012 3.506717208e+002 
d 1.151744563e-005 0.000000000e+000 0.000000000e+000 -6.762694339e-002 5.000000000e+000 5.000000000e+000 6.762617411e-002 0.000000000e+000 0.000000000e+000 1.409768749e-010 0.000000000e+000 0.000000000e+000 4.357443292e-012 3.509716049e+002 
d 1.178271511e-005 0.000000000e+000 0.000000000e+000 -6.754343385e-002 5.000000000e+000 5.000000000e+000 6.754331793e-002 0.000000000e+000 0.000000000e+000 1.369647910e-010 0.000000000e+000 0.000000000e+000 4.264197102e-012 3.511197159e+002 
d 1.202416697e-005 0.000000000e+000 0.000000000e+000 -6.747002009e-002 5.000000000e+000 5.000000000e+000 6.746994600e-002 0.000000000e+000 0.000000000e+000 1.218980060e-010 0.000000000e+000 0.000000000e+000 4.159679640e-012 3.512514636e+002 
d 1.229503203e-005 0.000000000e+000 0.000000000e+000 -6.738983142e-002 5.000000000e+000 5.000000000e+000 6.738971439e-002 0.000000000e+000 0.000000000e+000 1.163796483e-010 0.000000000e+000 0.000000000e+000 4.061639712e-012 3.513959205e+002 
d 1.259227095e-005 0.000000000e+000 0.000000000e+000 -6.730412997e-002 5.000000000e+000 5.000000000e+000 6.730397073e-002 0.000000000e+000 0.000000000e+000 1.137988110e-010 0.000000000e+000 0.000000000e+000 3.964523506e-012 3.515505658e+002 
d 1.290064247e-005 0.000000000e+000 0.000000000e+000 -6.721759748e-002 5.000000000e+000 5.000000000e+000 6.721742083e-002 0.000000000e+000 0.000000000e+000 1.115955655e-010 0.000000000e+000 0.000000000e+000 3.869078168e-012 3.517069281e+002 
d 1.321210098e-005 0.000000000e+000 0.000000000e+000 -6.713255353e-002 5.000000000e+000 5.000000000e+000 6.713237366e-002 0.000000000e+000 0.000000000e+000 1.090906635e-010 0.000000000e+000 0.000000000e+000 3.776504627e-012 3.518608578e+002 
d 1.352563415e-005 0.000000000e+000 0.000000000e+000 -6.704923123e-002 5.000000000e+000 5.000000000e+000 6.704905000e-002 0.000000000e+000 0.000000000e+000 1.064032982e-010 0.000000000e+000 0.000000000e+000 3.687048096e-012 3.520119563e+002 
d 1.384242641e-005 0.000000000e+000 0.000000000e+000 -6.696726489e-002 5.000000000e+000 5.000000000e+000 6.696708035e-002 0.000000000e+000 0.000000000e+000 1.037423930e-010 0.000000000e+000 0.000000000e+000 3.600478700e-012 3.521608832e+002 
d 1.416335696e-005 0.000000000e+000 0.000000000e+000 -6.688639509e-002 5.000000000e+000 5.000000000e+000 6.688620582e-002 0.000000000e+000 0.000000000e+000 1.011911697e-010 0.000000000e+000 0.000000000e+000 3.516509214e-012 3.523080961e+002 
d 1.448866012e-005 0.000000000e+000 0.000000000e+000 -6.680654421e-002 5.000000000e+000 5.000000000e+000 6.680634989e-002 0.000000000e+000 0.000000000e+000 9.874790942e-011 0.000000000e+000 0.000000000e+000 3.434921024e-012 3.524537229e+002 
d 1.481827401e-005 0.000000000e+000 0.000000000e+000 -6.672771374e-002 5.000000000e+000 5.000000000e+000 6.672751455e-002 0.000000000e+000 0.000000000e+000 9.639126685e-011 0.000000000e+000 0.000000000e+000 3.355554529e-012 3.525977502e+002 
d 1.515211286e-005 0.000000000e+000 0.000000000e+000 -6.664991172e-002 5.000000000e+000 5.000000000e+000 6.664970791e-002 0.000000000e+000 0.000000000e+000 9.410655276e-011 0.000000000e+000 0.000000000e+000 3.278276972e-012 3.527401539e+002 
d 1.549014466e-005 0.000000000e+000 0.000000000e+000 -6.657313403e-002 5.000000000e+000 5.000000000e+000 6.657292573e-002 0.000000000e+000 0.000000000e+000 9.188692909e-011 0.000000000e+000 0.000000000e+000 3.202966237e-012 3.528809324e+002 
d 1.583237520e-005 0.000000000e+000 0.000000000e+000 -6.649736908e-002 5.000000000e+000 5.000000000e+000 6.649715639e-002 0.000000000e+000 0.000000000e+000 8.972877434e-011 0.000000000e+000 0.000000000e+000 3.129508014e-012 3.530200981e+002 
d 1.617882192e-005 0.000000000e+000 0.000000000e+000 -6.642260430e-002 5.000000000e+000 5.000000000e+000 6.642238728e-002 0.000000000e+000 0.000000000e+000 8.762890079e-011 0.000000000e+000 0.000000000e+000 3.057797327e-012 3.531576652e+002 
d 1.652950272e-005 0.000000000e+000 0.000000000e+000 -6.634882862e-002 5.000000000e+000 5.000000000e+000 6.634860736e-002 0.000000000e+000 0.000000000e+000 8.558395409e-011 0.000000000e+000 0.000000000e+000 2.987738949e-012 3.532936454e+002 
d 1.688443524e-005 0.000000000e+000 0.000000000e+000 -6.627603248e-002 5.000000000e+000 5.000000000e+000 6.627580706e-002 0.000000000e+000 0.000000000e+000 8.359062441e-011 0.000000000e+000 0.000000000e+000 2.919246510e-012 3.534280477e+002 
d 1.724363895e-005 0.000000000e+000 0.000000000e+000 -6.620420722e-002 5.000000000e+000 5.000000000e+000 6.620397773e-002 0.000000000e+000 0.000000000e+000 8.164587016e-011 0.000000000e+000 0.000000000e+000 2.852242140e-012 3.535608797e+002 
d 1.760713638e-005 0.000000000e+000 0.000000000e+000 -6.613334475e-002 5.000000000e+000 5.000000000e+000 6.613311126e-002 0.000000000e+000 0.000000000e+000 7.974697298e-011 0.000000000e+000 0.000000000e+000 2.786655466e-012 3.536921482e+002 
d 1.797495337e-005 0.000000000e+000 0.000000000e+000 -6.606343737e-002 5.000000000e+000 5.000000000e+000 6.606319998e-002 0.000000000e+000 0.000000000e+000 7.789150625e-011 0.000000000e+000 0.000000000e+000 2.722422917e-012 3.538218592e+002 
d 1.834711881e-005 0.000000000e+000 0.000000000e+000 -6.599447782e-002 5.000000000e+000 5.000000000e+000 6.599423660e-002 0.000000000e+000 0.000000000e+000 7.607729087e-011 0.000000000e+000 0.000000000e+000 2.659487036e-012 3.539500185e+002 
d 1.872366446e-005 0.000000000e+000 0.000000000e+000 -6.592645920e-002 5.000000000e+000 5.000000000e+000 6.592621424e-002 0.000000000e+000 0.000000000e+000 7.430236213e-011 0.000000000e+000 0.000000000e+000 2.597795926e-012 3.540766308e+002 
d 1.910462478e-005 0.000000000e+000 0.000000000e+000 -6.585937494e-002 5.000000000e+000 5.000000000e+000 6.585912630e-002 0.000000000e+000 0.000000000e+000 7.255863779e-011 0.000000000e+000 0.000000000e+000 2.537275750e-012 3.542017009e+002 
d 1.949003780e-005 0.000000000e+000 0.000000000e+000 -6.579321864e-002 5.000000000e+000 5.000000000e+000 6.579296643e-002 0.000000000e+000 0.000000000e+000 7.085746158e-011 0.000000000e+000 0.000000000e+000 2.477938869e-012 3.543252331e+002 
d 1.987994513e-005 0.000000000e+000 0.000000000e+000 -6.572798398e-002 5.000000000e+000 5.000000000e+000 6.572772826e-002 0.000000000e+000 0.000000000e+000 6.919048376e-011 0.000000000e+000 0.000000000e+000 2.419718076e-012 3.544472318e+002 
d 2.027438767e-005 0.000000000e+000 0.000000000e+000 -6.566366539e-002 5.000000000e+000 5.000000000e+000 6.566340626e-002 0.000000000e+000 0.000000000e+000 6.755673855e-011 0.000000000e+000 0.000000000e+000 2.362579499e-012 3.545677000e+002 
d 2.067340901e-005 0.000000000e+000 0.000000000e+000 -6.560026131e-002 5.000000000e+000 5.000000000e+000 6.559999517e-002 0.000000000e+000 0.000000000e+000 6.597934433e-011 0.000000000e+000 0.000000000e+000 2.306611001e-012 3.546866409e+002 
d 2.107686766e-005 0.000000000e+000 0.000000000e+000 -6.553781874e-002 5.000000000e+000 5.000000000e+000 6.553752544e-002 0.000000000e+000 0.000000000e+000 6.483787569e-011 0.000000000e+000 0.000000000e+000 2.253684409e-012 3.548040056e+002 
d 2.148310449e-005 0.000000000e+000 0.000000000e+000 -6.547656299e-002 5.000000000e+000 5.000000000e+000 6.547624630e-002 0.000000000e+000 0.000000000e+000 6.362043398e-011 0.000000000e+000 0.000000000e+000 2.201363035e-012 3.549193238e+002 
d 2.188854436e-005 0.000000000e+000 0.000000000e+000 -6.541698759e-002 5.000000000e+000 5.000000000e+000 6.541665478e-002 0.000000000e+000 0.000000000e+000 6.244061519e-011 0.000000000e+000 0.000000000e+000 2.150555795e-012 3.550316449e+002 
d 2.229176913e-005 0.000000000e+000 0.000000000e+000 -6.535923758e-002 5.000000000e+000 5.000000000e+000 6.535889286e-002 0.000000000e+000 0.000000000e+000 6.124077494e-011 0.000000000e+000 0.000000000e+000 2.101293840e-012 3.551406873e+002 
d 2.269305149e-005 0.000000000e+000 0.000000000e+000 -6.530320700e-002 5.000000000e+000 5.000000000e+000 6.530285189e-002 0.000000000e+000 0.000000000e+000 6.003421492e-011 0.000000000e+000 0.000000000e+000 2.053498196e-012 3.552466421e+002 
d 2.309312434e-005 0.000000000e+000 0.000000000e+000 -6.524873306e-002 5.000000000e+000 5.000000000e+000 6.524836824e-002 0.000000000e+000 0.000000000e+000 5.883902948e-011 0.000000000e+000 0.000000000e+000 2.007047348e-012 3.553498047e+002 
d 2.349259692e-005 0.000000000e+000 0.000000000e+000 -6.519568103e-002 5.000000000e+000 5.000000000e+000 6.519530723e-002 0.000000000e+000 0.000000000e+000 5.766184950e-011 0.000000000e+000 0.000000000e+000 1.961830173e-012 3.554504173e+002 
d 2.389189468e-005 0.000000000e+000 0.000000000e+000 -6.514394996e-002 5.000000000e+000 5.000000000e+000 6.514356809e-002 0.000000000e+000 0.000000000e+000 5.650213410e-011 0.000000000e+000 0.000000000e+000 1.917756778e-012 3.555486593e+002 
d 2.429135382e-005 0.000000000e+000 0.000000000e+000 -6.509345756e-002 5.000000000e+000 5.000000000e+000 6.509306857e-002 0.000000000e+000 0.000000000e+000 5.535783737e-011 0.000000000e+000 0.000000000e+000 1.874752448e-012 3.556446765e+002 
d 2.469128954e-005 0.000000000e+000 0.000000000e+000 -6.504412993e-002 5.000000000e+000 5.000000000e+000 6.504373473e-002 0.000000000e+000 0.000000000e+000 5.422757839e-011 0.000000000e+000 0.000000000e+000 1.832751133e-012 3.557386000e+002 
d 2.509201576e-005 0.000000000e+000 0.000000000e+000 -6.499589848e-002 5.000000000e+000 5.000000000e+000 6.499549789e-002 0.000000000e+000 0.000000000e+000 5.311067691e-011 0.000000000e+000 0.000000000e+000 1.791692586e-012 3.558305518e+002 
d 2.549384283e-005 0.000000000e+000 0.000000000e+000 -6.494869973e-002 5.000000000e+000 5.000000000e+000 6.494829452e-002 0.000000000e+000 0.000000000e+000 5.200673213e-011 0.000000000e+000 0.000000000e+000 1.751521649e-012 3.559206449e+002 
d 2.589707330e-005 0.000000000e+000 0.000000000e+000 -6.490247550e-002 5.000000000e+000 5.000000000e+000 6.490206638e-002 0.000000000e+000 0.000000000e+000 5.091538409e-011 0.000000000e+000 0.000000000e+000 1.712188037e-012 3.560089831e+002 
d 2.630200131e-005 0.000000000e+000 0.000000000e+000 -6.485717254e-002 5.000000000e+000 5.000000000e+000 6.485676020e-002 0.000000000e+000 0.000000000e+000 4.983626578e-011 0.000000000e+000 0.000000000e+000 1.673645972e-012 3.560956612e+002 
d 2.670891420e-005 0.000000000e+000 0.000000000e+000 -6.481274206e-002 5.000000000e+000 5.000000000e+000 6.481232714e-002 0.000000000e+000 0.000000000e+000 4.876902248e-011 0.000000000e+000 0.000000000e+000 1.635853683e-012 3.561807663e+002 
d 2.711809467e-005 0.000000000e+000 0.000000000e+000 -6.476913921e-002 5.000000000e+000 5.000000000e+000 6.476872230e-002 0.000000000e+000 0.000000000e+000 4.771332921e-011 0.000000000e+000 0.000000000e+000 1.598772947e-012 3.562643784e+002 
d 2.752982246e-005 0.000000000e+000 0.000000000e+000 -6.472632258e-002 5.000000000e+000 5.000000000e+000 6.472590427e-002 0.000000000e+000 0.000000000e+000 4.666889378e-011 0.000000000e+000 0.000000000e+000 1.562368680e-012 3.563465714e+002 
d 2.794437582e-005 0.000000000e+000 0.000000000e+000 -6.468425392e-002 5.000000000e+000 5.000000000e+000 6.468383474e-002 0.000000000e+000 0.000000000e+000 4.563545337e-011 0.000000000e+000 0.000000000e+000 1.526608570e-012 3.564274137e+002 
d 2.836203273e-005 0.000000000e+000 0.000000000e+000 -6.464289781e-002 5.000000000e+000 5.000000000e+000 6.464247826e-002 0.000000000e+000 0.000000000e+000 4.461277001e-011 0.000000000e+000 0.000000000e+000 1.491462843e-012 3.565069686e+002 
d 2.878307207e-005 0.000000000e+000 0.000000000e+000 -6.460222139e-002 5.000000000e+000 5.000000000e+000 6.460180195e-002 0.000000000e+000 0.000000000e+000 4.360062239e-011 0.000000000e+000 0.000000000e+000 1.456903976e-012 3.565852947e+002 
d 2.920777480e-005 0.000000000e+000 0.000000000e+000 -6.456219412e-002 5.000000000e+000 5.000000000e+000 6.456177525e-002 0.000000000e+000 0.000000000e+000 4.259881815e-011 0.000000000e+000 0.000000000e+000 1.422906498e-012 3.566624467e+002 
d 2.963642510e-005 0.000000000e+000 0.000000000e+000 -6.452278760e-002 5.000000000e+000 5.000000000e+000 6.452236973e-002 0.000000000e+000 0.000000000e+000 4.160718193e-011 0.000000000e+000 0.000000000e+000 1.389446814e-012 3.567384753e+002 
d 3.006931139e-005 0.000000000e+000 0.000000000e+000 -6.448397538e-002 5.000000000e+000 5.000000000e+000 6.448355891e-002 0.000000000e+000 0.000000000e+000 4.062555416e-011 0.000000000e+000 0.000000000e+000 1.356503021e-012 3.568134278e+002 
d 3.050672743e-005 0.000000000e+000 0.000000000e+000 -6.444573279e-002 5.000000000e+000 5.000000000e+000 6.444531810e-002 0.000000000e+000 0.000000000e+000 3.965379012e-011 0.000000000e+000 0.000000000e+000 1.324054749e-012 3.568873484e+002 
d 3.094897347e-005 0.000000000e+000 0.000000000e+000 -6.440803679e-002 5.000000000e+000 5.000000000e+000 6.440762423e-002 0.000000000e+000 0.000000000e+000 3.869175981e-011 0.000000000e+000 0.000000000e+000 1.292083053e-012 3.569602783e+002 
d 3.139635729e-005 0.000000000e+000 0.000000000e+000 -6.437086585e-002 5.000000000e+000 5.000000000e+000 6.437045578e-002 0.000000000e+000 0.000000000e+000 3.773934703e-011 0.000000000e+000 0.000000000e+000 1.260570287e-012 3.570322559e+002 
d 3.184919537e-005 0.000000000e+000 0.000000000e+000 -6.433419986e-002 5.000000000e+000 5.000000000e+000 6.433379258e-002 0.000000000e+000 0.000000000e+000 3.679644858e-011 0.000000000e+000 0.000000000e+000 1.229499998e-012 3.571033172e+002 
d 3.230781396e-005 0.000000000e+000 0.000000000e+000 -6.429801999e-002 5.000000000e+000 5.000000000e+000 6.429761580e-002 0.000000000e+000 0.000000000e+000 3.586297345e-011 0.000000000e+000 0.000000000e+000 1.198856860e-012 3.571734959e+002 
d 3.277255033e-005 0.000000000e+000 0.000000000e+000 -6.426230863e-002 5.000000000e+000 5.000000000e+000 6.426190781e-002 0.000000000e+000 0.000000000e+000 3.493884226e-011 0.000000000e+000 0.000000000e+000 1.168626563e-012 3.572428235e+002 
d 3.324375392e-005 0.000000000e+000 0.000000000e+000 -6.422704929e-002 5.000000000e+000 5.000000000e+000 6.422665211e-002 0.000000000e+000 0.000000000e+000 3.402398671e-011 0.000000000e+000 0.000000000e+000 1.138795767e-012 3.573113293e+002 
d 3.372178763e-005 0.000000000e+000 0.000000000e+000 -6.419222658e-002 5.000000000e+000 5.000000000e+000 6.419183327e-002 0.000000000e+000 0.000000000e+000 3.311834931e-011 0.000000000e+000 0.000000000e+000 1.109352028e-012 3.573790410e+002 
d 3.420702916e-005 0.000000000e+000 0.000000000e+000 -6.415782607e-002 5.000000000e+000 5.000000000e+000 6.415743685e-002 0.000000000e+000 0.000000000e+000 3.222188295e-011 0.000000000e+000 0.000000000e+000 1.080283751e-012 3.574459841e+002 
d 3.469987238e-005 0.000000000e+000 0.000000000e+000 -6.412383431e-002 5.000000000e+000 5.000000000e+000 6.412344939e-002 0.000000000e+000 0.000000000e+000 3.133455069e-011 0.000000000e+000 0.000000000e+000 1.051580147e-012 3.575121827e+002 
d 3.520072884e-005 0.000000000e+000 0.000000000e+000 -6.409023873e-002 5.000000000e+000 5.000000000e+000 6.408985830e-002 0.000000000e+000 0.000000000e+000 3.045632564e-011 0.000000000e+000 0.000000000e+000 1.023231185e-012 3.575776591e+002 
d 3.571002927e-005 0.000000000e+000 0.000000000e+000 -6.405702767e-002 5.000000000e+000 5.000000000e+000 6.405665190e-002 0.000000000e+000 0.000000000e+000 2.958719086e-011 0.000000000e+000 0.000000000e+000 9.952275499e-013 3.576424340e+002 
d 3.622822533e-005 0.000000000e+000 0.000000000e+000 -6.402419025e-002 5.000000000e+000 5.000000000e+000 6.402381930e-002 0.000000000e+000 0.000000000e+000 2.872713919e-011 0.000000000e+000 0.000000000e+000 9.675606353e-013 3.577065266e+002 
d 3.675579127e-005 0.000000000e+000 0.000000000e+000 -6.399171645e-002 5.000000000e+000 5.000000000e+000 6.399135044e-002 0.000000000e+000 0.000000000e+000 2.787617364e-011 0.000000000e+000 0.000000000e+000 9.402224968e-013 3.577699547e+002 
d 3.729322589e-005 0.000000000e+000 0.000000000e+000 -6.395959699e-002 5.000000000e+000 5.000000000e+000 6.395923605e-002 0.000000000e+000 0.000000000e+000 2.703430721e-011 0.000000000e+000 0.000000000e+000 9.132058471e-013 3.578327345e+002 
d 3.784105449e-005 0.000000000e+000 0.000000000e+000 -6.392782340e-002 5.000000000e+000 5.000000000e+000 6.392746762e-002 0.000000000e+000 0.000000000e+000 2.620156321e-011 0.000000000e+000 0.000000000e+000 8.865040396e-013 3.578948810e+002 
d 3.839983102e-005 0.000000000e+000 0.000000000e+000 -6.389638795e-002 5.000000000e+000 5.000000000e+000 6.389603742e-002 0.000000000e+000 0.000000000e+000 2.537797547e-011 0.000000000e+000 0.000000000e+000 8.601110504e-013 3.579564074e+002 
d 3.897014036e-005 0.000000000e+000 0.000000000e+000 -6.386528368e-002 5.000000000e+000 5.000000000e+000 6.386493847e-002 0.000000000e+000 0.000000000e+000 2.456358881e-011 0.000000000e+000 0.000000000e+000 8.340214859e-013 3.580173259e+002 
d 3.955260075e-005 0.000000000e+000 0.000000000e+000 -6.383450438e-002 5.000000000e+000 5.000000000e+000 6.383416454e-002 0.000000000e+000 0.000000000e+000 2.375845925e-011 0.000000000e+000 0.000000000e+000 8.082305698e-013 3.580776471e+002 
d 4.014786633e-005 0.000000000e+000 0.000000000e+000 -6.380404463e-002 5.000000000e+000 5.000000000e+000 6.380371018e-002 0.000000000e+000 0.000000000e+000 2.296265476e-011 0.000000000e+000 0.000000000e+000 7.827341566e-013 3.581373800e+002 
d 4.075662993e-005 0.000000000e+000 0.000000000e+000 -6.377389977e-002 5.000000000e+000 5.000000000e+000 6.377357073e-002 0.000000000e+000 0.000000000e+000 2.217625561e-011 0.000000000e+000 0.000000000e+000 7.575287365e-013 3.581965323e+002 
d 4.137962594e-005 0.000000000e+000 0.000000000e+000 -6.374406596e-002 5.000000000e+000 5.000000000e+000 6.374374232e-002 0.000000000e+000 0.000000000e+000 2.139935517e-011 0.000000000e+000 0.000000000e+000 7.326114535e-013 3.582551101e+002 
d 4.201763339e-005 0.000000000e+000 0.000000000e+000 -6.371454019e-002 5.000000000e+000 5.000000000e+000 6.371422192e-002 0.000000000e+000 0.000000000e+000 2.063206065e-011 0.000000000e+000 0.000000000e+000 7.079801198e-013 3.583131180e+002 
d 4.267147912e-005 0.000000000e+000 0.000000000e+000 -6.368532030e-002 5.000000000e+000 5.000000000e+000 6.368500737e-002 0.000000000e+000 0.000000000e+000 1.987449388e-011 0.000000000e+000 0.000000000e+000 6.836332442e-013 3.583705589e+002 
d 4.334204120e-005 0.000000000e+000 0.000000000e+000 -6.365640507e-002 5.000000000e+000 5.000000000e+000 6.365609739e-002 0.000000000e+000 0.000000000e+000 1.912679231e-011 0.000000000e+000 0.000000000e+000 6.595700623e-013 3.584274337e+002 
d 4.403025237e-005 0.000000000e+000 0.000000000e+000 -6.362779420e-002 5.000000000e+000 5.000000000e+000 6.362749171e-002 0.000000000e+000 0.000000000e+000 1.838911008e-011 0.000000000e+000 0.000000000e+000 6.357905660e-013 3.584837419e+002 
d 4.473710361e-005 0.000000000e+000 0.000000000e+000 -6.359948842e-002 5.000000000e+000 5.000000000e+000 6.359919101e-002 0.000000000e+000 0.000000000e+000 1.766161936e-011 0.000000000e+000 0.000000000e+000 6.122956411e-013 3.585394806e+002 
d 4.546364775e-005 0.000000000e+000 0.000000000e+000 -6.357148956e-002 5.000000000e+000 5.000000000e+000 6.357119710e-002 0.000000000e+000 0.000000000e+000 1.694451199e-011 0.000000000e+000 0.000000000e+000 5.890871639e-013 3.585946451e+002 
d 4.621100310e-005 0.000000000e+000 0.000000000e+000 -6.354380056e-002 5.000000000e+000 5.000000000e+000 6.354351292e-002 0.000000000e+000 0.000000000e+000 1.623799726e-011 0.000000000e+000 0.000000000e+000 5.661673135e-013 3.586492282e+002 
d 4.698035696e-005 0.000000000e+000 0.000000000e+000 -6.351642565e-002 5.000000000e+000 5.000000000e+000 6.351614267e-002 0.000000000e+000 0.000000000e+000 1.554230797e-011 0.000000000e+000 0.000000000e+000 5.435396784e-013 3.587032206e+002 
d 4.777296895e-005 0.000000000e+000 0.000000000e+000 -6.348937035e-002 5.000000000e+000 5.000000000e+000 6.348909184e-002 0.000000000e+000 0.000000000e+000 1.485769964e-011 0.000000000e+000 0.000000000e+000 5.212088262e-013 3.587566099e+002 
d 4.859017409e-005 0.000000000e+000 0.000000000e+000 -6.346264161e-002 5.000000000e+000 5.000000000e+000 6.346236739e-002 0.000000000e+000 0.000000000e+000 1.418445207e-011 0.000000000e+000 0.000000000e+000 4.991804371e-013 3.588093813e+002 
d 4.943338536e-005 0.000000000e+000 0.000000000e+000 -6.343624793e-002 5.000000000e+000 5.000000000e+000 6.343597779e-002 0.000000000e+000 0.000000000e+000 1.352287055e-011 0.000000000e+000 0.000000000e+000 4.774613649e-013 3.588615169e+002 
d 5.030409575e-005 0.000000000e+000 0.000000000e+000 -6.341019942e-002 5.000000000e+000 5.000000000e+000 6.340993314e-002 0.000000000e+000 0.000000000e+000 1.287328708e-011 0.000000000e+000 0.000000000e+000 4.560597238e-013 3.589129953e+002 
d 5.120387944e-005 0.000000000e+000 0.000000000e+000 -6.338450794e-002 5.000000000e+000 5.000000000e+000 6.338424529e-002 0.000000000e+000 0.000000000e+000 1.223606116e-011 0.000000000e+000 0.000000000e+000 4.349849586e-013 3.589637921e+002 
d 5.213439207e-005 0.000000000e+000 0.000000000e+000 -6.335918721e-002 5.000000000e+000 5.000000000e+000 6.335892795e-002 0.000000000e+000 0.000000000e+000 1.161158042e-011 0.000000000e+000 0.000000000e+000 4.142479081e-013 3.590138787e+002 
d 5.309736981e-005 0.000000000e+000 0.000000000e+000 -6.333425285e-002 5.000000000e+000 5.000000000e+000 6.333399675e-002 0.000000000e+000 0.000000000e+000 1.100026050e-011 0.000000000e+000 0.000000000e+000 3.938608713e-013 3.590632231e+002 
d 5.409462714e-005 0.000000000e+000 0.000000000e+000 -6.330972248e-002 5.000000000e+000 5.000000000e+000 6.330946931e-002 0.000000000e+000 0.000000000e+000 1.040254446e-011 0.000000000e+000 0.000000000e+000 3.738376381e-013 3.591117891e+002 
d 5.512805327e-005 0.000000000e+000 0.000000000e+000 -6.328561578e-002 5.000000000e+000 5.000000000e+000 6.328536530e-002 0.000000000e+000 0.000000000e+000 9.818901115e-012 0.000000000e+000 0.000000000e+000 3.541935077e-013 3.591595366e+002 
d 5.619960709e-005 0.000000000e+000 0.000000000e+000 -6.326195441e-002 5.000000000e+000 5.000000000e+000 6.326170643e-002 0.000000000e+000 0.000000000e+000 9.249822370e-012 0.000000000e+000 0.000000000e+000 3.349452638e-013 3.592064212e+002 
d 5.731131103e-005 0.000000000e+000 0.000000000e+000 -6.323876203e-002 5.000000000e+000 5.000000000e+000 6.323851635e-002 0.000000000e+000 0.000000000e+000 8.695819079e-012 0.000000000e+000 0.000000000e+000 3.161111055e-013 3.592523948e+002 
d 5.846524406e-005 0.000000000e+000 0.000000000e+000 -6.321606410e-002 5.000000000e+000 5.000000000e+000 6.321582056e-002 0.000000000e+000 0.000000000e+000 8.157415494e-012 0.000000000e+000 0.000000000e+000 2.977105259e-013 3.592974057e+002 
d 5.966353460e-005 0.000000000e+000 0.000000000e+000 -6.319388768e-002 5.000000000e+000 5.000000000e+000 6.319364615e-002 0.000000000e+000 0.000000000e+000 7.635142035e-012 0.000000000e+000 0.000000000e+000 2.797641128e-013 3.593413988e+002 
d 6.090835413e-005 0.000000000e+000 0.000000000e+000 -6.317226112e-002 5.000000000e+000 5.000000000e+000 6.317202152e-002 0.000000000e+000 0.000000000e+000 7.129526221e-012 0.000000000e+000 0.000000000e+000 2.622932890e-013 3.593843164e+002 
d 6.220191289e-005 0.000000000e+000 0.000000000e+000 -6.315121363e-002 5.000000000e+000 5.000000000e+000 6.315097593e-002 0.000000000e+000 0.000000000e+000 6.641082367e-012 0.000000000e+000 0.000000000e+000 2.453199720e-013 3.594260992e+002 
d 6.354645883e-005 0.000000000e+000 0.000000000e+000 -6.313077478e-002 5.000000000e+000 5.000000000e+000 6.313053900e-002 0.000000000e+000 0.000000000e+000 6.170299702e-012 0.000000000e+000 0.000000000e+000 2.288661564e-013 3.594666872e+002 
d 6.494428149e-005 0.000000000e+000 0.000000000e+000 -6.311097391e-002 5.000000000e+000 5.000000000e+000 6.311074009e-002 0.000000000e+000 0.000000000e+000 5.717629857e-012 0.000000000e+000 0.000000000e+000 2.129534449e-013 3.595060207e+002 
d 6.639772193e-005 0.000000000e+000 0.000000000e+000 -6.309183943e-002 5.000000000e+000 5.000000000e+000 6.309160770e-002 0.000000000e+000 0.000000000e+000 5.283474270e-012 0.000000000e+000 0.000000000e+000 1.976025355e-013 3.595440418e+002 
d 6.790918989e-005 0.000000000e+000 0.000000000e+000 -6.307290724e-002 5.000000000e+000 5.000000000e+000 6.307483571e-002 0.000000000e+000 0.000000000e+000 5.753809832e-012 0.000000000e+000 0.000000000e+000 1.861469834e-013 3.595804565e+002 
d 6.917216130e-005 0.000000000e+000 0.000000000e+000 -6.305869481e-002 5.000000000e+000 5.000000000e+000 6.305998883e-002 0.000000000e+000 0.000000000e+000 6.917382568e-012 0.000000000e+000 0.000000000e+000 1.820941888e-013 3.596090416e+002 
d 6.987126210e-005 0.000000000e+000 0.000000000e+000 -6.305137191e-002 5.000000000e+000 5.000000000e+000 6.305178085e-002 0.000000000e+000 0.000000000e+000 5.752669068e-012 0.000000000e+000 0.000000000e+000 1.727009876e-013 3.596240970e+002 
d 7.047412895e-005 0.000000000e+000 0.000000000e+000 -6.304509253e-002 5.000000000e+000 5.000000000e+000 6.304539045e-002 0.000000000e+000 0.000000000e+000 4.951976824e-012 0.000000000e+000 0.000000000e+000 1.633777974e-013 3.596366308e+002 
d 7.115251000e-005 0.000000000e+000 0.000000000e+000 -6.303822392e-002 5.000000000e+000 5.000000000e+000 6.303859046e-002 0.000000000e+000 0.000000000e+000 4.461336984e-012 0.000000000e+000 0.000000000e+000 1.562783498e-013 3.596502633e+002 
d 7.191463041e-005 0.000000000e+000 0.000000000e+000 -6.303078201e-002 5.000000000e+000 5.000000000e+000 6.303122718e-002 0.000000000e+000 0.000000000e+000 4.304936850e-012 0.000000000e+000 0.000000000e+000 1.503609058e-013 3.596650259e+002 
d 7.271189305e-005 0.000000000e+000 0.000000000e+000 -6.302330907e-002 5.000000000e+000 5.000000000e+000 6.302377786e-002 0.000000000e+000 0.000000000e+000 4.207384898e-012 0.000000000e+000 0.000000000e+000 1.447472338e-013 3.596798749e+002 
d 7.351513239e-005 0.000000000e+000 0.000000000e+000 -6.301608725e-002 5.000000000e+000 5.000000000e+000 6.301654610e-002 0.000000000e+000 0.000000000e+000 4.070482580e-012 0.000000000e+000 0.000000000e+000 1.391408059e-013 3.596942429e+002 
d 7.432368541e-005 0.000000000e+000 0.000000000e+000 -6.300911043e-002 5.000000000e+000 5.000000000e+000 6.300955867e-002 0.000000000e+000 0.000000000e+000 3.898523166e-012 0.000000000e+000 0.000000000e+000 1.335286361e-013 3.597081261e+002 
d 7.514587908e-005 0.000000000e+000 0.000000000e+000 -6.300230295e-002 5.000000000e+000 5.000000000e+000 6.300274898e-002 0.000000000e+000 0.000000000e+000 3.721507091e-012 0.000000000e+000 0.000000000e+000 1.280020117e-013 3.597216698e+002 
d 7.598677964e-005 0.000000000e+000 0.000000000e+000 -6.299562833e-002 5.000000000e+000 5.000000000e+000 6.299607648e-002 0.000000000e+000 0.000000000e+000 3.554008052e-012 0.000000000e+000 0.000000000e+000 1.226114536e-013 3.597349485e+002 
d 7.684711458e-005 0.000000000e+000 0.000000000e+000 -6.298908883e-002 5.000000000e+000 5.000000000e+000 6.298953877e-002 0.000000000e+000 0.000000000e+000 3.395585804e-012 0.000000000e+000 0.000000000e+000 1.173588595e-013 3.597479597e+002 
d 7.772621067e-005 0.000000000e+000 0.000000000e+000 -6.298269627e-002 5.000000000e+000 5.000000000e+000 6.298314634e-002 0.000000000e+000 0.000000000e+000 3.242314260e-012 0.000000000e+000 0.000000000e+000 1.122332935e-013 3.597606808e+002 
d 7.862394604e-005 0.000000000e+000 0.000000000e+000 -6.297645675e-002 5.000000000e+000 5.000000000e+000 6.297690589e-002 0.000000000e+000 0.000000000e+000 3.092304680e-012 0.000000000e+000 0.000000000e+000 1.072290471e-013 3.597730991e+002 
d 7.954094178e-005 0.000000000e+000 0.000000000e+000 -6.297037073e-002 5.000000000e+000 5.000000000e+000 6.297081856e-002 0.000000000e+000 0.000000000e+000 2.945613419e-012 0.000000000e+000 0.000000000e+000 1.023463480e-013 3.597852133e+002 
d 8.047807983e-005 0.000000000e+000 0.000000000e+000 -6.296443722e-002 5.000000000e+000 5.000000000e+000 6.296488358e-002 0.000000000e+000 0.000000000e+000 2.802764977e-012 0.000000000e+000 0.000000000e+000 9.758713234e-014 3.597970252e+002 
d 8.143618438e-005 0.000000000e+000 0.000000000e+000 -6.295865604e-002 5.000000000e+000 5.000000000e+000 6.295910066e-002 0.000000000e+000 0.000000000e+000 2.664007038e-012 0.000000000e+000 0.000000000e+000 9.295257516e-014 3.598085350e+002 
d 8.241599789e-005 0.000000000e+000 0.000000000e+000 -6.295302771e-002 5.000000000e+000 5.000000000e+000 6.295347022e-002 0.000000000e+000 0.000000000e+000 2.529319028e-012 0.000000000e+000 0.000000000e+000 8.844294975e-014 3.598197419e+002 
d 8.341826887e-005 0.000000000e+000 0.000000000e+000 -6.294755282e-002 5.000000000e+000 5.000000000e+000 6.294799281e-002 0.000000000e+000 0.000000000e+000 2.398615499e-012 0.000000000e+000 0.000000000e+000 8.405818572e-014 3.598306444e+002 
d 8.444380999e-005 0.000000000e+000 0.000000000e+000 -6.294223169e-002 5.000000000e+000 5.000000000e+000 6.294266879e-002 0.000000000e+000 0.000000000e+000 2.271847884e-012 0.000000000e+000 0.000000000e+000 7.979821214e-014 3.598412418e+002 
d 8.549350502e-005 0.000000000e+000 0.000000000e+000 -6.293706443e-002 5.000000000e+000 5.000000000e+000 6.293749826e-002 0.000000000e+000 0.000000000e+000 2.149001984e-012 0.000000000e+000 0.000000000e+000 7.566297450e-014 3.598515340e+002 
d 8.656829755e-005 0.000000000e+000 0.000000000e+000 -6.293205097e-002 5.000000000e+000 5.000000000e+000 6.293248120e-002 0.000000000e+000 0.000000000e+000 2.030068804e-012 0.000000000e+000 0.000000000e+000 7.165236257e-014 3.598615208e+002 
d 8.766918636e-005 0.000000000e+000 0.000000000e+000 -6.292719120e-002 5.000000000e+000 5.000000000e+000 6.292761746e-002 0.000000000e+000 0.000000000e+000 1.915030687e-012 0.000000000e+000 0.000000000e+000 6.776615654e-014 3.598712026e+002 
d 8.879723062e-005 0.000000000e+000 0.000000000e+000 -6.292248487e-002 5.000000000e+000 5.000000000e+000 6.292290681e-002 0.000000000e+000 0.000000000e+000 1.803862165e-012 0.000000000e+000 0.000000000e+000 6.400403533e-014 3.598805796e+002 
d 8.995355878e-005 0.000000000e+000 0.000000000e+000 -6.291793163e-002 5.000000000e+000 5.000000000e+000 6.291834890e-002 0.000000000e+000 0.000000000e+000 1.696534269e-012 0.000000000e+000 0.000000000e+000 6.036557092e-014 3.598896526e+002 
d 9.113937673e-005 0.000000000e+000 0.000000000e+000 -6.291353100e-002 5.000000000e+000 5.000000000e+000 6.291394327e-002 0.000000000e+000 0.000000000e+000 1.593016625e-012 0.000000000e+000 0.000000000e+000 5.685025183e-014 3.598984224e+002 
d 9.235597495e-005 0.000000000e+000 0.000000000e+000 -6.290928237e-002 5.000000000e+000 5.000000000e+000 6.290968931e-002 0.000000000e+000 0.000000000e+000 1.493277062e-012 0.000000000e+000 0.000000000e+000 5.345747191e-014 3.599068902e+002 
d 9.360473600e-005 0.000000000e+000 0.000000000e+000 -6.290518504e-002 5.000000000e+000 5.000000000e+000 6.290558630e-002 0.000000000e+000 0.000000000e+000 1.397281141e-012 0.000000000e+000 0.000000000e+000 5.018653403e-014 3.599150573e+002 
d 9.488714319e-005 0.000000000e+000 0.000000000e+000 -6.290123814e-002 5.000000000e+000 5.000000000e+000 6.290163342e-002 0.000000000e+000 0.000000000e+000 1.304991848e-012 0.000000000e+000 0.000000000e+000 4.703664715e-014 3.599229253e+002 
d 9.620479081e-005 0.000000000e+000 0.000000000e+000 -6.289744071e-002 5.000000000e+000 5.000000000e+000 6.289782969e-002 0.000000000e+000 0.000000000e+000 1.216369678e-012 0.000000000e+000 0.000000000e+000 4.400692548e-014 3.599304962e+002 
d 9.755939565e-005 0.000000000e+000 0.000000000e+000 -6.289379167e-002 5.000000000e+000 5.000000000e+000 6.289417404e-002 0.000000000e+000 0.000000000e+000 1.131372811e-012 0.000000000e+000 0.000000000e+000 4.109639420e-014 3.599377720e+002 
d 9.895280990e-005 0.000000000e+000 0.000000000e+000 -6.289028980e-002 5.000000000e+000 5.000000000e+000 6.289066526e-002 0.000000000e+000 0.000000000e+000 1.049957112e-012 0.000000000e+000 0.000000000e+000 3.830398397e-014 3.599447552e+002 
d 1.000000000e-004 0.000000000e+000 0.000000000e+000 -6.288785572e-002 5.000000000e+000 5.000000000e+000 6.288806824e-002 0.000000000e+000 0.000000000e+000 1.108494767e-012 0.000000000e+000 0.000000000e+000 3.693978330e-014 3.599497086e+002 
