v ATLAS
# This file was created by ATLAS version 5.22.1.R on Mon Apr 20 16:12:29 2020.
#SSF 2.0 generic
##############################################################################
#                    Copyright (c) 1984 - 2015                               #
#                    Silvaco Inc. All rights reserved                        #
#                                                                            #
# This file format and the following Key are copyright Silvaco Inc.          #
# You may not use, this format or key without reproducing this message in    #
# full and obtaining express written permission from Silvaco Inc.            #
#                                                                            #
# To obtain such permission please contact: Silvaco Inc.                     #
#                                           support@silvaco.com              #
#                                                                            #
# KEY=SVC86hn7562asdx                       PROD=345                         #
##############################################################################
y 3 700 711 15
z 1 0.00981003 300
f 4 "source" "drain" "gate" "substrate" 
p 13 2 601 20 3 602 21 4 603 22 5 604 23 82 
d 0.000000000e+000 0.000000000e+000 -1.332488540e-004 5.000000000e+000 5.000000000e+000 1.332488571e-004 -8.000000000e+000 -8.000000000e+000 -1.676650917e-018 0.000000000e+000 0.000000000e+000 0.000000000e+000 3.003451079e+002 
d 0.000000000e+000 0.000000000e+000 -1.741234432e-004 5.000000000e+000 5.000000000e+000 1.741240729e-004 -7.500000000e+000 -7.500000000e+000 -1.706127881e-018 0.000000000e+000 0.000000000e+000 0.000000000e+000 3.004510357e+002 
d 0.000000000e+000 0.000000000e+000 -2.297177797e-004 5.000000000e+000 5.000000000e+000 2.297181118e-004 -7.000000000e+000 -7.000000000e+000 -1.746883690e-018 0.000000000e+000 0.000000000e+000 0.000000000e+000 3.005954730e+002 
d 0.000000000e+000 0.000000000e+000 -2.577906647e-004 5.000000000e+000 5.000000000e+000 2.577463286e-004 -6.800000000e+000 -6.800000000e+000 -1.767791321e-018 0.000000000e+000 0.000000000e+000 0.000000000e+000 3.006684845e+002 
d 0.000000000e+000 0.000000000e+000 -2.905582276e-004 5.000000000e+000 5.000000000e+000 2.905591230e-004 -6.600000000e+000 -6.600000000e+000 -1.792523960e-018 0.000000000e+000 0.000000000e+000 0.000000000e+000 3.007539094e+002 
d 0.000000000e+000 0.000000000e+000 -3.298259727e-004 5.000000000e+000 5.000000000e+000 3.298269306e-004 -6.400000000e+000 -6.400000000e+000 -1.822591425e-018 0.000000000e+000 0.000000000e+000 0.000000000e+000 3.008563895e+002 
d 0.000000000e+000 0.000000000e+000 -3.777327448e-004 5.000000000e+000 5.000000000e+000 3.777330255e-004 -6.200000000e+000 -6.200000000e+000 -1.859984686e-018 0.000000000e+000 0.000000000e+000 0.000000000e+000 3.009816633e+002 
d 0.000000000e+000 0.000000000e+000 -4.364988341e-004 5.000000000e+000 5.000000000e+000 4.364976890e-004 -6.000000000e+000 -6.000000000e+000 -1.906924837e-018 0.000000000e+000 0.000000000e+000 0.000000000e+000 3.011356679e+002 
d 0.000000000e+000 0.000000000e+000 -5.085769068e-004 5.000000000e+000 5.000000000e+000 5.085776192e-004 -5.800000000e+000 -5.800000000e+000 -1.966265899e-018 0.000000000e+000 0.000000000e+000 0.000000000e+000 3.013250412e+002 
d 0.000000000e+000 0.000000000e+000 -5.989002167e-004 5.000000000e+000 5.000000000e+000 5.989132715e-004 -5.600000000e+000 -5.600000000e+000 -2.043517551e-018 0.000000000e+000 0.000000000e+000 0.000000000e+000 3.015630418e+002 
d 0.000000000e+000 0.000000000e+000 -7.147161227e-004 5.000000000e+000 5.000000000e+000 7.147173079e-004 -5.400000000e+000 -5.400000000e+000 -2.146786127e-018 0.000000000e+000 0.000000000e+000 0.000000000e+000 3.018701430e+002 
d 0.000000000e+000 0.000000000e+000 -8.752342455e-004 5.000000000e+000 5.000000000e+000 8.752366086e-004 -5.200000000e+000 -5.200000000e+000 -2.299363835e-018 0.000000000e+000 0.000000000e+000 0.000000000e+000 3.022979730e+002 
d 0.000000000e+000 0.000000000e+000 -1.155228447e-003 5.000000000e+000 5.000000000e+000 1.155218446e-003 -5.000000000e+000 -5.000000000e+000 -2.592589998e-018 0.000000000e+000 0.000000000e+000 0.000000000e+000 3.030489356e+002 
d 0.000000000e+000 0.000000000e+000 -1.900524357e-003 5.000000000e+000 5.000000000e+000 1.900579143e-003 -4.800000000e+000 -4.800000000e+000 -3.569334814e-018 0.000000000e+000 0.000000000e+000 0.000000000e+000 3.050752454e+002 
d 0.000000000e+000 0.000000000e+000 -3.235315442e-003 5.000000000e+000 5.000000000e+000 3.235340804e-003 -4.600000000e+000 -4.600000000e+000 -6.322562113e-018 0.000000000e+000 0.000000000e+000 0.000000000e+000 3.087818976e+002 
d 0.000000000e+000 0.000000000e+000 -5.020390788e-003 5.000000000e+000 5.000000000e+000 5.020567912e-003 -4.400000000e+000 -4.400000000e+000 -1.352135021e-017 0.000000000e+000 0.000000000e+000 0.000000000e+000 3.138555509e+002 
d 0.000000000e+000 0.000000000e+000 -7.090083895e-003 5.000000000e+000 5.000000000e+000 7.090689165e-003 -4.200000000e+000 -4.200000000e+000 -3.234955212e-017 0.000000000e+000 0.000000000e+000 0.000000000e+000 3.198747744e+002 
d 0.000000000e+000 0.000000000e+000 -9.270845106e-003 5.000000000e+000 5.000000000e+000 9.270188231e-003 -4.000000000e+000 -4.000000000e+000 -8.015408411e-017 0.000000000e+000 0.000000000e+000 0.000000000e+000 3.263594523e+002 
d 0.000000000e+000 0.000000000e+000 -1.147109253e-002 5.000000000e+000 5.000000000e+000 1.147219294e-002 -3.800000000e+000 -3.800000000e+000 -1.976048551e-016 0.000000000e+000 0.000000000e+000 0.000000000e+000 3.330329560e+002 
d 0.000000000e+000 0.000000000e+000 -1.365251015e-002 5.000000000e+000 5.000000000e+000 1.365059229e-002 -3.600000000e+000 -3.600000000e+000 -4.767252119e-016 0.000000000e+000 0.000000000e+000 0.000000000e+000 3.397717093e+002 
d 0.000000000e+000 0.000000000e+000 -1.578106862e-002 5.000000000e+000 5.000000000e+000 1.577960020e-002 -3.400000000e+000 -3.400000000e+000 -1.112072321e-015 0.000000000e+000 0.000000000e+000 0.000000000e+000 3.464638182e+002 
d 0.000000000e+000 0.000000000e+000 -1.782291462e-002 5.000000000e+000 5.000000000e+000 1.782565873e-002 -3.200000000e+000 -3.200000000e+000 -2.478126056e-015 0.000000000e+000 0.000000000e+000 0.000000000e+000 3.529868753e+002 
d 0.000000000e+000 0.000000000e+000 -1.977037271e-002 5.000000000e+000 5.000000000e+000 1.977326516e-002 -3.000000000e+000 -3.000000000e+000 -5.258377698e-015 0.000000000e+000 0.000000000e+000 0.000000000e+000 3.592906823e+002 
d 0.000000000e+000 0.000000000e+000 -2.162738290e-002 5.000000000e+000 5.000000000e+000 2.163078811e-002 -2.800000000e+000 -2.800000000e+000 -1.065607736e-014 0.000000000e+000 0.000000000e+000 0.000000000e+000 3.653727703e+002 
d 0.000000000e+000 0.000000000e+000 -2.339297527e-002 5.000000000e+000 5.000000000e+000 2.339734155e-002 -2.600000000e+000 -2.600000000e+000 -2.064942997e-014 0.000000000e+000 0.000000000e+000 0.000000000e+000 3.712202800e+002 
d 0.000000000e+000 0.000000000e+000 -2.506820573e-002 5.000000000e+000 5.000000000e+000 2.507417505e-002 -2.400000000e+000 -2.400000000e+000 -3.833169019e-014 0.000000000e+000 0.000000000e+000 0.000000000e+000 3.768237231e+002 
d 0.000000000e+000 0.000000000e+000 -2.665952151e-002 5.000000000e+000 5.000000000e+000 2.665369117e-002 -2.200000000e+000 -2.200000000e+000 -6.836820388e-014 0.000000000e+000 0.000000000e+000 0.000000000e+000 3.821879554e+002 
d 0.000000000e+000 0.000000000e+000 -2.742003503e-002 5.000000000e+000 5.000000000e+000 2.742625416e-002 -2.100000000e+000 -2.100000000e+000 -8.998361684e-014 0.000000000e+000 0.000000000e+000 0.000000000e+000 3.847953811e+002 
d 0.000000000e+000 0.000000000e+000 -2.816592625e-002 5.000000000e+000 5.000000000e+000 2.815833750e-002 -2.000000000e+000 -2.000000000e+000 -1.174389790e-013 0.000000000e+000 0.000000000e+000 0.000000000e+000 3.873649458e+002 
