v ATLAS
# This file was created by ATLAS version 5.22.1.R on Mon Apr 20 10:48:49 2020.
#SSF 2.0 generic
##############################################################################
#                    Copyright (c) 1984 - 2015                               #
#                    Silvaco Inc. All rights reserved                        #
#                                                                            #
# This file format and the following Key are copyright Silvaco Inc.          #
# You may not use, this format or key without reproducing this message in    #
# full and obtaining express written permission from Silvaco Inc.            #
#                                                                            #
# To obtain such permission please contact: Silvaco Inc.                     #
#                                           support@silvaco.com              #
#                                                                            #
# KEY=SVC86hn7562asdx                       PROD=345                         #
##############################################################################
y 3 700 711 15
z 1 0.00981003 300
f 4 "source" "drain" "gate" "substrate" 
p 13 2 601 20 3 602 21 4 603 22 5 604 23 82 
d 0.000000000e+000 0.000000000e+000 -1.332488549e-004 5.000000000e+000 5.000000000e+000 1.332488549e-004 -8.000000000e+000 -8.000000000e+000 -2.774287834e-018 0.000000000e+000 0.000000000e+000 0.000000000e+000 3.003451079e+002 
d 0.000000000e+000 0.000000000e+000 -1.741234432e-004 5.000000000e+000 5.000000000e+000 1.741240729e-004 -7.500000000e+000 -7.500000000e+000 -3.229179774e-017 0.000000000e+000 0.000000000e+000 0.000000000e+000 3.004510357e+002 
d 0.000000000e+000 0.000000000e+000 -2.297188927e-004 5.000000000e+000 5.000000000e+000 2.297151156e-004 -7.000000000e+000 -7.000000000e+000 -1.488064308e-017 0.000000000e+000 0.000000000e+000 0.000000000e+000 3.005954729e+002 
d 0.000000000e+000 0.000000000e+000 -2.577779603e-004 5.000000000e+000 5.000000000e+000 2.577779603e-004 -6.800000000e+000 -6.800000000e+000 -1.073955563e-017 0.000000000e+000 0.000000000e+000 0.000000000e+000 3.006684843e+002 
d 0.000000000e+000 0.000000000e+000 -2.905582276e-004 5.000000000e+000 5.000000000e+000 2.905591230e-004 -6.600000000e+000 -6.600000000e+000 -1.846418582e-018 0.000000000e+000 0.000000000e+000 0.000000000e+000 3.007539094e+002 
d 0.000000000e+000 0.000000000e+000 -3.298262076e-004 5.000000000e+000 5.000000000e+000 3.298262761e-004 -6.400000000e+000 -6.400000000e+000 -3.212343870e-018 0.000000000e+000 0.000000000e+000 0.000000000e+000 3.008563894e+002 
d 0.000000000e+000 0.000000000e+000 -3.777331429e-004 5.000000000e+000 5.000000000e+000 3.777319383e-004 -6.200000000e+000 -6.200000000e+000 -1.877937371e-018 0.000000000e+000 0.000000000e+000 0.000000000e+000 3.009816632e+002 
d 0.000000000e+000 0.000000000e+000 -4.364988341e-004 5.000000000e+000 5.000000000e+000 4.364976890e-004 -6.000000000e+000 -6.000000000e+000 -1.906930013e-018 0.000000000e+000 0.000000000e+000 0.000000000e+000 3.011356679e+002 
d 0.000000000e+000 0.000000000e+000 -5.085769068e-004 5.000000000e+000 5.000000000e+000 5.085776192e-004 -5.800000000e+000 -5.800000000e+000 -3.839568569e-018 0.000000000e+000 0.000000000e+000 0.000000000e+000 3.013250412e+002 
d 0.000000000e+000 0.000000000e+000 -5.989002173e-004 5.000000000e+000 5.000000000e+000 5.989132698e-004 -5.600000000e+000 -5.600000000e+000 -2.050287601e-018 0.000000000e+000 0.000000000e+000 0.000000000e+000 3.015630418e+002 
d 0.000000000e+000 0.000000000e+000 -7.147166657e-004 5.000000000e+000 5.000000000e+000 7.147158206e-004 -5.400000000e+000 -5.400000000e+000 -1.074013585e-016 0.000000000e+000 0.000000000e+000 0.000000000e+000 3.018701429e+002 
d 0.000000000e+000 0.000000000e+000 -7.884236077e-004 5.000000000e+000 5.000000000e+000 7.884236077e-004 -5.300000000e+000 -5.300000000e+000 -2.268253102e-018 0.000000000e+000 0.000000000e+000 0.000000000e+000 3.020662822e+002 
d 0.000000000e+000 0.000000000e+000 -8.752348290e-004 5.000000000e+000 5.000000000e+000 8.752349322e-004 -5.200000000e+000 -5.200000000e+000 -6.623841389e-015 0.000000000e+000 0.000000000e+000 0.000000000e+000 3.022979729e+002 
d 0.000000000e+000 0.000000000e+000 -2.009414944e-005 5.000000000e+000 5.000000000e+000 2.009415338e-005 -5.000000000e+000 -5.000000000e+000 -1.601228243e-018 0.000000000e+000 0.000000000e+000 0.000000000e+000 3.000542554e+002 
d 0.000000000e+000 0.000000000e+000 -3.761536795e-005 5.000000000e+000 5.000000000e+000 3.761535186e-005 -4.900000000e+000 -4.900000000e+000 -1.613670356e-018 0.000000000e+000 0.000000000e+000 0.000000000e+000 3.001024150e+002 
d 0.000000000e+000 0.000000000e+000 -3.715635274e-005 5.000000000e+000 5.000000000e+000 3.715635269e-005 -4.850000000e+000 -4.850000000e+000 -1.613544788e-018 0.000000000e+000 0.000000000e+000 0.000000000e+000 3.001019510e+002 
d 0.000000000e+000 0.000000000e+000 -3.666881170e-005 5.000000000e+000 5.000000000e+000 3.666873237e-005 -4.800000000e+000 -4.800000000e+000 -1.613402967e-018 0.000000000e+000 0.000000000e+000 0.000000000e+000 3.001011994e+002 
d 0.000000000e+000 0.000000000e+000 -3.666334789e-005 5.000000000e+000 5.000000000e+000 3.666335137e-005 -4.775000000e+000 -4.775000000e+000 -1.613506411e-018 0.000000000e+000 0.000000000e+000 0.000000000e+000 3.001014309e+002 
d 0.000000000e+000 0.000000000e+000 -3.666665342e-005 5.000000000e+000 5.000000000e+000 3.666665348e-005 -4.768750000e+000 -4.768750000e+000 -1.613535958e-018 0.000000000e+000 0.000000000e+000 0.000000000e+000 3.001014961e+002 
