v ATLAS
# This file was created by ATLAS version 5.22.1.R on Thu Jan 09 02:17:46 2020.
#SSF 2.0 generic
##############################################################################
#                    Copyright (c) 1984 - 2015                               #
#                    Silvaco Inc. All rights reserved                        #
#                                                                            #
# This file format and the following Key are copyright Silvaco Inc.          #
# You may not use, this format or key without reproducing this message in    #
# full and obtaining express written permission from Silvaco Inc.            #
#                                                                            #
# To obtain such permission please contact: Silvaco Inc.                     #
#                                           support@silvaco.com              #
#                                                                            #
# KEY=SVC86hn7562asdx                       PROD=345                         #
##############################################################################
y 3 700 711 15
z 1 0.00981003 300
f 4 "source" "drain" "gate" "substrate" 
p 13 2 601 20 3 602 21 4 603 22 5 604 23 82 
d 0.000000000e+000 0.000000000e+000 -2.501881010e-003 5.000000000e+000 5.000000000e+000 2.501894138e-003 -4.700000000e+000 -4.700000000e+000 -4.620289324e-018 0.000000000e+000 0.000000000e+000 0.000000000e+000 3.067345405e+002 
d 0.000000000e+000 0.000000000e+000 -1.332490968e-004 5.000000000e+000 5.000000000e+000 1.332491528e-004 -8.000000000e+000 -8.000000000e+000 -1.676619445e-018 0.000000000e+000 0.000000000e+000 0.000000000e+000 3.003452017e+002 
d 0.000000000e+000 0.000000000e+000 -1.741238089e-004 5.000000000e+000 5.000000000e+000 1.741244396e-004 -7.500000000e+000 -7.500000000e+000 -1.706091741e-018 0.000000000e+000 0.000000000e+000 0.000000000e+000 3.004511312e+002 
d 0.000000000e+000 0.000000000e+000 -2.297182816e-004 5.000000000e+000 5.000000000e+000 2.297186139e-004 -7.000000000e+000 -7.000000000e+000 -1.746873493e-018 0.000000000e+000 0.000000000e+000 0.000000000e+000 3.005955479e+002 
d 0.000000000e+000 0.000000000e+000 -2.577912208e-004 5.000000000e+000 5.000000000e+000 2.577468754e-004 -6.800000000e+000 -6.800000000e+000 -1.767752574e-018 0.000000000e+000 0.000000000e+000 0.000000000e+000 3.006685613e+002 
d 0.000000000e+000 0.000000000e+000 -2.905588527e-004 5.000000000e+000 5.000000000e+000 2.905597486e-004 -6.600000000e+000 -6.600000000e+000 -1.792487349e-018 0.000000000e+000 0.000000000e+000 0.000000000e+000 3.007539887e+002 
d 0.000000000e+000 0.000000000e+000 -3.298266601e-004 5.000000000e+000 5.000000000e+000 3.298276189e-004 -6.400000000e+000 -6.400000000e+000 -1.822553424e-018 0.000000000e+000 0.000000000e+000 0.000000000e+000 3.008564699e+002 
d 0.000000000e+000 0.000000000e+000 -3.777334910e-004 5.000000000e+000 5.000000000e+000 3.777337729e-004 -6.200000000e+000 -6.200000000e+000 -1.859939669e-018 0.000000000e+000 0.000000000e+000 0.000000000e+000 3.009817447e+002 
d 0.000000000e+000 0.000000000e+000 -4.364996183e-004 5.000000000e+000 5.000000000e+000 4.364984756e-004 -6.000000000e+000 -6.000000000e+000 -1.906887072e-018 0.000000000e+000 0.000000000e+000 0.000000000e+000 3.011357480e+002 
d 0.000000000e+000 0.000000000e+000 -5.085776674e-004 5.000000000e+000 5.000000000e+000 5.085783866e-004 -5.800000000e+000 -5.800000000e+000 -1.966186647e-018 0.000000000e+000 0.000000000e+000 0.000000000e+000 3.013251156e+002 
d 0.000000000e+000 0.000000000e+000 -5.989008134e-004 5.000000000e+000 5.000000000e+000 5.989138846e-004 -5.600000000e+000 -5.600000000e+000 -2.043271579e-018 0.000000000e+000 0.000000000e+000 0.000000000e+000 3.015630954e+002 
d 0.000000000e+000 0.000000000e+000 -7.147162318e-004 5.000000000e+000 5.000000000e+000 7.147174189e-004 -5.400000000e+000 -5.400000000e+000 -2.146780077e-018 0.000000000e+000 0.000000000e+000 0.000000000e+000 3.018701700e+002 
d 0.000000000e+000 0.000000000e+000 -8.752332428e-004 5.000000000e+000 5.000000000e+000 8.752356108e-004 -5.200000000e+000 -5.200000000e+000 -2.299383626e-018 0.000000000e+000 0.000000000e+000 0.000000000e+000 3.022979822e+002 
d 0.000000000e+000 0.000000000e+000 -1.155224674e-003 5.000000000e+000 5.000000000e+000 1.155214690e-003 -5.000000000e+000 -5.000000000e+000 -2.592700628e-018 0.000000000e+000 0.000000000e+000 0.000000000e+000 3.030489109e+002 
d 0.000000000e+000 0.000000000e+000 -1.900509343e-003 5.000000000e+000 5.000000000e+000 1.900564259e-003 -4.800000000e+000 -4.800000000e+000 -3.569746041e-018 0.000000000e+000 0.000000000e+000 0.000000000e+000 3.050753444e+002 
d 0.000000000e+000 0.000000000e+000 -3.235254933e-003 5.000000000e+000 5.000000000e+000 3.235280371e-003 -4.600000000e+000 -4.600000000e+000 -6.324235932e-018 0.000000000e+000 0.000000000e+000 0.000000000e+000 3.087820652e+002 
d 0.000000000e+000 0.000000000e+000 -5.020202495e-003 5.000000000e+000 5.000000000e+000 5.020380228e-003 -4.400000000e+000 -4.400000000e+000 -1.352789627e-017 0.000000000e+000 0.000000000e+000 0.000000000e+000 3.138556725e+002 
d 0.000000000e+000 0.000000000e+000 -7.089635580e-003 5.000000000e+000 5.000000000e+000 7.090243138e-003 -4.200000000e+000 -4.200000000e+000 -3.237341289e-017 0.000000000e+000 0.000000000e+000 0.000000000e+000 3.198745268e+002 
d 0.000000000e+000 0.000000000e+000 -9.269984782e-003 5.000000000e+000 5.000000000e+000 9.269324670e-003 -4.000000000e+000 -4.000000000e+000 -8.023334837e-017 0.000000000e+000 0.000000000e+000 0.000000000e+000 3.263584447e+002 
d 0.000000000e+000 0.000000000e+000 -1.146965746e-002 5.000000000e+000 5.000000000e+000 1.147076470e-002 -3.800000000e+000 -3.800000000e+000 -1.978435040e-016 0.000000000e+000 0.000000000e+000 0.000000000e+000 3.330306905e+002 
d 0.000000000e+000 0.000000000e+000 -1.365035941e-002 5.000000000e+000 5.000000000e+000 1.364842756e-002 -3.600000000e+000 -3.600000000e+000 -4.773872605e-016 0.000000000e+000 0.000000000e+000 0.000000000e+000 3.397676480e+002 
d 0.000000000e+000 0.000000000e+000 -1.577804653e-002 5.000000000e+000 5.000000000e+000 1.577656472e-002 -3.400000000e+000 -3.400000000e+000 -1.113773405e-015 0.000000000e+000 0.000000000e+000 0.000000000e+000 3.464574382e+002 
d 0.000000000e+000 0.000000000e+000 -1.781886669e-002 5.000000000e+000 5.000000000e+000 1.782163787e-002 -3.200000000e+000 -3.200000000e+000 -2.482158148e-015 0.000000000e+000 0.000000000e+000 0.000000000e+000 3.529776120e+002 
d 0.000000000e+000 0.000000000e+000 -1.976522627e-002 5.000000000e+000 5.000000000e+000 1.976815048e-002 -3.000000000e+000 -3.000000000e+000 -5.267256106e-015 0.000000000e+000 0.000000000e+000 0.000000000e+000 3.592781385e+002 
d 0.000000000e+000 0.000000000e+000 -2.162107805e-002 5.000000000e+000 5.000000000e+000 2.162452316e-002 -2.800000000e+000 -2.800000000e+000 -1.067433970e-014 0.000000000e+000 0.000000000e+000 0.000000000e+000 3.653566206e+002 
d 0.000000000e+000 0.000000000e+000 -2.338546672e-002 5.000000000e+000 5.000000000e+000 2.338988559e-002 -2.600000000e+000 -2.600000000e+000 -2.068474392e-014 0.000000000e+000 0.000000000e+000 0.000000000e+000 3.712002302e+002 
d 0.000000000e+000 0.000000000e+000 -2.505946863e-002 5.000000000e+000 5.000000000e+000 2.506550998e-002 -2.400000000e+000 -2.400000000e+000 -3.839625242e-014 0.000000000e+000 0.000000000e+000 0.000000000e+000 3.767995564e+002 
d 0.000000000e+000 0.000000000e+000 -2.664958757e-002 5.000000000e+000 5.000000000e+000 2.664368410e-002 -2.200000000e+000 -2.200000000e+000 -6.848074164e-014 0.000000000e+000 0.000000000e+000 0.000000000e+000 3.821677696e+002 
d 0.000000000e+000 0.000000000e+000 -2.740944511e-002 5.000000000e+000 5.000000000e+000 2.741572769e-002 -2.100000000e+000 -2.100000000e+000 -9.012913509e-014 0.000000000e+000 0.000000000e+000 0.000000000e+000 3.847886909e+002 
d 0.000000000e+000 0.000000000e+000 -2.778294711e-002 5.000000000e+000 5.000000000e+000 2.779009820e-002 -2.050000000e+000 -2.050000000e+000 -1.030602316e-013 0.000000000e+000 0.000000000e+000 0.000000000e+000 3.860785116e+002 
d 0.000000000e+000 0.000000000e+000 -2.815454850e-002 5.000000000e+000 5.000000000e+000 2.814789261e-002 -2.000000000e+000 -2.000000000e+000 -1.176235183e-013 0.000000000e+000 0.000000000e+000 0.000000000e+000 3.873569742e+002 
d 0.000000000e+000 0.000000000e+000 -2.851552568e-002 5.000000000e+000 5.000000000e+000 2.852182773e-002 -1.950000000e+000 -1.950000000e+000 -1.338685732e-013 0.000000000e+000 0.000000000e+000 0.000000000e+000 3.886147762e+002 
d 0.000000000e+000 0.000000000e+000 -2.887685946e-002 5.000000000e+000 5.000000000e+000 2.887072441e-002 -1.900000000e+000 -1.900000000e+000 -1.521145096e-013 0.000000000e+000 0.000000000e+000 0.000000000e+000 3.898635747e+002 
d 0.000000000e+000 0.000000000e+000 -2.923107794e-002 5.000000000e+000 5.000000000e+000 2.922316026e-002 -1.850000000e+000 -1.850000000e+000 -1.724369182e-013 0.000000000e+000 0.000000000e+000 0.000000000e+000 3.910953130e+002 
d 0.000000000e+000 0.000000000e+000 -2.940608880e-002 5.000000000e+000 5.000000000e+000 2.939868362e-002 -1.825000000e+000 -1.825000000e+000 -1.834437693e-013 0.000000000e+000 0.000000000e+000 0.000000000e+000 3.917053745e+002 
d 0.000000000e+000 0.000000000e+000 -2.957730631e-002 5.000000000e+000 5.000000000e+000 2.958377699e-002 -1.800000000e+000 -1.800000000e+000 -1.949950573e-013 0.000000000e+000 0.000000000e+000 0.000000000e+000 3.923088650e+002 
d 0.000000000e+000 0.000000000e+000 -2.974988930e-002 5.000000000e+000 5.000000000e+000 2.975721558e-002 -1.775000000e+000 -1.775000000e+000 -2.072247154e-013 0.000000000e+000 0.000000000e+000 0.000000000e+000 3.929115298e+002 
d 0.000000000e+000 0.000000000e+000 -2.992405165e-002 5.000000000e+000 5.000000000e+000 2.991762317e-002 -1.750000000e+000 -1.750000000e+000 -2.201758464e-013 0.000000000e+000 0.000000000e+000 0.000000000e+000 3.935136570e+002 
d 0.000000000e+000 0.000000000e+000 -3.009452887e-002 5.000000000e+000 5.000000000e+000 3.008737738e-002 -1.725000000e+000 -1.725000000e+000 -2.337515180e-013 0.000000000e+000 0.000000000e+000 0.000000000e+000 3.941093018e+002 
d 0.000000000e+000 0.000000000e+000 -3.026383964e-002 5.000000000e+000 5.000000000e+000 3.025588884e-002 -1.700000000e+000 -1.700000000e+000 -2.480385869e-013 0.000000000e+000 0.000000000e+000 0.000000000e+000 3.947013038e+002 
d 0.000000000e+000 0.000000000e+000 -3.034772539e-002 5.000000000e+000 5.000000000e+000 3.034113956e-002 -1.687500000e+000 -1.687500000e+000 -2.554485671e-013 0.000000000e+000 0.000000000e+000 0.000000000e+000 3.949955594e+002 
d 0.000000000e+000 0.000000000e+000 -3.043163299e-002 5.000000000e+000 5.000000000e+000 3.042472898e-002 -1.675000000e+000 -1.675000000e+000 -2.630562416e-013 0.000000000e+000 0.000000000e+000 0.000000000e+000 3.952892654e+002 
d 0.000000000e+000 0.000000000e+000 -3.051524803e-002 5.000000000e+000 5.000000000e+000 3.050802959e-002 -1.662500000e+000 -1.662500000e+000 -2.708566813e-013 0.000000000e+000 0.000000000e+000 0.000000000e+000 3.955820628e+002 
d 0.000000000e+000 0.000000000e+000 -3.059857341e-002 5.000000000e+000 5.000000000e+000 3.059103328e-002 -1.650000000e+000 -1.650000000e+000 -2.788538565e-013 0.000000000e+000 0.000000000e+000 0.000000000e+000 3.958739561e+002 
d 0.000000000e+000 0.000000000e+000 -3.068160996e-002 5.000000000e+000 5.000000000e+000 3.067374098e-002 -1.637500000e+000 -1.637500000e+000 -2.870517337e-013 0.000000000e+000 0.000000000e+000 0.000000000e+000 3.961649475e+002 
d 0.000000000e+000 0.000000000e+000 -3.076435855e-002 5.000000000e+000 5.000000000e+000 3.075615349e-002 -1.625000000e+000 -1.625000000e+000 -2.954543365e-013 0.000000000e+000 0.000000000e+000 0.000000000e+000 3.964550391e+002 
d 0.000000000e+000 0.000000000e+000 -3.084397952e-002 5.000000000e+000 5.000000000e+000 3.085083441e-002 -1.612500000e+000 -1.612500000e+000 -3.039681550e-013 0.000000000e+000 0.000000000e+000 0.000000000e+000 3.967409296e+002 
d 0.000000000e+000 0.000000000e+000 -3.092602317e-002 5.000000000e+000 5.000000000e+000 3.093325647e-002 -1.600000000e+000 -1.600000000e+000 -3.127849493e-013 0.000000000e+000 0.000000000e+000 0.000000000e+000 3.970290683e+002 
d 0.000000000e+000 0.000000000e+000 -3.100779264e-002 5.000000000e+000 5.000000000e+000 3.101533430e-002 -1.587500000e+000 -1.587500000e+000 -3.218189448e-013 0.000000000e+000 0.000000000e+000 0.000000000e+000 3.973163268e+002 
d 0.000000000e+000 0.000000000e+000 -3.108927431e-002 5.000000000e+000 5.000000000e+000 3.109713244e-002 -1.575000000e+000 -1.575000000e+000 -3.310738751e-013 0.000000000e+000 0.000000000e+000 0.000000000e+000 3.976026904e+002 
d 0.000000000e+000 0.000000000e+000 -3.117046916e-002 5.000000000e+000 5.000000000e+000 3.117865107e-002 -1.562500000e+000 -1.562500000e+000 -3.405540305e-013 0.000000000e+000 0.000000000e+000 0.000000000e+000 3.978881615e+002 
d 0.000000000e+000 0.000000000e+000 -3.125137796e-002 5.000000000e+000 5.000000000e+000 3.125989095e-002 -1.550000000e+000 -1.550000000e+000 -3.502637511e-013 0.000000000e+000 0.000000000e+000 0.000000000e+000 3.981727425e+002 
d 0.000000000e+000 0.000000000e+000 -3.133494862e-002 5.000000000e+000 5.000000000e+000 3.132776973e-002 -1.537500000e+000 -1.537500000e+000 -3.603278210e-013 0.000000000e+000 0.000000000e+000 0.000000000e+000 3.984599014e+002 
d 0.000000000e+000 0.000000000e+000 -3.141538858e-002 5.000000000e+000 5.000000000e+000 3.140800795e-002 -1.525000000e+000 -1.525000000e+000 -3.705175977e-013 0.000000000e+000 0.000000000e+000 0.000000000e+000 3.987428329e+002 
d 0.000000000e+000 0.000000000e+000 -3.149556370e-002 5.000000000e+000 5.000000000e+000 3.148788875e-002 -1.512500000e+000 -1.512500000e+000 -3.809514210e-013 0.000000000e+000 0.000000000e+000 0.000000000e+000 3.990249031e+002 
d 0.000000000e+000 0.000000000e+000 -3.157545857e-002 5.000000000e+000 5.000000000e+000 3.156748481e-002 -1.500000000e+000 -1.500000000e+000 -3.916332086e-013 0.000000000e+000 0.000000000e+000 0.000000000e+000 3.993060947e+002 
d 0.000000000e+000 0.000000000e+000 -3.165507438e-002 5.000000000e+000 5.000000000e+000 3.164679510e-002 -1.487500000e+000 -1.487500000e+000 -4.025676125e-013 0.000000000e+000 0.000000000e+000 0.000000000e+000 3.995864104e+002 
d 0.000000000e+000 0.000000000e+000 -3.173441133e-002 5.000000000e+000 5.000000000e+000 3.172581589e-002 -1.475000000e+000 -1.475000000e+000 -4.137593607e-013 0.000000000e+000 0.000000000e+000 0.000000000e+000 3.998658528e+002 
d 0.000000000e+000 0.000000000e+000 -3.177091231e-002 5.000000000e+000 5.000000000e+000 3.177880180e-002 -1.468750000e+000 -1.468750000e+000 -4.193071042e-013 0.000000000e+000 0.000000000e+000 0.000000000e+000 4.000016080e+002 
d 0.000000000e+000 0.000000000e+000 -3.181031506e-002 5.000000000e+000 5.000000000e+000 3.181854456e-002 -1.462500000e+000 -1.462500000e+000 -4.250604573e-013 0.000000000e+000 0.000000000e+000 0.000000000e+000 4.001406688e+002 
d 0.000000000e+000 0.000000000e+000 -3.184968579e-002 5.000000000e+000 5.000000000e+000 3.185805032e-002 -1.456250000e+000 -1.456250000e+000 -4.308821822e-013 0.000000000e+000 0.000000000e+000 0.000000000e+000 4.002795557e+002 
d 0.000000000e+000 0.000000000e+000 -3.188898672e-002 5.000000000e+000 5.000000000e+000 3.189748721e-002 -1.450000000e+000 -1.450000000e+000 -4.367710719e-013 0.000000000e+000 0.000000000e+000 0.000000000e+000 4.004182240e+002 
d 0.000000000e+000 0.000000000e+000 -3.192821789e-002 5.000000000e+000 5.000000000e+000 3.193685539e-002 -1.443750000e+000 -1.443750000e+000 -4.427277289e-013 0.000000000e+000 0.000000000e+000 0.000000000e+000 4.005566736e+002 
d 0.000000000e+000 0.000000000e+000 -3.196737940e-002 5.000000000e+000 5.000000000e+000 3.197615491e-002 -1.437500000e+000 -1.437500000e+000 -4.487527604e-013 0.000000000e+000 0.000000000e+000 0.000000000e+000 4.006949049e+002 
d 0.000000000e+000 0.000000000e+000 -3.200945705e-002 5.000000000e+000 5.000000000e+000 3.200212071e-002 -1.431250000e+000 -1.431250000e+000 -4.550021409e-013 0.000000000e+000 0.000000000e+000 0.000000000e+000 4.008364986e+002 
d 0.000000000e+000 0.000000000e+000 -3.204553633e-002 5.000000000e+000 5.000000000e+000 3.205435918e-002 -1.425000000e+000 -1.425000000e+000 -4.610126343e-013 0.000000000e+000 0.000000000e+000 0.000000000e+000 4.009707642e+002 
d 0.000000000e+000 0.000000000e+000 -3.208752800e-002 5.000000000e+000 5.000000000e+000 3.207994839e-002 -1.418750000e+000 -1.418750000e+000 -4.674092225e-013 0.000000000e+000 0.000000000e+000 0.000000000e+000 4.011119968e+002 
d 0.000000000e+000 0.000000000e+000 -3.212642261e-002 5.000000000e+000 5.000000000e+000 3.211892378e-002 -1.412500000e+000 -1.412500000e+000 -4.737168524e-013 0.000000000e+000 0.000000000e+000 0.000000000e+000 4.012493752e+002 
d 0.000000000e+000 0.000000000e+000 -3.216528546e-002 5.000000000e+000 5.000000000e+000 3.215766457e-002 -1.406250000e+000 -1.406250000e+000 -4.800980481e-013 0.000000000e+000 0.000000000e+000 0.000000000e+000 4.013865812e+002 
d 0.000000000e+000 0.000000000e+000 -3.220407862e-002 5.000000000e+000 5.000000000e+000 3.219633980e-002 -1.400000000e+000 -1.400000000e+000 -4.865513995e-013 0.000000000e+000 0.000000000e+000 0.000000000e+000 4.015235693e+002 
